TMS320C2000 COFF Assembler PC v4.1.3 Tue Jan 11 09:59:31 2011

Tools Copyright (c) 1996-2006 Texas Instruments Incorporated
C:\DOCUME~1\ADMINI~1\LOCALS~1\Temp\TI8523                            PAGE    1

       1              ;***************************************************************
       2              ;* TMS320C2000 C/C++ Codegen                         PC v4.1.3 *
       3              ;* Date/Time created: Tue Jan 11 09:59:31 2011                 *
       4              ;***************************************************************
       5                      .compiler_opts --mem_model:code=flat --mem_model:data=large --silicon_version=28 
       6        0002  FP      .set    XAR2
       7              
       8              DW$CU   .dwtag  DW_TAG_compile_unit
       9                      .dwattr DW$CU, DW_AT_name("app_wavemod_fun.c")
      10                      .dwattr DW$CU, DW_AT_producer("TMS320C2000 C/C++ Codegen PC v4.1.3 Copyright (c) 1996-2006 Texas Inst
      11                      .dwattr DW$CU, DW_AT_stmt_list(0x00)
      12                      .dwattr DW$CU, DW_AT_TI_VERSION(0x01)
      13              ;**************************************************************
      14              ;* CINIT RECORDS                                              *
      15              ;**************************************************************
      16 00000000               .sect   ".cinit"
      17                      .align  1
      18 00000000 FFFF          .field          -1,16
      19 00000001 0000-         .field          _m_wavemod_display_task_pro+0,32
         00000002 0000 
      20 00000003 00BE          .field          190,16                  ; _m_wavemod_display_task_pro @ 0
      21              
      22 00000004               .sect   ".cinit"
      23                      .align  1
      24 00000004 FFFF          .field          -1,16
      25 00000005 0001-         .field          _m_wavemod_main_task_pro+0,32
         00000006 0000 
      26 00000007 00BE          .field          190,16                  ; _m_wavemod_main_task_pro @ 0
      27              
      28              
      29              DW$1    .dwtag  DW_TAG_subprogram, DW_AT_name("app_wavemod_window_creat"), DW_AT_symbol_name("_app_wavemod_wi
      30                      .dwattr DW$1, DW_AT_declaration(0x01)
      31                      .dwattr DW$1, DW_AT_external(0x01)
      32              
      33              DW$2    .dwtag  DW_TAG_subprogram, DW_AT_name("app_wavemod_wave_display"), DW_AT_symbol_name("_app_wavemod_wa
      34                      .dwattr DW$2, DW_AT_declaration(0x01)
      35                      .dwattr DW$2, DW_AT_external(0x01)
      36              DW$3    .dwtag  DW_TAG_formal_parameter, DW_AT_type(*DW$T$19)
      37              DW$4    .dwtag  DW_TAG_formal_parameter, DW_AT_type(*DW$T$32)
      38              DW$5    .dwtag  DW_TAG_formal_parameter, DW_AT_type(*DW$T$11)
      39                      .dwendtag DW$2
      40              
      41              
      42              DW$6    .dwtag  DW_TAG_subprogram, DW_AT_name("app_module_assign_mod"), DW_AT_symbol_name("_app_module_assign
      43                      .dwattr DW$6, DW_AT_declaration(0x01)
      44                      .dwattr DW$6, DW_AT_external(0x01)
      45              DW$7    .dwtag  DW_TAG_formal_parameter, DW_AT_type(*DW$T$19)
      46                      .dwendtag DW$6
      47              
      48              
      49              DW$8    .dwtag  DW_TAG_subprogram, DW_AT_name("app_module_switch_last_mod"), DW_AT_symbol_name("_app_module_s
      50                      .dwattr DW$8, DW_AT_declaration(0x01)
      51                      .dwattr DW$8, DW_AT_external(0x01)
      52              
      53              DW$9    .dwtag  DW_TAG_subprogram, DW_AT_name("OSTimeDly"), DW_AT_symbol_name("_OSTimeDly")
TMS320C2000 COFF Assembler PC v4.1.3 Tue Jan 11 09:59:31 2011

Tools Copyright (c) 1996-2006 Texas Instruments Incorporated
C:\DOCUME~1\ADMINI~1\LOCALS~1\Temp\TI8523                            PAGE    2

      54                      .dwattr DW$9, DW_AT_declaration(0x01)
      55                      .dwattr DW$9, DW_AT_external(0x01)
      56              DW$10   .dwtag  DW_TAG_formal_parameter, DW_AT_type(*DW$T$23)
      57                      .dwendtag DW$9
      58              
      59                      .global _m_wavemod_display_task_pro
      60 00000000       _m_wavemod_display_task_pro:    .usect  ".ebss",1,1,0
      61              DW$11   .dwtag  DW_TAG_variable, DW_AT_name("m_wavemod_display_task_pro"), DW_AT_symbol_name("_m_wavemod_disp
      62                      .dwattr DW$11, DW_AT_location[DW_OP_addr _m_wavemod_display_task_pro]
      63                      .dwattr DW$11, DW_AT_type(*DW$T$6)
      64                      .dwattr DW$11, DW_AT_external(0x01)
      65                      .global _m_wavemod_main_task_pro
      66 00000001       _m_wavemod_main_task_pro:       .usect  ".ebss",1,1,0
      67              DW$12   .dwtag  DW_TAG_variable, DW_AT_name("m_wavemod_main_task_pro"), DW_AT_symbol_name("_m_wavemod_main_ta
      68                      .dwattr DW$12, DW_AT_location[DW_OP_addr _m_wavemod_main_task_pro]
      69                      .dwattr DW$12, DW_AT_type(*DW$T$6)
      70                      .dwattr DW$12, DW_AT_external(0x01)
      71              
      72              DW$13   .dwtag  DW_TAG_subprogram, DW_AT_name("os_task_assign_stk_build"), DW_AT_symbol_name("_os_task_assign
      73                      .dwattr DW$13, DW_AT_type(*DW$T$6)
      74                      .dwattr DW$13, DW_AT_declaration(0x01)
      75                      .dwattr DW$13, DW_AT_external(0x01)
      76              DW$14   .dwtag  DW_TAG_formal_parameter, DW_AT_type(*DW$T$27)
      77              DW$15   .dwtag  DW_TAG_formal_parameter, DW_AT_type(*DW$T$19)
      78                      .dwendtag DW$13
      79              
      80              
      81              DW$16   .dwtag  DW_TAG_subprogram, DW_AT_name("os_task_delete"), DW_AT_symbol_name("_os_task_delete")
      82                      .dwattr DW$16, DW_AT_type(*DW$T$6)
      83                      .dwattr DW$16, DW_AT_declaration(0x01)
      84                      .dwattr DW$16, DW_AT_external(0x01)
      85              DW$17   .dwtag  DW_TAG_formal_parameter, DW_AT_type(*DW$T$6)
      86                      .dwendtag DW$16
      87              
      88              
      89              DW$18   .dwtag  DW_TAG_subprogram, DW_AT_name("os_task_name_set"), DW_AT_symbol_name("_os_task_name_set")
      90                      .dwattr DW$18, DW_AT_type(*DW$T$6)
      91                      .dwattr DW$18, DW_AT_declaration(0x01)
      92                      .dwattr DW$18, DW_AT_external(0x01)
      93              DW$19   .dwtag  DW_TAG_formal_parameter, DW_AT_type(*DW$T$6)
      94              DW$20   .dwtag  DW_TAG_formal_parameter, DW_AT_type(*DW$T$38)
      95                      .dwendtag DW$18
      96              
      97              
      98              DW$21   .dwtag  DW_TAG_subprogram, DW_AT_name("app_global_key_obtain"), DW_AT_symbol_name("_app_global_key_ob
      99                      .dwattr DW$21, DW_AT_type(*DW$T$6)
     100                      .dwattr DW$21, DW_AT_declaration(0x01)
     101                      .dwattr DW$21, DW_AT_external(0x01)
     102              DW$22   .dwtag  DW_TAG_formal_parameter, DW_AT_type(*DW$T$43)
     103              DW$23   .dwtag  DW_TAG_formal_parameter, DW_AT_type(*DW$T$19)
     104                      .dwendtag DW$21
     105              
     106              
     107              DW$24   .dwtag  DW_TAG_subprogram, DW_AT_name("sin"), DW_AT_symbol_name("_sin")
     108                      .dwattr DW$24, DW_AT_type(*DW$T$17)
TMS320C2000 COFF Assembler PC v4.1.3 Tue Jan 11 09:59:31 2011

Tools Copyright (c) 1996-2006 Texas Instruments Incorporated
C:\DOCUME~1\ADMINI~1\LOCALS~1\Temp\TI8523                            PAGE    3

     109                      .dwattr DW$24, DW_AT_declaration(0x01)
     110                      .dwattr DW$24, DW_AT_external(0x01)
     111              DW$25   .dwtag  DW_TAG_formal_parameter, DW_AT_type(*DW$T$17)
     112                      .dwendtag DW$24
     113              
     114              
     115              DW$26   .dwtag  DW_TAG_subprogram, DW_AT_name("app_malloc"), DW_AT_symbol_name("_app_malloc")
     116                      .dwattr DW$26, DW_AT_type(*DW$T$3)
     117                      .dwattr DW$26, DW_AT_declaration(0x01)
     118                      .dwattr DW$26, DW_AT_external(0x01)
     119              DW$27   .dwtag  DW_TAG_formal_parameter, DW_AT_type(*DW$T$19)
     120                      .dwendtag DW$26
     121              
     122              DW$28   .dwtag  DW_TAG_variable, DW_AT_name("g_module_id_array"), DW_AT_symbol_name("_g_module_id_array")
     123                      .dwattr DW$28, DW_AT_type(*DW$T$48)
     124                      .dwattr DW$28, DW_AT_declaration(0x01)
     125                      .dwattr DW$28, DW_AT_external(0x01)
     126              ;       C:\CCStudio_v3.3\C2000\cgtools\bin\ac2000.exe -@C:\DOCUME~1\ADMINI~1\LOCALS~1\Temp\TI8525 
     127 00000000               .sect   ".text"
     128                      .global _app_wavemod_display_task
     129              
     130              DW$29   .dwtag  DW_TAG_subprogram, DW_AT_name("app_wavemod_display_task"), DW_AT_symbol_name("_app_wavemod_di
     131                      .dwattr DW$29, DW_AT_low_pc(_app_wavemod_display_task)
     132                      .dwattr DW$29, DW_AT_high_pc(0x00)
     133                      .dwattr DW$29, DW_AT_begin_file("app_wavemod_fun.c")
     134                      .dwattr DW$29, DW_AT_begin_line(0x18)
     135                      .dwattr DW$29, DW_AT_begin_column(0x06)
     136                      .dwpsn  "app_wavemod_fun.c",25,1
     137              
     138                      .dwfde DW$CIE
     139              
     140              ;***************************************************************
     141              ;* FNAME: _app_wavemod_display_task     FR SIZE:   8           *
     142              ;*                                                             *
     143              ;* FUNCTION ENVIRONMENT                                        *
     144              ;*                                                             *
     145              ;* FUNCTION PROPERTIES                                         *
     146              ;*                            2 Parameter,  6 Auto,  0 SOE     *
     147              ;***************************************************************
     148              
     149              _app_wavemod_display_task:
     150                      .dwcfa  0x1d, -2
     151                      .dwcfa  0x1c, 26, 0
     152                      .dwcfa  0x09, 40, 26
     153 00000000 FE08          ADDB      SP,#8
     154                      .dwcfa  0x1d, -10
     155              ;* AR4   assigned to _arg
     156              DW$30   .dwtag  DW_TAG_formal_parameter, DW_AT_name("arg"), DW_AT_symbol_name("_arg")
     157                      .dwattr DW$30, DW_AT_type(*DW$T$3)
     158                      .dwattr DW$30, DW_AT_location[DW_OP_reg12]
     159              DW$31   .dwtag  DW_TAG_variable, DW_AT_name("arg"), DW_AT_symbol_name("_arg")
     160                      .dwattr DW$31, DW_AT_type(*DW$T$3)
     161                      .dwattr DW$31, DW_AT_location[DW_OP_breg20 -4]
     162              DW$32   .dwtag  DW_TAG_variable, DW_AT_name("offset"), DW_AT_symbol_name("_offset")
     163                      .dwattr DW$32, DW_AT_type(*DW$T$19)
TMS320C2000 COFF Assembler PC v4.1.3 Tue Jan 11 09:59:31 2011

Tools Copyright (c) 1996-2006 Texas Instruments Incorporated
C:\DOCUME~1\ADMINI~1\LOCALS~1\Temp\TI8523                            PAGE    4

     164                      .dwattr DW$32, DW_AT_location[DW_OP_breg20 -5]
     165              DW$33   .dwtag  DW_TAG_variable, DW_AT_name("pfloat"), DW_AT_symbol_name("_pfloat")
     166                      .dwattr DW$33, DW_AT_type(*DW$T$32)
     167                      .dwattr DW$33, DW_AT_location[DW_OP_breg20 -8]
     168 00000001 A844          MOVL      *-SP[4],XAR4          ; |25| 
     169                      .dwpsn  "app_wavemod_fun.c",28,2
     170 00000002 7640!         LCR       #_app_wavemod_window_creat ; |28| 
         00000003 0000 
     171                      ; call occurs [#_app_wavemod_window_creat] ; |28| 
     172                      .dwpsn  "app_wavemod_fun.c",29,2
     173 00000004 28A9          MOV       AL,#1024              ; |29| 
         00000005 0400 
     174 00000006 7640!         LCR       #_app_malloc          ; |29| 
         00000007 0000 
     175                      ; call occurs [#_app_malloc] ; |29| 
     176 00000008 A848          MOVL      *-SP[8],XAR4          ; |29| 
     177                      .dwpsn  "app_wavemod_fun.c",30,2
     178 00000009 0648          MOVL      ACC,*-SP[8]           ; |30| 
     179 0000000a ED06          BF        L1,NEQ                ; |30| 
     180                      ; branchcc occurs ; |30| 
     181                      .dwpsn  "app_wavemod_fun.c",30,16
     182 0000000b 761F!         MOVW      DP,#_g_module_id_array
         0000000c 0000 
     183 0000000d 9200!         MOV       AL,@_g_module_id_array ; |30| 
     184 0000000e 7640!         LCR       #_app_module_assign_mod ; |30| 
         0000000f 0000 
     185                      ; call occurs [#_app_module_assign_mod] ; |30| 
     186              L1:    
     187                      .dwpsn  "app_wavemod_fun.c",31,8
     188 00000010 2B45          MOV       *-SP[5],#0            ; |31| 
     189                      .dwpsn  "app_wavemod_fun.c",31,19
     190 00000011 9245          MOV       AL,*-SP[5]            ; |31| 
     191 00000012 1BA9          CMP       AL,#1024              ; |31| 
         00000013 0400 
     192 00000014 671A          B         L3,HIS                ; |31| 
     193                      ; branchcc occurs ; |31| 
     194              L2:    
     195              DW$L$_app_wavemod_display_task$4$B:
     196                      .dwpsn  "app_wavemod_fun.c",33,3
     197 00000015 7640!         LCR       #U$$TOFS              ; |33| 
         00000016 0000 
     198                      ; call occurs [#U$$TOFS] ; |33| 
     199 00000017 1EA6          MOVL      XAR6,ACC              ; |33| 
     200 00000018 28A9          MOV       AL,#4058
         00000019 0FDA 
     201 0000001a 28A8          MOV       AH,#15433
         0000001b 3C49 
     202 0000001c 1E42          MOVL      *-SP[2],ACC           ; |33| 
     203 0000001d 06A6          MOVL      ACC,XAR6              ; |33| 
     204 0000001e 7640!         LCR       #FS$$MPY              ; |33| 
         0000001f 0000 
     205                      ; call occurs [#FS$$MPY] ; |33| 
     206 00000020 7640!         LCR       #_sin                 ; |33| 
         00000021 0000 
     207                      ; call occurs [#_sin] ; |33| 
TMS320C2000 COFF Assembler PC v4.1.3 Tue Jan 11 09:59:31 2011

Tools Copyright (c) 1996-2006 Texas Instruments Incorporated
C:\DOCUME~1\ADMINI~1\LOCALS~1\Temp\TI8523                            PAGE    5

     208 00000022 8A48          MOVL      XAR4,*-SP[8]          ; |33| 
     209 00000023 1EA6          MOVL      XAR6,ACC              ; |33| 
     210 00000024 0E45          MOVU      ACC,*-SP[5]
     211 00000025 FF30          LSL       ACC,1                 ; |33| 
     212 00000026 5601          ADDL      XAR4,ACC
         00000027 00A4 
     213 00000028 C2C4          MOVL      *+XAR4[0],XAR6        ; |33| 
     214                      .dwpsn  "app_wavemod_fun.c",31,33
     215 00000029 0A45          INC       *-SP[5]               ; |31| 
     216                      .dwpsn  "app_wavemod_fun.c",31,19
     217 0000002a 9245          MOV       AL,*-SP[5]            ; |31| 
     218 0000002b 1BA9          CMP       AL,#1024              ; |31| 
         0000002c 0400 
     219 0000002d 68E8          B         L2,LO                 ; |31| 
     220                      ; branchcc occurs ; |31| 
     221              DW$L$_app_wavemod_display_task$4$E:
     222              L3:    
     223                      .dwpsn  "app_wavemod_fun.c",35,10
     224              L4:    
     225              DW$L$_app_wavemod_display_task$6$B:
     226                      .dwpsn  "app_wavemod_fun.c",38,3
     227 0000002e 8A48          MOVL      XAR4,*-SP[8]          ; |38| 
     228 0000002f 28A9          MOV       AL,#512               ; |38| 
         00000030 0200 
     229 00000031 9BFC          MOVB      AH,#252               ; |38| 
     230 00000032 7640!         LCR       #_app_wavemod_wave_display ; |38| 
         00000033 0000 
     231                      ; call occurs [#_app_wavemod_wave_display] ; |38| 
     232                      .dwpsn  "app_wavemod_fun.c",40,3
     233 00000034 8A48          MOVL      XAR4,*-SP[8]          ; |40| 
     234 00000035 28A9          MOV       AL,#512               ; |40| 
         00000036 0200 
     235 00000037 9B00          MOVB      AH,#0
     236 00000038 7640!         LCR       #_app_wavemod_wave_display ; |40| 
         00000039 0000 
     237                      ; call occurs [#_app_wavemod_wave_display] ; |40| 
     238                      .dwpsn  "app_wavemod_fun.c",55,3
     239 0000003a 9A03          MOVB      AL,#3                 ; |55| 
     240 0000003b 7640!         LCR       #_OSTimeDly           ; |55| 
         0000003c 0000 
     241                      ; call occurs [#_OSTimeDly] ; |55| 
     242                      .dwpsn  "app_wavemod_fun.c",35,10
     243 0000003d 6FF1          B         L4,UNC                ; |35| 
     244                      ; branch occurs ; |35| 
     245              DW$L$_app_wavemod_display_task$6$E:
     246                      .dwcfa  0x1d, -2
     247              
     248              DW$34   .dwtag  DW_TAG_loop
     249                      .dwattr DW$34, DW_AT_name("C:\DOCUME~1\ADMINI~1\LOCALS~1\Temp\TI8523:L4:1:1294711171")
     250                      .dwattr DW$34, DW_AT_begin_file("app_wavemod_fun.c")
     251                      .dwattr DW$34, DW_AT_begin_line(0x23)
     252                      .dwattr DW$34, DW_AT_end_line(0x38)
     253              DW$35   .dwtag  DW_TAG_loop_range
     254                      .dwattr DW$35, DW_AT_low_pc(DW$L$_app_wavemod_display_task$6$B)
     255                      .dwattr DW$35, DW_AT_high_pc(DW$L$_app_wavemod_display_task$6$E)
TMS320C2000 COFF Assembler PC v4.1.3 Tue Jan 11 09:59:31 2011

Tools Copyright (c) 1996-2006 Texas Instruments Incorporated
C:\DOCUME~1\ADMINI~1\LOCALS~1\Temp\TI8523                            PAGE    6

     256                      .dwendtag DW$34
     257              
     258              
     259              DW$36   .dwtag  DW_TAG_loop
     260                      .dwattr DW$36, DW_AT_name("C:\DOCUME~1\ADMINI~1\LOCALS~1\Temp\TI8523:L2:1:1294711171")
     261                      .dwattr DW$36, DW_AT_begin_file("app_wavemod_fun.c")
     262                      .dwattr DW$36, DW_AT_begin_line(0x1f)
     263                      .dwattr DW$36, DW_AT_end_line(0x22)
     264              DW$37   .dwtag  DW_TAG_loop_range
     265                      .dwattr DW$37, DW_AT_low_pc(DW$L$_app_wavemod_display_task$4$B)
     266                      .dwattr DW$37, DW_AT_high_pc(DW$L$_app_wavemod_display_task$4$E)
     267                      .dwendtag DW$36
     268              
     269                      .dwattr DW$29, DW_AT_end_file("app_wavemod_fun.c")
     270                      .dwattr DW$29, DW_AT_end_line(0x39)
     271                      .dwattr DW$29, DW_AT_end_column(0x01)
     272                      .dwendentry
     273                      .dwendtag DW$29
     274              
     275 0000003e               .sect   ".text"
     276                      .global _app_wavemod_main_task
     277              
     278              DW$38   .dwtag  DW_TAG_subprogram, DW_AT_name("app_wavemod_main_task"), DW_AT_symbol_name("_app_wavemod_main_
     279                      .dwattr DW$38, DW_AT_low_pc(_app_wavemod_main_task)
     280                      .dwattr DW$38, DW_AT_high_pc(0x00)
     281                      .dwattr DW$38, DW_AT_begin_file("app_wavemod_fun.c")
     282                      .dwattr DW$38, DW_AT_begin_line(0x3b)
     283                      .dwattr DW$38, DW_AT_begin_column(0x06)
     284                      .dwpsn  "app_wavemod_fun.c",60,1
     285              
     286                      .dwfde DW$CIE
     287              
     288              ;***************************************************************
     289              ;* FNAME: _app_wavemod_main_task        FR SIZE:   4           *
     290              ;*                                                             *
     291              ;* FUNCTION ENVIRONMENT                                        *
     292              ;*                                                             *
     293              ;* FUNCTION PROPERTIES                                         *
     294              ;*                            0 Parameter,  3 Auto,  0 SOE     *
     295              ;***************************************************************
     296              
     297              _app_wavemod_main_task:
     298                      .dwcfa  0x1d, -2
     299                      .dwcfa  0x1c, 26, 0
     300                      .dwcfa  0x09, 40, 26
     301 0000003e FE04          ADDB      SP,#4
     302                      .dwcfa  0x1d, -6
     303              ;* AR4   assigned to _arg
     304              DW$39   .dwtag  DW_TAG_formal_parameter, DW_AT_name("arg"), DW_AT_symbol_name("_arg")
     305                      .dwattr DW$39, DW_AT_type(*DW$T$3)
     306                      .dwattr DW$39, DW_AT_location[DW_OP_reg12]
     307              DW$40   .dwtag  DW_TAG_variable, DW_AT_name("arg"), DW_AT_symbol_name("_arg")
     308                      .dwattr DW$40, DW_AT_type(*DW$T$3)
     309                      .dwattr DW$40, DW_AT_location[DW_OP_breg20 -2]
     310              DW$41   .dwtag  DW_TAG_variable, DW_AT_name("key_buf"), DW_AT_symbol_name("_key_buf")
TMS320C2000 COFF Assembler PC v4.1.3 Tue Jan 11 09:59:31 2011

Tools Copyright (c) 1996-2006 Texas Instruments Incorporated
C:\DOCUME~1\ADMINI~1\LOCALS~1\Temp\TI8523                            PAGE    7

     311                      .dwattr DW$41, DW_AT_type(*DW$T$6)
     312                      .dwattr DW$41, DW_AT_location[DW_OP_breg20 -3]
     313 0000003f A842          MOVL      *-SP[2],XAR4          ; |60| 
     314                      .dwpsn  "app_wavemod_fun.c",62,2
     315 00000040 9A03          MOVB      AL,#3                 ; |62| 
     316 00000041 7640!         LCR       #_OSTimeDly           ; |62| 
         00000042 0000 
     317                      ; call occurs [#_OSTimeDly] ; |62| 
     318                      .dwpsn  "app_wavemod_fun.c",63,10
     319              L5:    
     320              DW$L$_app_wavemod_main_task$2$B:
     321                      .dwpsn  "app_wavemod_fun.c",65,3
     322 00000043 9A03          MOVB      AL,#3                 ; |65| 
     323 00000044 7640!         LCR       #_OSTimeDly           ; |65| 
         00000045 0000 
     324                      ; call occurs [#_OSTimeDly] ; |65| 
     325                      .dwpsn  "app_wavemod_fun.c",66,3
     326 00000046 5CAD          MOVZ      AR4,SP                ; |66| 
     327 00000047 9A01          MOVB      AL,#1                 ; |66| 
     328 00000048 DC83          SUBB      XAR4,#3               ; |66| 
     329 00000049 7640!         LCR       #_app_global_key_obtain ; |66| 
         0000004a 0000 
     330                      ; call occurs [#_app_global_key_obtain] ; |66| 
     331 0000004b 5201          CMPB      AL,#1                 ; |66| 
     332 0000004c EDF7          BF        L5,NEQ                ; |66| 
     333                      ; branchcc occurs ; |66| 
     334              DW$L$_app_wavemod_main_task$2$E:
     335              DW$L$_app_wavemod_main_task$3$B:
     336                      .dwpsn  "app_wavemod_fun.c",68,4
     337 0000004d 6F04          B         L7,UNC                ; |68| 
     338                      ; branch occurs ; |68| 
     339              DW$L$_app_wavemod_main_task$3$E:
     340              L6:    
     341              DW$L$_app_wavemod_main_task$5$B:
     342                      .dwpsn  "app_wavemod_fun.c",71,5
     343 0000004e 7640!         LCR       #_app_module_switch_last_mod ; |71| 
         0000004f 0000 
     344                      ; call occurs [#_app_module_switch_last_mod] ; |71| 
     345                      .dwpsn  "app_wavemod_fun.c",72,10
     346 00000050 6FF3          B         L5,UNC                ; |72| 
     347                      ; branch occurs ; |72| 
     348              DW$L$_app_wavemod_main_task$5$E:
     349              L7:    
     350              DW$L$_app_wavemod_main_task$7$B:
     351                      .dwpsn  "app_wavemod_fun.c",68,4
     352 00000051 9243          MOV       AL,*-SP[3]            ; |68| 
     353 00000052 521B          CMPB      AL,#27                ; |68| 
     354 00000053 ECFB          BF        L6,EQ                 ; |68| 
     355                      ; branchcc occurs ; |68| 
     356 00000054       DW$L$_app_wavemod_main_task$7$E:
     357 00000054       DW$L$_app_wavemod_main_task$8$B:
     358 00000054 6FEF          B         L5,UNC                ; |68| 
     359                      ; branch occurs ; |68| 
     360              DW$L$_app_wavemod_main_task$8$E:
     361                      .dwcfa  0x1d, -2
TMS320C2000 COFF Assembler PC v4.1.3 Tue Jan 11 09:59:31 2011

Tools Copyright (c) 1996-2006 Texas Instruments Incorporated
C:\DOCUME~1\ADMINI~1\LOCALS~1\Temp\TI8523                            PAGE    8

     362              
     363              DW$42   .dwtag  DW_TAG_loop
     364                      .dwattr DW$42, DW_AT_name("C:\DOCUME~1\ADMINI~1\LOCALS~1\Temp\TI8523:L5:1:1294711171")
     365                      .dwattr DW$42, DW_AT_begin_file("app_wavemod_fun.c")
     366                      .dwattr DW$42, DW_AT_begin_line(0x3f)
     367                      .dwattr DW$42, DW_AT_end_line(0x4d)
     368              DW$43   .dwtag  DW_TAG_loop_range
     369                      .dwattr DW$43, DW_AT_low_pc(DW$L$_app_wavemod_main_task$2$B)
     370                      .dwattr DW$43, DW_AT_high_pc(DW$L$_app_wavemod_main_task$2$E)
     371              DW$44   .dwtag  DW_TAG_loop_range
     372                      .dwattr DW$44, DW_AT_low_pc(DW$L$_app_wavemod_main_task$3$B)
     373                      .dwattr DW$44, DW_AT_high_pc(DW$L$_app_wavemod_main_task$3$E)
     374              DW$45   .dwtag  DW_TAG_loop_range
     375                      .dwattr DW$45, DW_AT_low_pc(DW$L$_app_wavemod_main_task$7$B)
     376                      .dwattr DW$45, DW_AT_high_pc(DW$L$_app_wavemod_main_task$7$E)
     377              DW$46   .dwtag  DW_TAG_loop_range
     378                      .dwattr DW$46, DW_AT_low_pc(DW$L$_app_wavemod_main_task$8$B)
     379                      .dwattr DW$46, DW_AT_high_pc(DW$L$_app_wavemod_main_task$8$E)
     380              DW$47   .dwtag  DW_TAG_loop_range
     381                      .dwattr DW$47, DW_AT_low_pc(DW$L$_app_wavemod_main_task$5$B)
     382                      .dwattr DW$47, DW_AT_high_pc(DW$L$_app_wavemod_main_task$5$E)
     383                      .dwendtag DW$42
     384              
     385                      .dwattr DW$38, DW_AT_end_file("app_wavemod_fun.c")
     386                      .dwattr DW$38, DW_AT_end_line(0x4e)
     387                      .dwattr DW$38, DW_AT_end_column(0x01)
     388                      .dwendentry
     389                      .dwendtag DW$38
     390              
     391 00000055               .sect   ".text"
     392                      .global _app_wavemod_fun_entry
     393              
     394              DW$48   .dwtag  DW_TAG_subprogram, DW_AT_name("app_wavemod_fun_entry"), DW_AT_symbol_name("_app_wavemod_fun_e
     395                      .dwattr DW$48, DW_AT_low_pc(_app_wavemod_fun_entry)
     396                      .dwattr DW$48, DW_AT_high_pc(0x00)
     397                      .dwattr DW$48, DW_AT_begin_file("app_wavemod_fun.c")
     398                      .dwattr DW$48, DW_AT_begin_line(0x57)
     399                      .dwattr DW$48, DW_AT_begin_column(0x06)
     400                      .dwpsn  "app_wavemod_fun.c",88,1
     401              
     402                      .dwfde DW$CIE
     403              
     404              ;***************************************************************
     405              ;* FNAME: _app_wavemod_fun_entry        FR SIZE:   0           *
     406              ;*                                                             *
     407              ;* FUNCTION ENVIRONMENT                                        *
     408              ;*                                                             *
     409              ;* FUNCTION PROPERTIES                                         *
     410              ;*                            0 Parameter,  0 Auto,  0 SOE     *
     411              ;***************************************************************
     412              
     413              _app_wavemod_fun_entry:
     414                      .dwcfa  0x1d, -2
     415                      .dwcfa  0x1c, 26, 0
     416                      .dwcfa  0x09, 40, 26
TMS320C2000 COFF Assembler PC v4.1.3 Tue Jan 11 09:59:31 2011

Tools Copyright (c) 1996-2006 Texas Instruments Incorporated
C:\DOCUME~1\ADMINI~1\LOCALS~1\Temp\TI8523                            PAGE    9

     417                      .dwpsn  "app_wavemod_fun.c",89,2
     418 00000055 9A03          MOVB      AL,#3                 ; |89| 
     419 00000056 8F00'         MOVL      XAR4,#_app_wavemod_main_task ; |89| 
         00000057 003E 
     420 00000058 7640!         LCR       #_os_task_assign_stk_build ; |89| 
         00000059 0000 
     421                      ; call occurs [#_os_task_assign_stk_build] ; |89| 
     422 0000005a 761F-         MOVW      DP,#_m_wavemod_main_task_pro
         0000005b 0000 
     423 0000005c 9601-         MOV       @_m_wavemod_main_task_pro,AL ; |89| 
     424                      .dwpsn  "app_wavemod_fun.c",91,2
     425 0000005d 8F00+         MOVL      XAR4,#FSL1            ; |91| 
         0000005e 0000 
     426 0000005f 7640!         LCR       #_os_task_name_set    ; |91| 
         00000060 0000 
     427                      ; call occurs [#_os_task_name_set] ; |91| 
     428                      .dwpsn  "app_wavemod_fun.c",92,2
     429 00000061 8F00'         MOVL      XAR4,#_app_wavemod_display_task ; |92| 
         00000062 0000 
     430 00000063 9A03          MOVB      AL,#3                 ; |92| 
     431 00000064 7640!         LCR       #_os_task_assign_stk_build ; |92| 
         00000065 0000 
     432                      ; call occurs [#_os_task_assign_stk_build] ; |92| 
     433 00000066 761F-         MOVW      DP,#_m_wavemod_display_task_pro
         00000067 0000 
     434 00000068 9600-         MOV       @_m_wavemod_display_task_pro,AL ; |92| 
     435                      .dwpsn  "app_wavemod_fun.c",94,2
     436 00000069 8F00+         MOVL      XAR4,#FSL2            ; |94| 
         0000006a 0014 
     437 0000006b 7640!         LCR       #_os_task_name_set    ; |94| 
         0000006c 0000 
     438                      ; call occurs [#_os_task_name_set] ; |94| 
     439                      .dwpsn  "app_wavemod_fun.c",95,2
     440                      .dwpsn  "app_wavemod_fun.c",96,1
     441 0000006d 0006          LRETR
     442                      ; return occurs
     443                      .dwattr DW$48, DW_AT_end_file("app_wavemod_fun.c")
     444                      .dwattr DW$48, DW_AT_end_line(0x60)
     445                      .dwattr DW$48, DW_AT_end_column(0x01)
     446                      .dwendentry
     447                      .dwendtag DW$48
     448              
     449 0000006e               .sect   ".text"
     450                      .global _app_wavemod_fun_exit
     451              
     452              DW$49   .dwtag  DW_TAG_subprogram, DW_AT_name("app_wavemod_fun_exit"), DW_AT_symbol_name("_app_wavemod_fun_ex
     453                      .dwattr DW$49, DW_AT_low_pc(_app_wavemod_fun_exit)
     454                      .dwattr DW$49, DW_AT_high_pc(0x00)
     455                      .dwattr DW$49, DW_AT_begin_file("app_wavemod_fun.c")
     456                      .dwattr DW$49, DW_AT_begin_line(0x69)
     457                      .dwattr DW$49, DW_AT_begin_column(0x06)
     458                      .dwpsn  "app_wavemod_fun.c",106,1
     459              
     460                      .dwfde DW$CIE
     461              
TMS320C2000 COFF Assembler PC v4.1.3 Tue Jan 11 09:59:31 2011

Tools Copyright (c) 1996-2006 Texas Instruments Incorporated
C:\DOCUME~1\ADMINI~1\LOCALS~1\Temp\TI8523                            PAGE   10

     462              ;***************************************************************
     463              ;* FNAME: _app_wavemod_fun_exit         FR SIZE:   0           *
     464              ;*                                                             *
     465              ;* FUNCTION ENVIRONMENT                                        *
     466              ;*                                                             *
     467              ;* FUNCTION PROPERTIES                                         *
     468              ;*                            0 Parameter,  0 Auto,  0 SOE     *
     469              ;***************************************************************
     470              
     471              _app_wavemod_fun_exit:
     472                      .dwcfa  0x1d, -2
     473                      .dwcfa  0x1c, 26, 0
     474                      .dwcfa  0x09, 40, 26
     475                      .dwpsn  "app_wavemod_fun.c",107,2
     476 0000006e 761F-         MOVW      DP,#_m_wavemod_main_task_pro
         0000006f 0000 
     477 00000070 9201-         MOV       AL,@_m_wavemod_main_task_pro ; |107| 
     478 00000071 52BE          CMPB      AL,#190               ; |107| 
     479 00000072 EC07          BF        L8,EQ                 ; |107| 
     480                      ; branchcc occurs ; |107| 
     481                      .dwpsn  "app_wavemod_fun.c",109,3
     482 00000073 7640!         LCR       #_os_task_delete      ; |109| 
         00000074 0000 
     483                      ; call occurs [#_os_task_delete] ; |109| 
     484                      .dwpsn  "app_wavemod_fun.c",110,3
     485 00000075 761F-         MOVW      DP,#_m_wavemod_main_task_pro
         00000076 0000 
     486 00000077 2801-         MOV       @_m_wavemod_main_task_pro,#190 ; |110| 
         00000078 00BE 
     487              L8:    
     488                      .dwpsn  "app_wavemod_fun.c",112,2
     489 00000079 9200-         MOV       AL,@_m_wavemod_display_task_pro ; |112| 
     490 0000007a 52BE          CMPB      AL,#190               ; |112| 
     491 0000007b EC07          BF        L9,EQ                 ; |112| 
     492                      ; branchcc occurs ; |112| 
     493                      .dwpsn  "app_wavemod_fun.c",114,3
     494 0000007c 7640!         LCR       #_os_task_delete      ; |114| 
         0000007d 0000 
     495                      ; call occurs [#_os_task_delete] ; |114| 
     496                      .dwpsn  "app_wavemod_fun.c",115,3
     497 0000007e 761F-         MOVW      DP,#_m_wavemod_display_task_pro
         0000007f 0000 
     498 00000080 2800-         MOV       @_m_wavemod_display_task_pro,#190 ; |115| 
         00000081 00BE 
     499                      .dwpsn  "app_wavemod_fun.c",117,2
     500              L9:    
     501                      .dwpsn  "app_wavemod_fun.c",118,1
     502 00000082 0006          LRETR
     503                      ; return occurs
     504                      .dwattr DW$49, DW_AT_end_file("app_wavemod_fun.c")
     505                      .dwattr DW$49, DW_AT_end_line(0x76)
     506                      .dwattr DW$49, DW_AT_end_column(0x01)
     507                      .dwendentry
     508                      .dwendtag DW$49
     509              
TMS320C2000 COFF Assembler PC v4.1.3 Tue Jan 11 09:59:31 2011

Tools Copyright (c) 1996-2006 Texas Instruments Incorporated
C:\DOCUME~1\ADMINI~1\LOCALS~1\Temp\TI8523                            PAGE   11

     510              ;***************************************************************
     511              ;* FAR STRINGS                                                 *
     512              ;***************************************************************
     513 00000000               .sect   ".econst"
     514                      .align  2
     515 00000000 0077  FSL1:   .string "wavemod--Main task",0
         00000001 0061 
         00000002 0076 
         00000003 0065 
         00000004 006D 
         00000005 006F 
         00000006 0064 
         00000007 002D 
         00000008 002D 
         00000009 004D 
         0000000a 0061 
         0000000b 0069 
         0000000c 006E 
         0000000d 0020 
         0000000e 0074 
         0000000f 0061 
         00000010 0073 
         00000011 006B 
         00000012 0000 
     516                      .align  2
     517 00000014 0077  FSL2:   .string "wavemod--display task",0
         00000015 0061 
         00000016 0076 
         00000017 0065 
         00000018 006D 
         00000019 006F 
         0000001a 0064 
         0000001b 002D 
         0000001c 002D 
         0000001d 0064 
         0000001e 0069 
         0000001f 0073 
         00000020 0070 
         00000021 006C 
         00000022 0061 
         00000023 0079 
         00000024 0020 
         00000025 0074 
         00000026 0061 
         00000027 0073 
         00000028 006B 
         00000029 0000 
     518              ;***************************************************************
     519              ;* UNDEFINED EXTERNAL REFERENCES                               *
     520              ;***************************************************************
     521                      .global _app_wavemod_window_creat
     522                      .global _app_wavemod_wave_display
     523                      .global _app_module_assign_mod
     524                      .global _app_module_switch_last_mod
     525                      .global _OSTimeDly
TMS320C2000 COFF Assembler PC v4.1.3 Tue Jan 11 09:59:31 2011

Tools Copyright (c) 1996-2006 Texas Instruments Incorporated
C:\DOCUME~1\ADMINI~1\LOCALS~1\Temp\TI8523                            PAGE   12

     526                      .global _os_task_assign_stk_build
     527                      .global _os_task_delete
     528                      .global _os_task_name_set
     529                      .global _app_global_key_obtain
     530                      .global _sin
     531                      .global _app_malloc
     532                      .global _g_module_id_array
     533                      .global U$$TOFS
     534                      .global FS$$MPY
     535              
     536              ;***************************************************************
     537              ;* TYPE INFORMATION                                            *
     538              ;***************************************************************
     539              DW$T$3  .dwtag  DW_TAG_pointer_type
     540                      .dwattr DW$T$3, DW_AT_address_class(0x16)
     541              
     542              DW$T$21 .dwtag  DW_TAG_subroutine_type, DW_AT_type(*DW$T$3)
     543                      .dwattr DW$T$21, DW_AT_language(DW_LANG_C)
     544              DW$50   .dwtag  DW_TAG_formal_parameter, DW_AT_type(*DW$T$19)
     545                      .dwendtag DW$T$21
     546              
     547              
     548              DW$T$24 .dwtag  DW_TAG_subroutine_type
     549                      .dwattr DW$T$24, DW_AT_language(DW_LANG_C)
     550              DW$51   .dwtag  DW_TAG_formal_parameter, DW_AT_type(*DW$T$23)
     551                      .dwendtag DW$T$24
     552              
     553              
     554              DW$T$26 .dwtag  DW_TAG_subroutine_type
     555                      .dwattr DW$T$26, DW_AT_language(DW_LANG_C)
     556              DW$52   .dwtag  DW_TAG_formal_parameter, DW_AT_type(*DW$T$3)
     557                      .dwendtag DW$T$26
     558              
     559              DW$T$27 .dwtag  DW_TAG_pointer_type, DW_AT_type(*DW$T$26)
     560                      .dwattr DW$T$27, DW_AT_address_class(0x16)
     561              
     562              DW$T$28 .dwtag  DW_TAG_subroutine_type
     563                      .dwattr DW$T$28, DW_AT_language(DW_LANG_C)
     564              
     565              DW$T$30 .dwtag  DW_TAG_subroutine_type
     566                      .dwattr DW$T$30, DW_AT_language(DW_LANG_C)
     567              DW$53   .dwtag  DW_TAG_formal_parameter, DW_AT_type(*DW$T$19)
     568                      .dwendtag DW$T$30
     569              
     570              
     571              DW$T$33 .dwtag  DW_TAG_subroutine_type
     572                      .dwattr DW$T$33, DW_AT_language(DW_LANG_C)
     573              DW$54   .dwtag  DW_TAG_formal_parameter, DW_AT_type(*DW$T$19)
     574              DW$55   .dwtag  DW_TAG_formal_parameter, DW_AT_type(*DW$T$32)
     575              DW$56   .dwtag  DW_TAG_formal_parameter, DW_AT_type(*DW$T$11)
     576                      .dwendtag DW$T$33
     577              
     578              DW$T$6  .dwtag  DW_TAG_base_type, DW_AT_name("unsigned char")
     579                      .dwattr DW$T$6, DW_AT_encoding(DW_ATE_unsigned_char)
     580                      .dwattr DW$T$6, DW_AT_byte_size(0x01)
TMS320C2000 COFF Assembler PC v4.1.3 Tue Jan 11 09:59:31 2011

Tools Copyright (c) 1996-2006 Texas Instruments Incorporated
C:\DOCUME~1\ADMINI~1\LOCALS~1\Temp\TI8523                            PAGE   13

     581              
     582              DW$T$35 .dwtag  DW_TAG_subroutine_type, DW_AT_type(*DW$T$6)
     583                      .dwattr DW$T$35, DW_AT_language(DW_LANG_C)
     584              DW$57   .dwtag  DW_TAG_formal_parameter, DW_AT_type(*DW$T$27)
     585              DW$58   .dwtag  DW_TAG_formal_parameter, DW_AT_type(*DW$T$19)
     586                      .dwendtag DW$T$35
     587              
     588              
     589              DW$T$39 .dwtag  DW_TAG_subroutine_type, DW_AT_type(*DW$T$6)
     590                      .dwattr DW$T$39, DW_AT_language(DW_LANG_C)
     591              DW$59   .dwtag  DW_TAG_formal_parameter, DW_AT_type(*DW$T$6)
     592              DW$60   .dwtag  DW_TAG_formal_parameter, DW_AT_type(*DW$T$38)
     593                      .dwendtag DW$T$39
     594              
     595              
     596              DW$T$41 .dwtag  DW_TAG_subroutine_type, DW_AT_type(*DW$T$6)
     597                      .dwattr DW$T$41, DW_AT_language(DW_LANG_C)
     598              DW$61   .dwtag  DW_TAG_formal_parameter, DW_AT_type(*DW$T$6)
     599                      .dwendtag DW$T$41
     600              
     601              DW$T$43 .dwtag  DW_TAG_pointer_type, DW_AT_type(*DW$T$6)
     602                      .dwattr DW$T$43, DW_AT_address_class(0x16)
     603              
     604              DW$T$44 .dwtag  DW_TAG_subroutine_type, DW_AT_type(*DW$T$6)
     605                      .dwattr DW$T$44, DW_AT_language(DW_LANG_C)
     606              DW$62   .dwtag  DW_TAG_formal_parameter, DW_AT_type(*DW$T$43)
     607              DW$63   .dwtag  DW_TAG_formal_parameter, DW_AT_type(*DW$T$19)
     608                      .dwendtag DW$T$44
     609              
     610              DW$T$11 .dwtag  DW_TAG_base_type, DW_AT_name("unsigned int")
     611                      .dwattr DW$T$11, DW_AT_encoding(DW_ATE_unsigned)
     612                      .dwattr DW$T$11, DW_AT_byte_size(0x01)
     613              DW$T$19 .dwtag  DW_TAG_typedef, DW_AT_name("Bsize_t"), DW_AT_type(*DW$T$11)
     614                      .dwattr DW$T$19, DW_AT_language(DW_LANG_C)
     615              DW$T$23 .dwtag  DW_TAG_typedef, DW_AT_name("INT16U"), DW_AT_type(*DW$T$11)
     616                      .dwattr DW$T$23, DW_AT_language(DW_LANG_C)
     617              DW$T$32 .dwtag  DW_TAG_pointer_type, DW_AT_type(*DW$T$16)
     618                      .dwattr DW$T$32, DW_AT_address_class(0x16)
     619              DW$T$17 .dwtag  DW_TAG_base_type, DW_AT_name("double")
     620                      .dwattr DW$T$17, DW_AT_encoding(DW_ATE_float)
     621                      .dwattr DW$T$17, DW_AT_byte_size(0x02)
     622              
     623              DW$T$46 .dwtag  DW_TAG_subroutine_type, DW_AT_type(*DW$T$17)
     624                      .dwattr DW$T$46, DW_AT_language(DW_LANG_C)
     625              DW$64   .dwtag  DW_TAG_formal_parameter, DW_AT_type(*DW$T$17)
     626                      .dwendtag DW$T$46
     627              
     628              DW$T$48 .dwtag  DW_TAG_typedef, DW_AT_name("module_id_t"), DW_AT_type(*DW$T$20)
     629                      .dwattr DW$T$48, DW_AT_language(DW_LANG_C)
     630              DW$T$38 .dwtag  DW_TAG_pointer_type, DW_AT_type(*DW$T$37)
     631                      .dwattr DW$T$38, DW_AT_address_class(0x16)
     632              DW$T$16 .dwtag  DW_TAG_base_type, DW_AT_name("float")
     633                      .dwattr DW$T$16, DW_AT_encoding(DW_ATE_float)
     634                      .dwattr DW$T$16, DW_AT_byte_size(0x02)
     635              
TMS320C2000 COFF Assembler PC v4.1.3 Tue Jan 11 09:59:31 2011

Tools Copyright (c) 1996-2006 Texas Instruments Incorporated
C:\DOCUME~1\ADMINI~1\LOCALS~1\Temp\TI8523                            PAGE   14

     636              DW$T$20 .dwtag  DW_TAG_structure_type
     637                      .dwattr DW$T$20, DW_AT_byte_size(0x0c)
     638              DW$65   .dwtag  DW_TAG_member, DW_AT_type(*DW$T$19)
     639                      .dwattr DW$65, DW_AT_name("DL_measure_mod_id"), DW_AT_symbol_name("_DL_measure_mod_id")
     640                      .dwattr DW$65, DW_AT_data_member_location[DW_OP_plus_uconst 0x0]
     641                      .dwattr DW$65, DW_AT_accessibility(DW_ACCESS_public)
     642              DW$66   .dwtag  DW_TAG_member, DW_AT_type(*DW$T$19)
     643                      .dwattr DW$66, DW_AT_name("Sys_setup_mod_id"), DW_AT_symbol_name("_Sys_setup_mod_id")
     644                      .dwattr DW$66, DW_AT_data_member_location[DW_OP_plus_uconst 0x1]
     645                      .dwattr DW$66, DW_AT_accessibility(DW_ACCESS_public)
     646              DW$67   .dwtag  DW_TAG_member, DW_AT_type(*DW$T$19)
     647                      .dwattr DW$67, DW_AT_name("USB_mod_id"), DW_AT_symbol_name("_USB_mod_id")
     648                      .dwattr DW$67, DW_AT_data_member_location[DW_OP_plus_uconst 0x2]
     649                      .dwattr DW$67, DW_AT_accessibility(DW_ACCESS_public)
     650              DW$68   .dwtag  DW_TAG_member, DW_AT_type(*DW$T$19)
     651                      .dwattr DW$68, DW_AT_name("RM_mod_id"), DW_AT_symbol_name("_RM_mod_id")
     652                      .dwattr DW$68, DW_AT_data_member_location[DW_OP_plus_uconst 0x3]
     653                      .dwattr DW$68, DW_AT_accessibility(DW_ACCESS_public)
     654              DW$69   .dwtag  DW_TAG_member, DW_AT_type(*DW$T$19)
     655                      .dwattr DW$69, DW_AT_name("PC_mod_id"), DW_AT_symbol_name("_PC_mod_id")
     656                      .dwattr DW$69, DW_AT_data_member_location[DW_OP_plus_uconst 0x4]
     657                      .dwattr DW$69, DW_AT_accessibility(DW_ACCESS_public)
     658              DW$70   .dwtag  DW_TAG_member, DW_AT_type(*DW$T$19)
     659                      .dwattr DW$70, DW_AT_name("Help_mod_id"), DW_AT_symbol_name("_Help_mod_id")
     660                      .dwattr DW$70, DW_AT_data_member_location[DW_OP_plus_uconst 0x5]
     661                      .dwattr DW$70, DW_AT_accessibility(DW_ACCESS_public)
     662              DW$71   .dwtag  DW_TAG_member, DW_AT_type(*DW$T$19)
     663                      .dwattr DW$71, DW_AT_name("HZ_input_mod_id"), DW_AT_symbol_name("_HZ_input_mod_id")
     664                      .dwattr DW$71, DW_AT_data_member_location[DW_OP_plus_uconst 0x6]
     665                      .dwattr DW$71, DW_AT_accessibility(DW_ACCESS_public)
     666              DW$72   .dwtag  DW_TAG_member, DW_AT_type(*DW$T$19)
     667                      .dwattr DW$72, DW_AT_name("Err_correct_mod_id"), DW_AT_symbol_name("_Err_correct_mod_id")
     668                      .dwattr DW$72, DW_AT_data_member_location[DW_OP_plus_uconst 0x7]
     669                      .dwattr DW$72, DW_AT_accessibility(DW_ACCESS_public)
     670              DW$73   .dwtag  DW_TAG_member, DW_AT_type(*DW$T$19)
     671                      .dwattr DW$73, DW_AT_name("Wave_mod_id"), DW_AT_symbol_name("_Wave_mod_id")
     672                      .dwattr DW$73, DW_AT_data_member_location[DW_OP_plus_uconst 0x8]
     673                      .dwattr DW$73, DW_AT_accessibility(DW_ACCESS_public)
     674              DW$74   .dwtag  DW_TAG_member, DW_AT_type(*DW$T$19)
     675                      .dwattr DW$74, DW_AT_name("USER_mod_id"), DW_AT_symbol_name("_USER_mod_id")
     676                      .dwattr DW$74, DW_AT_data_member_location[DW_OP_plus_uconst 0x9]
     677                      .dwattr DW$74, DW_AT_accessibility(DW_ACCESS_public)
     678              DW$75   .dwtag  DW_TAG_member, DW_AT_type(*DW$T$19)
     679                      .dwattr DW$75, DW_AT_name("COMR_mod_id"), DW_AT_symbol_name("_COMR_mod_id")
     680                      .dwattr DW$75, DW_AT_data_member_location[DW_OP_plus_uconst 0xa]
     681                      .dwattr DW$75, DW_AT_accessibility(DW_ACCESS_public)
     682              DW$76   .dwtag  DW_TAG_member, DW_AT_type(*DW$T$19)
     683                      .dwattr DW$76, DW_AT_name("WIR_mod_id"), DW_AT_symbol_name("_WIR_mod_id")
     684                      .dwattr DW$76, DW_AT_data_member_location[DW_OP_plus_uconst 0xb]
     685                      .dwattr DW$76, DW_AT_accessibility(DW_ACCESS_public)
     686                      .dwendtag DW$T$20
     687              
     688              DW$T$37 .dwtag  DW_TAG_base_type, DW_AT_name("signed char")
     689                      .dwattr DW$T$37, DW_AT_encoding(DW_ATE_signed_char)
     690                      .dwattr DW$T$37, DW_AT_byte_size(0x01)
TMS320C2000 COFF Assembler PC v4.1.3 Tue Jan 11 09:59:31 2011

Tools Copyright (c) 1996-2006 Texas Instruments Incorporated
C:\DOCUME~1\ADMINI~1\LOCALS~1\Temp\TI8523                            PAGE   15

     691              
     692                      .dwattr DW$29, DW_AT_external(0x01)
     693                      .dwattr DW$48, DW_AT_external(0x01)
     694                      .dwattr DW$49, DW_AT_external(0x01)
     695                      .dwattr DW$38, DW_AT_external(0x01)
     696                      .dwattr DW$CU, DW_AT_language(DW_LANG_C)
     697              
     698              ;***************************************************************
     699              ;* DWARF CIE ENTRIES                                           *
     700              ;***************************************************************
     701              
     702              DW$CIE  .dwcie 1, 40
     703                      .dwcfa  0x0c, 20, 0
     704                      .dwcfa  0x07, 0
     705                      .dwcfa  0x07, 1
     706                      .dwcfa  0x07, 2
     707                      .dwcfa  0x07, 3
     708                      .dwcfa  0x07, 4
     709                      .dwcfa  0x07, 5
     710                      .dwcfa  0x08, 6
     711                      .dwcfa  0x08, 7
     712                      .dwcfa  0x08, 8
     713                      .dwcfa  0x08, 9
     714                      .dwcfa  0x08, 10
     715                      .dwcfa  0x08, 11
     716                      .dwcfa  0x07, 12
     717                      .dwcfa  0x07, 13
     718                      .dwcfa  0x07, 14
     719                      .dwcfa  0x07, 15
     720                      .dwcfa  0x07, 16
     721                      .dwcfa  0x07, 17
     722                      .dwcfa  0x07, 18
     723                      .dwcfa  0x07, 19
     724                      .dwcfa  0x07, 20
     725                      .dwcfa  0x07, 21
     726                      .dwcfa  0x07, 22
     727                      .dwcfa  0x07, 23
     728                      .dwcfa  0x07, 24
     729                      .dwcfa  0x07, 25
     730                      .dwcfa  0x07, 26
     731                      .dwcfa  0x08, 27
     732                      .dwcfa  0x07, 28
     733                      .dwcfa  0x07, 29
     734                      .dwcfa  0x07, 30
     735                      .dwcfa  0x07, 31
     736                      .dwcfa  0x07, 32
     737                      .dwcfa  0x07, 33
     738                      .dwcfa  0x07, 34
     739                      .dwcfa  0x07, 35
     740                      .dwcfa  0x07, 36
     741                      .dwcfa  0x07, 37
     742                      .dwcfa  0x07, 38
     743                      .dwcfa  0x07, 39
     744                      .dwcfa  0x07, 40
     745              
TMS320C2000 COFF Assembler PC v4.1.3 Tue Jan 11 09:59:31 2011

Tools Copyright (c) 1996-2006 Texas Instruments Incorporated
C:\DOCUME~1\ADMINI~1\LOCALS~1\Temp\TI8523                            PAGE   16

     746              ;***************************************************************
     747              ;* DWARF REGISTER MAP                                          *
     748              ;***************************************************************
     749              
     750              DW$77   .dwtag  DW_TAG_assign_register, DW_AT_name("AL")
     751                      .dwattr DW$77, DW_AT_location[DW_OP_reg0]
     752              DW$78   .dwtag  DW_TAG_assign_register, DW_AT_name("AH")
     753                      .dwattr DW$78, DW_AT_location[DW_OP_reg1]
     754              DW$79   .dwtag  DW_TAG_assign_register, DW_AT_name("PL")
     755                      .dwattr DW$79, DW_AT_location[DW_OP_reg2]
     756              DW$80   .dwtag  DW_TAG_assign_register, DW_AT_name("PH")
     757                      .dwattr DW$80, DW_AT_location[DW_OP_reg3]
     758              DW$81   .dwtag  DW_TAG_assign_register, DW_AT_name("AR0")
     759                      .dwattr DW$81, DW_AT_location[DW_OP_reg4]
     760              DW$82   .dwtag  DW_TAG_assign_register, DW_AT_name("XAR0")
     761                      .dwattr DW$82, DW_AT_location[DW_OP_reg5]
     762              DW$83   .dwtag  DW_TAG_assign_register, DW_AT_name("AR1")
     763                      .dwattr DW$83, DW_AT_location[DW_OP_reg6]
     764              DW$84   .dwtag  DW_TAG_assign_register, DW_AT_name("XAR1")
     765                      .dwattr DW$84, DW_AT_location[DW_OP_reg7]
     766              DW$85   .dwtag  DW_TAG_assign_register, DW_AT_name("AR2")
     767                      .dwattr DW$85, DW_AT_location[DW_OP_reg8]
     768              DW$86   .dwtag  DW_TAG_assign_register, DW_AT_name("XAR2")
     769                      .dwattr DW$86, DW_AT_location[DW_OP_reg9]
     770              DW$87   .dwtag  DW_TAG_assign_register, DW_AT_name("AR3")
     771                      .dwattr DW$87, DW_AT_location[DW_OP_reg10]
     772              DW$88   .dwtag  DW_TAG_assign_register, DW_AT_name("XAR3")
     773                      .dwattr DW$88, DW_AT_location[DW_OP_reg11]
     774              DW$89   .dwtag  DW_TAG_assign_register, DW_AT_name("AR4")
     775                      .dwattr DW$89, DW_AT_location[DW_OP_reg12]
     776              DW$90   .dwtag  DW_TAG_assign_register, DW_AT_name("XAR4")
     777                      .dwattr DW$90, DW_AT_location[DW_OP_reg13]
     778              DW$91   .dwtag  DW_TAG_assign_register, DW_AT_name("AR5")
     779                      .dwattr DW$91, DW_AT_location[DW_OP_reg14]
     780              DW$92   .dwtag  DW_TAG_assign_register, DW_AT_name("XAR5")
     781                      .dwattr DW$92, DW_AT_location[DW_OP_reg15]
     782              DW$93   .dwtag  DW_TAG_assign_register, DW_AT_name("AR6")
     783                      .dwattr DW$93, DW_AT_location[DW_OP_reg16]
     784              DW$94   .dwtag  DW_TAG_assign_register, DW_AT_name("XAR6")
     785                      .dwattr DW$94, DW_AT_location[DW_OP_reg17]
     786              DW$95   .dwtag  DW_TAG_assign_register, DW_AT_name("AR7")
     787                      .dwattr DW$95, DW_AT_location[DW_OP_reg18]
     788              DW$96   .dwtag  DW_TAG_assign_register, DW_AT_name("XAR7")
     789                      .dwattr DW$96, DW_AT_location[DW_OP_reg19]
     790              DW$97   .dwtag  DW_TAG_assign_register, DW_AT_name("SP")
     791                      .dwattr DW$97, DW_AT_location[DW_OP_reg20]
     792              DW$98   .dwtag  DW_TAG_assign_register, DW_AT_name("XT")
     793                      .dwattr DW$98, DW_AT_location[DW_OP_reg21]
     794              DW$99   .dwtag  DW_TAG_assign_register, DW_AT_name("T")
     795                      .dwattr DW$99, DW_AT_location[DW_OP_reg22]
     796              DW$100  .dwtag  DW_TAG_assign_register, DW_AT_name("ST0")
     797                      .dwattr DW$100, DW_AT_location[DW_OP_reg23]
     798              DW$101  .dwtag  DW_TAG_assign_register, DW_AT_name("ST1")
     799                      .dwattr DW$101, DW_AT_location[DW_OP_reg24]
     800              DW$102  .dwtag  DW_TAG_assign_register, DW_AT_name("PC")
TMS320C2000 COFF Assembler PC v4.1.3 Tue Jan 11 09:59:31 2011

Tools Copyright (c) 1996-2006 Texas Instruments Incorporated
C:\DOCUME~1\ADMINI~1\LOCALS~1\Temp\TI8523                            PAGE   17

     801                      .dwattr DW$102, DW_AT_location[DW_OP_reg25]
     802              DW$103  .dwtag  DW_TAG_assign_register, DW_AT_name("RPC")
     803                      .dwattr DW$103, DW_AT_location[DW_OP_reg26]
     804              DW$104  .dwtag  DW_TAG_assign_register, DW_AT_name("FP")
     805                      .dwattr DW$104, DW_AT_location[DW_OP_reg27]
     806              DW$105  .dwtag  DW_TAG_assign_register, DW_AT_name("DP")
     807                      .dwattr DW$105, DW_AT_location[DW_OP_reg28]
     808              DW$106  .dwtag  DW_TAG_assign_register, DW_AT_name("SXM")
     809                      .dwattr DW$106, DW_AT_location[DW_OP_reg29]
     810              DW$107  .dwtag  DW_TAG_assign_register, DW_AT_name("PM")
     811                      .dwattr DW$107, DW_AT_location[DW_OP_reg30]
     812              DW$108  .dwtag  DW_TAG_assign_register, DW_AT_name("OVM")
     813                      .dwattr DW$108, DW_AT_location[DW_OP_reg31]
     814              DW$109  .dwtag  DW_TAG_assign_register, DW_AT_name("PAGE0")
     815                      .dwattr DW$109, DW_AT_location[DW_OP_regx 0x20]
     816              DW$110  .dwtag  DW_TAG_assign_register, DW_AT_name("AMODE")
     817                      .dwattr DW$110, DW_AT_location[DW_OP_regx 0x21]
     818              DW$111  .dwtag  DW_TAG_assign_register, DW_AT_name("IFR")
     819                      .dwattr DW$111, DW_AT_location[DW_OP_regx 0x22]
     820              DW$112  .dwtag  DW_TAG_assign_register, DW_AT_name("IER")
     821                      .dwattr DW$112, DW_AT_location[DW_OP_regx 0x23]
     822              DW$113  .dwtag  DW_TAG_assign_register, DW_AT_name("IER")
     823                      .dwattr DW$113, DW_AT_location[DW_OP_regx 0x24]
     824              DW$114  .dwtag  DW_TAG_assign_register, DW_AT_name("PSEUDO")
     825                      .dwattr DW$114, DW_AT_location[DW_OP_regx 0x25]
     826              DW$115  .dwtag  DW_TAG_assign_register, DW_AT_name("PSEUDOH")
     827                      .dwattr DW$115, DW_AT_location[DW_OP_regx 0x26]
     828              DW$116  .dwtag  DW_TAG_assign_register, DW_AT_name("VOL")
     829                      .dwattr DW$116, DW_AT_location[DW_OP_regx 0x27]
     830              DW$117  .dwtag  DW_TAG_assign_register, DW_AT_name("CIE_RETA")
     831                      .dwattr DW$117, DW_AT_location[DW_OP_regx 0x28]
     832                      .dwendtag DW$CU
     833              

No Assembly Errors, No Assembly Warnings
