TMS320C2000 COFF Assembler PC v4.1.3 Thu Jan 06 09:41:22 2011

Tools Copyright (c) 1996-2006 Texas Instruments Incorporated
C:\DOCUME~1\ADMINI~1\LOCALS~1\Temp\TI4402                            PAGE    1

       1              ;***************************************************************
       2              ;* TMS320C2000 C/C++ Codegen                         PC v4.1.3 *
       3              ;* Date/Time created: Thu Jan 06 09:41:22 2011                 *
       4              ;***************************************************************
       5                      .compiler_opts --mem_model:code=flat --mem_model:data=large --silicon_version=28 
       6        0002  FP      .set    XAR2
       7              
       8              DW$CU   .dwtag  DW_TAG_compile_unit
       9                      .dwattr DW$CU, DW_AT_name("app_wavemod_interface.c")
      10                      .dwattr DW$CU, DW_AT_producer("TMS320C2000 C/C++ Codegen PC v4.1.3 Copyright (c) 1996-2006 Texas Inst
      11                      .dwattr DW$CU, DW_AT_stmt_list(0x00)
      12                      .dwattr DW$CU, DW_AT_TI_VERSION(0x01)
      13              ;**************************************************************
      14              ;* CINIT RECORDS                                              *
      15              ;**************************************************************
      16 00000000               .sect   ".cinit"
      17                      .align  1
      18 00000000 FFFE          .field          -2,16
      19 00000001 0000-         .field          _m_wavemod_draw_win+0,32
         00000002 0000 
      20 00000003 0000          .field          0,32                    ; _m_wavemod_draw_win @ 0
         00000004 0000 
      21              
      22 00000005               .sect   ".cinit"
      23                      .align  1
      24 00000005 FFFE          .field          -2,16
      25 00000006 0002-         .field          _m_wavemod_win+0,32
         00000007 0000 
      26 00000008 0000          .field          0,32                    ; _m_wavemod_win @ 0
         00000009 0000 
      27              
      28              
      29              DW$1    .dwtag  DW_TAG_subprogram, DW_AT_name("Gui_button_dye"), DW_AT_symbol_name("_Gui_button_dye")
      30                      .dwattr DW$1, DW_AT_declaration(0x01)
      31                      .dwattr DW$1, DW_AT_external(0x01)
      32              DW$2    .dwtag  DW_TAG_formal_parameter, DW_AT_type(*DW$T$36)
      33              DW$3    .dwtag  DW_TAG_formal_parameter, DW_AT_type(*DW$T$11)
      34              DW$4    .dwtag  DW_TAG_formal_parameter, DW_AT_type(*DW$T$11)
      35                      .dwendtag DW$1
      36              
      37              
      38              DW$5    .dwtag  DW_TAG_subprogram, DW_AT_name("GUI_window_line_display"), DW_AT_symbol_name("_GUI_window_line
      39                      .dwattr DW$5, DW_AT_declaration(0x01)
      40                      .dwattr DW$5, DW_AT_external(0x01)
      41              DW$6    .dwtag  DW_TAG_formal_parameter, DW_AT_type(*DW$T$11)
      42              DW$7    .dwtag  DW_TAG_formal_parameter, DW_AT_type(*DW$T$11)
      43              DW$8    .dwtag  DW_TAG_formal_parameter, DW_AT_type(*DW$T$11)
      44              DW$9    .dwtag  DW_TAG_formal_parameter, DW_AT_type(*DW$T$11)
      45                      .dwendtag DW$5
      46              
      47              
      48              DW$10   .dwtag  DW_TAG_subprogram, DW_AT_name("GUI_window_hwin_req"), DW_AT_symbol_name("_GUI_window_hwin_req
      49                      .dwattr DW$10, DW_AT_declaration(0x01)
      50                      .dwattr DW$10, DW_AT_external(0x01)
      51              DW$11   .dwtag  DW_TAG_formal_parameter, DW_AT_type(*DW$T$36)
TMS320C2000 COFF Assembler PC v4.1.3 Thu Jan 06 09:41:22 2011

Tools Copyright (c) 1996-2006 Texas Instruments Incorporated
C:\DOCUME~1\ADMINI~1\LOCALS~1\Temp\TI4402                            PAGE    2

      52                      .dwendtag DW$10
      53              
      54              
      55              DW$12   .dwtag  DW_TAG_subprogram, DW_AT_name("GUI_set_Fgcolor"), DW_AT_symbol_name("_GUI_set_Fgcolor")
      56                      .dwattr DW$12, DW_AT_declaration(0x01)
      57                      .dwattr DW$12, DW_AT_external(0x01)
      58              DW$13   .dwtag  DW_TAG_formal_parameter, DW_AT_type(*DW$T$11)
      59                      .dwendtag DW$12
      60              
      61              
      62              DW$14   .dwtag  DW_TAG_subprogram, DW_AT_name("GUI_set_Bgcolor"), DW_AT_symbol_name("_GUI_set_Bgcolor")
      63                      .dwattr DW$14, DW_AT_declaration(0x01)
      64                      .dwattr DW$14, DW_AT_external(0x01)
      65              DW$15   .dwtag  DW_TAG_formal_parameter, DW_AT_type(*DW$T$11)
      66                      .dwendtag DW$14
      67              
      68              
      69              DW$16   .dwtag  DW_TAG_subprogram, DW_AT_name("GUI_window_hwin_release"), DW_AT_symbol_name("_GUI_window_hwin
      70                      .dwattr DW$16, DW_AT_declaration(0x01)
      71                      .dwattr DW$16, DW_AT_external(0x01)
      72              DW$17   .dwtag  DW_TAG_formal_parameter, DW_AT_type(*DW$T$36)
      73                      .dwendtag DW$16
      74              
      75              
      76              DW$18   .dwtag  DW_TAG_subprogram, DW_AT_name("GUI_clean_screen"), DW_AT_symbol_name("_GUI_clean_screen")
      77                      .dwattr DW$18, DW_AT_type(*DW$T$10)
      78                      .dwattr DW$18, DW_AT_declaration(0x01)
      79                      .dwattr DW$18, DW_AT_external(0x01)
      80              
      81              DW$19   .dwtag  DW_TAG_subprogram, DW_AT_name("GUI_button_title_display"), DW_AT_symbol_name("_GUI_button_tit
      82                      .dwattr DW$19, DW_AT_type(*DW$T$47)
      83                      .dwattr DW$19, DW_AT_declaration(0x01)
      84                      .dwattr DW$19, DW_AT_external(0x01)
      85              DW$20   .dwtag  DW_TAG_formal_parameter, DW_AT_type(*DW$T$36)
      86              DW$21   .dwtag  DW_TAG_formal_parameter, DW_AT_type(*DW$T$48)
      87                      .dwendtag DW$19
      88              
      89              
      90              DW$22   .dwtag  DW_TAG_subprogram, DW_AT_name("GUI_draw_dot"), DW_AT_symbol_name("_GUI_draw_dot")
      91                      .dwattr DW$22, DW_AT_type(*DW$T$10)
      92                      .dwattr DW$22, DW_AT_declaration(0x01)
      93                      .dwattr DW$22, DW_AT_external(0x01)
      94                      .global _m_wavemod_draw_win
      95 00000000       _m_wavemod_draw_win:    .usect  ".ebss",2,1,1
      96              DW$23   .dwtag  DW_TAG_variable, DW_AT_name("m_wavemod_draw_win"), DW_AT_symbol_name("_m_wavemod_draw_win")
      97                      .dwattr DW$23, DW_AT_location[DW_OP_addr _m_wavemod_draw_win]
      98                      .dwattr DW$23, DW_AT_type(*DW$T$36)
      99                      .dwattr DW$23, DW_AT_external(0x01)
     100                      .global _m_wavemod_win
     101 00000002       _m_wavemod_win: .usect  ".ebss",2,1,1
     102              DW$24   .dwtag  DW_TAG_variable, DW_AT_name("m_wavemod_win"), DW_AT_symbol_name("_m_wavemod_win")
     103                      .dwattr DW$24, DW_AT_location[DW_OP_addr _m_wavemod_win]
     104                      .dwattr DW$24, DW_AT_type(*DW$T$36)
     105                      .dwattr DW$24, DW_AT_external(0x01)
     106              
TMS320C2000 COFF Assembler PC v4.1.3 Thu Jan 06 09:41:22 2011

Tools Copyright (c) 1996-2006 Texas Instruments Incorporated
C:\DOCUME~1\ADMINI~1\LOCALS~1\Temp\TI4402                            PAGE    3

     107              DW$25   .dwtag  DW_TAG_subprogram, DW_AT_name("Gui_3D_window_creat"), DW_AT_symbol_name("_Gui_3D_window_creat
     108                      .dwattr DW$25, DW_AT_type(*DW$T$36)
     109                      .dwattr DW$25, DW_AT_declaration(0x01)
     110                      .dwattr DW$25, DW_AT_external(0x01)
     111              DW$26   .dwtag  DW_TAG_formal_parameter, DW_AT_type(*DW$T$11)
     112              DW$27   .dwtag  DW_TAG_formal_parameter, DW_AT_type(*DW$T$11)
     113              DW$28   .dwtag  DW_TAG_formal_parameter, DW_AT_type(*DW$T$19)
     114              DW$29   .dwtag  DW_TAG_formal_parameter, DW_AT_type(*DW$T$19)
     115              DW$30   .dwtag  DW_TAG_formal_parameter, DW_AT_type(*DW$T$48)
     116              DW$31   .dwtag  DW_TAG_formal_parameter, DW_AT_type(*DW$T$19)
     117              DW$32   .dwtag  DW_TAG_formal_parameter, DW_AT_type(*DW$T$36)
     118                      .dwendtag DW$25
     119              
     120              
     121              DW$33   .dwtag  DW_TAG_subprogram, DW_AT_name("Gui_button_creat"), DW_AT_symbol_name("_Gui_button_creat")
     122                      .dwattr DW$33, DW_AT_type(*DW$T$36)
     123                      .dwattr DW$33, DW_AT_declaration(0x01)
     124                      .dwattr DW$33, DW_AT_external(0x01)
     125              DW$34   .dwtag  DW_TAG_formal_parameter, DW_AT_type(*DW$T$11)
     126              DW$35   .dwtag  DW_TAG_formal_parameter, DW_AT_type(*DW$T$11)
     127              DW$36   .dwtag  DW_TAG_formal_parameter, DW_AT_type(*DW$T$19)
     128              DW$37   .dwtag  DW_TAG_formal_parameter, DW_AT_type(*DW$T$19)
     129              DW$38   .dwtag  DW_TAG_formal_parameter, DW_AT_type(*DW$T$19)
     130              DW$39   .dwtag  DW_TAG_formal_parameter, DW_AT_type(*DW$T$36)
     131                      .dwendtag DW$33
     132              
     133              
     134              DW$40   .dwtag  DW_TAG_subprogram, DW_AT_name("GUI_hwin_obtain"), DW_AT_symbol_name("_GUI_hwin_obtain")
     135                      .dwattr DW$40, DW_AT_type(*DW$T$36)
     136                      .dwattr DW$40, DW_AT_declaration(0x01)
     137                      .dwattr DW$40, DW_AT_external(0x01)
     138              
     139              DW$41   .dwtag  DW_TAG_subprogram, DW_AT_name("GUI_window_child_creat"), DW_AT_symbol_name("_GUI_window_child
     140                      .dwattr DW$41, DW_AT_type(*DW$T$36)
     141                      .dwattr DW$41, DW_AT_declaration(0x01)
     142                      .dwattr DW$41, DW_AT_external(0x01)
     143              DW$42   .dwtag  DW_TAG_formal_parameter, DW_AT_type(*DW$T$11)
     144              DW$43   .dwtag  DW_TAG_formal_parameter, DW_AT_type(*DW$T$11)
     145              DW$44   .dwtag  DW_TAG_formal_parameter, DW_AT_type(*DW$T$19)
     146              DW$45   .dwtag  DW_TAG_formal_parameter, DW_AT_type(*DW$T$19)
     147              DW$46   .dwtag  DW_TAG_formal_parameter, DW_AT_type(*DW$T$19)
     148              DW$47   .dwtag  DW_TAG_formal_parameter, DW_AT_type(*DW$T$36)
     149                      .dwendtag DW$41
     150              
     151              ;       C:\CCStudio_v3.3\C2000\cgtools\bin\ac2000.exe -@C:\DOCUME~1\ADMINI~1\LOCALS~1\Temp\TI4405 
     152 00000000               .sect   ".text"
     153                      .global _app_wavemod_clean_wave
     154              
     155              DW$48   .dwtag  DW_TAG_subprogram, DW_AT_name("app_wavemod_clean_wave"), DW_AT_symbol_name("_app_wavemod_clea
     156                      .dwattr DW$48, DW_AT_low_pc(_app_wavemod_clean_wave)
     157                      .dwattr DW$48, DW_AT_high_pc(0x00)
     158                      .dwattr DW$48, DW_AT_begin_file("app_wavemod_interface.c")
     159                      .dwattr DW$48, DW_AT_begin_line(0x11)
     160                      .dwattr DW$48, DW_AT_begin_column(0x06)
     161                      .dwpsn  "app_wavemod_interface.c",18,1
TMS320C2000 COFF Assembler PC v4.1.3 Thu Jan 06 09:41:22 2011

Tools Copyright (c) 1996-2006 Texas Instruments Incorporated
C:\DOCUME~1\ADMINI~1\LOCALS~1\Temp\TI4402                            PAGE    4

     162              
     163                      .dwfde DW$CIE
     164              
     165              ;***************************************************************
     166              ;* FNAME: _app_wavemod_clean_wave       FR SIZE:   0           *
     167              ;*                                                             *
     168              ;* FUNCTION ENVIRONMENT                                        *
     169              ;*                                                             *
     170              ;* FUNCTION PROPERTIES                                         *
     171              ;*                            0 Parameter,  0 Auto,  0 SOE     *
     172              ;***************************************************************
     173              
     174              _app_wavemod_clean_wave:
     175                      .dwcfa  0x1d, -2
     176                      .dwcfa  0x1c, 26, 0
     177                      .dwcfa  0x09, 40, 26
     178                      .dwpsn  "app_wavemod_interface.c",29,2
     179                      .dwpsn  "app_wavemod_interface.c",30,1
     180 00000000 0006          LRETR
     181                      ; return occurs
     182                      .dwattr DW$48, DW_AT_end_file("app_wavemod_interface.c")
     183                      .dwattr DW$48, DW_AT_end_line(0x1e)
     184                      .dwattr DW$48, DW_AT_end_column(0x01)
     185                      .dwendentry
     186                      .dwendtag DW$48
     187              
     188 00000001               .sect   ".text"
     189                      .global _app_wavemod_wave_display
     190              
     191              DW$49   .dwtag  DW_TAG_subprogram, DW_AT_name("app_wavemod_wave_display"), DW_AT_symbol_name("_app_wavemod_wa
     192                      .dwattr DW$49, DW_AT_low_pc(_app_wavemod_wave_display)
     193                      .dwattr DW$49, DW_AT_high_pc(0x00)
     194                      .dwattr DW$49, DW_AT_begin_file("app_wavemod_interface.c")
     195                      .dwattr DW$49, DW_AT_begin_line(0x25)
     196                      .dwattr DW$49, DW_AT_begin_column(0x06)
     197                      .dwpsn  "app_wavemod_interface.c",38,1
     198              
     199                      .dwfde DW$CIE
     200              
     201              ;***************************************************************
     202              ;* FNAME: _app_wavemod_wave_display     FR SIZE:  16           *
     203              ;*                                                             *
     204              ;* FUNCTION ENVIRONMENT                                        *
     205              ;*                                                             *
     206              ;* FUNCTION PROPERTIES                                         *
     207              ;*                            2 Parameter, 12 Auto,  2 SOE     *
     208              ;***************************************************************
     209              
     210              _app_wavemod_wave_display:
     211                      .dwcfa  0x1d, -2
     212                      .dwcfa  0x1c, 26, 0
     213                      .dwcfa  0x09, 40, 26
     214 00000001 B2BD          MOVL      *SP++,XAR1
     215                      .dwcfa  0x80, 7, 2
     216                      .dwcfa  0x1d, -4
TMS320C2000 COFF Assembler PC v4.1.3 Thu Jan 06 09:41:22 2011

Tools Copyright (c) 1996-2006 Texas Instruments Incorporated
C:\DOCUME~1\ADMINI~1\LOCALS~1\Temp\TI4402                            PAGE    5

     217 00000002 FE0E          ADDB      SP,#14
     218                      .dwcfa  0x1d, -18
     219              ;* AL    assigned to _dot_size
     220              DW$50   .dwtag  DW_TAG_formal_parameter, DW_AT_name("dot_size"), DW_AT_symbol_name("_dot_size")
     221                      .dwattr DW$50, DW_AT_type(*DW$T$19)
     222                      .dwattr DW$50, DW_AT_location[DW_OP_reg0]
     223              ;* AR4   assigned to _value
     224              DW$51   .dwtag  DW_TAG_formal_parameter, DW_AT_name("value"), DW_AT_symbol_name("_value")
     225                      .dwattr DW$51, DW_AT_type(*DW$T$45)
     226                      .dwattr DW$51, DW_AT_location[DW_OP_reg12]
     227              ;* AH    assigned to _color
     228              DW$52   .dwtag  DW_TAG_formal_parameter, DW_AT_name("color"), DW_AT_symbol_name("_color")
     229                      .dwattr DW$52, DW_AT_type(*DW$T$11)
     230                      .dwattr DW$52, DW_AT_location[DW_OP_reg1]
     231              DW$53   .dwtag  DW_TAG_variable, DW_AT_name("dot_size"), DW_AT_symbol_name("_dot_size")
     232                      .dwattr DW$53, DW_AT_type(*DW$T$19)
     233                      .dwattr DW$53, DW_AT_location[DW_OP_breg20 -3]
     234              DW$54   .dwtag  DW_TAG_variable, DW_AT_name("value"), DW_AT_symbol_name("_value")
     235                      .dwattr DW$54, DW_AT_type(*DW$T$45)
     236                      .dwattr DW$54, DW_AT_location[DW_OP_breg20 -6]
     237              DW$55   .dwtag  DW_TAG_variable, DW_AT_name("color"), DW_AT_symbol_name("_color")
     238                      .dwattr DW$55, DW_AT_type(*DW$T$11)
     239                      .dwattr DW$55, DW_AT_location[DW_OP_breg20 -7]
     240              DW$56   .dwtag  DW_TAG_variable, DW_AT_name("x"), DW_AT_symbol_name("_x")
     241                      .dwattr DW$56, DW_AT_type(*DW$T$16)
     242                      .dwattr DW$56, DW_AT_location[DW_OP_breg20 -10]
     243              DW$57   .dwtag  DW_TAG_variable, DW_AT_name("y"), DW_AT_symbol_name("_y")
     244                      .dwattr DW$57, DW_AT_type(*DW$T$16)
     245                      .dwattr DW$57, DW_AT_location[DW_OP_breg20 -12]
     246              DW$58   .dwtag  DW_TAG_variable, DW_AT_name("offset"), DW_AT_symbol_name("_offset")
     247                      .dwattr DW$58, DW_AT_type(*DW$T$16)
     248                      .dwattr DW$58, DW_AT_location[DW_OP_breg20 -14]
     249 00000003 9747          MOV       *-SP[7],AH            ; |38| 
     250 00000004 A846          MOVL      *-SP[6],XAR4          ; |38| 
     251 00000005 9643          MOV       *-SP[3],AL            ; |38| 
     252                      .dwpsn  "app_wavemod_interface.c",42,2
     253 00000006 761F-         MOVW      DP,#_m_wavemod_draw_win
         00000007 0000 
     254 00000008 8A00-         MOVL      XAR4,@_m_wavemod_draw_win ; |42| 
     255 00000009 7640!         LCR       #_GUI_window_hwin_req ; |42| 
         0000000a 0000 
     256                      ; call occurs [#_GUI_window_hwin_req] ; |42| 
     257                      .dwpsn  "app_wavemod_interface.c",43,8
     258 0000000b 9A00          MOV       AL,#0
     259 0000000c 9B00          MOV       AH,#0
     260 0000000d 1E4E          MOVL      *-SP[14],ACC          ; |43| 
     261                      .dwpsn  "app_wavemod_interface.c",43,19
     262 0000000e 9243          MOV       AL,*-SP[3]            ; |43| 
     263 0000000f 7640!         LCR       #U$$TOFS              ; |43| 
         00000010 0000 
     264                      ; call occurs [#U$$TOFS] ; |43| 
     265 00000011 1E42          MOVL      *-SP[2],ACC           ; |43| 
     266 00000012 064E          MOVL      ACC,*-SP[14]          ; |43| 
     267 00000013 7640!         LCR       #FS$$CMP              ; |43| 
         00000014 0000 
TMS320C2000 COFF Assembler PC v4.1.3 Thu Jan 06 09:41:22 2011

Tools Copyright (c) 1996-2006 Texas Instruments Incorporated
C:\DOCUME~1\ADMINI~1\LOCALS~1\Temp\TI4402                            PAGE    6

     268                      ; call occurs [#FS$$CMP] ; |43| 
     269 00000015 5200          CMPB      AL,#0                 ; |43| 
     270 00000016 6355          B         L2,GEQ                ; |43| 
     271                      ; branchcc occurs ; |43| 
     272              L1:    
     273              DW$L$_app_wavemod_wave_display$2$B:
     274                      .dwpsn  "app_wavemod_interface.c",45,3
     275 00000017 064E          MOVL      ACC,*-SP[14]          ; |45| 
     276 00000018 1E42          MOVL      *-SP[2],ACC           ; |45| 
     277 00000019 9A00          MOV       AL,#0
     278 0000001a 28A8          MOV       AH,#17264
         0000001b 4370 
     279 0000001c 7640!         LCR       #FS$$MPY              ; |45| 
         0000001d 0000 
     280                      ; call occurs [#FS$$MPY] ; |45| 
     281 0000001e 8BA9          MOVL      XAR1,ACC              ; |45| 
     282 0000001f 9243          MOV       AL,*-SP[3]            ; |45| 
     283 00000020 7640!         LCR       #U$$TOFS              ; |45| 
         00000021 0000 
     284                      ; call occurs [#U$$TOFS] ; |45| 
     285 00000022 1E42          MOVL      *-SP[2],ACC           ; |45| 
     286 00000023 B2A9          MOVL      ACC,XAR1              ; |45| 
     287 00000024 7640!         LCR       #FS$$DIV              ; |45| 
         00000025 0000 
     288                      ; call occurs [#FS$$DIV] ; |45| 
     289 00000026 1E4A          MOVL      *-SP[10],ACC          ; |45| 
     290                      .dwpsn  "app_wavemod_interface.c",46,3
     291 00000027 9A00          MOV       AL,#0
     292 00000028 28A8          MOV       AH,#49024
         00000029 BF80 
     293 0000002a 1E42          MOVL      *-SP[2],ACC           ; |46| 
     294 0000002b 8A46          MOVL      XAR4,*-SP[6]          ; |46| 
     295 0000002c 06C4          MOVL      ACC,*+XAR4[0]         ; |46| 
     296 0000002d 7640!         LCR       #FS$$MPY              ; |46| 
         0000002e 0000 
     297                      ; call occurs [#FS$$MPY] ; |46| 
     298 0000002f 1E4C          MOVL      *-SP[12],ACC          ; |46| 
     299                      .dwpsn  "app_wavemod_interface.c",47,3
     300 00000030 9A00          MOV       AL,#0
     301 00000031 28A8          MOV       AH,#16784
         00000032 4190 
     302 00000033 1E42          MOVL      *-SP[2],ACC           ; |47| 
     303 00000034 064C          MOVL      ACC,*-SP[12]          ; |47| 
     304 00000035 7640!         LCR       #FS$$MPY              ; |47| 
         00000036 0000 
     305                      ; call occurs [#FS$$MPY] ; |47| 
     306 00000037 1EA6          MOVL      XAR6,ACC              ; |47| 
     307 00000038 9A00          MOV       AL,#0
     308 00000039 28A8          MOV       AH,#16448
         0000003a 4040 
     309 0000003b 1E42          MOVL      *-SP[2],ACC           ; |47| 
     310 0000003c 06A6          MOVL      ACC,XAR6              ; |47| 
     311 0000003d 7640!         LCR       #FS$$MPY              ; |47| 
         0000003e 0000 
     312                      ; call occurs [#FS$$MPY] ; |47| 
TMS320C2000 COFF Assembler PC v4.1.3 Thu Jan 06 09:41:22 2011

Tools Copyright (c) 1996-2006 Texas Instruments Incorporated
C:\DOCUME~1\ADMINI~1\LOCALS~1\Temp\TI4402                            PAGE    7

     313 0000003f 1E4C          MOVL      *-SP[12],ACC          ; |47| 
     314                      .dwpsn  "app_wavemod_interface.c",48,3
     315 00000040 0202          MOVB      ACC,#2
     316 00000041 5601          ADDL      *-SP[6],ACC           ; |48| 
         00000042 0046 
     317                      .dwpsn  "app_wavemod_interface.c",50,3
     318 00000043 9247          MOV       AL,*-SP[7]            ; |50| 
     319 00000044 7640!         LCR       #_GUI_set_Fgcolor     ; |50| 
         00000045 0000 
     320                      ; call occurs [#_GUI_set_Fgcolor] ; |50| 
     321                      .dwpsn  "app_wavemod_interface.c",51,3
     322 00000046 064A          MOVL      ACC,*-SP[10]          ; |51| 
     323 00000047 7640!         LCR       #FS$$TOI              ; |51| 
         00000048 0000 
     324                      ; call occurs [#FS$$TOI] ; |51| 
     325 00000049 761F-         MOVW      DP,#_m_wavemod_draw_win
         0000004a 0000 
     326 0000004b 8A00-         MOVL      XAR4,@_m_wavemod_draw_win ; |51| 
     327 0000004c 93CC          MOV       AH,*+XAR4[1]          ; |51| 
     328 0000004d 95A9          ADD       AH,AL                 ; |51| 
     329 0000004e 59A8          MOVZ      AR1,AH                ; |51| 
     330 0000004f 064C          MOVL      ACC,*-SP[12]          ; |51| 
     331 00000050 7640!         LCR       #FS$$TOI              ; |51| 
         00000051 0000 
     332                      ; call occurs [#FS$$TOI] ; |51| 
     333 00000052 761F-         MOVW      DP,#_m_wavemod_draw_win
         00000053 0000 
     334 00000054 8A00-         MOVL      XAR4,@_m_wavemod_draw_win ; |51| 
     335 00000055 93D4          MOV       AH,*+XAR4[2]          ; |51| 
     336 00000056 95A9          ADD       AH,AL                 ; |51| 
     337 00000057 9D48          ADDB      AH,#72                ; |51| 
     338 00000058 92A1          MOV       AL,AR1                ; |51| 
     339 00000059 7640!         LCR       #_GUI_draw_dot        ; |51| 
         0000005a 0000 
     340                      ; call occurs [#_GUI_draw_dot] ; |51| 
     341                      .dwpsn  "app_wavemod_interface.c",43,37
     342 0000005b FF2F          MOV       ACC,#32512 << 15
         0000005c 7F00 
     343 0000005d 1E42          MOVL      *-SP[2],ACC           ; |43| 
     344 0000005e 064E          MOVL      ACC,*-SP[14]          ; |43| 
     345 0000005f 7640!         LCR       #FS$$ADD              ; |43| 
         00000060 0000 
     346                      ; call occurs [#FS$$ADD] ; |43| 
     347 00000061       DW$L$_app_wavemod_wave_display$2$E:
     348 00000061       DW$L$_app_wavemod_wave_display$3$B:
     349 00000061 1E4E          MOVL      *-SP[14],ACC          ; |43| 
     350                      .dwpsn  "app_wavemod_interface.c",43,19
     351 00000062 9243          MOV       AL,*-SP[3]            ; |43| 
     352 00000063 7640!         LCR       #U$$TOFS              ; |43| 
         00000064 0000 
     353                      ; call occurs [#U$$TOFS] ; |43| 
     354 00000065 1E42          MOVL      *-SP[2],ACC           ; |43| 
     355 00000066 064E          MOVL      ACC,*-SP[14]          ; |43| 
     356 00000067 7640!         LCR       #FS$$CMP              ; |43| 
         00000068 0000 
TMS320C2000 COFF Assembler PC v4.1.3 Thu Jan 06 09:41:22 2011

Tools Copyright (c) 1996-2006 Texas Instruments Incorporated
C:\DOCUME~1\ADMINI~1\LOCALS~1\Temp\TI4402                            PAGE    8

     357                      ; call occurs [#FS$$CMP] ; |43| 
     358 00000069 5200          CMPB      AL,#0                 ; |43| 
     359 0000006a 64AD          B         L1,LT                 ; |43| 
     360                      ; branchcc occurs ; |43| 
     361              DW$L$_app_wavemod_wave_display$3$E:
     362              L2:    
     363                      .dwpsn  "app_wavemod_interface.c",54,2
     364 0000006b 761F-         MOVW      DP,#_m_wavemod_draw_win
         0000006c 0000 
     365 0000006d 8A00-         MOVL      XAR4,@_m_wavemod_draw_win ; |54| 
     366 0000006e 7640!         LCR       #_GUI_window_hwin_release ; |54| 
         0000006f 0000 
     367                      ; call occurs [#_GUI_window_hwin_release] ; |54| 
     368                      .dwpsn  "app_wavemod_interface.c",55,2
     369                      .dwpsn  "app_wavemod_interface.c",56,1
     370 00000070 FE8E          SUBB      SP,#14
     371                      .dwcfa  0x1d, -4
     372 00000071 8BBE          MOVL      XAR1,*--SP
     373                      .dwcfa  0x1d, -2
     374                      .dwcfa  0xc0, 7
     375 00000072 0006          LRETR
     376                      ; return occurs
     377              
     378              DW$59   .dwtag  DW_TAG_loop
     379                      .dwattr DW$59, DW_AT_name("C:\DOCUME~1\ADMINI~1\LOCALS~1\Temp\TI4402:L1:1:1294278082")
     380                      .dwattr DW$59, DW_AT_begin_file("app_wavemod_interface.c")
     381                      .dwattr DW$59, DW_AT_begin_line(0x2b)
     382                      .dwattr DW$59, DW_AT_end_line(0x35)
     383              DW$60   .dwtag  DW_TAG_loop_range
     384                      .dwattr DW$60, DW_AT_low_pc(DW$L$_app_wavemod_wave_display$2$B)
     385                      .dwattr DW$60, DW_AT_high_pc(DW$L$_app_wavemod_wave_display$2$E)
     386              DW$61   .dwtag  DW_TAG_loop_range
     387                      .dwattr DW$61, DW_AT_low_pc(DW$L$_app_wavemod_wave_display$3$B)
     388                      .dwattr DW$61, DW_AT_high_pc(DW$L$_app_wavemod_wave_display$3$E)
     389                      .dwendtag DW$59
     390              
     391                      .dwattr DW$49, DW_AT_end_file("app_wavemod_interface.c")
     392                      .dwattr DW$49, DW_AT_end_line(0x38)
     393                      .dwattr DW$49, DW_AT_end_column(0x01)
     394                      .dwendentry
     395                      .dwendtag DW$49
     396              
     397 00000073               .sect   ".text"
     398                      .global _app_wavemod_phase_icon_display
     399              
     400              DW$62   .dwtag  DW_TAG_subprogram, DW_AT_name("app_wavemod_phase_icon_display"), DW_AT_symbol_name("_app_wave
     401                      .dwattr DW$62, DW_AT_low_pc(_app_wavemod_phase_icon_display)
     402                      .dwattr DW$62, DW_AT_high_pc(0x00)
     403                      .dwattr DW$62, DW_AT_begin_file("app_wavemod_interface.c")
     404                      .dwattr DW$62, DW_AT_begin_line(0x3f)
     405                      .dwattr DW$62, DW_AT_begin_column(0x06)
     406                      .dwpsn  "app_wavemod_interface.c",64,1
     407              
     408                      .dwfde DW$CIE
     409              
TMS320C2000 COFF Assembler PC v4.1.3 Thu Jan 06 09:41:22 2011

Tools Copyright (c) 1996-2006 Texas Instruments Incorporated
C:\DOCUME~1\ADMINI~1\LOCALS~1\Temp\TI4402                            PAGE    9

     410              ;***************************************************************
     411              ;* FNAME: _app_wavemod_phase_icon_display FR SIZE:   4           *
     412              ;*                                                             *
     413              ;* FUNCTION ENVIRONMENT                                        *
     414              ;*                                                             *
     415              ;* FUNCTION PROPERTIES                                         *
     416              ;*                            2 Parameter,  2 Auto,  0 SOE     *
     417              ;***************************************************************
     418              
     419              _app_wavemod_phase_icon_display:
     420                      .dwcfa  0x1d, -2
     421                      .dwcfa  0x1c, 26, 0
     422                      .dwcfa  0x09, 40, 26
     423 00000073 FE04          ADDB      SP,#4
     424                      .dwcfa  0x1d, -6
     425              DW$63   .dwtag  DW_TAG_variable, DW_AT_name("hp"), DW_AT_symbol_name("_hp")
     426                      .dwattr DW$63, DW_AT_type(*DW$T$36)
     427                      .dwattr DW$63, DW_AT_location[DW_OP_breg20 -4]
     428                      .dwpsn  "app_wavemod_interface.c",66,2
     429 00000074 761F-         MOVW      DP,#_m_wavemod_win
         00000075 0000 
     430 00000076 9A16          MOVB      AL,#22                ; |66| 
     431 00000077 D51F          MOVB      XAR5,#31              ; |66| 
     432 00000078 2841          MOV       *-SP[1],#20           ; |66| 
         00000079 0014 
     433 0000007a 8A02-         MOVL      XAR4,@_m_wavemod_win  ; |66| 
     434 0000007b 9BA4          MOVB      AH,#164               ; |66| 
     435 0000007c 2842          MOV       *-SP[2],#256          ; |66| 
         0000007d 0100 
     436 0000007e 7640!         LCR       #_Gui_button_creat    ; |66| 
         0000007f 0000 
     437                      ; call occurs [#_Gui_button_creat] ; |66| 
     438 00000080 A844          MOVL      *-SP[4],XAR4          ; |66| 
     439                      .dwpsn  "app_wavemod_interface.c",67,2
     440 00000081 8A44          MOVL      XAR4,*-SP[4]          ; |67| 
     441 00000082 02FC          MOVB      ACC,#252
     442 00000083 7640!         LCR       #_Gui_button_dye      ; |67| 
         00000084 0000 
     443                      ; call occurs [#_Gui_button_dye] ; |67| 
     444                      .dwpsn  "app_wavemod_interface.c",68,2
     445 00000085 8A44          MOVL      XAR4,*-SP[4]          ; |68| 
     446 00000086 8F40+         MOVL      XAR5,#FSL1            ; |68| 
         00000087 0000 
     447 00000088 7640!         LCR       #_GUI_button_title_display ; |68| 
         00000089 0000 
     448                      ; call occurs [#_GUI_button_title_display] ; |68| 
     449                      .dwpsn  "app_wavemod_interface.c",70,2
     450 0000008a 2841          MOV       *-SP[1],#20           ; |70| 
         0000008b 0014 
     451 0000008c 761F-         MOVW      DP,#_m_wavemod_win
         0000008d 0000 
     452 0000008e 9A3F          MOVB      AL,#63                ; |70| 
     453 0000008f 2842          MOV       *-SP[2],#256          ; |70| 
         00000090 0100 
     454 00000091 8A02-         MOVL      XAR4,@_m_wavemod_win  ; |70| 
TMS320C2000 COFF Assembler PC v4.1.3 Thu Jan 06 09:41:22 2011

Tools Copyright (c) 1996-2006 Texas Instruments Incorporated
C:\DOCUME~1\ADMINI~1\LOCALS~1\Temp\TI4402                            PAGE   10

     455 00000092 D51F          MOVB      XAR5,#31              ; |70| 
     456 00000093 9BA4          MOVB      AH,#164               ; |70| 
     457 00000094 7640!         LCR       #_Gui_button_creat    ; |70| 
         00000095 0000 
     458                      ; call occurs [#_Gui_button_creat] ; |70| 
     459 00000096 A844          MOVL      *-SP[4],XAR4          ; |70| 
     460                      .dwpsn  "app_wavemod_interface.c",71,2
     461 00000097 8A44          MOVL      XAR4,*-SP[4]          ; |71| 
     462 00000098 02FC          MOVB      ACC,#252
     463 00000099 7640!         LCR       #_Gui_button_dye      ; |71| 
         0000009a 0000 
     464                      ; call occurs [#_Gui_button_dye] ; |71| 
     465                      .dwpsn  "app_wavemod_interface.c",72,2
     466 0000009b 8A44          MOVL      XAR4,*-SP[4]          ; |72| 
     467 0000009c 8F40+         MOVL      XAR5,#FSL2            ; |72| 
         0000009d 0004 
     468 0000009e 7640!         LCR       #_GUI_button_title_display ; |72| 
         0000009f 0000 
     469                      ; call occurs [#_GUI_button_title_display] ; |72| 
     470                      .dwpsn  "app_wavemod_interface.c",74,2
     471 000000a0 2841          MOV       *-SP[1],#20           ; |74| 
         000000a1 0014 
     472 000000a2 761F-         MOVW      DP,#_m_wavemod_win
         000000a3 0000 
     473 000000a4 9A68          MOVB      AL,#104               ; |74| 
     474 000000a5 2842          MOV       *-SP[2],#256          ; |74| 
         000000a6 0100 
     475 000000a7 8A02-         MOVL      XAR4,@_m_wavemod_win  ; |74| 
     476 000000a8 D51F          MOVB      XAR5,#31              ; |74| 
     477 000000a9 9BA4          MOVB      AH,#164               ; |74| 
     478 000000aa 7640!         LCR       #_Gui_button_creat    ; |74| 
         000000ab 0000 
     479                      ; call occurs [#_Gui_button_creat] ; |74| 
     480 000000ac A844          MOVL      *-SP[4],XAR4          ; |74| 
     481                      .dwpsn  "app_wavemod_interface.c",75,2
     482 000000ad 8A44          MOVL      XAR4,*-SP[4]          ; |75| 
     483 000000ae 021C          MOVB      ACC,#28
     484 000000af 7640!         LCR       #_Gui_button_dye      ; |75| 
         000000b0 0000 
     485                      ; call occurs [#_Gui_button_dye] ; |75| 
     486                      .dwpsn  "app_wavemod_interface.c",76,2
     487 000000b1 8A44          MOVL      XAR4,*-SP[4]          ; |76| 
     488 000000b2 8F40+         MOVL      XAR5,#FSL3            ; |76| 
         000000b3 0008 
     489 000000b4 7640!         LCR       #_GUI_button_title_display ; |76| 
         000000b5 0000 
     490                      ; call occurs [#_GUI_button_title_display] ; |76| 
     491                      .dwpsn  "app_wavemod_interface.c",77,2
     492 000000b6 2841          MOV       *-SP[1],#20           ; |77| 
         000000b7 0014 
     493 000000b8 761F-         MOVW      DP,#_m_wavemod_win
         000000b9 0000 
     494 000000ba 9A91          MOVB      AL,#145               ; |77| 
     495 000000bb 2842          MOV       *-SP[2],#256          ; |77| 
         000000bc 0100 
TMS320C2000 COFF Assembler PC v4.1.3 Thu Jan 06 09:41:22 2011

Tools Copyright (c) 1996-2006 Texas Instruments Incorporated
C:\DOCUME~1\ADMINI~1\LOCALS~1\Temp\TI4402                            PAGE   11

     496 000000bd 8A02-         MOVL      XAR4,@_m_wavemod_win  ; |77| 
     497 000000be D51F          MOVB      XAR5,#31              ; |77| 
     498 000000bf 9BA4          MOVB      AH,#164               ; |77| 
     499 000000c0 7640!         LCR       #_Gui_button_creat    ; |77| 
         000000c1 0000 
     500                      ; call occurs [#_Gui_button_creat] ; |77| 
     501 000000c2 A844          MOVL      *-SP[4],XAR4          ; |77| 
     502                      .dwpsn  "app_wavemod_interface.c",78,2
     503 000000c3 8A44          MOVL      XAR4,*-SP[4]          ; |78| 
     504 000000c4 021C          MOVB      ACC,#28
     505 000000c5 7640!         LCR       #_Gui_button_dye      ; |78| 
         000000c6 0000 
     506                      ; call occurs [#_Gui_button_dye] ; |78| 
     507                      .dwpsn  "app_wavemod_interface.c",79,2
     508 000000c7 8A44          MOVL      XAR4,*-SP[4]          ; |79| 
     509 000000c8 8F40+         MOVL      XAR5,#FSL4            ; |79| 
         000000c9 000C 
     510 000000ca 7640!         LCR       #_GUI_button_title_display ; |79| 
         000000cb 0000 
     511                      ; call occurs [#_GUI_button_title_display] ; |79| 
     512                      .dwpsn  "app_wavemod_interface.c",81,2
     513 000000cc 2841          MOV       *-SP[1],#20           ; |81| 
         000000cd 0014 
     514 000000ce 761F-         MOVW      DP,#_m_wavemod_win
         000000cf 0000 
     515 000000d0 9ABA          MOVB      AL,#186               ; |81| 
     516 000000d1 2842          MOV       *-SP[2],#256          ; |81| 
         000000d2 0100 
     517 000000d3 8A02-         MOVL      XAR4,@_m_wavemod_win  ; |81| 
     518 000000d4 D51F          MOVB      XAR5,#31              ; |81| 
     519 000000d5 9BA4          MOVB      AH,#164               ; |81| 
     520 000000d6 7640!         LCR       #_Gui_button_creat    ; |81| 
         000000d7 0000 
     521                      ; call occurs [#_Gui_button_creat] ; |81| 
     522 000000d8 A844          MOVL      *-SP[4],XAR4          ; |81| 
     523                      .dwpsn  "app_wavemod_interface.c",82,2
     524 000000d9 8A44          MOVL      XAR4,*-SP[4]          ; |82| 
     525 000000da 02E0          MOVB      ACC,#224
     526 000000db 7640!         LCR       #_Gui_button_dye      ; |82| 
         000000dc 0000 
     527                      ; call occurs [#_Gui_button_dye] ; |82| 
     528                      .dwpsn  "app_wavemod_interface.c",83,2
     529 000000dd 8A44          MOVL      XAR4,*-SP[4]          ; |83| 
     530 000000de 8F40+         MOVL      XAR5,#FSL5            ; |83| 
         000000df 0010 
     531 000000e0 7640!         LCR       #_GUI_button_title_display ; |83| 
         000000e1 0000 
     532                      ; call occurs [#_GUI_button_title_display] ; |83| 
     533                      .dwpsn  "app_wavemod_interface.c",84,2
     534 000000e2 2841          MOV       *-SP[1],#20           ; |84| 
         000000e3 0014 
     535 000000e4 761F-         MOVW      DP,#_m_wavemod_win
         000000e5 0000 
     536 000000e6 9AE3          MOVB      AL,#227               ; |84| 
     537 000000e7 2842          MOV       *-SP[2],#256          ; |84| 
TMS320C2000 COFF Assembler PC v4.1.3 Thu Jan 06 09:41:22 2011

Tools Copyright (c) 1996-2006 Texas Instruments Incorporated
C:\DOCUME~1\ADMINI~1\LOCALS~1\Temp\TI4402                            PAGE   12

         000000e8 0100 
     538 000000e9 8A02-         MOVL      XAR4,@_m_wavemod_win  ; |84| 
     539 000000ea D51F          MOVB      XAR5,#31              ; |84| 
     540 000000eb 9BA4          MOVB      AH,#164               ; |84| 
     541 000000ec 7640!         LCR       #_Gui_button_creat    ; |84| 
         000000ed 0000 
     542                      ; call occurs [#_Gui_button_creat] ; |84| 
     543 000000ee A844          MOVL      *-SP[4],XAR4          ; |84| 
     544                      .dwpsn  "app_wavemod_interface.c",85,2
     545 000000ef 8A44          MOVL      XAR4,*-SP[4]          ; |85| 
     546 000000f0 02E0          MOVB      ACC,#224
     547 000000f1 7640!         LCR       #_Gui_button_dye      ; |85| 
         000000f2 0000 
     548                      ; call occurs [#_Gui_button_dye] ; |85| 
     549                      .dwpsn  "app_wavemod_interface.c",86,2
     550 000000f3 8A44          MOVL      XAR4,*-SP[4]          ; |86| 
     551 000000f4 8F40+         MOVL      XAR5,#FSL6            ; |86| 
         000000f5 0014 
     552 000000f6 7640!         LCR       #_GUI_button_title_display ; |86| 
         000000f7 0000 
     553                      ; call occurs [#_GUI_button_title_display] ; |86| 
     554                      .dwpsn  "app_wavemod_interface.c",88,2
     555                      .dwpsn  "app_wavemod_interface.c",89,1
     556 000000f8 FE84          SUBB      SP,#4
     557                      .dwcfa  0x1d, -2
     558 000000f9 0006          LRETR
     559                      ; return occurs
     560                      .dwattr DW$62, DW_AT_end_file("app_wavemod_interface.c")
     561                      .dwattr DW$62, DW_AT_end_line(0x59)
     562                      .dwattr DW$62, DW_AT_end_column(0x01)
     563                      .dwendentry
     564                      .dwendtag DW$62
     565              
     566 000000fa               .sect   ".text"
     567                      .global _app_wavemod_window_creat
     568              
     569              DW$64   .dwtag  DW_TAG_subprogram, DW_AT_name("app_wavemod_window_creat"), DW_AT_symbol_name("_app_wavemod_wi
     570                      .dwattr DW$64, DW_AT_low_pc(_app_wavemod_window_creat)
     571                      .dwattr DW$64, DW_AT_high_pc(0x00)
     572                      .dwattr DW$64, DW_AT_begin_file("app_wavemod_interface.c")
     573                      .dwattr DW$64, DW_AT_begin_line(0x60)
     574                      .dwattr DW$64, DW_AT_begin_column(0x06)
     575                      .dwpsn  "app_wavemod_interface.c",97,1
     576              
     577                      .dwfde DW$CIE
     578              
     579              ;***************************************************************
     580              ;* FNAME: _app_wavemod_window_creat     FR SIZE:   4           *
     581              ;*                                                             *
     582              ;* FUNCTION ENVIRONMENT                                        *
     583              ;*                                                             *
     584              ;* FUNCTION PROPERTIES                                         *
     585              ;*                            3 Parameter,  1 Auto,  0 SOE     *
     586              ;***************************************************************
     587              
TMS320C2000 COFF Assembler PC v4.1.3 Thu Jan 06 09:41:22 2011

Tools Copyright (c) 1996-2006 Texas Instruments Incorporated
C:\DOCUME~1\ADMINI~1\LOCALS~1\Temp\TI4402                            PAGE   13

     588              _app_wavemod_window_creat:
     589                      .dwcfa  0x1d, -2
     590                      .dwcfa  0x1c, 26, 0
     591                      .dwcfa  0x09, 40, 26
     592 000000fa FE04          ADDB      SP,#4
     593                      .dwcfa  0x1d, -6
     594              DW$65   .dwtag  DW_TAG_variable, DW_AT_name("offset"), DW_AT_symbol_name("_offset")
     595                      .dwattr DW$65, DW_AT_type(*DW$T$19)
     596                      .dwattr DW$65, DW_AT_location[DW_OP_breg20 -4]
     597                      .dwpsn  "app_wavemod_interface.c",99,2
     598 000000fb 9A03          MOVB      AL,#3                 ; |99| 
     599 000000fc 7640!         LCR       #_GUI_set_Bgcolor     ; |99| 
         000000fd 0000 
     600                      ; call occurs [#_GUI_set_Bgcolor] ; |99| 
     601                      .dwpsn  "app_wavemod_interface.c",100,2
     602 000000fe 7640!         LCR       #_GUI_clean_screen    ; |100| 
         000000ff 0000 
     603                      ; call occurs [#_GUI_clean_screen] ; |100| 
     604                      .dwpsn  "app_wavemod_interface.c",101,2
     605 00000100 9A0A          MOVB      AL,#10                ; |101| 
     606 00000101 7640!         LCR       #_GUI_set_Bgcolor     ; |101| 
         00000102 0000 
     607                      ; call occurs [#_GUI_set_Bgcolor] ; |101| 
     608                      .dwpsn  "app_wavemod_interface.c",102,2
     609 00000103 9AFF          MOVB      AL,#255               ; |102| 
     610 00000104 7640!         LCR       #_GUI_set_Fgcolor     ; |102| 
         00000105 0000 
     611                      ; call occurs [#_GUI_set_Fgcolor] ; |102| 
     612                      .dwpsn  "app_wavemod_interface.c",104,2
     613 00000106 7640!         LCR       #_GUI_hwin_obtain     ; |104| 
         00000107 0000 
     614                      ; call occurs [#_GUI_hwin_obtain] ; |104| 
     615 00000108 2841          MOV       *-SP[1],#300          ; |104| 
         00000109 012C 
     616 0000010a 2842          MOV       *-SP[2],#220          ; |104| 
         0000010b 00DC 
     617 0000010c 9A0A          MOVB      AL,#10                ; |104| 
     618 0000010d 83A4          MOVL      XAR5,XAR4             ; |104| 
     619 0000010e 2843          MOV       *-SP[3],#1536         ; |104| 
         0000010f 0600 
     620 00000110 9B0A          MOVB      AH,#10                ; |104| 
     621 00000111 8F00+         MOVL      XAR4,#FSL7            ; |104| 
         00000112 0018 
     622 00000113 7640!         LCR       #_Gui_3D_window_creat ; |104| 
         00000114 0000 
     623                      ; call occurs [#_Gui_3D_window_creat] ; |104| 
     624 00000115 761F-         MOVW      DP,#_m_wavemod_win
         00000116 0000 
     625 00000117 A802-         MOVL      @_m_wavemod_win,XAR4  ; |104| 
     626                      .dwpsn  "app_wavemod_interface.c",107,2
     627 00000118 9A00          MOVB      AL,#0
     628 00000119 7640!         LCR       #_GUI_set_Bgcolor     ; |107| 
         0000011a 0000 
     629                      ; call occurs [#_GUI_set_Bgcolor] ; |107| 
     630                      .dwpsn  "app_wavemod_interface.c",108,2
TMS320C2000 COFF Assembler PC v4.1.3 Thu Jan 06 09:41:22 2011

Tools Copyright (c) 1996-2006 Texas Instruments Incorporated
C:\DOCUME~1\ADMINI~1\LOCALS~1\Temp\TI4402                            PAGE   14

     631 0000011b 2841          MOV       *-SP[1],#144          ; |108| 
         0000011c 0090 
     632 0000011d 761F-         MOVW      DP,#_m_wavemod_win
         0000011e 0000 
     633 0000011f 9A14          MOVB      AL,#20                ; |108| 
     634 00000120 2842          MOV       *-SP[2],#1536         ; |108| 
         00000121 0600 
     635 00000122 8A02-         MOVL      XAR4,@_m_wavemod_win  ; |108| 
     636 00000123 D5FA          MOVB      XAR5,#250             ; |108| 
     637 00000124 9B0A          MOVB      AH,#10                ; |108| 
     638 00000125 7640!         LCR       #_GUI_window_child_creat ; |108| 
         00000126 0000 
     639                      ; call occurs [#_GUI_window_child_creat] ; |108| 
     640 00000127 761F-         MOVW      DP,#_m_wavemod_draw_win
         00000128 0000 
     641 00000129 A800-         MOVL      @_m_wavemod_draw_win,XAR4 ; |108| 
     642                      .dwpsn  "app_wavemod_interface.c",110,2
     643 0000012a 8A00-         MOVL      XAR4,@_m_wavemod_draw_win ; |110| 
     644 0000012b 7640!         LCR       #_GUI_window_hwin_req ; |110| 
         0000012c 0000 
     645                      ; call occurs [#_GUI_window_hwin_req] ; |110| 
     646                      .dwpsn  "app_wavemod_interface.c",111,2
     647 0000012d 9A03          MOVB      AL,#3                 ; |111| 
     648 0000012e 7640!         LCR       #_GUI_set_Fgcolor     ; |111| 
         0000012f 0000 
     649                      ; call occurs [#_GUI_set_Fgcolor] ; |111| 
     650                      .dwpsn  "app_wavemod_interface.c",112,8
     651 00000130 2B44          MOV       *-SP[4],#0            ; |112| 
     652                      .dwpsn  "app_wavemod_interface.c",112,19
     653 00000131 9244          MOV       AL,*-SP[4]            ; |112| 
     654 00000132 5207          CMPB      AL,#7                 ; |112| 
     655 00000133 6712          B         L4,HIS                ; |112| 
     656                      ; branchcc occurs ; |112| 
     657              L3:    
     658              DW$L$_app_wavemod_window_creat$2$B:
     659                      .dwpsn  "app_wavemod_interface.c",113,3
     660 00000134 2D44          MOV       T,*-SP[4]             ; |113| 
     661 00000135 3512          MPYB      ACC,T,#18             ; |113| 
     662 00000136 9C12          ADDB      AL,#18                ; |113| 
     663 00000137 88A9          MOVZ      AR6,AL                ; |113| 
     664 00000138 8F00          MOVL      XAR4,#260             ; |113| 
         00000139 0104 
     665 0000013a 3512          MPYB      ACC,T,#18             ; |113| 
     666 0000013b 9C12          ADDB      AL,#18                ; |113| 
     667 0000013c 5DA9          MOVZ      AR5,AL                ; |113| 
     668 0000013d 9A00          MOVB      AL,#0
     669 0000013e 93A6          MOV       AH,AR6                ; |113| 
     670 0000013f 7640!         LCR       #_GUI_window_line_display ; |113| 
         00000140 0000 
     671                      ; call occurs [#_GUI_window_line_display] ; |113| 
     672                      .dwpsn  "app_wavemod_interface.c",112,30
     673 00000141 0A44          INC       *-SP[4]               ; |112| 
     674                      .dwpsn  "app_wavemod_interface.c",112,19
     675 00000142 9244          MOV       AL,*-SP[4]            ; |112| 
     676 00000143 5207          CMPB      AL,#7                 ; |112| 
TMS320C2000 COFF Assembler PC v4.1.3 Thu Jan 06 09:41:22 2011

Tools Copyright (c) 1996-2006 Texas Instruments Incorporated
C:\DOCUME~1\ADMINI~1\LOCALS~1\Temp\TI4402                            PAGE   15

     677 00000144 68F0          B         L3,LO                 ; |112| 
     678                      ; branchcc occurs ; |112| 
     679              DW$L$_app_wavemod_window_creat$2$E:
     680              L4:    
     681                      .dwpsn  "app_wavemod_interface.c",114,2
     682 00000145 9AE0          MOVB      AL,#224               ; |114| 
     683 00000146 7640!         LCR       #_GUI_set_Fgcolor     ; |114| 
         00000147 0000 
     684                      ; call occurs [#_GUI_set_Fgcolor] ; |114| 
     685                      .dwpsn  "app_wavemod_interface.c",115,2
     686 00000148 9A00          MOVB      AL,#0
     687 00000149 8F00          MOVL      XAR4,#260             ; |115| 
         0000014a 0104 
     688 0000014b D548          MOVB      XAR5,#72              ; |115| 
     689 0000014c 9B48          MOVB      AH,#72                ; |115| 
     690 0000014d 7640!         LCR       #_GUI_window_line_display ; |115| 
         0000014e 0000 
     691                      ; call occurs [#_GUI_window_line_display] ; |115| 
     692                      .dwpsn  "app_wavemod_interface.c",116,2
     693 0000014f 761F-         MOVW      DP,#_m_wavemod_draw_win
         00000150 0000 
     694 00000151 8A00-         MOVL      XAR4,@_m_wavemod_draw_win ; |116| 
     695 00000152 7640!         LCR       #_GUI_window_hwin_release ; |116| 
         00000153 0000 
     696                      ; call occurs [#_GUI_window_hwin_release] ; |116| 
     697                      .dwpsn  "app_wavemod_interface.c",117,2
     698 00000154 7640'         LCR       #_app_wavemod_phase_icon_display ; |117| 
         00000155 0073 
     699                      ; call occurs [#_app_wavemod_phase_icon_display] ; |117| 
     700                      .dwpsn  "app_wavemod_interface.c",118,2
     701                      .dwpsn  "app_wavemod_interface.c",119,1
     702 00000156 FE84          SUBB      SP,#4
     703                      .dwcfa  0x1d, -2
     704 00000157 0006          LRETR
     705                      ; return occurs
     706              
     707              DW$66   .dwtag  DW_TAG_loop
     708                      .dwattr DW$66, DW_AT_name("C:\DOCUME~1\ADMINI~1\LOCALS~1\Temp\TI4402:L3:1:1294278082")
     709                      .dwattr DW$66, DW_AT_begin_file("app_wavemod_interface.c")
     710                      .dwattr DW$66, DW_AT_begin_line(0x70)
     711                      .dwattr DW$66, DW_AT_end_line(0x71)
     712              DW$67   .dwtag  DW_TAG_loop_range
     713                      .dwattr DW$67, DW_AT_low_pc(DW$L$_app_wavemod_window_creat$2$B)
     714                      .dwattr DW$67, DW_AT_high_pc(DW$L$_app_wavemod_window_creat$2$E)
     715                      .dwendtag DW$66
     716              
     717                      .dwattr DW$64, DW_AT_end_file("app_wavemod_interface.c")
     718                      .dwattr DW$64, DW_AT_end_line(0x77)
     719                      .dwattr DW$64, DW_AT_end_column(0x01)
     720                      .dwendentry
     721                      .dwendtag DW$64
     722              
     723              ;***************************************************************
     724              ;* FAR STRINGS                                                 *
     725              ;***************************************************************
TMS320C2000 COFF Assembler PC v4.1.3 Thu Jan 06 09:41:22 2011

Tools Copyright (c) 1996-2006 Texas Instruments Incorporated
C:\DOCUME~1\ADMINI~1\LOCALS~1\Temp\TI4402                            PAGE   16

     726 00000000               .sect   ".econst"
     727                      .align  2
     728 00000000 0055  FSL1:   .string "Ua",0
         00000001 0061 
         00000002 0000 
     729                      .align  2
     730 00000004 0049  FSL2:   .string "Ia",0
         00000005 0061 
         00000006 0000 
     731                      .align  2
     732 00000008 0055  FSL3:   .string "Ub",0
         00000009 0062 
         0000000a 0000 
     733                      .align  2
     734 0000000c 0049  FSL4:   .string "Ib",0
         0000000d 0062 
         0000000e 0000 
     735                      .align  2
     736 00000010 0055  FSL5:   .string "Uc",0
         00000011 0063 
         00000012 0000 
     737                      .align  2
     738 00000014 0049  FSL6:   .string "Ic",0
         00000015 0063 
         00000016 0000 
     739                      .align  2
     740 00000018 00B2  FSL7:   .string 178,168,208,206,207,212,202,190,0
         00000019 00A8 
         0000001a 00D0 
         0000001b 00CE 
         0000001c 00CF 
         0000001d 00D4 
         0000001e 00CA 
         0000001f 00BE 
         00000020 0000 
     741              ;***************************************************************
     742              ;* UNDEFINED EXTERNAL REFERENCES                               *
     743              ;***************************************************************
     744                      .global _Gui_button_dye
     745                      .global _GUI_window_line_display
     746                      .global _GUI_window_hwin_req
     747                      .global _GUI_set_Fgcolor
     748                      .global _GUI_set_Bgcolor
     749                      .global _GUI_window_hwin_release
     750                      .global _GUI_clean_screen
     751                      .global _GUI_button_title_display
     752                      .global _GUI_draw_dot
     753                      .global _Gui_3D_window_creat
     754                      .global _Gui_button_creat
     755                      .global _GUI_hwin_obtain
     756                      .global _GUI_window_child_creat
     757                      .global FS$$TOI
     758                      .global U$$TOFS
     759                      .global FS$$CMP
     760                      .global FS$$MPY
TMS320C2000 COFF Assembler PC v4.1.3 Thu Jan 06 09:41:22 2011

Tools Copyright (c) 1996-2006 Texas Instruments Incorporated
C:\DOCUME~1\ADMINI~1\LOCALS~1\Temp\TI4402                            PAGE   17

     761                      .global FS$$DIV
     762                      .global FS$$ADD
     763              
     764              ;***************************************************************
     765              ;* TYPE INFORMATION                                            *
     766              ;***************************************************************
     767              
     768              DW$T$33 .dwtag  DW_TAG_subroutine_type
     769                      .dwattr DW$T$33, DW_AT_language(DW_LANG_C)
     770              DW$68   .dwtag  DW_TAG_formal_parameter, DW_AT_type(*DW$T$11)
     771                      .dwendtag DW$T$33
     772              
     773              
     774              DW$T$37 .dwtag  DW_TAG_subroutine_type
     775                      .dwattr DW$T$37, DW_AT_language(DW_LANG_C)
     776              DW$69   .dwtag  DW_TAG_formal_parameter, DW_AT_type(*DW$T$36)
     777                      .dwendtag DW$T$37
     778              
     779              
     780              DW$T$39 .dwtag  DW_TAG_subroutine_type
     781                      .dwattr DW$T$39, DW_AT_language(DW_LANG_C)
     782              DW$70   .dwtag  DW_TAG_formal_parameter, DW_AT_type(*DW$T$11)
     783              DW$71   .dwtag  DW_TAG_formal_parameter, DW_AT_type(*DW$T$11)
     784              DW$72   .dwtag  DW_TAG_formal_parameter, DW_AT_type(*DW$T$11)
     785              DW$73   .dwtag  DW_TAG_formal_parameter, DW_AT_type(*DW$T$11)
     786                      .dwendtag DW$T$39
     787              
     788              
     789              DW$T$41 .dwtag  DW_TAG_subroutine_type
     790                      .dwattr DW$T$41, DW_AT_language(DW_LANG_C)
     791              DW$74   .dwtag  DW_TAG_formal_parameter, DW_AT_type(*DW$T$36)
     792              DW$75   .dwtag  DW_TAG_formal_parameter, DW_AT_type(*DW$T$11)
     793              DW$76   .dwtag  DW_TAG_formal_parameter, DW_AT_type(*DW$T$11)
     794                      .dwendtag DW$T$41
     795              
     796              
     797              DW$T$43 .dwtag  DW_TAG_subroutine_type
     798                      .dwattr DW$T$43, DW_AT_language(DW_LANG_C)
     799              
     800              DW$T$46 .dwtag  DW_TAG_subroutine_type
     801                      .dwattr DW$T$46, DW_AT_language(DW_LANG_C)
     802              DW$77   .dwtag  DW_TAG_formal_parameter, DW_AT_type(*DW$T$19)
     803              DW$78   .dwtag  DW_TAG_formal_parameter, DW_AT_type(*DW$T$45)
     804              DW$79   .dwtag  DW_TAG_formal_parameter, DW_AT_type(*DW$T$11)
     805                      .dwendtag DW$T$46
     806              
     807              DW$T$47 .dwtag  DW_TAG_typedef, DW_AT_name("BOOL"), DW_AT_type(*DW$T$6)
     808                      .dwattr DW$T$47, DW_AT_language(DW_LANG_C)
     809              
     810              DW$T$49 .dwtag  DW_TAG_subroutine_type, DW_AT_type(*DW$T$47)
     811                      .dwattr DW$T$49, DW_AT_language(DW_LANG_C)
     812              DW$80   .dwtag  DW_TAG_formal_parameter, DW_AT_type(*DW$T$36)
     813              DW$81   .dwtag  DW_TAG_formal_parameter, DW_AT_type(*DW$T$48)
     814                      .dwendtag DW$T$49
     815              
TMS320C2000 COFF Assembler PC v4.1.3 Thu Jan 06 09:41:22 2011

Tools Copyright (c) 1996-2006 Texas Instruments Incorporated
C:\DOCUME~1\ADMINI~1\LOCALS~1\Temp\TI4402                            PAGE   18

     816              DW$T$10 .dwtag  DW_TAG_base_type, DW_AT_name("int")
     817                      .dwattr DW$T$10, DW_AT_encoding(DW_ATE_signed)
     818                      .dwattr DW$T$10, DW_AT_byte_size(0x01)
     819              
     820              DW$T$51 .dwtag  DW_TAG_subroutine_type, DW_AT_type(*DW$T$10)
     821                      .dwattr DW$T$51, DW_AT_language(DW_LANG_C)
     822              DW$T$11 .dwtag  DW_TAG_base_type, DW_AT_name("unsigned int")
     823                      .dwattr DW$T$11, DW_AT_encoding(DW_ATE_unsigned)
     824                      .dwattr DW$T$11, DW_AT_byte_size(0x01)
     825              DW$T$19 .dwtag  DW_TAG_typedef, DW_AT_name("Bsize_t"), DW_AT_type(*DW$T$11)
     826                      .dwattr DW$T$19, DW_AT_language(DW_LANG_C)
     827              DW$T$16 .dwtag  DW_TAG_base_type, DW_AT_name("float")
     828                      .dwattr DW$T$16, DW_AT_encoding(DW_ATE_float)
     829                      .dwattr DW$T$16, DW_AT_byte_size(0x02)
     830              DW$T$45 .dwtag  DW_TAG_pointer_type, DW_AT_type(*DW$T$16)
     831                      .dwattr DW$T$45, DW_AT_address_class(0x16)
     832              DW$T$48 .dwtag  DW_TAG_pointer_type, DW_AT_type(*DW$T$25)
     833                      .dwattr DW$T$48, DW_AT_address_class(0x16)
     834              DW$T$36 .dwtag  DW_TAG_pointer_type, DW_AT_type(*DW$T$35)
     835                      .dwattr DW$T$36, DW_AT_address_class(0x16)
     836              
     837              DW$T$53 .dwtag  DW_TAG_subroutine_type, DW_AT_type(*DW$T$36)
     838                      .dwattr DW$T$53, DW_AT_language(DW_LANG_C)
     839              
     840              DW$T$55 .dwtag  DW_TAG_subroutine_type, DW_AT_type(*DW$T$36)
     841                      .dwattr DW$T$55, DW_AT_language(DW_LANG_C)
     842              DW$82   .dwtag  DW_TAG_formal_parameter, DW_AT_type(*DW$T$11)
     843              DW$83   .dwtag  DW_TAG_formal_parameter, DW_AT_type(*DW$T$11)
     844              DW$84   .dwtag  DW_TAG_formal_parameter, DW_AT_type(*DW$T$19)
     845              DW$85   .dwtag  DW_TAG_formal_parameter, DW_AT_type(*DW$T$19)
     846              DW$86   .dwtag  DW_TAG_formal_parameter, DW_AT_type(*DW$T$19)
     847              DW$87   .dwtag  DW_TAG_formal_parameter, DW_AT_type(*DW$T$36)
     848                      .dwendtag DW$T$55
     849              
     850              
     851              DW$T$57 .dwtag  DW_TAG_subroutine_type, DW_AT_type(*DW$T$36)
     852                      .dwattr DW$T$57, DW_AT_language(DW_LANG_C)
     853              DW$88   .dwtag  DW_TAG_formal_parameter, DW_AT_type(*DW$T$11)
     854              DW$89   .dwtag  DW_TAG_formal_parameter, DW_AT_type(*DW$T$11)
     855              DW$90   .dwtag  DW_TAG_formal_parameter, DW_AT_type(*DW$T$19)
     856              DW$91   .dwtag  DW_TAG_formal_parameter, DW_AT_type(*DW$T$19)
     857              DW$92   .dwtag  DW_TAG_formal_parameter, DW_AT_type(*DW$T$48)
     858              DW$93   .dwtag  DW_TAG_formal_parameter, DW_AT_type(*DW$T$19)
     859              DW$94   .dwtag  DW_TAG_formal_parameter, DW_AT_type(*DW$T$36)
     860                      .dwendtag DW$T$57
     861              
     862              DW$T$6  .dwtag  DW_TAG_base_type, DW_AT_name("unsigned char")
     863                      .dwattr DW$T$6, DW_AT_encoding(DW_ATE_unsigned_char)
     864                      .dwattr DW$T$6, DW_AT_byte_size(0x01)
     865              DW$T$25 .dwtag  DW_TAG_base_type, DW_AT_name("signed char")
     866                      .dwattr DW$T$25, DW_AT_encoding(DW_ATE_signed_char)
     867                      .dwattr DW$T$25, DW_AT_byte_size(0x01)
     868              DW$T$35 .dwtag  DW_TAG_typedef, DW_AT_name("hwin_t"), DW_AT_type(*DW$T$32)
     869                      .dwattr DW$T$35, DW_AT_language(DW_LANG_C)
     870              
TMS320C2000 COFF Assembler PC v4.1.3 Thu Jan 06 09:41:22 2011

Tools Copyright (c) 1996-2006 Texas Instruments Incorporated
C:\DOCUME~1\ADMINI~1\LOCALS~1\Temp\TI4402                            PAGE   19

     871              DW$T$32 .dwtag  DW_TAG_structure_type
     872                      .dwattr DW$T$32, DW_AT_name("hwin")
     873                      .dwattr DW$T$32, DW_AT_byte_size(0x42)
     874              DW$95   .dwtag  DW_TAG_member, DW_AT_type(*DW$T$19)
     875                      .dwattr DW$95, DW_AT_name("occupy_flag"), DW_AT_symbol_name("_occupy_flag")
     876                      .dwattr DW$95, DW_AT_data_member_location[DW_OP_plus_uconst 0x0]
     877                      .dwattr DW$95, DW_AT_accessibility(DW_ACCESS_public)
     878              DW$96   .dwtag  DW_TAG_member, DW_AT_type(*DW$T$11)
     879                      .dwattr DW$96, DW_AT_name("win_x"), DW_AT_symbol_name("_win_x")
     880                      .dwattr DW$96, DW_AT_data_member_location[DW_OP_plus_uconst 0x1]
     881                      .dwattr DW$96, DW_AT_accessibility(DW_ACCESS_public)
     882              DW$97   .dwtag  DW_TAG_member, DW_AT_type(*DW$T$11)
     883                      .dwattr DW$97, DW_AT_name("win_y"), DW_AT_symbol_name("_win_y")
     884                      .dwattr DW$97, DW_AT_data_member_location[DW_OP_plus_uconst 0x2]
     885                      .dwattr DW$97, DW_AT_accessibility(DW_ACCESS_public)
     886              DW$98   .dwtag  DW_TAG_member, DW_AT_type(*DW$T$19)
     887                      .dwattr DW$98, DW_AT_name("win_wide"), DW_AT_symbol_name("_win_wide")
     888                      .dwattr DW$98, DW_AT_data_member_location[DW_OP_plus_uconst 0x3]
     889                      .dwattr DW$98, DW_AT_accessibility(DW_ACCESS_public)
     890              DW$99   .dwtag  DW_TAG_member, DW_AT_type(*DW$T$19)
     891                      .dwattr DW$99, DW_AT_name("win_high"), DW_AT_symbol_name("_win_high")
     892                      .dwattr DW$99, DW_AT_data_member_location[DW_OP_plus_uconst 0x4]
     893                      .dwattr DW$99, DW_AT_accessibility(DW_ACCESS_public)
     894              DW$100  .dwtag  DW_TAG_member, DW_AT_type(*DW$T$11)
     895                      .dwattr DW$100, DW_AT_name("csr_x_pos"), DW_AT_symbol_name("_csr_x_pos")
     896                      .dwattr DW$100, DW_AT_data_member_location[DW_OP_plus_uconst 0x5]
     897                      .dwattr DW$100, DW_AT_accessibility(DW_ACCESS_public)
     898              DW$101  .dwtag  DW_TAG_member, DW_AT_type(*DW$T$11)
     899                      .dwattr DW$101, DW_AT_name("csr_y_pos"), DW_AT_symbol_name("_csr_y_pos")
     900                      .dwattr DW$101, DW_AT_data_member_location[DW_OP_plus_uconst 0x6]
     901                      .dwattr DW$101, DW_AT_accessibility(DW_ACCESS_public)
     902              DW$102  .dwtag  DW_TAG_member, DW_AT_type(*DW$T$19)
     903                      .dwattr DW$102, DW_AT_name("type"), DW_AT_symbol_name("_type")
     904                      .dwattr DW$102, DW_AT_data_member_location[DW_OP_plus_uconst 0x7]
     905                      .dwattr DW$102, DW_AT_accessibility(DW_ACCESS_public)
     906              DW$103  .dwtag  DW_TAG_member, DW_AT_type(*DW$T$22)
     907                      .dwattr DW$103, DW_AT_name("father_hwin"), DW_AT_symbol_name("_father_hwin")
     908                      .dwattr DW$103, DW_AT_data_member_location[DW_OP_plus_uconst 0x8]
     909                      .dwattr DW$103, DW_AT_accessibility(DW_ACCESS_public)
     910              DW$104  .dwtag  DW_TAG_member, DW_AT_type(*DW$T$22)
     911                      .dwattr DW$104, DW_AT_name("next_hwin"), DW_AT_symbol_name("_next_hwin")
     912                      .dwattr DW$104, DW_AT_data_member_location[DW_OP_plus_uconst 0xa]
     913                      .dwattr DW$104, DW_AT_accessibility(DW_ACCESS_public)
     914              DW$105  .dwtag  DW_TAG_member, DW_AT_type(*DW$T$22)
     915                      .dwattr DW$105, DW_AT_name("last_hwin"), DW_AT_symbol_name("_last_hwin")
     916                      .dwattr DW$105, DW_AT_data_member_location[DW_OP_plus_uconst 0xc]
     917                      .dwattr DW$105, DW_AT_accessibility(DW_ACCESS_public)
     918              DW$106  .dwtag  DW_TAG_member, DW_AT_type(*DW$T$19)
     919                      .dwattr DW$106, DW_AT_name("nline"), DW_AT_symbol_name("_nline")
     920                      .dwattr DW$106, DW_AT_data_member_location[DW_OP_plus_uconst 0xe]
     921                      .dwattr DW$106, DW_AT_accessibility(DW_ACCESS_public)
     922              DW$107  .dwtag  DW_TAG_member, DW_AT_type(*DW$T$19)
     923                      .dwattr DW$107, DW_AT_name("nrow"), DW_AT_symbol_name("_nrow")
     924                      .dwattr DW$107, DW_AT_data_member_location[DW_OP_plus_uconst 0xf]
     925                      .dwattr DW$107, DW_AT_accessibility(DW_ACCESS_public)
TMS320C2000 COFF Assembler PC v4.1.3 Thu Jan 06 09:41:22 2011

Tools Copyright (c) 1996-2006 Texas Instruments Incorporated
C:\DOCUME~1\ADMINI~1\LOCALS~1\Temp\TI4402                            PAGE   20

     926              DW$108  .dwtag  DW_TAG_member, DW_AT_type(*DW$T$19)
     927                      .dwattr DW$108, DW_AT_name("grid_wide"), DW_AT_symbol_name("_grid_wide")
     928                      .dwattr DW$108, DW_AT_data_member_location[DW_OP_plus_uconst 0x10]
     929                      .dwattr DW$108, DW_AT_accessibility(DW_ACCESS_public)
     930              DW$109  .dwtag  DW_TAG_member, DW_AT_type(*DW$T$19)
     931                      .dwattr DW$109, DW_AT_name("grid_high"), DW_AT_symbol_name("_grid_high")
     932                      .dwattr DW$109, DW_AT_data_member_location[DW_OP_plus_uconst 0x11]
     933                      .dwattr DW$109, DW_AT_accessibility(DW_ACCESS_public)
     934              DW$110  .dwtag  DW_TAG_member, DW_AT_type(*DW$T$24)
     935                      .dwattr DW$110, DW_AT_name("cur_edit_pos"), DW_AT_symbol_name("_cur_edit_pos")
     936                      .dwattr DW$110, DW_AT_data_member_location[DW_OP_plus_uconst 0x12]
     937                      .dwattr DW$110, DW_AT_accessibility(DW_ACCESS_public)
     938              DW$111  .dwtag  DW_TAG_member, DW_AT_type(*DW$T$24)
     939                      .dwattr DW$111, DW_AT_name("edit_phead"), DW_AT_symbol_name("_edit_phead")
     940                      .dwattr DW$111, DW_AT_data_member_location[DW_OP_plus_uconst 0x14]
     941                      .dwattr DW$111, DW_AT_accessibility(DW_ACCESS_public)
     942              DW$112  .dwtag  DW_TAG_member, DW_AT_type(*DW$T$24)
     943                      .dwattr DW$112, DW_AT_name("m_cur_pedit"), DW_AT_symbol_name("_m_cur_pedit")
     944                      .dwattr DW$112, DW_AT_data_member_location[DW_OP_plus_uconst 0x16]
     945                      .dwattr DW$112, DW_AT_accessibility(DW_ACCESS_public)
     946              DW$113  .dwtag  DW_TAG_member, DW_AT_type(*DW$T$26)
     947                      .dwattr DW$113, DW_AT_name("button_title"), DW_AT_symbol_name("_button_title")
     948                      .dwattr DW$113, DW_AT_data_member_location[DW_OP_plus_uconst 0x18]
     949                      .dwattr DW$113, DW_AT_accessibility(DW_ACCESS_public)
     950              DW$114  .dwtag  DW_TAG_member, DW_AT_type(*DW$T$11)
     951                      .dwattr DW$114, DW_AT_name("button_flags"), DW_AT_symbol_name("_button_flags")
     952                      .dwattr DW$114, DW_AT_data_member_location[DW_OP_plus_uconst 0x36]
     953                      .dwattr DW$114, DW_AT_accessibility(DW_ACCESS_public)
     954              DW$115  .dwtag  DW_TAG_member, DW_AT_type(*DW$T$11)
     955                      .dwattr DW$115, DW_AT_name("button_bg_color"), DW_AT_symbol_name("_button_bg_color")
     956                      .dwattr DW$115, DW_AT_data_member_location[DW_OP_plus_uconst 0x37]
     957                      .dwattr DW$115, DW_AT_accessibility(DW_ACCESS_public)
     958              DW$116  .dwtag  DW_TAG_member, DW_AT_type(*DW$T$11)
     959                      .dwattr DW$116, DW_AT_name("button_txt_color"), DW_AT_symbol_name("_button_txt_color")
     960                      .dwattr DW$116, DW_AT_data_member_location[DW_OP_plus_uconst 0x38]
     961                      .dwattr DW$116, DW_AT_accessibility(DW_ACCESS_public)
     962              DW$117  .dwtag  DW_TAG_member, DW_AT_type(*DW$T$28)
     963                      .dwattr DW$117, DW_AT_name("buttoncallback"), DW_AT_symbol_name("_buttoncallback")
     964                      .dwattr DW$117, DW_AT_data_member_location[DW_OP_plus_uconst 0x3a]
     965                      .dwattr DW$117, DW_AT_accessibility(DW_ACCESS_public)
     966              DW$118  .dwtag  DW_TAG_member, DW_AT_type(*DW$T$31)
     967                      .dwattr DW$118, DW_AT_name("drop_memeber"), DW_AT_symbol_name("_drop_memeber")
     968                      .dwattr DW$118, DW_AT_data_member_location[DW_OP_plus_uconst 0x3c]
     969                      .dwattr DW$118, DW_AT_accessibility(DW_ACCESS_public)
     970              DW$119  .dwtag  DW_TAG_member, DW_AT_type(*DW$T$6)
     971                      .dwattr DW$119, DW_AT_name("drop_cur_member"), DW_AT_symbol_name("_drop_cur_member")
     972                      .dwattr DW$119, DW_AT_data_member_location[DW_OP_plus_uconst 0x3e]
     973                      .dwattr DW$119, DW_AT_accessibility(DW_ACCESS_public)
     974              DW$120  .dwtag  DW_TAG_member, DW_AT_type(*DW$T$6)
     975                      .dwattr DW$120, DW_AT_name("drop_member_size"), DW_AT_symbol_name("_drop_member_size")
     976                      .dwattr DW$120, DW_AT_data_member_location[DW_OP_plus_uconst 0x3f]
     977                      .dwattr DW$120, DW_AT_accessibility(DW_ACCESS_public)
     978              DW$121  .dwtag  DW_TAG_member, DW_AT_type(*DW$T$11)
     979                      .dwattr DW$121, DW_AT_name("win_cnt"), DW_AT_symbol_name("_win_cnt")
     980                      .dwattr DW$121, DW_AT_data_member_location[DW_OP_plus_uconst 0x40]
TMS320C2000 COFF Assembler PC v4.1.3 Thu Jan 06 09:41:22 2011

Tools Copyright (c) 1996-2006 Texas Instruments Incorporated
C:\DOCUME~1\ADMINI~1\LOCALS~1\Temp\TI4402                            PAGE   21

     981                      .dwattr DW$121, DW_AT_accessibility(DW_ACCESS_public)
     982                      .dwendtag DW$T$32
     983              
     984              DW$T$22 .dwtag  DW_TAG_pointer_type, DW_AT_type(*DW$T$32)
     985                      .dwattr DW$T$22, DW_AT_address_class(0x16)
     986              DW$T$28 .dwtag  DW_TAG_pointer_type, DW_AT_type(*DW$T$27)
     987                      .dwattr DW$T$28, DW_AT_address_class(0x16)
     988              DW$T$24 .dwtag  DW_TAG_pointer_type, DW_AT_type(*DW$T$23)
     989                      .dwattr DW$T$24, DW_AT_address_class(0x16)
     990              
     991              DW$T$26 .dwtag  DW_TAG_array_type, DW_AT_type(*DW$T$25)
     992                      .dwattr DW$T$26, DW_AT_language(DW_LANG_C)
     993                      .dwattr DW$T$26, DW_AT_byte_size(0x1e)
     994              DW$122  .dwtag  DW_TAG_subrange_type
     995                      .dwattr DW$122, DW_AT_upper_bound(0x1d)
     996                      .dwendtag DW$T$26
     997              
     998              DW$T$31 .dwtag  DW_TAG_pointer_type, DW_AT_type(*DW$T$30)
     999                      .dwattr DW$T$31, DW_AT_address_class(0x16)
    1000              
    1001              DW$T$27 .dwtag  DW_TAG_subroutine_type
    1002                      .dwattr DW$T$27, DW_AT_language(DW_LANG_C)
    1003              DW$123  .dwtag  DW_TAG_formal_parameter, DW_AT_type(*DW$T$3)
    1004                      .dwendtag DW$T$27
    1005              
    1006              DW$T$23 .dwtag  DW_TAG_typedef, DW_AT_name("edit_mem_t"), DW_AT_type(*DW$T$21)
    1007                      .dwattr DW$T$23, DW_AT_language(DW_LANG_C)
    1008              DW$T$30 .dwtag  DW_TAG_pointer_type, DW_AT_type(*DW$T$29)
    1009                      .dwattr DW$T$30, DW_AT_address_class(0x16)
    1010              DW$T$3  .dwtag  DW_TAG_pointer_type
    1011                      .dwattr DW$T$3, DW_AT_address_class(0x16)
    1012              
    1013              DW$T$21 .dwtag  DW_TAG_structure_type
    1014                      .dwattr DW$T$21, DW_AT_name("edit_mem")
    1015                      .dwattr DW$T$21, DW_AT_byte_size(0x08)
    1016              DW$124  .dwtag  DW_TAG_member, DW_AT_type(*DW$T$10)
    1017                      .dwattr DW$124, DW_AT_name("x"), DW_AT_symbol_name("_x")
    1018                      .dwattr DW$124, DW_AT_data_member_location[DW_OP_plus_uconst 0x0]
    1019                      .dwattr DW$124, DW_AT_accessibility(DW_ACCESS_public)
    1020              DW$125  .dwtag  DW_TAG_member, DW_AT_type(*DW$T$10)
    1021                      .dwattr DW$125, DW_AT_name("y"), DW_AT_symbol_name("_y")
    1022                      .dwattr DW$125, DW_AT_data_member_location[DW_OP_plus_uconst 0x1]
    1023                      .dwattr DW$125, DW_AT_accessibility(DW_ACCESS_public)
    1024              DW$126  .dwtag  DW_TAG_member, DW_AT_type(*DW$T$19)
    1025                      .dwattr DW$126, DW_AT_name("eidt_lenth"), DW_AT_symbol_name("_eidt_lenth")
    1026                      .dwattr DW$126, DW_AT_data_member_location[DW_OP_plus_uconst 0x2]
    1027                      .dwattr DW$126, DW_AT_accessibility(DW_ACCESS_public)
    1028              DW$127  .dwtag  DW_TAG_member, DW_AT_type(*DW$T$19)
    1029                      .dwattr DW$127, DW_AT_name("surplus_lenth"), DW_AT_symbol_name("_surplus_lenth")
    1030                      .dwattr DW$127, DW_AT_data_member_location[DW_OP_plus_uconst 0x3]
    1031                      .dwattr DW$127, DW_AT_accessibility(DW_ACCESS_public)
    1032              DW$128  .dwtag  DW_TAG_member, DW_AT_type(*DW$T$19)
    1033                      .dwattr DW$128, DW_AT_name("id"), DW_AT_symbol_name("_id")
    1034                      .dwattr DW$128, DW_AT_data_member_location[DW_OP_plus_uconst 0x4]
    1035                      .dwattr DW$128, DW_AT_accessibility(DW_ACCESS_public)
TMS320C2000 COFF Assembler PC v4.1.3 Thu Jan 06 09:41:22 2011

Tools Copyright (c) 1996-2006 Texas Instruments Incorporated
C:\DOCUME~1\ADMINI~1\LOCALS~1\Temp\TI4402                            PAGE   22

    1036              DW$129  .dwtag  DW_TAG_member, DW_AT_type(*DW$T$20)
    1037                      .dwattr DW$129, DW_AT_name("next_edit"), DW_AT_symbol_name("_next_edit")
    1038                      .dwattr DW$129, DW_AT_data_member_location[DW_OP_plus_uconst 0x6]
    1039                      .dwattr DW$129, DW_AT_accessibility(DW_ACCESS_public)
    1040                      .dwendtag DW$T$21
    1041              
    1042              DW$T$20 .dwtag  DW_TAG_pointer_type, DW_AT_type(*DW$T$21)
    1043                      .dwattr DW$T$20, DW_AT_address_class(0x16)
    1044              DW$130  .dwtag  DW_TAG_far_type
    1045                      .dwattr DW$130, DW_AT_type(*DW$T$25)
    1046              DW$T$29 .dwtag  DW_TAG_const_type
    1047                      .dwattr DW$T$29, DW_AT_type(*DW$130)
    1048              
    1049                      .dwattr DW$48, DW_AT_external(0x01)
    1050                      .dwattr DW$62, DW_AT_external(0x01)
    1051                      .dwattr DW$49, DW_AT_external(0x01)
    1052                      .dwattr DW$64, DW_AT_external(0x01)
    1053                      .dwattr DW$CU, DW_AT_language(DW_LANG_C)
    1054              
    1055              ;***************************************************************
    1056              ;* DWARF CIE ENTRIES                                           *
    1057              ;***************************************************************
    1058              
    1059              DW$CIE  .dwcie 1, 40
    1060                      .dwcfa  0x0c, 20, 0
    1061                      .dwcfa  0x07, 0
    1062                      .dwcfa  0x07, 1
    1063                      .dwcfa  0x07, 2
    1064                      .dwcfa  0x07, 3
    1065                      .dwcfa  0x07, 4
    1066                      .dwcfa  0x07, 5
    1067                      .dwcfa  0x08, 6
    1068                      .dwcfa  0x08, 7
    1069                      .dwcfa  0x08, 8
    1070                      .dwcfa  0x08, 9
    1071                      .dwcfa  0x08, 10
    1072                      .dwcfa  0x08, 11
    1073                      .dwcfa  0x07, 12
    1074                      .dwcfa  0x07, 13
    1075                      .dwcfa  0x07, 14
    1076                      .dwcfa  0x07, 15
    1077                      .dwcfa  0x07, 16
    1078                      .dwcfa  0x07, 17
    1079                      .dwcfa  0x07, 18
    1080                      .dwcfa  0x07, 19
    1081                      .dwcfa  0x07, 20
    1082                      .dwcfa  0x07, 21
    1083                      .dwcfa  0x07, 22
    1084                      .dwcfa  0x07, 23
    1085                      .dwcfa  0x07, 24
    1086                      .dwcfa  0x07, 25
    1087                      .dwcfa  0x07, 26
    1088                      .dwcfa  0x08, 27
    1089                      .dwcfa  0x07, 28
    1090                      .dwcfa  0x07, 29
TMS320C2000 COFF Assembler PC v4.1.3 Thu Jan 06 09:41:22 2011

Tools Copyright (c) 1996-2006 Texas Instruments Incorporated
C:\DOCUME~1\ADMINI~1\LOCALS~1\Temp\TI4402                            PAGE   23

    1091                      .dwcfa  0x07, 30
    1092                      .dwcfa  0x07, 31
    1093                      .dwcfa  0x07, 32
    1094                      .dwcfa  0x07, 33
    1095                      .dwcfa  0x07, 34
    1096                      .dwcfa  0x07, 35
    1097                      .dwcfa  0x07, 36
    1098                      .dwcfa  0x07, 37
    1099                      .dwcfa  0x07, 38
    1100                      .dwcfa  0x07, 39
    1101                      .dwcfa  0x07, 40
    1102              
    1103              ;***************************************************************
    1104              ;* DWARF REGISTER MAP                                          *
    1105              ;***************************************************************
    1106              
    1107              DW$131  .dwtag  DW_TAG_assign_register, DW_AT_name("AL")
    1108                      .dwattr DW$131, DW_AT_location[DW_OP_reg0]
    1109              DW$132  .dwtag  DW_TAG_assign_register, DW_AT_name("AH")
    1110                      .dwattr DW$132, DW_AT_location[DW_OP_reg1]
    1111              DW$133  .dwtag  DW_TAG_assign_register, DW_AT_name("PL")
    1112                      .dwattr DW$133, DW_AT_location[DW_OP_reg2]
    1113              DW$134  .dwtag  DW_TAG_assign_register, DW_AT_name("PH")
    1114                      .dwattr DW$134, DW_AT_location[DW_OP_reg3]
    1115              DW$135  .dwtag  DW_TAG_assign_register, DW_AT_name("AR0")
    1116                      .dwattr DW$135, DW_AT_location[DW_OP_reg4]
    1117              DW$136  .dwtag  DW_TAG_assign_register, DW_AT_name("XAR0")
    1118                      .dwattr DW$136, DW_AT_location[DW_OP_reg5]
    1119              DW$137  .dwtag  DW_TAG_assign_register, DW_AT_name("AR1")
    1120                      .dwattr DW$137, DW_AT_location[DW_OP_reg6]
    1121              DW$138  .dwtag  DW_TAG_assign_register, DW_AT_name("XAR1")
    1122                      .dwattr DW$138, DW_AT_location[DW_OP_reg7]
    1123              DW$139  .dwtag  DW_TAG_assign_register, DW_AT_name("AR2")
    1124                      .dwattr DW$139, DW_AT_location[DW_OP_reg8]
    1125              DW$140  .dwtag  DW_TAG_assign_register, DW_AT_name("XAR2")
    1126                      .dwattr DW$140, DW_AT_location[DW_OP_reg9]
    1127              DW$141  .dwtag  DW_TAG_assign_register, DW_AT_name("AR3")
    1128                      .dwattr DW$141, DW_AT_location[DW_OP_reg10]
    1129              DW$142  .dwtag  DW_TAG_assign_register, DW_AT_name("XAR3")
    1130                      .dwattr DW$142, DW_AT_location[DW_OP_reg11]
    1131              DW$143  .dwtag  DW_TAG_assign_register, DW_AT_name("AR4")
    1132                      .dwattr DW$143, DW_AT_location[DW_OP_reg12]
    1133              DW$144  .dwtag  DW_TAG_assign_register, DW_AT_name("XAR4")
    1134                      .dwattr DW$144, DW_AT_location[DW_OP_reg13]
    1135              DW$145  .dwtag  DW_TAG_assign_register, DW_AT_name("AR5")
    1136                      .dwattr DW$145, DW_AT_location[DW_OP_reg14]
    1137              DW$146  .dwtag  DW_TAG_assign_register, DW_AT_name("XAR5")
    1138                      .dwattr DW$146, DW_AT_location[DW_OP_reg15]
    1139              DW$147  .dwtag  DW_TAG_assign_register, DW_AT_name("AR6")
    1140                      .dwattr DW$147, DW_AT_location[DW_OP_reg16]
    1141              DW$148  .dwtag  DW_TAG_assign_register, DW_AT_name("XAR6")
    1142                      .dwattr DW$148, DW_AT_location[DW_OP_reg17]
    1143              DW$149  .dwtag  DW_TAG_assign_register, DW_AT_name("AR7")
    1144                      .dwattr DW$149, DW_AT_location[DW_OP_reg18]
    1145              DW$150  .dwtag  DW_TAG_assign_register, DW_AT_name("XAR7")
TMS320C2000 COFF Assembler PC v4.1.3 Thu Jan 06 09:41:22 2011

Tools Copyright (c) 1996-2006 Texas Instruments Incorporated
C:\DOCUME~1\ADMINI~1\LOCALS~1\Temp\TI4402                            PAGE   24

    1146                      .dwattr DW$150, DW_AT_location[DW_OP_reg19]
    1147              DW$151  .dwtag  DW_TAG_assign_register, DW_AT_name("SP")
    1148                      .dwattr DW$151, DW_AT_location[DW_OP_reg20]
    1149              DW$152  .dwtag  DW_TAG_assign_register, DW_AT_name("XT")
    1150                      .dwattr DW$152, DW_AT_location[DW_OP_reg21]
    1151              DW$153  .dwtag  DW_TAG_assign_register, DW_AT_name("T")
    1152                      .dwattr DW$153, DW_AT_location[DW_OP_reg22]
    1153              DW$154  .dwtag  DW_TAG_assign_register, DW_AT_name("ST0")
    1154                      .dwattr DW$154, DW_AT_location[DW_OP_reg23]
    1155              DW$155  .dwtag  DW_TAG_assign_register, DW_AT_name("ST1")
    1156                      .dwattr DW$155, DW_AT_location[DW_OP_reg24]
    1157              DW$156  .dwtag  DW_TAG_assign_register, DW_AT_name("PC")
    1158                      .dwattr DW$156, DW_AT_location[DW_OP_reg25]
    1159              DW$157  .dwtag  DW_TAG_assign_register, DW_AT_name("RPC")
    1160                      .dwattr DW$157, DW_AT_location[DW_OP_reg26]
    1161              DW$158  .dwtag  DW_TAG_assign_register, DW_AT_name("FP")
    1162                      .dwattr DW$158, DW_AT_location[DW_OP_reg27]
    1163              DW$159  .dwtag  DW_TAG_assign_register, DW_AT_name("DP")
    1164                      .dwattr DW$159, DW_AT_location[DW_OP_reg28]
    1165              DW$160  .dwtag  DW_TAG_assign_register, DW_AT_name("SXM")
    1166                      .dwattr DW$160, DW_AT_location[DW_OP_reg29]
    1167              DW$161  .dwtag  DW_TAG_assign_register, DW_AT_name("PM")
    1168                      .dwattr DW$161, DW_AT_location[DW_OP_reg30]
    1169              DW$162  .dwtag  DW_TAG_assign_register, DW_AT_name("OVM")
    1170                      .dwattr DW$162, DW_AT_location[DW_OP_reg31]
    1171              DW$163  .dwtag  DW_TAG_assign_register, DW_AT_name("PAGE0")
    1172                      .dwattr DW$163, DW_AT_location[DW_OP_regx 0x20]
    1173              DW$164  .dwtag  DW_TAG_assign_register, DW_AT_name("AMODE")
    1174                      .dwattr DW$164, DW_AT_location[DW_OP_regx 0x21]
    1175              DW$165  .dwtag  DW_TAG_assign_register, DW_AT_name("IFR")
    1176                      .dwattr DW$165, DW_AT_location[DW_OP_regx 0x22]
    1177              DW$166  .dwtag  DW_TAG_assign_register, DW_AT_name("IER")
    1178                      .dwattr DW$166, DW_AT_location[DW_OP_regx 0x23]
    1179              DW$167  .dwtag  DW_TAG_assign_register, DW_AT_name("IER")
    1180                      .dwattr DW$167, DW_AT_location[DW_OP_regx 0x24]
    1181              DW$168  .dwtag  DW_TAG_assign_register, DW_AT_name("PSEUDO")
    1182                      .dwattr DW$168, DW_AT_location[DW_OP_regx 0x25]
    1183              DW$169  .dwtag  DW_TAG_assign_register, DW_AT_name("PSEUDOH")
    1184                      .dwattr DW$169, DW_AT_location[DW_OP_regx 0x26]
    1185              DW$170  .dwtag  DW_TAG_assign_register, DW_AT_name("VOL")
    1186                      .dwattr DW$170, DW_AT_location[DW_OP_regx 0x27]
    1187              DW$171  .dwtag  DW_TAG_assign_register, DW_AT_name("CIE_RETA")
    1188                      .dwattr DW$171, DW_AT_location[DW_OP_regx 0x28]
    1189                      .dwendtag DW$CU
    1190              

No Assembly Errors, No Assembly Warnings
