TMS320C2000 COFF Assembler PC v4.1.3 Thu Oct 20 16:55:55 2011

Tools Copyright (c) 1996-2006 Texas Instruments Incorporated
C:\DOCUME~1\ADMINI~1\LOCALS~1\Temp\TI0442                            PAGE    1

       1              ;***************************************************************
       2              ;* TMS320C2000 C/C++ Codegen                         PC v4.1.3 *
       3              ;* Date/Time created: Thu Oct 20 16:55:55 2011                 *
       4              ;***************************************************************
       5                      .compiler_opts --mem_model:code=flat --mem_model:data=large --silicon_version=28 
       6        0002  FP      .set    XAR2
       7              
       8              DW$CU   .dwtag  DW_TAG_compile_unit
       9                      .dwattr DW$CU, DW_AT_name("app_USBmod_fun.c")
      10                      .dwattr DW$CU, DW_AT_producer("TMS320C2000 C/C++ Codegen PC v4.1.3 Copyright (c) 1996-2006 Texas Inst
      11                      .dwattr DW$CU, DW_AT_stmt_list(0x00)
      12                      .dwattr DW$CU, DW_AT_TI_VERSION(0x01)
      13              ;**************************************************************
      14              ;* CINIT RECORDS                                              *
      15              ;**************************************************************
      16 00000000               .sect   ".cinit"
      17                      .align  1
      18 00000000 FFFF          .field          -1,16
      19 00000001 0000-         .field          _m_usb_main_task_pro+0,32
         00000002 0000 
      20 00000003 00BE          .field          190,16                  ; _m_usb_main_task_pro @ 0
      21              
      22              
      23              DW$1    .dwtag  DW_TAG_subprogram, DW_AT_name("app_USBmod_window_creat"), DW_AT_symbol_name("_app_USBmod_wind
      24                      .dwattr DW$1, DW_AT_declaration(0x01)
      25                      .dwattr DW$1, DW_AT_external(0x01)
      26              
      27              DW$2    .dwtag  DW_TAG_subprogram, DW_AT_name("app_module_pos_name_set"), DW_AT_symbol_name("_app_module_pos_
      28                      .dwattr DW$2, DW_AT_declaration(0x01)
      29                      .dwattr DW$2, DW_AT_external(0x01)
      30              DW$3    .dwtag  DW_TAG_formal_parameter, DW_AT_type(*DW$T$29)
      31                      .dwendtag DW$2
      32              
      33              
      34              DW$4    .dwtag  DW_TAG_subprogram, DW_AT_name("app_hzlib_updata_entery"), DW_AT_symbol_name("_app_hzlib_updat
      35                      .dwattr DW$4, DW_AT_declaration(0x01)
      36                      .dwattr DW$4, DW_AT_external(0x01)
      37              DW$5    .dwtag  DW_TAG_formal_parameter, DW_AT_type(*DW$T$6)
      38                      .dwendtag DW$4
      39              
      40              
      41              DW$6    .dwtag  DW_TAG_subprogram, DW_AT_name("OSTimeDly"), DW_AT_symbol_name("_OSTimeDly")
      42                      .dwattr DW$6, DW_AT_declaration(0x01)
      43                      .dwattr DW$6, DW_AT_external(0x01)
      44              DW$7    .dwtag  DW_TAG_formal_parameter, DW_AT_type(*DW$T$21)
      45                      .dwendtag DW$6
      46              
      47              
      48              DW$8    .dwtag  DW_TAG_subprogram, DW_AT_name("app_module_assign_mod"), DW_AT_symbol_name("_app_module_assign
      49                      .dwattr DW$8, DW_AT_declaration(0x01)
      50                      .dwattr DW$8, DW_AT_external(0x01)
      51              DW$9    .dwtag  DW_TAG_formal_parameter, DW_AT_type(*DW$T$19)
      52                      .dwendtag DW$8
      53              
      54              
TMS320C2000 COFF Assembler PC v4.1.3 Thu Oct 20 16:55:55 2011

Tools Copyright (c) 1996-2006 Texas Instruments Incorporated
C:\DOCUME~1\ADMINI~1\LOCALS~1\Temp\TI0442                            PAGE    2

      55              DW$10   .dwtag  DW_TAG_subprogram, DW_AT_name("app_USBmod_window_destroy"), DW_AT_symbol_name("_app_USBmod_wi
      56                      .dwattr DW$10, DW_AT_type(*DW$T$10)
      57                      .dwattr DW$10, DW_AT_declaration(0x01)
      58                      .dwattr DW$10, DW_AT_external(0x01)
      59              
      60              DW$11   .dwtag  DW_TAG_subprogram, DW_AT_name("os_task_assign_stk_build"), DW_AT_symbol_name("_os_task_assign
      61                      .dwattr DW$11, DW_AT_type(*DW$T$6)
      62                      .dwattr DW$11, DW_AT_declaration(0x01)
      63                      .dwattr DW$11, DW_AT_external(0x01)
      64              DW$12   .dwtag  DW_TAG_formal_parameter, DW_AT_type(*DW$T$25)
      65              DW$13   .dwtag  DW_TAG_formal_parameter, DW_AT_type(*DW$T$19)
      66                      .dwendtag DW$11
      67              
      68              
      69              DW$14   .dwtag  DW_TAG_subprogram, DW_AT_name("OSTaskDelReq"), DW_AT_symbol_name("_OSTaskDelReq")
      70                      .dwattr DW$14, DW_AT_type(*DW$T$36)
      71                      .dwattr DW$14, DW_AT_declaration(0x01)
      72                      .dwattr DW$14, DW_AT_external(0x01)
      73              DW$15   .dwtag  DW_TAG_formal_parameter, DW_AT_type(*DW$T$36)
      74                      .dwendtag DW$14
      75              
      76              
      77              DW$16   .dwtag  DW_TAG_subprogram, DW_AT_name("os_task_delete"), DW_AT_symbol_name("_os_task_delete")
      78                      .dwattr DW$16, DW_AT_type(*DW$T$6)
      79                      .dwattr DW$16, DW_AT_declaration(0x01)
      80                      .dwattr DW$16, DW_AT_external(0x01)
      81              DW$17   .dwtag  DW_TAG_formal_parameter, DW_AT_type(*DW$T$6)
      82                      .dwendtag DW$16
      83              
      84              
      85              DW$18   .dwtag  DW_TAG_subprogram, DW_AT_name("app_global_key_obtain"), DW_AT_symbol_name("_app_global_key_ob
      86                      .dwattr DW$18, DW_AT_type(*DW$T$6)
      87                      .dwattr DW$18, DW_AT_declaration(0x01)
      88                      .dwattr DW$18, DW_AT_external(0x01)
      89              DW$19   .dwtag  DW_TAG_formal_parameter, DW_AT_type(*DW$T$45)
      90              DW$20   .dwtag  DW_TAG_formal_parameter, DW_AT_type(*DW$T$19)
      91                      .dwendtag DW$18
      92              
      93              
      94              DW$21   .dwtag  DW_TAG_subprogram, DW_AT_name("os_task_name_set"), DW_AT_symbol_name("_os_task_name_set")
      95                      .dwattr DW$21, DW_AT_type(*DW$T$6)
      96                      .dwattr DW$21, DW_AT_declaration(0x01)
      97                      .dwattr DW$21, DW_AT_external(0x01)
      98              DW$22   .dwtag  DW_TAG_formal_parameter, DW_AT_type(*DW$T$6)
      99              DW$23   .dwtag  DW_TAG_formal_parameter, DW_AT_type(*DW$T$29)
     100                      .dwendtag DW$21
     101              
     102              
     103              DW$24   .dwtag  DW_TAG_subprogram, DW_AT_name("app_USBmod_search_window_creat"), DW_AT_symbol_name("_app_USBm
     104                      .dwattr DW$24, DW_AT_type(*DW$T$48)
     105                      .dwattr DW$24, DW_AT_declaration(0x01)
     106                      .dwattr DW$24, DW_AT_external(0x01)
     107                      .global _m_usb_main_task_pro
     108 00000000       _m_usb_main_task_pro:   .usect  ".ebss",1,1,0
     109              DW$25   .dwtag  DW_TAG_variable, DW_AT_name("m_usb_main_task_pro"), DW_AT_symbol_name("_m_usb_main_task_pro")
TMS320C2000 COFF Assembler PC v4.1.3 Thu Oct 20 16:55:55 2011

Tools Copyright (c) 1996-2006 Texas Instruments Incorporated
C:\DOCUME~1\ADMINI~1\LOCALS~1\Temp\TI0442                            PAGE    3

     110                      .dwattr DW$25, DW_AT_location[DW_OP_addr _m_usb_main_task_pro]
     111                      .dwattr DW$25, DW_AT_type(*DW$T$6)
     112                      .dwattr DW$25, DW_AT_external(0x01)
     113              DW$26   .dwtag  DW_TAG_variable, DW_AT_name("g_module_id_array"), DW_AT_symbol_name("_g_module_id_array")
     114                      .dwattr DW$26, DW_AT_type(*DW$T$53)
     115                      .dwattr DW$26, DW_AT_declaration(0x01)
     116                      .dwattr DW$26, DW_AT_external(0x01)
     117              ;       C:\CCStudio_v3.3\C2000\cgtools\bin\ac2000.exe -@C:\DOCUME~1\ADMINI~1\LOCALS~1\Temp\TI0444 
     118 00000000               .sect   ".text"
     119                      .global _app_USBmod_main_task
     120              
     121              DW$27   .dwtag  DW_TAG_subprogram, DW_AT_name("app_USBmod_main_task"), DW_AT_symbol_name("_app_USBmod_main_ta
     122                      .dwattr DW$27, DW_AT_low_pc(_app_USBmod_main_task)
     123                      .dwattr DW$27, DW_AT_high_pc(0x00)
     124                      .dwattr DW$27, DW_AT_begin_file("app_USBmod_fun.c")
     125                      .dwattr DW$27, DW_AT_begin_line(0x15)
     126                      .dwattr DW$27, DW_AT_begin_column(0x06)
     127                      .dwpsn  "app_USBmod_fun.c",22,1
     128              
     129                      .dwfde DW$CIE
     130              
     131              ;***************************************************************
     132              ;* FNAME: _app_USBmod_main_task         FR SIZE:   4           *
     133              ;*                                                             *
     134              ;* FUNCTION ENVIRONMENT                                        *
     135              ;*                                                             *
     136              ;* FUNCTION PROPERTIES                                         *
     137              ;*                            0 Parameter,  3 Auto,  0 SOE     *
     138              ;***************************************************************
     139              
     140              _app_USBmod_main_task:
     141                      .dwcfa  0x1d, -2
     142                      .dwcfa  0x1c, 26, 0
     143                      .dwcfa  0x09, 40, 26
     144 00000000 FE04          ADDB      SP,#4
     145                      .dwcfa  0x1d, -6
     146              ;* AR4   assigned to _arg
     147              DW$28   .dwtag  DW_TAG_formal_parameter, DW_AT_name("arg"), DW_AT_symbol_name("_arg")
     148                      .dwattr DW$28, DW_AT_type(*DW$T$3)
     149                      .dwattr DW$28, DW_AT_location[DW_OP_reg12]
     150              DW$29   .dwtag  DW_TAG_variable, DW_AT_name("arg"), DW_AT_symbol_name("_arg")
     151                      .dwattr DW$29, DW_AT_type(*DW$T$3)
     152                      .dwattr DW$29, DW_AT_location[DW_OP_breg20 -2]
     153              DW$30   .dwtag  DW_TAG_variable, DW_AT_name("key_buf"), DW_AT_symbol_name("_key_buf")
     154                      .dwattr DW$30, DW_AT_type(*DW$T$6)
     155                      .dwattr DW$30, DW_AT_location[DW_OP_breg20 -3]
     156 00000001 A842          MOVL      *-SP[2],XAR4          ; |22| 
     157                      .dwpsn  "app_USBmod_fun.c",24,2
     158 00000002 7640!         LCR       #_app_USBmod_search_window_creat ; |24| 
         00000003 0000 
     159                      ; call occurs [#_app_USBmod_search_window_creat] ; |24| 
     160 00000004 5200          CMPB      AL,#0                 ; |24| 
     161 00000005 ED06          BF        L1,NEQ                ; |24| 
     162                      ; branchcc occurs ; |24| 
     163                      .dwpsn  "app_USBmod_fun.c",26,3
TMS320C2000 COFF Assembler PC v4.1.3 Thu Oct 20 16:55:55 2011

Tools Copyright (c) 1996-2006 Texas Instruments Incorporated
C:\DOCUME~1\ADMINI~1\LOCALS~1\Temp\TI0442                            PAGE    4

     164 00000006 761F!         MOVW      DP,#_g_module_id_array
         00000007 0000 
     165 00000008 9200!         MOV       AL,@_g_module_id_array ; |26| 
     166 00000009 7640!         LCR       #_app_module_assign_mod ; |26| 
         0000000a 0000 
     167                      ; call occurs [#_app_module_assign_mod] ; |26| 
     168              L1:    
     169                      .dwpsn  "app_USBmod_fun.c",28,2
     170 0000000b 7640!         LCR       #_app_USBmod_window_creat ; |28| 
         0000000c 0000 
     171                      ; call occurs [#_app_USBmod_window_creat] ; |28| 
     172                      .dwpsn  "app_USBmod_fun.c",29,2
     173 0000000d 8F00+         MOVL      XAR4,#FSL1            ; |29| 
         0000000e 0000 
     174 0000000f 7640!         LCR       #_app_module_pos_name_set ; |29| 
         00000010 0000 
     175                      ; call occurs [#_app_module_pos_name_set] ; |29| 
     176                      .dwpsn  "app_USBmod_fun.c",30,10
     177              L2:    
     178              DW$L$_app_USBmod_main_task$4$B:
     179                      .dwpsn  "app_USBmod_fun.c",32,3
     180 00000011 5CAD          MOVZ      AR4,SP                ; |32| 
     181 00000012 9A01          MOVB      AL,#1                 ; |32| 
     182 00000013 DC83          SUBB      XAR4,#3               ; |32| 
     183 00000014 7640!         LCR       #_app_global_key_obtain ; |32| 
         00000015 0000 
     184                      ; call occurs [#_app_global_key_obtain] ; |32| 
     185 00000016 5201          CMPB      AL,#1                 ; |32| 
     186 00000017 ED27          BF        L8,NEQ                ; |32| 
     187                      ; branchcc occurs ; |32| 
     188              DW$L$_app_USBmod_main_task$4$E:
     189              DW$L$_app_USBmod_main_task$5$B:
     190                      .dwpsn  "app_USBmod_fun.c",34,4
     191 00000018 9243          MOV       AL,*-SP[3]            ; |34| 
     192 00000019 521B          CMPB      AL,#27                ; |34| 
     193 0000001a ED07          BF        L3,NEQ                ; |34| 
     194                      ; branchcc occurs ; |34| 
     195              DW$L$_app_USBmod_main_task$5$E:
     196              DW$L$_app_USBmod_main_task$6$B:
     197                      .dwpsn  "app_USBmod_fun.c",36,5
     198 0000001b 761F!         MOVW      DP,#_g_module_id_array
         0000001c 0000 
     199 0000001d 9200!         MOV       AL,@_g_module_id_array ; |36| 
     200 0000001e 7640!         LCR       #_app_module_assign_mod ; |36| 
         0000001f 0000 
     201                      ; call occurs [#_app_module_assign_mod] ; |36| 
     202                      .dwpsn  "app_USBmod_fun.c",37,4
     203 00000020 6F1E          B         L8,UNC                ; |37| 
     204                      ; branch occurs ; |37| 
     205              DW$L$_app_USBmod_main_task$6$E:
     206              L3:    
     207              DW$L$_app_USBmod_main_task$7$B:
     208                      .dwpsn  "app_USBmod_fun.c",38,9
     209 00000021 5213          CMPB      AL,#19                ; |38| 
     210 00000022 EC09          BF        L4,EQ                 ; |38| 
TMS320C2000 COFF Assembler PC v4.1.3 Thu Oct 20 16:55:55 2011

Tools Copyright (c) 1996-2006 Texas Instruments Incorporated
C:\DOCUME~1\ADMINI~1\LOCALS~1\Temp\TI0442                            PAGE    5

     211                      ; branchcc occurs ; |38| 
     212 00000023       DW$L$_app_USBmod_main_task$7$E:
     213 00000023       DW$L$_app_USBmod_main_task$8$B:
     214 00000023 5203          CMPB      AL,#3                 ; |38| 
     215 00000024 EC07          BF        L4,EQ                 ; |38| 
     216                      ; branchcc occurs ; |38| 
     217 00000025       DW$L$_app_USBmod_main_task$8$E:
     218 00000025       DW$L$_app_USBmod_main_task$9$B:
     219 00000025 5209          CMPB      AL,#9                 ; |38| 
     220 00000026 EC05          BF        L4,EQ                 ; |38| 
     221                      ; branchcc occurs ; |38| 
     222 00000027       DW$L$_app_USBmod_main_task$9$E:
     223 00000027       DW$L$_app_USBmod_main_task$10$B:
     224 00000027 520F          CMPB      AL,#15                ; |38| 
     225 00000028 EC03          BF        L4,EQ                 ; |38| 
     226                      ; branchcc occurs ; |38| 
     227 00000029       DW$L$_app_USBmod_main_task$10$E:
     228 00000029       DW$L$_app_USBmod_main_task$11$B:
     229 00000029 5208          CMPB      AL,#8                 ; |38| 
     230 0000002a ED14          BF        L7,NEQ                ; |38| 
     231                      ; branchcc occurs ; |38| 
     232              DW$L$_app_USBmod_main_task$11$E:
     233              L4:    
     234              DW$L$_app_USBmod_main_task$12$B:
     235                      .dwpsn  "app_USBmod_fun.c",42,5
     236 0000002b 7640!         LCR       #_app_USBmod_window_destroy ; |42| 
         0000002c 0000 
     237                      ; call occurs [#_app_USBmod_window_destroy] ; |42| 
     238                      .dwpsn  "app_USBmod_fun.c",43,5
     239 0000002d 9243          MOV       AL,*-SP[3]            ; |43| 
     240 0000002e 7640!         LCR       #_app_hzlib_updata_entery ; |43| 
         0000002f 0000 
     241                      ; call occurs [#_app_hzlib_updata_entery] ; |43| 
     242                      .dwpsn  "app_USBmod_fun.c",44,5
     243 00000030 6F04          B         L6,UNC                ; |44| 
     244                      ; branch occurs ; |44| 
     245              DW$L$_app_USBmod_main_task$12$E:
     246              L5:    
     247              DW$L$_app_USBmod_main_task$13$B:
     248                      .dwpsn  "app_USBmod_fun.c",46,6
     249 00000031 9A03          MOVB      AL,#3                 ; |46| 
     250 00000032 7640!         LCR       #_OSTimeDly           ; |46| 
         00000033 0000 
     251                      ; call occurs [#_OSTimeDly] ; |46| 
     252              DW$L$_app_USBmod_main_task$13$E:
     253              L6:    
     254              DW$L$_app_USBmod_main_task$14$B:
     255                      .dwpsn  "app_USBmod_fun.c",44,13
     256 00000034 5CAD          MOVZ      AR4,SP                ; |44| 
     257 00000035 9A01          MOVB      AL,#1                 ; |44| 
     258 00000036 DC83          SUBB      XAR4,#3               ; |44| 
     259 00000037 7640!         LCR       #_app_global_key_obtain ; |44| 
         00000038 0000 
     260                      ; call occurs [#_app_global_key_obtain] ; |44| 
     261 00000039 5201          CMPB      AL,#1                 ; |44| 
TMS320C2000 COFF Assembler PC v4.1.3 Thu Oct 20 16:55:55 2011

Tools Copyright (c) 1996-2006 Texas Instruments Incorporated
C:\DOCUME~1\ADMINI~1\LOCALS~1\Temp\TI0442                            PAGE    6

     262 0000003a EDF7          BF        L5,NEQ                ; |44| 
     263                      ; branchcc occurs ; |44| 
     264              DW$L$_app_USBmod_main_task$14$E:
     265              DW$L$_app_USBmod_main_task$15$B:
     266                      .dwpsn  "app_USBmod_fun.c",48,5
     267 0000003b 7640!         LCR       #_app_USBmod_window_creat ; |48| 
         0000003c 0000 
     268                      ; call occurs [#_app_USBmod_window_creat] ; |48| 
     269                      .dwpsn  "app_USBmod_fun.c",49,4
     270 0000003d 6F01          B         L8,UNC                ; |49| 
     271                      ; branch occurs ; |49| 
     272              DW$L$_app_USBmod_main_task$15$E:
     273              L7:    
     274              DW$L$_app_USBmod_main_task$16$B:
     275                      .dwpsn  "app_USBmod_fun.c",50,9
     276              DW$L$_app_USBmod_main_task$16$E:
     277              L8:    
     278              DW$L$_app_USBmod_main_task$17$B:
     279                      .dwpsn  "app_USBmod_fun.c",54,3
     280 0000003e 9AFF          MOVB      AL,#255               ; |54| 
     281 0000003f 7640!         LCR       #_OSTaskDelReq        ; |54| 
         00000040 0000 
     282                      ; call occurs [#_OSTaskDelReq] ; |54| 
     283 00000041 523F          CMPB      AL,#63                ; |54| 
     284 00000042 ED04          BF        L9,NEQ                ; |54| 
     285                      ; branchcc occurs ; |54| 
     286 00000043       DW$L$_app_USBmod_main_task$17$E:
     287 00000043       DW$L$_app_USBmod_main_task$18$B:
     288 00000043 9AFF          MOVB      AL,#255               ; |54| 
     289 00000044 7640!         LCR       #_os_task_delete      ; |54| 
         00000045 0000 
     290                      ; call occurs [#_os_task_delete] ; |54| 
     291              DW$L$_app_USBmod_main_task$18$E:
     292              L9:    
     293              DW$L$_app_USBmod_main_task$19$B:
     294                      .dwpsn  "app_USBmod_fun.c",55,3
     295 00000046 9A03          MOVB      AL,#3                 ; |55| 
     296 00000047 7640!         LCR       #_OSTimeDly           ; |55| 
         00000048 0000 
     297                      ; call occurs [#_OSTimeDly] ; |55| 
     298                      .dwpsn  "app_USBmod_fun.c",30,10
     299 00000049 6FC8          B         L2,UNC                ; |30| 
     300                      ; branch occurs ; |30| 
     301              DW$L$_app_USBmod_main_task$19$E:
     302                      .dwcfa  0x1d, -2
     303              
     304              DW$31   .dwtag  DW_TAG_loop
     305                      .dwattr DW$31, DW_AT_name("C:\DOCUME~1\ADMINI~1\LOCALS~1\Temp\TI0442:L2:1:1319100955")
     306                      .dwattr DW$31, DW_AT_begin_file("app_USBmod_fun.c")
     307                      .dwattr DW$31, DW_AT_begin_line(0x1e)
     308                      .dwattr DW$31, DW_AT_end_line(0x38)
     309              DW$32   .dwtag  DW_TAG_loop_range
     310                      .dwattr DW$32, DW_AT_low_pc(DW$L$_app_USBmod_main_task$4$B)
     311                      .dwattr DW$32, DW_AT_high_pc(DW$L$_app_USBmod_main_task$4$E)
     312              DW$33   .dwtag  DW_TAG_loop_range
TMS320C2000 COFF Assembler PC v4.1.3 Thu Oct 20 16:55:55 2011

Tools Copyright (c) 1996-2006 Texas Instruments Incorporated
C:\DOCUME~1\ADMINI~1\LOCALS~1\Temp\TI0442                            PAGE    7

     313                      .dwattr DW$33, DW_AT_low_pc(DW$L$_app_USBmod_main_task$7$B)
     314                      .dwattr DW$33, DW_AT_high_pc(DW$L$_app_USBmod_main_task$7$E)
     315              DW$34   .dwtag  DW_TAG_loop_range
     316                      .dwattr DW$34, DW_AT_low_pc(DW$L$_app_USBmod_main_task$8$B)
     317                      .dwattr DW$34, DW_AT_high_pc(DW$L$_app_USBmod_main_task$8$E)
     318              DW$35   .dwtag  DW_TAG_loop_range
     319                      .dwattr DW$35, DW_AT_low_pc(DW$L$_app_USBmod_main_task$9$B)
     320                      .dwattr DW$35, DW_AT_high_pc(DW$L$_app_USBmod_main_task$9$E)
     321              DW$36   .dwtag  DW_TAG_loop_range
     322                      .dwattr DW$36, DW_AT_low_pc(DW$L$_app_USBmod_main_task$10$B)
     323                      .dwattr DW$36, DW_AT_high_pc(DW$L$_app_USBmod_main_task$10$E)
     324              DW$37   .dwtag  DW_TAG_loop_range
     325                      .dwattr DW$37, DW_AT_low_pc(DW$L$_app_USBmod_main_task$11$B)
     326                      .dwattr DW$37, DW_AT_high_pc(DW$L$_app_USBmod_main_task$11$E)
     327              DW$38   .dwtag  DW_TAG_loop_range
     328                      .dwattr DW$38, DW_AT_low_pc(DW$L$_app_USBmod_main_task$12$B)
     329                      .dwattr DW$38, DW_AT_high_pc(DW$L$_app_USBmod_main_task$12$E)
     330              DW$39   .dwtag  DW_TAG_loop_range
     331                      .dwattr DW$39, DW_AT_low_pc(DW$L$_app_USBmod_main_task$5$B)
     332                      .dwattr DW$39, DW_AT_high_pc(DW$L$_app_USBmod_main_task$5$E)
     333              DW$40   .dwtag  DW_TAG_loop_range
     334                      .dwattr DW$40, DW_AT_low_pc(DW$L$_app_USBmod_main_task$6$B)
     335                      .dwattr DW$40, DW_AT_high_pc(DW$L$_app_USBmod_main_task$6$E)
     336              DW$41   .dwtag  DW_TAG_loop_range
     337                      .dwattr DW$41, DW_AT_low_pc(DW$L$_app_USBmod_main_task$15$B)
     338                      .dwattr DW$41, DW_AT_high_pc(DW$L$_app_USBmod_main_task$15$E)
     339              DW$42   .dwtag  DW_TAG_loop_range
     340                      .dwattr DW$42, DW_AT_low_pc(DW$L$_app_USBmod_main_task$16$B)
     341                      .dwattr DW$42, DW_AT_high_pc(DW$L$_app_USBmod_main_task$16$E)
     342              DW$43   .dwtag  DW_TAG_loop_range
     343                      .dwattr DW$43, DW_AT_low_pc(DW$L$_app_USBmod_main_task$17$B)
     344                      .dwattr DW$43, DW_AT_high_pc(DW$L$_app_USBmod_main_task$17$E)
     345              DW$44   .dwtag  DW_TAG_loop_range
     346                      .dwattr DW$44, DW_AT_low_pc(DW$L$_app_USBmod_main_task$18$B)
     347                      .dwattr DW$44, DW_AT_high_pc(DW$L$_app_USBmod_main_task$18$E)
     348              DW$45   .dwtag  DW_TAG_loop_range
     349                      .dwattr DW$45, DW_AT_low_pc(DW$L$_app_USBmod_main_task$19$B)
     350                      .dwattr DW$45, DW_AT_high_pc(DW$L$_app_USBmod_main_task$19$E)
     351              
     352              DW$46   .dwtag  DW_TAG_loop
     353                      .dwattr DW$46, DW_AT_name("C:\DOCUME~1\ADMINI~1\LOCALS~1\Temp\TI0442:L6:2:1319100955")
     354                      .dwattr DW$46, DW_AT_begin_file("app_USBmod_fun.c")
     355                      .dwattr DW$46, DW_AT_begin_line(0x2c)
     356                      .dwattr DW$46, DW_AT_end_line(0x2e)
     357              DW$47   .dwtag  DW_TAG_loop_range
     358                      .dwattr DW$47, DW_AT_low_pc(DW$L$_app_USBmod_main_task$14$B)
     359                      .dwattr DW$47, DW_AT_high_pc(DW$L$_app_USBmod_main_task$14$E)
     360              DW$48   .dwtag  DW_TAG_loop_range
     361                      .dwattr DW$48, DW_AT_low_pc(DW$L$_app_USBmod_main_task$13$B)
     362                      .dwattr DW$48, DW_AT_high_pc(DW$L$_app_USBmod_main_task$13$E)
     363                      .dwendtag DW$46
     364              
     365                      .dwendtag DW$31
     366              
     367                      .dwattr DW$27, DW_AT_end_file("app_USBmod_fun.c")
TMS320C2000 COFF Assembler PC v4.1.3 Thu Oct 20 16:55:55 2011

Tools Copyright (c) 1996-2006 Texas Instruments Incorporated
C:\DOCUME~1\ADMINI~1\LOCALS~1\Temp\TI0442                            PAGE    8

     368                      .dwattr DW$27, DW_AT_end_line(0x39)
     369                      .dwattr DW$27, DW_AT_end_column(0x01)
     370                      .dwendentry
     371                      .dwendtag DW$27
     372              
     373 0000004a               .sect   ".text"
     374                      .global _app_USBmod_fun_entry
     375              
     376              DW$49   .dwtag  DW_TAG_subprogram, DW_AT_name("app_USBmod_fun_entry"), DW_AT_symbol_name("_app_USBmod_fun_ent
     377                      .dwattr DW$49, DW_AT_low_pc(_app_USBmod_fun_entry)
     378                      .dwattr DW$49, DW_AT_high_pc(0x00)
     379                      .dwattr DW$49, DW_AT_begin_file("app_USBmod_fun.c")
     380                      .dwattr DW$49, DW_AT_begin_line(0x42)
     381                      .dwattr DW$49, DW_AT_begin_column(0x06)
     382                      .dwpsn  "app_USBmod_fun.c",67,1
     383              
     384                      .dwfde DW$CIE
     385              
     386              ;***************************************************************
     387              ;* FNAME: _app_USBmod_fun_entry         FR SIZE:   0           *
     388              ;*                                                             *
     389              ;* FUNCTION ENVIRONMENT                                        *
     390              ;*                                                             *
     391              ;* FUNCTION PROPERTIES                                         *
     392              ;*                            0 Parameter,  0 Auto,  0 SOE     *
     393              ;***************************************************************
     394              
     395              _app_USBmod_fun_entry:
     396                      .dwcfa  0x1d, -2
     397                      .dwcfa  0x1c, 26, 0
     398                      .dwcfa  0x09, 40, 26
     399                      .dwpsn  "app_USBmod_fun.c",68,2
     400 0000004a 9A06          MOVB      AL,#6                 ; |68| 
     401 0000004b 8F00'         MOVL      XAR4,#_app_USBmod_main_task ; |68| 
         0000004c 0000 
     402 0000004d 7640!         LCR       #_os_task_assign_stk_build ; |68| 
         0000004e 0000 
     403                      ; call occurs [#_os_task_assign_stk_build] ; |68| 
     404 0000004f 761F-         MOVW      DP,#_m_usb_main_task_pro
         00000050 0000 
     405 00000051 9600-         MOV       @_m_usb_main_task_pro,AL ; |68| 
     406                      .dwpsn  "app_USBmod_fun.c",70,2
     407 00000052 8F00+         MOVL      XAR4,#FSL2            ; |70| 
         00000053 0012 
     408 00000054 7640!         LCR       #_os_task_name_set    ; |70| 
         00000055 0000 
     409                      ; call occurs [#_os_task_name_set] ; |70| 
     410                      .dwpsn  "app_USBmod_fun.c",71,2
     411                      .dwpsn  "app_USBmod_fun.c",72,1
     412 00000056 0006          LRETR
     413                      ; return occurs
     414                      .dwattr DW$49, DW_AT_end_file("app_USBmod_fun.c")
     415                      .dwattr DW$49, DW_AT_end_line(0x48)
     416                      .dwattr DW$49, DW_AT_end_column(0x01)
     417                      .dwendentry
TMS320C2000 COFF Assembler PC v4.1.3 Thu Oct 20 16:55:55 2011

Tools Copyright (c) 1996-2006 Texas Instruments Incorporated
C:\DOCUME~1\ADMINI~1\LOCALS~1\Temp\TI0442                            PAGE    9

     418                      .dwendtag DW$49
     419              
     420 00000057               .sect   ".text"
     421                      .global _app_USBmod_fun_exit
     422              
     423              DW$50   .dwtag  DW_TAG_subprogram, DW_AT_name("app_USBmod_fun_exit"), DW_AT_symbol_name("_app_USBmod_fun_exit
     424                      .dwattr DW$50, DW_AT_low_pc(_app_USBmod_fun_exit)
     425                      .dwattr DW$50, DW_AT_high_pc(0x00)
     426                      .dwattr DW$50, DW_AT_begin_file("app_USBmod_fun.c")
     427                      .dwattr DW$50, DW_AT_begin_line(0x51)
     428                      .dwattr DW$50, DW_AT_begin_column(0x06)
     429                      .dwpsn  "app_USBmod_fun.c",82,1
     430              
     431                      .dwfde DW$CIE
     432              
     433              ;***************************************************************
     434              ;* FNAME: _app_USBmod_fun_exit          FR SIZE:   0           *
     435              ;*                                                             *
     436              ;* FUNCTION ENVIRONMENT                                        *
     437              ;*                                                             *
     438              ;* FUNCTION PROPERTIES                                         *
     439              ;*                            0 Parameter,  0 Auto,  0 SOE     *
     440              ;***************************************************************
     441              
     442              _app_USBmod_fun_exit:
     443                      .dwcfa  0x1d, -2
     444                      .dwcfa  0x1c, 26, 0
     445                      .dwcfa  0x09, 40, 26
     446                      .dwpsn  "app_USBmod_fun.c",83,2
     447 00000057 761F-         MOVW      DP,#_m_usb_main_task_pro
         00000058 0000 
     448 00000059 9200-         MOV       AL,@_m_usb_main_task_pro ; |83| 
     449 0000005a 52BE          CMPB      AL,#190               ; |83| 
     450 0000005b EC07          BF        L10,EQ                ; |83| 
     451                      ; branchcc occurs ; |83| 
     452                      .dwpsn  "app_USBmod_fun.c",85,3
     453 0000005c 7640!         LCR       #_os_task_delete      ; |85| 
         0000005d 0000 
     454                      ; call occurs [#_os_task_delete] ; |85| 
     455                      .dwpsn  "app_USBmod_fun.c",86,3
     456 0000005e 761F-         MOVW      DP,#_m_usb_main_task_pro
         0000005f 0000 
     457 00000060 2800-         MOV       @_m_usb_main_task_pro,#190 ; |86| 
         00000061 00BE 
     458                      .dwpsn  "app_USBmod_fun.c",88,2
     459              L10:    
     460                      .dwpsn  "app_USBmod_fun.c",89,1
     461 00000062 0006          LRETR
     462                      ; return occurs
     463                      .dwattr DW$50, DW_AT_end_file("app_USBmod_fun.c")
     464                      .dwattr DW$50, DW_AT_end_line(0x59)
     465                      .dwattr DW$50, DW_AT_end_column(0x01)
     466                      .dwendentry
     467                      .dwendtag DW$50
     468              
TMS320C2000 COFF Assembler PC v4.1.3 Thu Oct 20 16:55:55 2011

Tools Copyright (c) 1996-2006 Texas Instruments Incorporated
C:\DOCUME~1\ADMINI~1\LOCALS~1\Temp\TI0442                            PAGE   10

     469              ;***************************************************************
     470              ;* FAR STRINGS                                                 *
     471              ;***************************************************************
     472 00000000               .sect   ".econst"
     473                      .align  2
     474 00000000 0055  FSL1:   .string "USBmod main task",0
         00000001 0053 
         00000002 0042 
         00000003 006D 
         00000004 006F 
         00000005 0064 
         00000006 0020 
         00000007 006D 
         00000008 0061 
         00000009 0069 
         0000000a 006E 
         0000000b 0020 
         0000000c 0074 
         0000000d 0061 
         0000000e 0073 
         0000000f 006B 
         00000010 0000 
     475                      .align  2
     476 00000012 0055  FSL2:   .string "UT",0
         00000013 0054 
         00000014 0000 
     477              ;***************************************************************
     478              ;* UNDEFINED EXTERNAL REFERENCES                               *
     479              ;***************************************************************
     480                      .global _app_USBmod_window_creat
     481                      .global _app_module_pos_name_set
     482                      .global _app_hzlib_updata_entery
     483                      .global _OSTimeDly
     484                      .global _app_module_assign_mod
     485                      .global _app_USBmod_window_destroy
     486                      .global _os_task_assign_stk_build
     487                      .global _OSTaskDelReq
     488                      .global _os_task_delete
     489                      .global _app_global_key_obtain
     490                      .global _os_task_name_set
     491                      .global _app_USBmod_search_window_creat
     492                      .global _g_module_id_array
     493              
     494              ;***************************************************************
     495              ;* TYPE INFORMATION                                            *
     496              ;***************************************************************
     497              DW$T$3  .dwtag  DW_TAG_pointer_type
     498                      .dwattr DW$T$3, DW_AT_address_class(0x16)
     499              
     500              DW$T$22 .dwtag  DW_TAG_subroutine_type
     501                      .dwattr DW$T$22, DW_AT_language(DW_LANG_C)
     502              DW$51   .dwtag  DW_TAG_formal_parameter, DW_AT_type(*DW$T$21)
     503                      .dwendtag DW$T$22
     504              
     505              
TMS320C2000 COFF Assembler PC v4.1.3 Thu Oct 20 16:55:55 2011

Tools Copyright (c) 1996-2006 Texas Instruments Incorporated
C:\DOCUME~1\ADMINI~1\LOCALS~1\Temp\TI0442                            PAGE   11

     506              DW$T$24 .dwtag  DW_TAG_subroutine_type
     507                      .dwattr DW$T$24, DW_AT_language(DW_LANG_C)
     508              DW$52   .dwtag  DW_TAG_formal_parameter, DW_AT_type(*DW$T$3)
     509                      .dwendtag DW$T$24
     510              
     511              DW$T$25 .dwtag  DW_TAG_pointer_type, DW_AT_type(*DW$T$24)
     512                      .dwattr DW$T$25, DW_AT_address_class(0x16)
     513              
     514              DW$T$26 .dwtag  DW_TAG_subroutine_type
     515                      .dwattr DW$T$26, DW_AT_language(DW_LANG_C)
     516              DW$53   .dwtag  DW_TAG_formal_parameter, DW_AT_type(*DW$T$19)
     517                      .dwendtag DW$T$26
     518              
     519              
     520              DW$T$30 .dwtag  DW_TAG_subroutine_type
     521                      .dwattr DW$T$30, DW_AT_language(DW_LANG_C)
     522              DW$54   .dwtag  DW_TAG_formal_parameter, DW_AT_type(*DW$T$29)
     523                      .dwendtag DW$T$30
     524              
     525              
     526              DW$T$32 .dwtag  DW_TAG_subroutine_type
     527                      .dwattr DW$T$32, DW_AT_language(DW_LANG_C)
     528              
     529              DW$T$34 .dwtag  DW_TAG_subroutine_type
     530                      .dwattr DW$T$34, DW_AT_language(DW_LANG_C)
     531              DW$55   .dwtag  DW_TAG_formal_parameter, DW_AT_type(*DW$T$6)
     532                      .dwendtag DW$T$34
     533              
     534              DW$T$6  .dwtag  DW_TAG_base_type, DW_AT_name("unsigned char")
     535                      .dwattr DW$T$6, DW_AT_encoding(DW_ATE_unsigned_char)
     536                      .dwattr DW$T$6, DW_AT_byte_size(0x01)
     537              DW$T$36 .dwtag  DW_TAG_typedef, DW_AT_name("INT8U"), DW_AT_type(*DW$T$6)
     538                      .dwattr DW$T$36, DW_AT_language(DW_LANG_C)
     539              
     540              DW$T$37 .dwtag  DW_TAG_subroutine_type, DW_AT_type(*DW$T$36)
     541                      .dwattr DW$T$37, DW_AT_language(DW_LANG_C)
     542              DW$56   .dwtag  DW_TAG_formal_parameter, DW_AT_type(*DW$T$36)
     543                      .dwendtag DW$T$37
     544              
     545              
     546              DW$T$39 .dwtag  DW_TAG_subroutine_type, DW_AT_type(*DW$T$6)
     547                      .dwattr DW$T$39, DW_AT_language(DW_LANG_C)
     548              DW$57   .dwtag  DW_TAG_formal_parameter, DW_AT_type(*DW$T$25)
     549              DW$58   .dwtag  DW_TAG_formal_parameter, DW_AT_type(*DW$T$19)
     550                      .dwendtag DW$T$39
     551              
     552              
     553              DW$T$41 .dwtag  DW_TAG_subroutine_type, DW_AT_type(*DW$T$6)
     554                      .dwattr DW$T$41, DW_AT_language(DW_LANG_C)
     555              DW$59   .dwtag  DW_TAG_formal_parameter, DW_AT_type(*DW$T$6)
     556              DW$60   .dwtag  DW_TAG_formal_parameter, DW_AT_type(*DW$T$29)
     557                      .dwendtag DW$T$41
     558              
     559              
     560              DW$T$43 .dwtag  DW_TAG_subroutine_type, DW_AT_type(*DW$T$6)
TMS320C2000 COFF Assembler PC v4.1.3 Thu Oct 20 16:55:55 2011

Tools Copyright (c) 1996-2006 Texas Instruments Incorporated
C:\DOCUME~1\ADMINI~1\LOCALS~1\Temp\TI0442                            PAGE   12

     561                      .dwattr DW$T$43, DW_AT_language(DW_LANG_C)
     562              DW$61   .dwtag  DW_TAG_formal_parameter, DW_AT_type(*DW$T$6)
     563                      .dwendtag DW$T$43
     564              
     565              DW$T$45 .dwtag  DW_TAG_pointer_type, DW_AT_type(*DW$T$6)
     566                      .dwattr DW$T$45, DW_AT_address_class(0x16)
     567              
     568              DW$T$46 .dwtag  DW_TAG_subroutine_type, DW_AT_type(*DW$T$6)
     569                      .dwattr DW$T$46, DW_AT_language(DW_LANG_C)
     570              DW$62   .dwtag  DW_TAG_formal_parameter, DW_AT_type(*DW$T$45)
     571              DW$63   .dwtag  DW_TAG_formal_parameter, DW_AT_type(*DW$T$19)
     572                      .dwendtag DW$T$46
     573              
     574              DW$T$48 .dwtag  DW_TAG_typedef, DW_AT_name("BOOL"), DW_AT_type(*DW$T$6)
     575                      .dwattr DW$T$48, DW_AT_language(DW_LANG_C)
     576              
     577              DW$T$49 .dwtag  DW_TAG_subroutine_type, DW_AT_type(*DW$T$48)
     578                      .dwattr DW$T$49, DW_AT_language(DW_LANG_C)
     579              DW$T$10 .dwtag  DW_TAG_base_type, DW_AT_name("int")
     580                      .dwattr DW$T$10, DW_AT_encoding(DW_ATE_signed)
     581                      .dwattr DW$T$10, DW_AT_byte_size(0x01)
     582              
     583              DW$T$51 .dwtag  DW_TAG_subroutine_type, DW_AT_type(*DW$T$10)
     584                      .dwattr DW$T$51, DW_AT_language(DW_LANG_C)
     585              DW$T$19 .dwtag  DW_TAG_typedef, DW_AT_name("Bsize_t"), DW_AT_type(*DW$T$11)
     586                      .dwattr DW$T$19, DW_AT_language(DW_LANG_C)
     587              DW$T$21 .dwtag  DW_TAG_typedef, DW_AT_name("INT16U"), DW_AT_type(*DW$T$11)
     588                      .dwattr DW$T$21, DW_AT_language(DW_LANG_C)
     589              DW$T$53 .dwtag  DW_TAG_typedef, DW_AT_name("module_id_t"), DW_AT_type(*DW$T$20)
     590                      .dwattr DW$T$53, DW_AT_language(DW_LANG_C)
     591              DW$T$29 .dwtag  DW_TAG_pointer_type, DW_AT_type(*DW$T$28)
     592                      .dwattr DW$T$29, DW_AT_address_class(0x16)
     593              DW$T$11 .dwtag  DW_TAG_base_type, DW_AT_name("unsigned int")
     594                      .dwattr DW$T$11, DW_AT_encoding(DW_ATE_unsigned)
     595                      .dwattr DW$T$11, DW_AT_byte_size(0x01)
     596              
     597              DW$T$20 .dwtag  DW_TAG_structure_type
     598                      .dwattr DW$T$20, DW_AT_byte_size(0x11)
     599              DW$64   .dwtag  DW_TAG_member, DW_AT_type(*DW$T$19)
     600                      .dwattr DW$64, DW_AT_name("DL_measure_mod_id"), DW_AT_symbol_name("_DL_measure_mod_id")
     601                      .dwattr DW$64, DW_AT_data_member_location[DW_OP_plus_uconst 0x0]
     602                      .dwattr DW$64, DW_AT_accessibility(DW_ACCESS_public)
     603              DW$65   .dwtag  DW_TAG_member, DW_AT_type(*DW$T$19)
     604                      .dwattr DW$65, DW_AT_name("Sys_setup_mod_id"), DW_AT_symbol_name("_Sys_setup_mod_id")
     605                      .dwattr DW$65, DW_AT_data_member_location[DW_OP_plus_uconst 0x1]
     606                      .dwattr DW$65, DW_AT_accessibility(DW_ACCESS_public)
     607              DW$66   .dwtag  DW_TAG_member, DW_AT_type(*DW$T$19)
     608                      .dwattr DW$66, DW_AT_name("USB_mod_id"), DW_AT_symbol_name("_USB_mod_id")
     609                      .dwattr DW$66, DW_AT_data_member_location[DW_OP_plus_uconst 0x2]
     610                      .dwattr DW$66, DW_AT_accessibility(DW_ACCESS_public)
     611              DW$67   .dwtag  DW_TAG_member, DW_AT_type(*DW$T$19)
     612                      .dwattr DW$67, DW_AT_name("RM_mod_id"), DW_AT_symbol_name("_RM_mod_id")
     613                      .dwattr DW$67, DW_AT_data_member_location[DW_OP_plus_uconst 0x3]
     614                      .dwattr DW$67, DW_AT_accessibility(DW_ACCESS_public)
     615              DW$68   .dwtag  DW_TAG_member, DW_AT_type(*DW$T$19)
TMS320C2000 COFF Assembler PC v4.1.3 Thu Oct 20 16:55:55 2011

Tools Copyright (c) 1996-2006 Texas Instruments Incorporated
C:\DOCUME~1\ADMINI~1\LOCALS~1\Temp\TI0442                            PAGE   13

     616                      .dwattr DW$68, DW_AT_name("PC_mod_id"), DW_AT_symbol_name("_PC_mod_id")
     617                      .dwattr DW$68, DW_AT_data_member_location[DW_OP_plus_uconst 0x4]
     618                      .dwattr DW$68, DW_AT_accessibility(DW_ACCESS_public)
     619              DW$69   .dwtag  DW_TAG_member, DW_AT_type(*DW$T$19)
     620                      .dwattr DW$69, DW_AT_name("Help_mod_id"), DW_AT_symbol_name("_Help_mod_id")
     621                      .dwattr DW$69, DW_AT_data_member_location[DW_OP_plus_uconst 0x5]
     622                      .dwattr DW$69, DW_AT_accessibility(DW_ACCESS_public)
     623              DW$70   .dwtag  DW_TAG_member, DW_AT_type(*DW$T$19)
     624                      .dwattr DW$70, DW_AT_name("HZ_input_mod_id"), DW_AT_symbol_name("_HZ_input_mod_id")
     625                      .dwattr DW$70, DW_AT_data_member_location[DW_OP_plus_uconst 0x6]
     626                      .dwattr DW$70, DW_AT_accessibility(DW_ACCESS_public)
     627              DW$71   .dwtag  DW_TAG_member, DW_AT_type(*DW$T$19)
     628                      .dwattr DW$71, DW_AT_name("Err_correct_mod_id"), DW_AT_symbol_name("_Err_correct_mod_id")
     629                      .dwattr DW$71, DW_AT_data_member_location[DW_OP_plus_uconst 0x7]
     630                      .dwattr DW$71, DW_AT_accessibility(DW_ACCESS_public)
     631              DW$72   .dwtag  DW_TAG_member, DW_AT_type(*DW$T$19)
     632                      .dwattr DW$72, DW_AT_name("Wave_mod_id"), DW_AT_symbol_name("_Wave_mod_id")
     633                      .dwattr DW$72, DW_AT_data_member_location[DW_OP_plus_uconst 0x8]
     634                      .dwattr DW$72, DW_AT_accessibility(DW_ACCESS_public)
     635              DW$73   .dwtag  DW_TAG_member, DW_AT_type(*DW$T$19)
     636                      .dwattr DW$73, DW_AT_name("USER_mod_id"), DW_AT_symbol_name("_USER_mod_id")
     637                      .dwattr DW$73, DW_AT_data_member_location[DW_OP_plus_uconst 0x9]
     638                      .dwattr DW$73, DW_AT_accessibility(DW_ACCESS_public)
     639              DW$74   .dwtag  DW_TAG_member, DW_AT_type(*DW$T$19)
     640                      .dwattr DW$74, DW_AT_name("COMR_mod_id"), DW_AT_symbol_name("_COMR_mod_id")
     641                      .dwattr DW$74, DW_AT_data_member_location[DW_OP_plus_uconst 0xa]
     642                      .dwattr DW$74, DW_AT_accessibility(DW_ACCESS_public)
     643              DW$75   .dwtag  DW_TAG_member, DW_AT_type(*DW$T$19)
     644                      .dwattr DW$75, DW_AT_name("WIR_mod_id"), DW_AT_symbol_name("_WIR_mod_id")
     645                      .dwattr DW$75, DW_AT_data_member_location[DW_OP_plus_uconst 0xb]
     646                      .dwattr DW$75, DW_AT_accessibility(DW_ACCESS_public)
     647              DW$76   .dwtag  DW_TAG_member, DW_AT_type(*DW$T$19)
     648                      .dwattr DW$76, DW_AT_name("BB_mod_id"), DW_AT_symbol_name("_BB_mod_id")
     649                      .dwattr DW$76, DW_AT_data_member_location[DW_OP_plus_uconst 0xc]
     650                      .dwattr DW$76, DW_AT_accessibility(DW_ACCESS_public)
     651              DW$77   .dwtag  DW_TAG_member, DW_AT_type(*DW$T$19)
     652                      .dwattr DW$77, DW_AT_name("test_mod_id"), DW_AT_symbol_name("_test_mod_id")
     653                      .dwattr DW$77, DW_AT_data_member_location[DW_OP_plus_uconst 0xd]
     654                      .dwattr DW$77, DW_AT_accessibility(DW_ACCESS_public)
     655              DW$78   .dwtag  DW_TAG_member, DW_AT_type(*DW$T$19)
     656                      .dwattr DW$78, DW_AT_name("SZGL_mod_id"), DW_AT_symbol_name("_SZGL_mod_id")
     657                      .dwattr DW$78, DW_AT_data_member_location[DW_OP_plus_uconst 0xe]
     658                      .dwattr DW$78, DW_AT_accessibility(DW_ACCESS_public)
     659              DW$79   .dwtag  DW_TAG_member, DW_AT_type(*DW$T$19)
     660                      .dwattr DW$79, DW_AT_name("Iout_mod_id"), DW_AT_symbol_name("_Iout_mod_id")
     661                      .dwattr DW$79, DW_AT_data_member_location[DW_OP_plus_uconst 0xf]
     662                      .dwattr DW$79, DW_AT_accessibility(DW_ACCESS_public)
     663              DW$80   .dwtag  DW_TAG_member, DW_AT_type(*DW$T$19)
     664                      .dwattr DW$80, DW_AT_name("start_mod_id"), DW_AT_symbol_name("_start_mod_id")
     665                      .dwattr DW$80, DW_AT_data_member_location[DW_OP_plus_uconst 0x10]
     666                      .dwattr DW$80, DW_AT_accessibility(DW_ACCESS_public)
     667                      .dwendtag DW$T$20
     668              
     669              DW$T$28 .dwtag  DW_TAG_base_type, DW_AT_name("signed char")
     670                      .dwattr DW$T$28, DW_AT_encoding(DW_ATE_signed_char)
TMS320C2000 COFF Assembler PC v4.1.3 Thu Oct 20 16:55:55 2011

Tools Copyright (c) 1996-2006 Texas Instruments Incorporated
C:\DOCUME~1\ADMINI~1\LOCALS~1\Temp\TI0442                            PAGE   14

     671                      .dwattr DW$T$28, DW_AT_byte_size(0x01)
     672              
     673                      .dwattr DW$49, DW_AT_external(0x01)
     674                      .dwattr DW$50, DW_AT_external(0x01)
     675                      .dwattr DW$27, DW_AT_external(0x01)
     676                      .dwattr DW$CU, DW_AT_language(DW_LANG_C)
     677              
     678              ;***************************************************************
     679              ;* DWARF CIE ENTRIES                                           *
     680              ;***************************************************************
     681              
     682              DW$CIE  .dwcie 1, 40
     683                      .dwcfa  0x0c, 20, 0
     684                      .dwcfa  0x07, 0
     685                      .dwcfa  0x07, 1
     686                      .dwcfa  0x07, 2
     687                      .dwcfa  0x07, 3
     688                      .dwcfa  0x07, 4
     689                      .dwcfa  0x07, 5
     690                      .dwcfa  0x08, 6
     691                      .dwcfa  0x08, 7
     692                      .dwcfa  0x08, 8
     693                      .dwcfa  0x08, 9
     694                      .dwcfa  0x08, 10
     695                      .dwcfa  0x08, 11
     696                      .dwcfa  0x07, 12
     697                      .dwcfa  0x07, 13
     698                      .dwcfa  0x07, 14
     699                      .dwcfa  0x07, 15
     700                      .dwcfa  0x07, 16
     701                      .dwcfa  0x07, 17
     702                      .dwcfa  0x07, 18
     703                      .dwcfa  0x07, 19
     704                      .dwcfa  0x07, 20
     705                      .dwcfa  0x07, 21
     706                      .dwcfa  0x07, 22
     707                      .dwcfa  0x07, 23
     708                      .dwcfa  0x07, 24
     709                      .dwcfa  0x07, 25
     710                      .dwcfa  0x07, 26
     711                      .dwcfa  0x08, 27
     712                      .dwcfa  0x07, 28
     713                      .dwcfa  0x07, 29
     714                      .dwcfa  0x07, 30
     715                      .dwcfa  0x07, 31
     716                      .dwcfa  0x07, 32
     717                      .dwcfa  0x07, 33
     718                      .dwcfa  0x07, 34
     719                      .dwcfa  0x07, 35
     720                      .dwcfa  0x07, 36
     721                      .dwcfa  0x07, 37
     722                      .dwcfa  0x07, 38
     723                      .dwcfa  0x07, 39
     724                      .dwcfa  0x07, 40
     725              
TMS320C2000 COFF Assembler PC v4.1.3 Thu Oct 20 16:55:55 2011

Tools Copyright (c) 1996-2006 Texas Instruments Incorporated
C:\DOCUME~1\ADMINI~1\LOCALS~1\Temp\TI0442                            PAGE   15

     726              ;***************************************************************
     727              ;* DWARF REGISTER MAP                                          *
     728              ;***************************************************************
     729              
     730              DW$81   .dwtag  DW_TAG_assign_register, DW_AT_name("AL")
     731                      .dwattr DW$81, DW_AT_location[DW_OP_reg0]
     732              DW$82   .dwtag  DW_TAG_assign_register, DW_AT_name("AH")
     733                      .dwattr DW$82, DW_AT_location[DW_OP_reg1]
     734              DW$83   .dwtag  DW_TAG_assign_register, DW_AT_name("PL")
     735                      .dwattr DW$83, DW_AT_location[DW_OP_reg2]
     736              DW$84   .dwtag  DW_TAG_assign_register, DW_AT_name("PH")
     737                      .dwattr DW$84, DW_AT_location[DW_OP_reg3]
     738              DW$85   .dwtag  DW_TAG_assign_register, DW_AT_name("AR0")
     739                      .dwattr DW$85, DW_AT_location[DW_OP_reg4]
     740              DW$86   .dwtag  DW_TAG_assign_register, DW_AT_name("XAR0")
     741                      .dwattr DW$86, DW_AT_location[DW_OP_reg5]
     742              DW$87   .dwtag  DW_TAG_assign_register, DW_AT_name("AR1")
     743                      .dwattr DW$87, DW_AT_location[DW_OP_reg6]
     744              DW$88   .dwtag  DW_TAG_assign_register, DW_AT_name("XAR1")
     745                      .dwattr DW$88, DW_AT_location[DW_OP_reg7]
     746              DW$89   .dwtag  DW_TAG_assign_register, DW_AT_name("AR2")
     747                      .dwattr DW$89, DW_AT_location[DW_OP_reg8]
     748              DW$90   .dwtag  DW_TAG_assign_register, DW_AT_name("XAR2")
     749                      .dwattr DW$90, DW_AT_location[DW_OP_reg9]
     750              DW$91   .dwtag  DW_TAG_assign_register, DW_AT_name("AR3")
     751                      .dwattr DW$91, DW_AT_location[DW_OP_reg10]
     752              DW$92   .dwtag  DW_TAG_assign_register, DW_AT_name("XAR3")
     753                      .dwattr DW$92, DW_AT_location[DW_OP_reg11]
     754              DW$93   .dwtag  DW_TAG_assign_register, DW_AT_name("AR4")
     755                      .dwattr DW$93, DW_AT_location[DW_OP_reg12]
     756              DW$94   .dwtag  DW_TAG_assign_register, DW_AT_name("XAR4")
     757                      .dwattr DW$94, DW_AT_location[DW_OP_reg13]
     758              DW$95   .dwtag  DW_TAG_assign_register, DW_AT_name("AR5")
     759                      .dwattr DW$95, DW_AT_location[DW_OP_reg14]
     760              DW$96   .dwtag  DW_TAG_assign_register, DW_AT_name("XAR5")
     761                      .dwattr DW$96, DW_AT_location[DW_OP_reg15]
     762              DW$97   .dwtag  DW_TAG_assign_register, DW_AT_name("AR6")
     763                      .dwattr DW$97, DW_AT_location[DW_OP_reg16]
     764              DW$98   .dwtag  DW_TAG_assign_register, DW_AT_name("XAR6")
     765                      .dwattr DW$98, DW_AT_location[DW_OP_reg17]
     766              DW$99   .dwtag  DW_TAG_assign_register, DW_AT_name("AR7")
     767                      .dwattr DW$99, DW_AT_location[DW_OP_reg18]
     768              DW$100  .dwtag  DW_TAG_assign_register, DW_AT_name("XAR7")
     769                      .dwattr DW$100, DW_AT_location[DW_OP_reg19]
     770              DW$101  .dwtag  DW_TAG_assign_register, DW_AT_name("SP")
     771                      .dwattr DW$101, DW_AT_location[DW_OP_reg20]
     772              DW$102  .dwtag  DW_TAG_assign_register, DW_AT_name("XT")
     773                      .dwattr DW$102, DW_AT_location[DW_OP_reg21]
     774              DW$103  .dwtag  DW_TAG_assign_register, DW_AT_name("T")
     775                      .dwattr DW$103, DW_AT_location[DW_OP_reg22]
     776              DW$104  .dwtag  DW_TAG_assign_register, DW_AT_name("ST0")
     777                      .dwattr DW$104, DW_AT_location[DW_OP_reg23]
     778              DW$105  .dwtag  DW_TAG_assign_register, DW_AT_name("ST1")
     779                      .dwattr DW$105, DW_AT_location[DW_OP_reg24]
     780              DW$106  .dwtag  DW_TAG_assign_register, DW_AT_name("PC")
TMS320C2000 COFF Assembler PC v4.1.3 Thu Oct 20 16:55:55 2011

Tools Copyright (c) 1996-2006 Texas Instruments Incorporated
C:\DOCUME~1\ADMINI~1\LOCALS~1\Temp\TI0442                            PAGE   16

     781                      .dwattr DW$106, DW_AT_location[DW_OP_reg25]
     782              DW$107  .dwtag  DW_TAG_assign_register, DW_AT_name("RPC")
     783                      .dwattr DW$107, DW_AT_location[DW_OP_reg26]
     784              DW$108  .dwtag  DW_TAG_assign_register, DW_AT_name("FP")
     785                      .dwattr DW$108, DW_AT_location[DW_OP_reg27]
     786              DW$109  .dwtag  DW_TAG_assign_register, DW_AT_name("DP")
     787                      .dwattr DW$109, DW_AT_location[DW_OP_reg28]
     788              DW$110  .dwtag  DW_TAG_assign_register, DW_AT_name("SXM")
     789                      .dwattr DW$110, DW_AT_location[DW_OP_reg29]
     790              DW$111  .dwtag  DW_TAG_assign_register, DW_AT_name("PM")
     791                      .dwattr DW$111, DW_AT_location[DW_OP_reg30]
     792              DW$112  .dwtag  DW_TAG_assign_register, DW_AT_name("OVM")
     793                      .dwattr DW$112, DW_AT_location[DW_OP_reg31]
     794              DW$113  .dwtag  DW_TAG_assign_register, DW_AT_name("PAGE0")
     795                      .dwattr DW$113, DW_AT_location[DW_OP_regx 0x20]
     796              DW$114  .dwtag  DW_TAG_assign_register, DW_AT_name("AMODE")
     797                      .dwattr DW$114, DW_AT_location[DW_OP_regx 0x21]
     798              DW$115  .dwtag  DW_TAG_assign_register, DW_AT_name("IFR")
     799                      .dwattr DW$115, DW_AT_location[DW_OP_regx 0x22]
     800              DW$116  .dwtag  DW_TAG_assign_register, DW_AT_name("IER")
     801                      .dwattr DW$116, DW_AT_location[DW_OP_regx 0x23]
     802              DW$117  .dwtag  DW_TAG_assign_register, DW_AT_name("IER")
     803                      .dwattr DW$117, DW_AT_location[DW_OP_regx 0x24]
     804              DW$118  .dwtag  DW_TAG_assign_register, DW_AT_name("PSEUDO")
     805                      .dwattr DW$118, DW_AT_location[DW_OP_regx 0x25]
     806              DW$119  .dwtag  DW_TAG_assign_register, DW_AT_name("PSEUDOH")
     807                      .dwattr DW$119, DW_AT_location[DW_OP_regx 0x26]
     808              DW$120  .dwtag  DW_TAG_assign_register, DW_AT_name("VOL")
     809                      .dwattr DW$120, DW_AT_location[DW_OP_regx 0x27]
     810              DW$121  .dwtag  DW_TAG_assign_register, DW_AT_name("CIE_RETA")
     811                      .dwattr DW$121, DW_AT_location[DW_OP_regx 0x28]
     812                      .dwendtag DW$CU
     813              

No Assembly Errors, No Assembly Warnings
