TMS320C2000 COFF Assembler PC v4.1.3 Sat Oct 22 14:29:46 2011

Tools Copyright (c) 1996-2006 Texas Instruments Incorporated
C:\DOCUME~1\ADMINI~1\LOCALS~1\Temp\TI2522                            PAGE    1

       1              ;***************************************************************
       2              ;* TMS320C2000 C/C++ Codegen                         PC v4.1.3 *
       3              ;* Date/Time created: Sat Oct 22 14:29:46 2011                 *
       4              ;***************************************************************
       5                      .compiler_opts --mem_model:code=flat --mem_model:data=large --silicon_version=28 
       6        0002  FP      .set    XAR2
       7              
       8              DW$CU   .dwtag  DW_TAG_compile_unit
       9                      .dwattr DW$CU, DW_AT_name("app_USBmod_data_handle.c")
      10                      .dwattr DW$CU, DW_AT_producer("TMS320C2000 C/C++ Codegen PC v4.1.3 Copyright (c) 1996-2006 Texas Inst
      11                      .dwattr DW$CU, DW_AT_stmt_list(0x00)
      12                      .dwattr DW$CU, DW_AT_TI_VERSION(0x01)
      13              
      14              DW$1    .dwtag  DW_TAG_subprogram, DW_AT_name("app_global_flash_read_char"), DW_AT_symbol_name("_app_global_f
      15                      .dwattr DW$1, DW_AT_declaration(0x01)
      16                      .dwattr DW$1, DW_AT_external(0x01)
      17              DW$2    .dwtag  DW_TAG_formal_parameter, DW_AT_type(*DW$T$12)
      18              DW$3    .dwtag  DW_TAG_formal_parameter, DW_AT_type(*DW$T$20)
      19              DW$4    .dwtag  DW_TAG_formal_parameter, DW_AT_type(*DW$T$21)
      20                      .dwendtag DW$1
      21              
      22                      .global _ProgressBarCol
      23 00000000       _ProgressBarCol:        .usect  ".ebss",1,1,0
      24              DW$5    .dwtag  DW_TAG_variable, DW_AT_name("ProgressBarCol"), DW_AT_symbol_name("_ProgressBarCol")
      25                      .dwattr DW$5, DW_AT_location[DW_OP_addr _ProgressBarCol]
      26                      .dwattr DW$5, DW_AT_type(*DW$T$19)
      27                      .dwattr DW$5, DW_AT_external(0x01)
      28                      .global _UARTBUF
      29 00000040       _UARTBUF:       .usect  ".ebss",2000,1,0
      30              DW$6    .dwtag  DW_TAG_variable, DW_AT_name("UARTBUF"), DW_AT_symbol_name("_UARTBUF")
      31                      .dwattr DW$6, DW_AT_location[DW_OP_addr _UARTBUF]
      32                      .dwattr DW$6, DW_AT_type(*DW$T$25)
      33                      .dwattr DW$6, DW_AT_external(0x01)
      34              ;       C:\CCStudio_v3.3\C2000\cgtools\bin\ac2000.exe -@C:\DOCUME~1\ADMINI~1\LOCALS~1\Temp\TI2524 
      35 00000000               .sect   ".text"
      36                      .global _LoadProgramFromSPIFlash
      37              
      38              DW$7    .dwtag  DW_TAG_subprogram, DW_AT_name("LoadProgramFromSPIFlash"), DW_AT_symbol_name("_LoadProgramFrom
      39                      .dwattr DW$7, DW_AT_low_pc(_LoadProgramFromSPIFlash)
      40                      .dwattr DW$7, DW_AT_high_pc(0x00)
      41                      .dwattr DW$7, DW_AT_begin_file("app_USBmod_data_handle.c")
      42                      .dwattr DW$7, DW_AT_begin_line(0x1f)
      43                      .dwattr DW$7, DW_AT_begin_column(0x09)
      44                      .dwpsn  "app_USBmod_data_handle.c",32,1
      45              
      46                      .dwfde DW$CIE
      47              
      48              ;***************************************************************
      49              ;* FNAME: _LoadProgramFromSPIFlash      FR SIZE:  24           *
      50              ;*                                                             *
      51              ;* FUNCTION ENVIRONMENT                                        *
      52              ;*                                                             *
      53              ;* FUNCTION PROPERTIES                                         *
      54              ;*                            0 Parameter, 24 Auto,  0 SOE     *
      55              ;***************************************************************
TMS320C2000 COFF Assembler PC v4.1.3 Sat Oct 22 14:29:46 2011

Tools Copyright (c) 1996-2006 Texas Instruments Incorporated
C:\DOCUME~1\ADMINI~1\LOCALS~1\Temp\TI2522                            PAGE    2

      56              
      57              _LoadProgramFromSPIFlash:
      58                      .dwcfa  0x1d, -2
      59                      .dwcfa  0x1c, 26, 0
      60                      .dwcfa  0x09, 40, 26
      61 00000000 FE18          ADDB      SP,#24
      62                      .dwcfa  0x1d, -26
      63              ;* AL    assigned to _SPI_FlashAddress
      64              DW$8    .dwtag  DW_TAG_formal_parameter, DW_AT_name("SPI_FlashAddress"), DW_AT_symbol_name("_SPI_FlashAddress
      65                      .dwattr DW$8, DW_AT_type(*DW$T$13)
      66                      .dwattr DW$8, DW_AT_location[DW_OP_reg0]
      67              DW$9    .dwtag  DW_TAG_variable, DW_AT_name("SPI_FlashAddress"), DW_AT_symbol_name("_SPI_FlashAddress")
      68                      .dwattr DW$9, DW_AT_type(*DW$T$13)
      69                      .dwattr DW$9, DW_AT_location[DW_OP_breg20 -2]
      70              DW$10   .dwtag  DW_TAG_variable, DW_AT_name("k"), DW_AT_symbol_name("_k")
      71                      .dwattr DW$10, DW_AT_type(*DW$T$19)
      72                      .dwattr DW$10, DW_AT_location[DW_OP_breg20 -3]
      73              DW$11   .dwtag  DW_TAG_variable, DW_AT_name("TempChar"), DW_AT_symbol_name("_TempChar")
      74                      .dwattr DW$11, DW_AT_type(*DW$T$19)
      75                      .dwattr DW$11, DW_AT_location[DW_OP_breg20 -4]
      76              DW$12   .dwtag  DW_TAG_variable, DW_AT_name("TempChar1"), DW_AT_symbol_name("_TempChar1")
      77                      .dwattr DW$12, DW_AT_type(*DW$T$19)
      78                      .dwattr DW$12, DW_AT_location[DW_OP_breg20 -5]
      79              DW$13   .dwtag  DW_TAG_variable, DW_AT_name("LineCheckSum"), DW_AT_symbol_name("_LineCheckSum")
      80                      .dwattr DW$13, DW_AT_type(*DW$T$19)
      81                      .dwattr DW$13, DW_AT_location[DW_OP_breg20 -6]
      82              DW$14   .dwtag  DW_TAG_variable, DW_AT_name("DataNu"), DW_AT_symbol_name("_DataNu")
      83                      .dwattr DW$14, DW_AT_type(*DW$T$19)
      84                      .dwattr DW$14, DW_AT_location[DW_OP_breg20 -7]
      85              DW$15   .dwtag  DW_TAG_variable, DW_AT_name("DataType"), DW_AT_symbol_name("_DataType")
      86                      .dwattr DW$15, DW_AT_type(*DW$T$19)
      87                      .dwattr DW$15, DW_AT_location[DW_OP_breg20 -8]
      88              DW$16   .dwtag  DW_TAG_variable, DW_AT_name("m"), DW_AT_symbol_name("_m")
      89                      .dwattr DW$16, DW_AT_type(*DW$T$11)
      90                      .dwattr DW$16, DW_AT_location[DW_OP_breg20 -9]
      91              DW$17   .dwtag  DW_TAG_variable, DW_AT_name("TempInt"), DW_AT_symbol_name("_TempInt")
      92                      .dwattr DW$17, DW_AT_type(*DW$T$11)
      93                      .dwattr DW$17, DW_AT_location[DW_OP_breg20 -10]
      94              DW$18   .dwtag  DW_TAG_variable, DW_AT_name("j"), DW_AT_symbol_name("_j")
      95                      .dwattr DW$18, DW_AT_type(*DW$T$13)
      96                      .dwattr DW$18, DW_AT_location[DW_OP_breg20 -12]
      97              DW$19   .dwtag  DW_TAG_variable, DW_AT_name("DataNuForWrite"), DW_AT_symbol_name("_DataNuForWrite")
      98                      .dwattr DW$19, DW_AT_type(*DW$T$13)
      99                      .dwattr DW$19, DW_AT_location[DW_OP_breg20 -14]
     100              DW$20   .dwtag  DW_TAG_variable, DW_AT_name("HaveCreatedDataNu"), DW_AT_symbol_name("_HaveCreatedDataNu")
     101                      .dwattr DW$20, DW_AT_type(*DW$T$13)
     102                      .dwattr DW$20, DW_AT_location[DW_OP_breg20 -16]
     103              DW$21   .dwtag  DW_TAG_variable, DW_AT_name("TempLong2"), DW_AT_symbol_name("_TempLong2")
     104                      .dwattr DW$21, DW_AT_type(*DW$T$13)
     105                      .dwattr DW$21, DW_AT_location[DW_OP_breg20 -18]
     106              DW$22   .dwtag  DW_TAG_variable, DW_AT_name("CurrentRomEX_Address"), DW_AT_symbol_name("_CurrentRomEX_Address
     107                      .dwattr DW$22, DW_AT_type(*DW$T$11)
     108                      .dwattr DW$22, DW_AT_location[DW_OP_breg20 -19]
     109              DW$23   .dwtag  DW_TAG_variable, DW_AT_name("CurrentRomLoadAddress"), DW_AT_symbol_name("_CurrentRomLoadAddre
     110                      .dwattr DW$23, DW_AT_type(*DW$T$11)
TMS320C2000 COFF Assembler PC v4.1.3 Sat Oct 22 14:29:46 2011

Tools Copyright (c) 1996-2006 Texas Instruments Incorporated
C:\DOCUME~1\ADMINI~1\LOCALS~1\Temp\TI2522                            PAGE    3

     111                      .dwattr DW$23, DW_AT_location[DW_OP_breg20 -20]
     112              DW$24   .dwtag  DW_TAG_variable, DW_AT_name("TempStoreAddress"), DW_AT_symbol_name("_TempStoreAddress")
     113                      .dwattr DW$24, DW_AT_type(*DW$T$27)
     114                      .dwattr DW$24, DW_AT_location[DW_OP_breg20 -22]
     115              DW$25   .dwtag  DW_TAG_variable, DW_AT_name("SPIFlashStoreAddress"), DW_AT_symbol_name("_SPIFlashStoreAddress
     116                      .dwattr DW$25, DW_AT_type(*DW$T$12)
     117                      .dwattr DW$25, DW_AT_location[DW_OP_breg20 -24]
     118 00000001 1E42          MOVL      *-SP[2],ACC           ; |32| 
     119                      .dwpsn  "app_USBmod_data_handle.c",39,16
     120 00000002 0200          MOVB      ACC,#0
     121 00000003 1E4E          MOVL      *-SP[14],ACC          ; |39| 
     122                      .dwpsn  "app_USBmod_data_handle.c",40,16
     123 00000004 1E50          MOVL      *-SP[16],ACC          ; |40| 
     124                      .dwpsn  "app_USBmod_data_handle.c",43,15
     125 00000005 2B53          MOV       *-SP[19],#0           ; |43| 
     126                      .dwpsn  "app_USBmod_data_handle.c",50,2
     127 00000006 2B49          MOV       *-SP[9],#0            ; |50| 
     128                      .dwpsn  "app_USBmod_data_handle.c",51,2
     129 00000007 1E50          MOVL      *-SP[16],ACC          ; |51| 
     130                      .dwpsn  "app_USBmod_data_handle.c",53,2
     131 00000008 0642          MOVL      ACC,*-SP[2]           ; |53| 
     132 00000009 1E58          MOVL      *-SP[24],ACC          ; |53| 
     133                      .dwpsn  "app_USBmod_data_handle.c",54,2
     134 0000000a 8F40          MOVL      XAR5,#1024            ; |54| 
         0000000b 0400 
     135 0000000c 0658          MOVL      ACC,*-SP[24]          ; |54| 
     136 0000000d 8F00-         MOVL      XAR4,#_UARTBUF        ; |54| 
         0000000e 0040 
     137 0000000f 7640!         LCR       #_app_global_flash_read_char ; |54| 
         00000010 0000 
     138                      ; call occurs [#_app_global_flash_read_char] ; |54| 
     139                      .dwpsn  "app_USBmod_data_handle.c",55,2
     140 00000011 FF20          MOV       ACC,#1024             ; |55| 
         00000012 0400 
     141 00000013 0758          ADDL      ACC,*-SP[24]          ; |55| 
     142 00000014 1E58          MOVL      *-SP[24],ACC          ; |55| 
     143                      .dwpsn  "app_USBmod_data_handle.c",59,10
     144              L1:    
     145              DW$L$_LoadProgramFromSPIFlash$2$B:
     146                      .dwpsn  "app_USBmod_data_handle.c",61,3
     147 00000015 2B47          MOV       *-SP[7],#0            ; |61| 
     148                      .dwpsn  "app_USBmod_data_handle.c",62,3
     149 00000016 2B48          MOV       *-SP[8],#0            ; |62| 
     150                      .dwpsn  "app_USBmod_data_handle.c",63,3
     151 00000017 2B46          MOV       *-SP[6],#0            ; |63| 
     152                      .dwpsn  "app_USBmod_data_handle.c",64,3
     153 00000018 5849          MOVZ      AR0,*-SP[9]           ; |64| 
     154 00000019 8F00-         MOVL      XAR4,#_UARTBUF        ; |64| 
         0000001a 0040 
     155 0000001b 9294          MOV       AL,*+XAR4[AR0]        ; |64| 
     156 0000001c 9644          MOV       *-SP[4],AL            ; |64| 
     157                      .dwpsn  "app_USBmod_data_handle.c",65,3
     158 0000001d 0A49          INC       *-SP[9]               ; |65| 
     159                      .dwpsn  "app_USBmod_data_handle.c",66,3
     160 0000001e 1B49          CMP       *-SP[9],#1024         ; |66| 
TMS320C2000 COFF Assembler PC v4.1.3 Sat Oct 22 14:29:46 2011

Tools Copyright (c) 1996-2006 Texas Instruments Incorporated
C:\DOCUME~1\ADMINI~1\LOCALS~1\Temp\TI2522                            PAGE    4

         0000001f 0400 
     161 00000020 680B          B         L2,LO                 ; |66| 
     162                      ; branchcc occurs ; |66| 
     163              DW$L$_LoadProgramFromSPIFlash$2$E:
     164              DW$L$_LoadProgramFromSPIFlash$3$B:
     165                      .dwpsn  "app_USBmod_data_handle.c",68,4
     166 00000021 8F40          MOVL      XAR5,#1024            ; |68| 
         00000022 0400 
     167 00000023 0658          MOVL      ACC,*-SP[24]          ; |68| 
     168 00000024 7640!         LCR       #_app_global_flash_read_char ; |68| 
         00000025 0000 
     169                      ; call occurs [#_app_global_flash_read_char] ; |68| 
     170                      .dwpsn  "app_USBmod_data_handle.c",69,4
     171 00000026 FF20          MOV       ACC,#1024             ; |69| 
         00000027 0400 
     172 00000028 0758          ADDL      ACC,*-SP[24]          ; |69| 
     173 00000029 1E58          MOVL      *-SP[24],ACC          ; |69| 
     174                      .dwpsn  "app_USBmod_data_handle.c",70,4
     175 0000002a 2B49          MOV       *-SP[9],#0            ; |70| 
     176              DW$L$_LoadProgramFromSPIFlash$3$E:
     177              L2:    
     178              DW$L$_LoadProgramFromSPIFlash$4$B:
     179                      .dwpsn  "app_USBmod_data_handle.c",72,3
     180 0000002b 0201          MOVB      ACC,#1
     181 0000002c 0750          ADDL      ACC,*-SP[16]          ; |72| 
     182 0000002d 1E50          MOVL      *-SP[16],ACC          ; |72| 
     183                      .dwpsn  "app_USBmod_data_handle.c",73,3
     184 0000002e 9244          MOV       AL,*-SP[4]            ; |73| 
     185 0000002f 523A          CMPB      AL,#58                ; |73| 
     186 00000030 EC04          BF        L3,EQ                 ; |73| 
     187                      ; branchcc occurs ; |73| 
     188              DW$L$_LoadProgramFromSPIFlash$4$E:
     189                      .dwpsn  "app_USBmod_data_handle.c",74,4
     190 00000031 9A01          MOVB      AL,#1                 ; |74| 
     191 00000032 FFEF          B         L21,UNC               ; |74| 
         00000033 0105 
     192                      ; branch occurs ; |74| 
     193              L3:    
     194              DW$L$_LoadProgramFromSPIFlash$6$B:
     195                      .dwpsn  "app_USBmod_data_handle.c",76,3
     196 00000034 5849          MOVZ      AR0,*-SP[9]           ; |76| 
     197 00000035 8F00-         MOVL      XAR4,#_UARTBUF        ; |76| 
         00000036 0040 
     198 00000037 9294          MOV       AL,*+XAR4[AR0]        ; |76| 
     199 00000038 9647          MOV       *-SP[7],AL            ; |76| 
     200                      .dwpsn  "app_USBmod_data_handle.c",77,3
     201 00000039 5603          MOV       ACC,*-SP[7] << #1     ; |77| 
         0000003a 0147 
     202 0000003b 9647          MOV       *-SP[7],AL            ; |77| 
     203                      .dwpsn  "app_USBmod_data_handle.c",78,3
     204 0000003c 7246          ADD       *-SP[6],AL            ; |78| 
     205                      .dwpsn  "app_USBmod_data_handle.c",79,3
     206 0000003d 0A49          INC       *-SP[9]               ; |79| 
     207                      .dwpsn  "app_USBmod_data_handle.c",80,3
     208 0000003e 1B49          CMP       *-SP[9],#1024         ; |80| 
TMS320C2000 COFF Assembler PC v4.1.3 Sat Oct 22 14:29:46 2011

Tools Copyright (c) 1996-2006 Texas Instruments Incorporated
C:\DOCUME~1\ADMINI~1\LOCALS~1\Temp\TI2522                            PAGE    5

         0000003f 0400 
     209 00000040 680B          B         L4,LO                 ; |80| 
     210                      ; branchcc occurs ; |80| 
     211              DW$L$_LoadProgramFromSPIFlash$6$E:
     212              DW$L$_LoadProgramFromSPIFlash$7$B:
     213                      .dwpsn  "app_USBmod_data_handle.c",82,4
     214 00000041 8F40          MOVL      XAR5,#1024            ; |82| 
         00000042 0400 
     215 00000043 0658          MOVL      ACC,*-SP[24]          ; |82| 
     216 00000044 7640!         LCR       #_app_global_flash_read_char ; |82| 
         00000045 0000 
     217                      ; call occurs [#_app_global_flash_read_char] ; |82| 
     218                      .dwpsn  "app_USBmod_data_handle.c",83,4
     219 00000046 FF20          MOV       ACC,#1024             ; |83| 
         00000047 0400 
     220 00000048 0758          ADDL      ACC,*-SP[24]          ; |83| 
     221 00000049 1E58          MOVL      *-SP[24],ACC          ; |83| 
     222                      .dwpsn  "app_USBmod_data_handle.c",84,4
     223 0000004a 2B49          MOV       *-SP[9],#0            ; |84| 
     224              DW$L$_LoadProgramFromSPIFlash$7$E:
     225              L4:    
     226              DW$L$_LoadProgramFromSPIFlash$8$B:
     227                      .dwpsn  "app_USBmod_data_handle.c",86,9
     228 0000004b 0200          MOVB      ACC,#0
     229 0000004c 1E4C          MOVL      *-SP[12],ACC          ; |86| 
     230                      .dwpsn  "app_USBmod_data_handle.c",86,15
     231 0000004d 0202          MOVB      ACC,#2
     232 0000004e 0F4C          CMPL      ACC,*-SP[12]          ; |86| 
     233 0000004f 6921          B         L7,LOS                ; |86| 
     234                      ; branchcc occurs ; |86| 
     235              DW$L$_LoadProgramFromSPIFlash$8$E:
     236              L5:    
     237              DW$L$_LoadProgramFromSPIFlash$9$B:
     238                      .dwpsn  "app_USBmod_data_handle.c",88,4
     239 00000050 5603          MOV       ACC,*-SP[20] << #8    ; |88| 
         00000051 0854 
     240 00000052 9654          MOV       *-SP[20],AL           ; |88| 
     241                      .dwpsn  "app_USBmod_data_handle.c",90,4
     242 00000053 5849          MOVZ      AR0,*-SP[9]           ; |90| 
     243 00000054 8F00-         MOVL      XAR4,#_UARTBUF        ; |90| 
         00000055 0040 
     244 00000056 9294          MOV       AL,*+XAR4[AR0]        ; |90| 
     245 00000057 9645          MOV       *-SP[5],AL            ; |90| 
     246                      .dwpsn  "app_USBmod_data_handle.c",91,4
     247 00000058 0A49          INC       *-SP[9]               ; |91| 
     248                      .dwpsn  "app_USBmod_data_handle.c",92,4
     249 00000059 1B49          CMP       *-SP[9],#1024         ; |92| 
         0000005a 0400 
     250 0000005b 680B          B         L6,LO                 ; |92| 
     251                      ; branchcc occurs ; |92| 
     252              DW$L$_LoadProgramFromSPIFlash$9$E:
     253              DW$L$_LoadProgramFromSPIFlash$10$B:
     254                      .dwpsn  "app_USBmod_data_handle.c",94,5
     255 0000005c 8F40          MOVL      XAR5,#1024            ; |94| 
         0000005d 0400 
TMS320C2000 COFF Assembler PC v4.1.3 Sat Oct 22 14:29:46 2011

Tools Copyright (c) 1996-2006 Texas Instruments Incorporated
C:\DOCUME~1\ADMINI~1\LOCALS~1\Temp\TI2522                            PAGE    6

     256 0000005e 0658          MOVL      ACC,*-SP[24]          ; |94| 
     257 0000005f 7640!         LCR       #_app_global_flash_read_char ; |94| 
         00000060 0000 
     258                      ; call occurs [#_app_global_flash_read_char] ; |94| 
     259                      .dwpsn  "app_USBmod_data_handle.c",95,5
     260 00000061 FF20          MOV       ACC,#1024             ; |95| 
         00000062 0400 
     261 00000063 0758          ADDL      ACC,*-SP[24]          ; |95| 
     262 00000064 1E58          MOVL      *-SP[24],ACC          ; |95| 
     263                      .dwpsn  "app_USBmod_data_handle.c",96,5
     264 00000065 2B49          MOV       *-SP[9],#0            ; |96| 
     265              DW$L$_LoadProgramFromSPIFlash$10$E:
     266              L6:    
     267              DW$L$_LoadProgramFromSPIFlash$11$B:
     268                      .dwpsn  "app_USBmod_data_handle.c",98,4
     269 00000066 9245          MOV       AL,*-SP[5]            ; |98| 
     270 00000067 7246          ADD       *-SP[6],AL            ; |98| 
     271                      .dwpsn  "app_USBmod_data_handle.c",99,4
     272 00000068 9245          MOV       AL,*-SP[5]            ; |99| 
     273 00000069 9854          OR        *-SP[20],AL           ; |99| 
     274                      .dwpsn  "app_USBmod_data_handle.c",86,21
     275 0000006a 0201          MOVB      ACC,#1
     276 0000006b 074C          ADDL      ACC,*-SP[12]          ; |86| 
     277 0000006c 1E4C          MOVL      *-SP[12],ACC          ; |86| 
     278                      .dwpsn  "app_USBmod_data_handle.c",86,15
     279 0000006d 0202          MOVB      ACC,#2
     280 0000006e 0F4C          CMPL      ACC,*-SP[12]          ; |86| 
     281 0000006f 66E1          B         L5,HI                 ; |86| 
     282                      ; branchcc occurs ; |86| 
     283              DW$L$_LoadProgramFromSPIFlash$11$E:
     284              L7:    
     285              DW$L$_LoadProgramFromSPIFlash$12$B:
     286                      .dwpsn  "app_USBmod_data_handle.c",101,3
     287 00000070 0E53          MOVU      ACC,*-SP[19]
     288 00000071 1E52          MOVL      *-SP[18],ACC          ; |101| 
     289                      .dwpsn  "app_USBmod_data_handle.c",102,3
     290 00000072 0652          MOVL      ACC,*-SP[18]          ; |102| 
     291 00000073 FF3F          LSL       ACC,16                ; |102| 
     292 00000074 1E52          MOVL      *-SP[18],ACC          ; |102| 
     293                      .dwpsn  "app_USBmod_data_handle.c",103,3
     294 00000075 0E54          MOVU      ACC,*-SP[20]
     295 00000076 9852          OR        *-SP[18],AL           ; |103| 
     296 00000077 9951          OR        *-SP[17],AH           ; |103| 
     297                      .dwpsn  "app_USBmod_data_handle.c",105,3
     298 00000078 0652          MOVL      ACC,*-SP[18]          ; |105| 
     299 00000079 1E56          MOVL      *-SP[22],ACC          ; |105| 
     300                      .dwpsn  "app_USBmod_data_handle.c",107,3
     301 0000007a 5849          MOVZ      AR0,*-SP[9]           ; |107| 
     302 0000007b 8F00-         MOVL      XAR4,#_UARTBUF        ; |107| 
         0000007c 0040 
     303 0000007d 9294          MOV       AL,*+XAR4[AR0]        ; |107| 
     304 0000007e 9648          MOV       *-SP[8],AL            ; |107| 
     305                      .dwpsn  "app_USBmod_data_handle.c",108,3
     306 0000007f 0A49          INC       *-SP[9]               ; |108| 
     307                      .dwpsn  "app_USBmod_data_handle.c",109,3
TMS320C2000 COFF Assembler PC v4.1.3 Sat Oct 22 14:29:46 2011

Tools Copyright (c) 1996-2006 Texas Instruments Incorporated
C:\DOCUME~1\ADMINI~1\LOCALS~1\Temp\TI2522                            PAGE    7

     308 00000080 1B49          CMP       *-SP[9],#1024         ; |109| 
         00000081 0400 
     309 00000082 680B          B         L8,LO                 ; |109| 
     310                      ; branchcc occurs ; |109| 
     311              DW$L$_LoadProgramFromSPIFlash$12$E:
     312              DW$L$_LoadProgramFromSPIFlash$13$B:
     313                      .dwpsn  "app_USBmod_data_handle.c",111,4
     314 00000083 8F40          MOVL      XAR5,#1024            ; |111| 
         00000084 0400 
     315 00000085 0658          MOVL      ACC,*-SP[24]          ; |111| 
     316 00000086 7640!         LCR       #_app_global_flash_read_char ; |111| 
         00000087 0000 
     317                      ; call occurs [#_app_global_flash_read_char] ; |111| 
     318                      .dwpsn  "app_USBmod_data_handle.c",112,4
     319 00000088 FF20          MOV       ACC,#1024             ; |112| 
         00000089 0400 
     320 0000008a 0758          ADDL      ACC,*-SP[24]          ; |112| 
     321 0000008b 1E58          MOVL      *-SP[24],ACC          ; |112| 
     322                      .dwpsn  "app_USBmod_data_handle.c",113,4
     323 0000008c 2B49          MOV       *-SP[9],#0            ; |113| 
     324              DW$L$_LoadProgramFromSPIFlash$13$E:
     325              L8:    
     326              DW$L$_LoadProgramFromSPIFlash$14$B:
     327                      .dwpsn  "app_USBmod_data_handle.c",115,3
     328 0000008d 9248          MOV       AL,*-SP[8]            ; |115| 
     329 0000008e 7246          ADD       *-SP[6],AL            ; |115| 
     330                      .dwpsn  "app_USBmod_data_handle.c",118,3
     331 0000008f 9248          MOV       AL,*-SP[8]            ; |118| 
     332 00000090 5204          CMPB      AL,#4                 ; |118| 
     333 00000091 ED44          BF        L13,NEQ               ; |118| 
     334                      ; branchcc occurs ; |118| 
     335              DW$L$_LoadProgramFromSPIFlash$14$E:
     336              DW$L$_LoadProgramFromSPIFlash$15$B:
     337                      .dwpsn  "app_USBmod_data_handle.c",120,10
     338 00000092 0200          MOVB      ACC,#0
     339 00000093 1E4C          MOVL      *-SP[12],ACC          ; |120| 
     340                      .dwpsn  "app_USBmod_data_handle.c",120,16
     341 00000094 0202          MOVB      ACC,#2
     342 00000095 0F4C          CMPL      ACC,*-SP[12]          ; |120| 
     343 00000096 6921          B         L11,LOS               ; |120| 
     344                      ; branchcc occurs ; |120| 
     345              DW$L$_LoadProgramFromSPIFlash$15$E:
     346              L9:    
     347              DW$L$_LoadProgramFromSPIFlash$16$B:
     348                      .dwpsn  "app_USBmod_data_handle.c",122,5
     349 00000097 5603          MOV       ACC,*-SP[19] << #8    ; |122| 
         00000098 0853 
     350 00000099 9653          MOV       *-SP[19],AL           ; |122| 
     351                      .dwpsn  "app_USBmod_data_handle.c",123,5
     352 0000009a 5849          MOVZ      AR0,*-SP[9]           ; |123| 
     353 0000009b 8F00-         MOVL      XAR4,#_UARTBUF        ; |123| 
         0000009c 0040 
     354 0000009d 9294          MOV       AL,*+XAR4[AR0]        ; |123| 
     355 0000009e 9645          MOV       *-SP[5],AL            ; |123| 
     356                      .dwpsn  "app_USBmod_data_handle.c",124,5
TMS320C2000 COFF Assembler PC v4.1.3 Sat Oct 22 14:29:46 2011

Tools Copyright (c) 1996-2006 Texas Instruments Incorporated
C:\DOCUME~1\ADMINI~1\LOCALS~1\Temp\TI2522                            PAGE    8

     357 0000009f 0A49          INC       *-SP[9]               ; |124| 
     358                      .dwpsn  "app_USBmod_data_handle.c",125,5
     359 000000a0 1B49          CMP       *-SP[9],#1024         ; |125| 
         000000a1 0400 
     360 000000a2 680B          B         L10,LO                ; |125| 
     361                      ; branchcc occurs ; |125| 
     362              DW$L$_LoadProgramFromSPIFlash$16$E:
     363              DW$L$_LoadProgramFromSPIFlash$17$B:
     364                      .dwpsn  "app_USBmod_data_handle.c",127,6
     365 000000a3 8F40          MOVL      XAR5,#1024            ; |127| 
         000000a4 0400 
     366 000000a5 0658          MOVL      ACC,*-SP[24]          ; |127| 
     367 000000a6 7640!         LCR       #_app_global_flash_read_char ; |127| 
         000000a7 0000 
     368                      ; call occurs [#_app_global_flash_read_char] ; |127| 
     369                      .dwpsn  "app_USBmod_data_handle.c",128,6
     370 000000a8 FF20          MOV       ACC,#1024             ; |128| 
         000000a9 0400 
     371 000000aa 0758          ADDL      ACC,*-SP[24]          ; |128| 
     372 000000ab 1E58          MOVL      *-SP[24],ACC          ; |128| 
     373                      .dwpsn  "app_USBmod_data_handle.c",129,6
     374 000000ac 2B49          MOV       *-SP[9],#0            ; |129| 
     375              DW$L$_LoadProgramFromSPIFlash$17$E:
     376              L10:    
     377              DW$L$_LoadProgramFromSPIFlash$18$B:
     378                      .dwpsn  "app_USBmod_data_handle.c",131,5
     379 000000ad 9245          MOV       AL,*-SP[5]            ; |131| 
     380 000000ae 7246          ADD       *-SP[6],AL            ; |131| 
     381                      .dwpsn  "app_USBmod_data_handle.c",132,5
     382 000000af 9245          MOV       AL,*-SP[5]            ; |132| 
     383 000000b0 9853          OR        *-SP[19],AL           ; |132| 
     384                      .dwpsn  "app_USBmod_data_handle.c",120,22
     385 000000b1 0201          MOVB      ACC,#1
     386 000000b2 074C          ADDL      ACC,*-SP[12]          ; |120| 
     387 000000b3 1E4C          MOVL      *-SP[12],ACC          ; |120| 
     388                      .dwpsn  "app_USBmod_data_handle.c",120,16
     389 000000b4 0202          MOVB      ACC,#2
     390 000000b5 0F4C          CMPL      ACC,*-SP[12]          ; |120| 
     391 000000b6 66E1          B         L9,HI                 ; |120| 
     392                      ; branchcc occurs ; |120| 
     393              DW$L$_LoadProgramFromSPIFlash$18$E:
     394              L11:    
     395              DW$L$_LoadProgramFromSPIFlash$19$B:
     396                      .dwpsn  "app_USBmod_data_handle.c",137,4
     397 000000b7 5849          MOVZ      AR0,*-SP[9]           ; |137| 
     398 000000b8 8F00-         MOVL      XAR4,#_UARTBUF        ; |137| 
         000000b9 0040 
     399 000000ba 9294          MOV       AL,*+XAR4[AR0]        ; |137| 
     400 000000bb 9645          MOV       *-SP[5],AL            ; |137| 
     401                      .dwpsn  "app_USBmod_data_handle.c",138,4
     402 000000bc 0A49          INC       *-SP[9]               ; |138| 
     403                      .dwpsn  "app_USBmod_data_handle.c",140,4
     404 000000bd 1B49          CMP       *-SP[9],#1024         ; |140| 
         000000be 0400 
     405 000000bf 680B          B         L12,LO                ; |140| 
TMS320C2000 COFF Assembler PC v4.1.3 Sat Oct 22 14:29:46 2011

Tools Copyright (c) 1996-2006 Texas Instruments Incorporated
C:\DOCUME~1\ADMINI~1\LOCALS~1\Temp\TI2522                            PAGE    9

     406                      ; branchcc occurs ; |140| 
     407              DW$L$_LoadProgramFromSPIFlash$19$E:
     408              DW$L$_LoadProgramFromSPIFlash$20$B:
     409                      .dwpsn  "app_USBmod_data_handle.c",142,5
     410 000000c0 8F40          MOVL      XAR5,#1024            ; |142| 
         000000c1 0400 
     411 000000c2 0658          MOVL      ACC,*-SP[24]          ; |142| 
     412 000000c3 7640!         LCR       #_app_global_flash_read_char ; |142| 
         000000c4 0000 
     413                      ; call occurs [#_app_global_flash_read_char] ; |142| 
     414                      .dwpsn  "app_USBmod_data_handle.c",143,5
     415 000000c5 FF20          MOV       ACC,#1024             ; |143| 
         000000c6 0400 
     416 000000c7 0758          ADDL      ACC,*-SP[24]          ; |143| 
     417 000000c8 1E58          MOVL      *-SP[24],ACC          ; |143| 
     418                      .dwpsn  "app_USBmod_data_handle.c",144,5
     419 000000c9 2B49          MOV       *-SP[9],#0            ; |144| 
     420              DW$L$_LoadProgramFromSPIFlash$20$E:
     421              L12:    
     422              DW$L$_LoadProgramFromSPIFlash$21$B:
     423                      .dwpsn  "app_USBmod_data_handle.c",146,4
     424 000000ca 1845          AND       *-SP[5],#0x00ff       ; |146| 
         000000cb 00FF 
     425                      .dwpsn  "app_USBmod_data_handle.c",147,4
     426 000000cc 9246          MOV       AL,*-SP[6]            ; |147| 
     427 000000cd FF5E          NOT       AL                    ; |147| 
     428 000000ce 9C01          ADDB      AL,#1                 ; |147| 
     429 000000cf 90FF          ANDB      AL,#0xff              ; |147| 
     430 000000d0 9646          MOV       *-SP[6],AL            ; |147| 
     431                      .dwpsn  "app_USBmod_data_handle.c",148,4
     432 000000d1 5445          CMP       AL,*-SP[5]            ; |148| 
     433 000000d2 EC03          BF        L13,EQ                ; |148| 
     434                      ; branchcc occurs ; |148| 
     435              DW$L$_LoadProgramFromSPIFlash$21$E:
     436                      .dwpsn  "app_USBmod_data_handle.c",149,5
     437 000000d3 9A02          MOVB      AL,#2                 ; |149| 
     438 000000d4 6F63          B         L21,UNC               ; |149| 
     439                      ; branch occurs ; |149| 
     440              L13:    
     441              DW$L$_LoadProgramFromSPIFlash$23$B:
     442                      .dwpsn  "app_USBmod_data_handle.c",154,3
     443 000000d5 9248          MOV       AL,*-SP[8]            ; |154| 
     444 000000d6 ED57          BF        L20,NEQ               ; |154| 
     445                      ; branchcc occurs ; |154| 
     446              DW$L$_LoadProgramFromSPIFlash$23$E:
     447              DW$L$_LoadProgramFromSPIFlash$24$B:
     448                      .dwpsn  "app_USBmod_data_handle.c",156,10
     449 000000d7 2B43          MOV       *-SP[3],#0            ; |156| 
     450 000000d8 6F30          B         L18,UNC               ; |156| 
     451                      ; branch occurs ; |156| 
     452              DW$L$_LoadProgramFromSPIFlash$24$E:
     453              L14:    
     454              DW$L$_LoadProgramFromSPIFlash$25$B:
     455                      .dwpsn  "app_USBmod_data_handle.c",159,11
     456 000000d9 0200          MOVB      ACC,#0
TMS320C2000 COFF Assembler PC v4.1.3 Sat Oct 22 14:29:46 2011

Tools Copyright (c) 1996-2006 Texas Instruments Incorporated
C:\DOCUME~1\ADMINI~1\LOCALS~1\Temp\TI2522                            PAGE   10

     457 000000da 1E4C          MOVL      *-SP[12],ACC          ; |159| 
     458                      .dwpsn  "app_USBmod_data_handle.c",159,17
     459 000000db 0202          MOVB      ACC,#2
     460 000000dc 0F4C          CMPL      ACC,*-SP[12]          ; |159| 
     461 000000dd 6921          B         L17,LOS               ; |159| 
     462                      ; branchcc occurs ; |159| 
     463              DW$L$_LoadProgramFromSPIFlash$25$E:
     464              L15:    
     465              DW$L$_LoadProgramFromSPIFlash$26$B:
     466                      .dwpsn  "app_USBmod_data_handle.c",161,6
     467 000000de 5603          MOV       ACC,*-SP[10] << #8    ; |161| 
         000000df 084A 
     468 000000e0 964A          MOV       *-SP[10],AL           ; |161| 
     469                      .dwpsn  "app_USBmod_data_handle.c",162,6
     470 000000e1 5849          MOVZ      AR0,*-SP[9]           ; |162| 
     471 000000e2 8F00-         MOVL      XAR4,#_UARTBUF        ; |162| 
         000000e3 0040 
     472 000000e4 9294          MOV       AL,*+XAR4[AR0]        ; |162| 
     473 000000e5 9645          MOV       *-SP[5],AL            ; |162| 
     474                      .dwpsn  "app_USBmod_data_handle.c",163,6
     475 000000e6 0A49          INC       *-SP[9]               ; |163| 
     476                      .dwpsn  "app_USBmod_data_handle.c",164,6
     477 000000e7 1B49          CMP       *-SP[9],#1024         ; |164| 
         000000e8 0400 
     478 000000e9 680B          B         L16,LO                ; |164| 
     479                      ; branchcc occurs ; |164| 
     480              DW$L$_LoadProgramFromSPIFlash$26$E:
     481              DW$L$_LoadProgramFromSPIFlash$27$B:
     482                      .dwpsn  "app_USBmod_data_handle.c",166,7
     483 000000ea 8F40          MOVL      XAR5,#1024            ; |166| 
         000000eb 0400 
     484 000000ec 0658          MOVL      ACC,*-SP[24]          ; |166| 
     485 000000ed 7640!         LCR       #_app_global_flash_read_char ; |166| 
         000000ee 0000 
     486                      ; call occurs [#_app_global_flash_read_char] ; |166| 
     487                      .dwpsn  "app_USBmod_data_handle.c",167,7
     488 000000ef FF20          MOV       ACC,#1024             ; |167| 
         000000f0 0400 
     489 000000f1 0758          ADDL      ACC,*-SP[24]          ; |167| 
     490 000000f2 1E58          MOVL      *-SP[24],ACC          ; |167| 
     491                      .dwpsn  "app_USBmod_data_handle.c",168,7
     492 000000f3 2B49          MOV       *-SP[9],#0            ; |168| 
     493              DW$L$_LoadProgramFromSPIFlash$27$E:
     494              L16:    
     495              DW$L$_LoadProgramFromSPIFlash$28$B:
     496                      .dwpsn  "app_USBmod_data_handle.c",170,6
     497 000000f4 9245          MOV       AL,*-SP[5]            ; |170| 
     498 000000f5 7246          ADD       *-SP[6],AL            ; |170| 
     499                      .dwpsn  "app_USBmod_data_handle.c",171,6
     500 000000f6 9245          MOV       AL,*-SP[5]            ; |171| 
     501 000000f7 984A          OR        *-SP[10],AL           ; |171| 
     502                      .dwpsn  "app_USBmod_data_handle.c",159,23
     503 000000f8 0201          MOVB      ACC,#1
     504 000000f9 074C          ADDL      ACC,*-SP[12]          ; |159| 
     505 000000fa 1E4C          MOVL      *-SP[12],ACC          ; |159| 
TMS320C2000 COFF Assembler PC v4.1.3 Sat Oct 22 14:29:46 2011

Tools Copyright (c) 1996-2006 Texas Instruments Incorporated
C:\DOCUME~1\ADMINI~1\LOCALS~1\Temp\TI2522                            PAGE   11

     506                      .dwpsn  "app_USBmod_data_handle.c",159,17
     507 000000fb 0202          MOVB      ACC,#2
     508 000000fc 0F4C          CMPL      ACC,*-SP[12]          ; |159| 
     509 000000fd 66E1          B         L15,HI                ; |159| 
     510                      ; branchcc occurs ; |159| 
     511              DW$L$_LoadProgramFromSPIFlash$28$E:
     512              L17:    
     513              DW$L$_LoadProgramFromSPIFlash$29$B:
     514                      .dwpsn  "app_USBmod_data_handle.c",173,5
     515 000000fe 8A56          MOVL      XAR4,*-SP[22]         ; |173| 
     516 000000ff 0201          MOVB      ACC,#1
     517 00000100 07A4          ADDL      ACC,XAR4
     518 00000101 1E56          MOVL      *-SP[22],ACC          ; |173| 
     519 00000102 924A          MOV       AL,*-SP[10]           ; |173| 
     520 00000103 96C4          MOV       *+XAR4[0],AL          ; |173| 
     521                      .dwpsn  "app_USBmod_data_handle.c",174,5
     522 00000104 0201          MOVB      ACC,#1
     523 00000105 074E          ADDL      ACC,*-SP[14]          ; |174| 
     524 00000106 1E4E          MOVL      *-SP[14],ACC          ; |174| 
     525                      .dwpsn  "app_USBmod_data_handle.c",156,31
     526 00000107 0A43          INC       *-SP[3]               ; |156| 
     527              DW$L$_LoadProgramFromSPIFlash$29$E:
     528              L18:    
     529              DW$L$_LoadProgramFromSPIFlash$30$B:
     530                      .dwpsn  "app_USBmod_data_handle.c",156,16
     531 00000108 9347          MOV       AH,*-SP[7]            ; |156| 
     532 00000109 92A8          MOV       AL,AH                 ; |156| 
     533 0000010a FFCE          LSR       AL,15                 ; |156| 
     534 0000010b 94A8          ADD       AL,AH                 ; |156| 
     535 0000010c FFA0          ASR       AL,1                  ; |156| 
     536 0000010d 5443          CMP       AL,*-SP[3]            ; |156| 
     537 0000010e 62CB          B         L14,GT                ; |156| 
     538                      ; branchcc occurs ; |156| 
     539              DW$L$_LoadProgramFromSPIFlash$30$E:
     540              DW$L$_LoadProgramFromSPIFlash$31$B:
     541                      .dwpsn  "app_USBmod_data_handle.c",180,4
     542 0000010f 5849          MOVZ      AR0,*-SP[9]           ; |180| 
     543 00000110 8F00-         MOVL      XAR4,#_UARTBUF        ; |180| 
         00000111 0040 
     544 00000112 9294          MOV       AL,*+XAR4[AR0]        ; |180| 
     545 00000113 9645          MOV       *-SP[5],AL            ; |180| 
     546                      .dwpsn  "app_USBmod_data_handle.c",181,4
     547 00000114 0A49          INC       *-SP[9]               ; |181| 
     548                      .dwpsn  "app_USBmod_data_handle.c",182,4
     549 00000115 1B49          CMP       *-SP[9],#1024         ; |182| 
         00000116 0400 
     550 00000117 680B          B         L19,LO                ; |182| 
     551                      ; branchcc occurs ; |182| 
     552              DW$L$_LoadProgramFromSPIFlash$31$E:
     553              DW$L$_LoadProgramFromSPIFlash$32$B:
     554                      .dwpsn  "app_USBmod_data_handle.c",184,5
     555 00000118 8F40          MOVL      XAR5,#1024            ; |184| 
         00000119 0400 
     556 0000011a 0658          MOVL      ACC,*-SP[24]          ; |184| 
     557 0000011b 7640!         LCR       #_app_global_flash_read_char ; |184| 
TMS320C2000 COFF Assembler PC v4.1.3 Sat Oct 22 14:29:46 2011

Tools Copyright (c) 1996-2006 Texas Instruments Incorporated
C:\DOCUME~1\ADMINI~1\LOCALS~1\Temp\TI2522                            PAGE   12

         0000011c 0000 
     558                      ; call occurs [#_app_global_flash_read_char] ; |184| 
     559                      .dwpsn  "app_USBmod_data_handle.c",185,5
     560 0000011d FF20          MOV       ACC,#1024             ; |185| 
         0000011e 0400 
     561 0000011f 0758          ADDL      ACC,*-SP[24]          ; |185| 
     562 00000120 1E58          MOVL      *-SP[24],ACC          ; |185| 
     563                      .dwpsn  "app_USBmod_data_handle.c",186,5
     564 00000121 2B49          MOV       *-SP[9],#0            ; |186| 
     565              DW$L$_LoadProgramFromSPIFlash$32$E:
     566              L19:    
     567              DW$L$_LoadProgramFromSPIFlash$33$B:
     568                      .dwpsn  "app_USBmod_data_handle.c",188,4
     569 00000122 1845          AND       *-SP[5],#0x00ff       ; |188| 
         00000123 00FF 
     570                      .dwpsn  "app_USBmod_data_handle.c",189,4
     571 00000124 9246          MOV       AL,*-SP[6]            ; |189| 
     572 00000125 FF5E          NOT       AL                    ; |189| 
     573 00000126 9C01          ADDB      AL,#1                 ; |189| 
     574 00000127 90FF          ANDB      AL,#0xff              ; |189| 
     575 00000128 9646          MOV       *-SP[6],AL            ; |189| 
     576                      .dwpsn  "app_USBmod_data_handle.c",190,4
     577 00000129 5445          CMP       AL,*-SP[5]            ; |190| 
     578 0000012a EC03          BF        L20,EQ                ; |190| 
     579                      ; branchcc occurs ; |190| 
     580              DW$L$_LoadProgramFromSPIFlash$33$E:
     581                      .dwpsn  "app_USBmod_data_handle.c",191,5
     582 0000012b 9A02          MOVB      AL,#2                 ; |191| 
     583 0000012c 6F0B          B         L21,UNC               ; |191| 
     584                      ; branch occurs ; |191| 
     585              L20:    
     586              DW$L$_LoadProgramFromSPIFlash$35$B:
     587                      .dwpsn  "app_USBmod_data_handle.c",196,3
     588 0000012d 9248          MOV       AL,*-SP[8]            ; |196| 
     589 0000012e 5201          CMPB      AL,#1                 ; |196| 
     590 0000012f 56C0          BF        L1,NEQ                ; |196| 
         00000130 FEE6 
     591                      ; branchcc occurs ; |196| 
     592              DW$L$_LoadProgramFromSPIFlash$35$E:
     593                      .dwpsn  "app_USBmod_data_handle.c",198,4
     594 00000131 0A49          INC       *-SP[9]               ; |198| 
     595                      .dwpsn  "app_USBmod_data_handle.c",199,4
     596 00000132 0201          MOVB      ACC,#1
     597 00000133 0750          ADDL      ACC,*-SP[16]          ; |199| 
     598 00000134 1E50          MOVL      *-SP[16],ACC          ; |199| 
     599                      .dwpsn  "app_USBmod_data_handle.c",202,4
     600 00000135 9AFF          MOVB      AL,#255               ; |202| 
     601 00000136 6F01          B         L21,UNC               ; |202| 
     602                      ; branch occurs ; |202| 
     603              L21:    
     604                      .dwpsn  "app_USBmod_data_handle.c",205,1
     605 00000137 FE98          SUBB      SP,#24                ; |59| 
     606                      .dwcfa  0x1d, -2
     607 00000138 0006          LRETR
     608                      ; return occurs
TMS320C2000 COFF Assembler PC v4.1.3 Sat Oct 22 14:29:46 2011

Tools Copyright (c) 1996-2006 Texas Instruments Incorporated
C:\DOCUME~1\ADMINI~1\LOCALS~1\Temp\TI2522                            PAGE   13

     609              
     610              DW$26   .dwtag  DW_TAG_loop
     611                      .dwattr DW$26, DW_AT_name("C:\DOCUME~1\ADMINI~1\LOCALS~1\Temp\TI2522:L1:1:1319264986")
     612                      .dwattr DW$26, DW_AT_begin_file("app_USBmod_data_handle.c")
     613                      .dwattr DW$26, DW_AT_begin_line(0x3b)
     614                      .dwattr DW$26, DW_AT_end_line(0xcc)
     615              DW$27   .dwtag  DW_TAG_loop_range
     616                      .dwattr DW$27, DW_AT_low_pc(DW$L$_LoadProgramFromSPIFlash$2$B)
     617                      .dwattr DW$27, DW_AT_high_pc(DW$L$_LoadProgramFromSPIFlash$2$E)
     618              DW$28   .dwtag  DW_TAG_loop_range
     619                      .dwattr DW$28, DW_AT_low_pc(DW$L$_LoadProgramFromSPIFlash$24$B)
     620                      .dwattr DW$28, DW_AT_high_pc(DW$L$_LoadProgramFromSPIFlash$24$E)
     621              DW$29   .dwtag  DW_TAG_loop_range
     622                      .dwattr DW$29, DW_AT_low_pc(DW$L$_LoadProgramFromSPIFlash$31$B)
     623                      .dwattr DW$29, DW_AT_high_pc(DW$L$_LoadProgramFromSPIFlash$31$E)
     624              DW$30   .dwtag  DW_TAG_loop_range
     625                      .dwattr DW$30, DW_AT_low_pc(DW$L$_LoadProgramFromSPIFlash$32$B)
     626                      .dwattr DW$30, DW_AT_high_pc(DW$L$_LoadProgramFromSPIFlash$32$E)
     627              DW$31   .dwtag  DW_TAG_loop_range
     628                      .dwattr DW$31, DW_AT_low_pc(DW$L$_LoadProgramFromSPIFlash$15$B)
     629                      .dwattr DW$31, DW_AT_high_pc(DW$L$_LoadProgramFromSPIFlash$15$E)
     630              DW$32   .dwtag  DW_TAG_loop_range
     631                      .dwattr DW$32, DW_AT_low_pc(DW$L$_LoadProgramFromSPIFlash$19$B)
     632                      .dwattr DW$32, DW_AT_high_pc(DW$L$_LoadProgramFromSPIFlash$19$E)
     633              DW$33   .dwtag  DW_TAG_loop_range
     634                      .dwattr DW$33, DW_AT_low_pc(DW$L$_LoadProgramFromSPIFlash$20$B)
     635                      .dwattr DW$33, DW_AT_high_pc(DW$L$_LoadProgramFromSPIFlash$20$E)
     636              DW$34   .dwtag  DW_TAG_loop_range
     637                      .dwattr DW$34, DW_AT_low_pc(DW$L$_LoadProgramFromSPIFlash$3$B)
     638                      .dwattr DW$34, DW_AT_high_pc(DW$L$_LoadProgramFromSPIFlash$3$E)
     639              DW$35   .dwtag  DW_TAG_loop_range
     640                      .dwattr DW$35, DW_AT_low_pc(DW$L$_LoadProgramFromSPIFlash$4$B)
     641                      .dwattr DW$35, DW_AT_high_pc(DW$L$_LoadProgramFromSPIFlash$4$E)
     642              DW$36   .dwtag  DW_TAG_loop_range
     643                      .dwattr DW$36, DW_AT_low_pc(DW$L$_LoadProgramFromSPIFlash$6$B)
     644                      .dwattr DW$36, DW_AT_high_pc(DW$L$_LoadProgramFromSPIFlash$6$E)
     645              DW$37   .dwtag  DW_TAG_loop_range
     646                      .dwattr DW$37, DW_AT_low_pc(DW$L$_LoadProgramFromSPIFlash$7$B)
     647                      .dwattr DW$37, DW_AT_high_pc(DW$L$_LoadProgramFromSPIFlash$7$E)
     648              DW$38   .dwtag  DW_TAG_loop_range
     649                      .dwattr DW$38, DW_AT_low_pc(DW$L$_LoadProgramFromSPIFlash$8$B)
     650                      .dwattr DW$38, DW_AT_high_pc(DW$L$_LoadProgramFromSPIFlash$8$E)
     651              DW$39   .dwtag  DW_TAG_loop_range
     652                      .dwattr DW$39, DW_AT_low_pc(DW$L$_LoadProgramFromSPIFlash$12$B)
     653                      .dwattr DW$39, DW_AT_high_pc(DW$L$_LoadProgramFromSPIFlash$12$E)
     654              DW$40   .dwtag  DW_TAG_loop_range
     655                      .dwattr DW$40, DW_AT_low_pc(DW$L$_LoadProgramFromSPIFlash$13$B)
     656                      .dwattr DW$40, DW_AT_high_pc(DW$L$_LoadProgramFromSPIFlash$13$E)
     657              DW$41   .dwtag  DW_TAG_loop_range
     658                      .dwattr DW$41, DW_AT_low_pc(DW$L$_LoadProgramFromSPIFlash$14$B)
     659                      .dwattr DW$41, DW_AT_high_pc(DW$L$_LoadProgramFromSPIFlash$14$E)
     660              DW$42   .dwtag  DW_TAG_loop_range
     661                      .dwattr DW$42, DW_AT_low_pc(DW$L$_LoadProgramFromSPIFlash$21$B)
     662                      .dwattr DW$42, DW_AT_high_pc(DW$L$_LoadProgramFromSPIFlash$21$E)
     663              DW$43   .dwtag  DW_TAG_loop_range
TMS320C2000 COFF Assembler PC v4.1.3 Sat Oct 22 14:29:46 2011

Tools Copyright (c) 1996-2006 Texas Instruments Incorporated
C:\DOCUME~1\ADMINI~1\LOCALS~1\Temp\TI2522                            PAGE   14

     664                      .dwattr DW$43, DW_AT_low_pc(DW$L$_LoadProgramFromSPIFlash$23$B)
     665                      .dwattr DW$43, DW_AT_high_pc(DW$L$_LoadProgramFromSPIFlash$23$E)
     666              DW$44   .dwtag  DW_TAG_loop_range
     667                      .dwattr DW$44, DW_AT_low_pc(DW$L$_LoadProgramFromSPIFlash$33$B)
     668                      .dwattr DW$44, DW_AT_high_pc(DW$L$_LoadProgramFromSPIFlash$33$E)
     669              DW$45   .dwtag  DW_TAG_loop_range
     670                      .dwattr DW$45, DW_AT_low_pc(DW$L$_LoadProgramFromSPIFlash$35$B)
     671                      .dwattr DW$45, DW_AT_high_pc(DW$L$_LoadProgramFromSPIFlash$35$E)
     672              
     673              DW$46   .dwtag  DW_TAG_loop
     674                      .dwattr DW$46, DW_AT_name("C:\DOCUME~1\ADMINI~1\LOCALS~1\Temp\TI2522:L18:2:1319264986")
     675                      .dwattr DW$46, DW_AT_begin_file("app_USBmod_data_handle.c")
     676                      .dwattr DW$46, DW_AT_begin_line(0x9c)
     677                      .dwattr DW$46, DW_AT_end_line(0xae)
     678              DW$47   .dwtag  DW_TAG_loop_range
     679                      .dwattr DW$47, DW_AT_low_pc(DW$L$_LoadProgramFromSPIFlash$30$B)
     680                      .dwattr DW$47, DW_AT_high_pc(DW$L$_LoadProgramFromSPIFlash$30$E)
     681              DW$48   .dwtag  DW_TAG_loop_range
     682                      .dwattr DW$48, DW_AT_low_pc(DW$L$_LoadProgramFromSPIFlash$25$B)
     683                      .dwattr DW$48, DW_AT_high_pc(DW$L$_LoadProgramFromSPIFlash$25$E)
     684              DW$49   .dwtag  DW_TAG_loop_range
     685                      .dwattr DW$49, DW_AT_low_pc(DW$L$_LoadProgramFromSPIFlash$29$B)
     686                      .dwattr DW$49, DW_AT_high_pc(DW$L$_LoadProgramFromSPIFlash$29$E)
     687              
     688              DW$50   .dwtag  DW_TAG_loop
     689                      .dwattr DW$50, DW_AT_name("C:\DOCUME~1\ADMINI~1\LOCALS~1\Temp\TI2522:L15:3:1319264986")
     690                      .dwattr DW$50, DW_AT_begin_file("app_USBmod_data_handle.c")
     691                      .dwattr DW$50, DW_AT_begin_line(0x9f)
     692                      .dwattr DW$50, DW_AT_end_line(0xac)
     693              DW$51   .dwtag  DW_TAG_loop_range
     694                      .dwattr DW$51, DW_AT_low_pc(DW$L$_LoadProgramFromSPIFlash$26$B)
     695                      .dwattr DW$51, DW_AT_high_pc(DW$L$_LoadProgramFromSPIFlash$26$E)
     696              DW$52   .dwtag  DW_TAG_loop_range
     697                      .dwattr DW$52, DW_AT_low_pc(DW$L$_LoadProgramFromSPIFlash$27$B)
     698                      .dwattr DW$52, DW_AT_high_pc(DW$L$_LoadProgramFromSPIFlash$27$E)
     699              DW$53   .dwtag  DW_TAG_loop_range
     700                      .dwattr DW$53, DW_AT_low_pc(DW$L$_LoadProgramFromSPIFlash$28$B)
     701                      .dwattr DW$53, DW_AT_high_pc(DW$L$_LoadProgramFromSPIFlash$28$E)
     702                      .dwendtag DW$50
     703              
     704                      .dwendtag DW$46
     705              
     706              
     707              DW$54   .dwtag  DW_TAG_loop
     708                      .dwattr DW$54, DW_AT_name("C:\DOCUME~1\ADMINI~1\LOCALS~1\Temp\TI2522:L9:2:1319264986")
     709                      .dwattr DW$54, DW_AT_begin_file("app_USBmod_data_handle.c")
     710                      .dwattr DW$54, DW_AT_begin_line(0x78)
     711                      .dwattr DW$54, DW_AT_end_line(0x86)
     712              DW$55   .dwtag  DW_TAG_loop_range
     713                      .dwattr DW$55, DW_AT_low_pc(DW$L$_LoadProgramFromSPIFlash$16$B)
     714                      .dwattr DW$55, DW_AT_high_pc(DW$L$_LoadProgramFromSPIFlash$16$E)
     715              DW$56   .dwtag  DW_TAG_loop_range
     716                      .dwattr DW$56, DW_AT_low_pc(DW$L$_LoadProgramFromSPIFlash$17$B)
     717                      .dwattr DW$56, DW_AT_high_pc(DW$L$_LoadProgramFromSPIFlash$17$E)
     718              DW$57   .dwtag  DW_TAG_loop_range
TMS320C2000 COFF Assembler PC v4.1.3 Sat Oct 22 14:29:46 2011

Tools Copyright (c) 1996-2006 Texas Instruments Incorporated
C:\DOCUME~1\ADMINI~1\LOCALS~1\Temp\TI2522                            PAGE   15

     719                      .dwattr DW$57, DW_AT_low_pc(DW$L$_LoadProgramFromSPIFlash$18$B)
     720                      .dwattr DW$57, DW_AT_high_pc(DW$L$_LoadProgramFromSPIFlash$18$E)
     721                      .dwendtag DW$54
     722              
     723              
     724              DW$58   .dwtag  DW_TAG_loop
     725                      .dwattr DW$58, DW_AT_name("C:\DOCUME~1\ADMINI~1\LOCALS~1\Temp\TI2522:L5:2:1319264986")
     726                      .dwattr DW$58, DW_AT_begin_file("app_USBmod_data_handle.c")
     727                      .dwattr DW$58, DW_AT_begin_line(0x56)
     728                      .dwattr DW$58, DW_AT_end_line(0x64)
     729              DW$59   .dwtag  DW_TAG_loop_range
     730                      .dwattr DW$59, DW_AT_low_pc(DW$L$_LoadProgramFromSPIFlash$9$B)
     731                      .dwattr DW$59, DW_AT_high_pc(DW$L$_LoadProgramFromSPIFlash$9$E)
     732              DW$60   .dwtag  DW_TAG_loop_range
     733                      .dwattr DW$60, DW_AT_low_pc(DW$L$_LoadProgramFromSPIFlash$10$B)
     734                      .dwattr DW$60, DW_AT_high_pc(DW$L$_LoadProgramFromSPIFlash$10$E)
     735              DW$61   .dwtag  DW_TAG_loop_range
     736                      .dwattr DW$61, DW_AT_low_pc(DW$L$_LoadProgramFromSPIFlash$11$B)
     737                      .dwattr DW$61, DW_AT_high_pc(DW$L$_LoadProgramFromSPIFlash$11$E)
     738                      .dwendtag DW$58
     739              
     740                      .dwendtag DW$26
     741              
     742                      .dwattr DW$7, DW_AT_end_file("app_USBmod_data_handle.c")
     743                      .dwattr DW$7, DW_AT_end_line(0xcd)
     744                      .dwattr DW$7, DW_AT_end_column(0x01)
     745                      .dwendentry
     746                      .dwendtag DW$7
     747              
     748              ;***************************************************************
     749              ;* UNDEFINED EXTERNAL REFERENCES                               *
     750              ;***************************************************************
     751                      .global _app_global_flash_read_char
     752              
     753              ;***************************************************************
     754              ;* TYPE INFORMATION                                            *
     755              ;***************************************************************
     756              
     757              DW$T$22 .dwtag  DW_TAG_subroutine_type
     758                      .dwattr DW$T$22, DW_AT_language(DW_LANG_C)
     759              DW$62   .dwtag  DW_TAG_formal_parameter, DW_AT_type(*DW$T$12)
     760              DW$63   .dwtag  DW_TAG_formal_parameter, DW_AT_type(*DW$T$20)
     761              DW$64   .dwtag  DW_TAG_formal_parameter, DW_AT_type(*DW$T$21)
     762                      .dwendtag DW$T$22
     763              
     764              
     765              DW$T$24 .dwtag  DW_TAG_subroutine_type, DW_AT_type(*DW$T$6)
     766                      .dwattr DW$T$24, DW_AT_language(DW_LANG_C)
     767              DW$65   .dwtag  DW_TAG_formal_parameter, DW_AT_type(*DW$T$13)
     768                      .dwendtag DW$T$24
     769              
     770              
     771              DW$T$25 .dwtag  DW_TAG_array_type, DW_AT_type(*DW$T$6)
     772                      .dwattr DW$T$25, DW_AT_language(DW_LANG_C)
     773                      .dwattr DW$T$25, DW_AT_byte_size(0x7d0)
TMS320C2000 COFF Assembler PC v4.1.3 Sat Oct 22 14:29:46 2011

Tools Copyright (c) 1996-2006 Texas Instruments Incorporated
C:\DOCUME~1\ADMINI~1\LOCALS~1\Temp\TI2522                            PAGE   16

     774              DW$66   .dwtag  DW_TAG_subrange_type
     775                      .dwattr DW$66, DW_AT_upper_bound(0x7cf)
     776                      .dwendtag DW$T$25
     777              
     778              DW$T$11 .dwtag  DW_TAG_base_type, DW_AT_name("unsigned int")
     779                      .dwattr DW$T$11, DW_AT_encoding(DW_ATE_unsigned)
     780                      .dwattr DW$T$11, DW_AT_byte_size(0x01)
     781              DW$T$21 .dwtag  DW_TAG_typedef, DW_AT_name("Bsize_t"), DW_AT_type(*DW$T$11)
     782                      .dwattr DW$T$21, DW_AT_language(DW_LANG_C)
     783              DW$T$27 .dwtag  DW_TAG_pointer_type, DW_AT_type(*DW$T$11)
     784                      .dwattr DW$T$27, DW_AT_address_class(0x16)
     785              DW$T$12 .dwtag  DW_TAG_base_type, DW_AT_name("long")
     786                      .dwattr DW$T$12, DW_AT_encoding(DW_ATE_signed)
     787                      .dwattr DW$T$12, DW_AT_byte_size(0x02)
     788              DW$T$13 .dwtag  DW_TAG_base_type, DW_AT_name("unsigned long")
     789                      .dwattr DW$T$13, DW_AT_encoding(DW_ATE_unsigned)
     790                      .dwattr DW$T$13, DW_AT_byte_size(0x02)
     791              DW$T$19 .dwtag  DW_TAG_base_type, DW_AT_name("signed char")
     792                      .dwattr DW$T$19, DW_AT_encoding(DW_ATE_signed_char)
     793                      .dwattr DW$T$19, DW_AT_byte_size(0x01)
     794              DW$T$20 .dwtag  DW_TAG_pointer_type, DW_AT_type(*DW$T$19)
     795                      .dwattr DW$T$20, DW_AT_address_class(0x16)
     796              DW$T$6  .dwtag  DW_TAG_base_type, DW_AT_name("unsigned char")
     797                      .dwattr DW$T$6, DW_AT_encoding(DW_ATE_unsigned_char)
     798                      .dwattr DW$T$6, DW_AT_byte_size(0x01)
     799              
     800                      .dwattr DW$7, DW_AT_external(0x01)
     801                      .dwattr DW$7, DW_AT_type(*DW$T$6)
     802                      .dwattr DW$CU, DW_AT_language(DW_LANG_C)
     803              
     804              ;***************************************************************
     805              ;* DWARF CIE ENTRIES                                           *
     806              ;***************************************************************
     807              
     808              DW$CIE  .dwcie 1, 40
     809                      .dwcfa  0x0c, 20, 0
     810                      .dwcfa  0x07, 0
     811                      .dwcfa  0x07, 1
     812                      .dwcfa  0x07, 2
     813                      .dwcfa  0x07, 3
     814                      .dwcfa  0x07, 4
     815                      .dwcfa  0x07, 5
     816                      .dwcfa  0x08, 6
     817                      .dwcfa  0x08, 7
     818                      .dwcfa  0x08, 8
     819                      .dwcfa  0x08, 9
     820                      .dwcfa  0x08, 10
     821                      .dwcfa  0x08, 11
     822                      .dwcfa  0x07, 12
     823                      .dwcfa  0x07, 13
     824                      .dwcfa  0x07, 14
     825                      .dwcfa  0x07, 15
     826                      .dwcfa  0x07, 16
     827                      .dwcfa  0x07, 17
     828                      .dwcfa  0x07, 18
TMS320C2000 COFF Assembler PC v4.1.3 Sat Oct 22 14:29:46 2011

Tools Copyright (c) 1996-2006 Texas Instruments Incorporated
C:\DOCUME~1\ADMINI~1\LOCALS~1\Temp\TI2522                            PAGE   17

     829                      .dwcfa  0x07, 19
     830                      .dwcfa  0x07, 20
     831                      .dwcfa  0x07, 21
     832                      .dwcfa  0x07, 22
     833                      .dwcfa  0x07, 23
     834                      .dwcfa  0x07, 24
     835                      .dwcfa  0x07, 25
     836                      .dwcfa  0x07, 26
     837                      .dwcfa  0x08, 27
     838                      .dwcfa  0x07, 28
     839                      .dwcfa  0x07, 29
     840                      .dwcfa  0x07, 30
     841                      .dwcfa  0x07, 31
     842                      .dwcfa  0x07, 32
     843                      .dwcfa  0x07, 33
     844                      .dwcfa  0x07, 34
     845                      .dwcfa  0x07, 35
     846                      .dwcfa  0x07, 36
     847                      .dwcfa  0x07, 37
     848                      .dwcfa  0x07, 38
     849                      .dwcfa  0x07, 39
     850                      .dwcfa  0x07, 40
     851              
     852              ;***************************************************************
     853              ;* DWARF REGISTER MAP                                          *
     854              ;***************************************************************
     855              
     856              DW$67   .dwtag  DW_TAG_assign_register, DW_AT_name("AL")
     857                      .dwattr DW$67, DW_AT_location[DW_OP_reg0]
     858              DW$68   .dwtag  DW_TAG_assign_register, DW_AT_name("AH")
     859                      .dwattr DW$68, DW_AT_location[DW_OP_reg1]
     860              DW$69   .dwtag  DW_TAG_assign_register, DW_AT_name("PL")
     861                      .dwattr DW$69, DW_AT_location[DW_OP_reg2]
     862              DW$70   .dwtag  DW_TAG_assign_register, DW_AT_name("PH")
     863                      .dwattr DW$70, DW_AT_location[DW_OP_reg3]
     864              DW$71   .dwtag  DW_TAG_assign_register, DW_AT_name("AR0")
     865                      .dwattr DW$71, DW_AT_location[DW_OP_reg4]
     866              DW$72   .dwtag  DW_TAG_assign_register, DW_AT_name("XAR0")
     867                      .dwattr DW$72, DW_AT_location[DW_OP_reg5]
     868              DW$73   .dwtag  DW_TAG_assign_register, DW_AT_name("AR1")
     869                      .dwattr DW$73, DW_AT_location[DW_OP_reg6]
     870              DW$74   .dwtag  DW_TAG_assign_register, DW_AT_name("XAR1")
     871                      .dwattr DW$74, DW_AT_location[DW_OP_reg7]
     872              DW$75   .dwtag  DW_TAG_assign_register, DW_AT_name("AR2")
     873                      .dwattr DW$75, DW_AT_location[DW_OP_reg8]
     874              DW$76   .dwtag  DW_TAG_assign_register, DW_AT_name("XAR2")
     875                      .dwattr DW$76, DW_AT_location[DW_OP_reg9]
     876              DW$77   .dwtag  DW_TAG_assign_register, DW_AT_name("AR3")
     877                      .dwattr DW$77, DW_AT_location[DW_OP_reg10]
     878              DW$78   .dwtag  DW_TAG_assign_register, DW_AT_name("XAR3")
     879                      .dwattr DW$78, DW_AT_location[DW_OP_reg11]
     880              DW$79   .dwtag  DW_TAG_assign_register, DW_AT_name("AR4")
     881                      .dwattr DW$79, DW_AT_location[DW_OP_reg12]
     882              DW$80   .dwtag  DW_TAG_assign_register, DW_AT_name("XAR4")
     883                      .dwattr DW$80, DW_AT_location[DW_OP_reg13]
TMS320C2000 COFF Assembler PC v4.1.3 Sat Oct 22 14:29:46 2011

Tools Copyright (c) 1996-2006 Texas Instruments Incorporated
C:\DOCUME~1\ADMINI~1\LOCALS~1\Temp\TI2522                            PAGE   18

     884              DW$81   .dwtag  DW_TAG_assign_register, DW_AT_name("AR5")
     885                      .dwattr DW$81, DW_AT_location[DW_OP_reg14]
     886              DW$82   .dwtag  DW_TAG_assign_register, DW_AT_name("XAR5")
     887                      .dwattr DW$82, DW_AT_location[DW_OP_reg15]
     888              DW$83   .dwtag  DW_TAG_assign_register, DW_AT_name("AR6")
     889                      .dwattr DW$83, DW_AT_location[DW_OP_reg16]
     890              DW$84   .dwtag  DW_TAG_assign_register, DW_AT_name("XAR6")
     891                      .dwattr DW$84, DW_AT_location[DW_OP_reg17]
     892              DW$85   .dwtag  DW_TAG_assign_register, DW_AT_name("AR7")
     893                      .dwattr DW$85, DW_AT_location[DW_OP_reg18]
     894              DW$86   .dwtag  DW_TAG_assign_register, DW_AT_name("XAR7")
     895                      .dwattr DW$86, DW_AT_location[DW_OP_reg19]
     896              DW$87   .dwtag  DW_TAG_assign_register, DW_AT_name("SP")
     897                      .dwattr DW$87, DW_AT_location[DW_OP_reg20]
     898              DW$88   .dwtag  DW_TAG_assign_register, DW_AT_name("XT")
     899                      .dwattr DW$88, DW_AT_location[DW_OP_reg21]
     900              DW$89   .dwtag  DW_TAG_assign_register, DW_AT_name("T")
     901                      .dwattr DW$89, DW_AT_location[DW_OP_reg22]
     902              DW$90   .dwtag  DW_TAG_assign_register, DW_AT_name("ST0")
     903                      .dwattr DW$90, DW_AT_location[DW_OP_reg23]
     904              DW$91   .dwtag  DW_TAG_assign_register, DW_AT_name("ST1")
     905                      .dwattr DW$91, DW_AT_location[DW_OP_reg24]
     906              DW$92   .dwtag  DW_TAG_assign_register, DW_AT_name("PC")
     907                      .dwattr DW$92, DW_AT_location[DW_OP_reg25]
     908              DW$93   .dwtag  DW_TAG_assign_register, DW_AT_name("RPC")
     909                      .dwattr DW$93, DW_AT_location[DW_OP_reg26]
     910              DW$94   .dwtag  DW_TAG_assign_register, DW_AT_name("FP")
     911                      .dwattr DW$94, DW_AT_location[DW_OP_reg27]
     912              DW$95   .dwtag  DW_TAG_assign_register, DW_AT_name("DP")
     913                      .dwattr DW$95, DW_AT_location[DW_OP_reg28]
     914              DW$96   .dwtag  DW_TAG_assign_register, DW_AT_name("SXM")
     915                      .dwattr DW$96, DW_AT_location[DW_OP_reg29]
     916              DW$97   .dwtag  DW_TAG_assign_register, DW_AT_name("PM")
     917                      .dwattr DW$97, DW_AT_location[DW_OP_reg30]
     918              DW$98   .dwtag  DW_TAG_assign_register, DW_AT_name("OVM")
     919                      .dwattr DW$98, DW_AT_location[DW_OP_reg31]
     920              DW$99   .dwtag  DW_TAG_assign_register, DW_AT_name("PAGE0")
     921                      .dwattr DW$99, DW_AT_location[DW_OP_regx 0x20]
     922              DW$100  .dwtag  DW_TAG_assign_register, DW_AT_name("AMODE")
     923                      .dwattr DW$100, DW_AT_location[DW_OP_regx 0x21]
     924              DW$101  .dwtag  DW_TAG_assign_register, DW_AT_name("IFR")
     925                      .dwattr DW$101, DW_AT_location[DW_OP_regx 0x22]
     926              DW$102  .dwtag  DW_TAG_assign_register, DW_AT_name("IER")
     927                      .dwattr DW$102, DW_AT_location[DW_OP_regx 0x23]
     928              DW$103  .dwtag  DW_TAG_assign_register, DW_AT_name("IER")
     929                      .dwattr DW$103, DW_AT_location[DW_OP_regx 0x24]
     930              DW$104  .dwtag  DW_TAG_assign_register, DW_AT_name("PSEUDO")
     931                      .dwattr DW$104, DW_AT_location[DW_OP_regx 0x25]
     932              DW$105  .dwtag  DW_TAG_assign_register, DW_AT_name("PSEUDOH")
     933                      .dwattr DW$105, DW_AT_location[DW_OP_regx 0x26]
     934              DW$106  .dwtag  DW_TAG_assign_register, DW_AT_name("VOL")
     935                      .dwattr DW$106, DW_AT_location[DW_OP_regx 0x27]
     936              DW$107  .dwtag  DW_TAG_assign_register, DW_AT_name("CIE_RETA")
     937                      .dwattr DW$107, DW_AT_location[DW_OP_regx 0x28]
     938                      .dwendtag DW$CU
TMS320C2000 COFF Assembler PC v4.1.3 Sat Oct 22 14:29:46 2011

Tools Copyright (c) 1996-2006 Texas Instruments Incorporated
C:\DOCUME~1\ADMINI~1\LOCALS~1\Temp\TI2522                            PAGE   19

     939              

No Assembly Errors, No Assembly Warnings
