TMS320C2000 COFF Assembler PC v4.1.3 Tue Oct 18 16:50:06 2011

Tools Copyright (c) 1996-2006 Texas Instruments Incorporated
C:\DOCUME~1\ADMINI~1\LOCALS~1\Temp\TI2282                            PAGE    1

       1              ;***************************************************************
       2              ;* TMS320C2000 C/C++ Codegen                         PC v4.1.3 *
       3              ;* Date/Time created: Tue Oct 18 16:50:06 2011                 *
       4              ;***************************************************************
       5                      .compiler_opts --mem_model:code=flat --mem_model:data=large --silicon_version=28 
       6        0002  FP      .set    XAR2
       7              
       8              DW$CU   .dwtag  DW_TAG_compile_unit
       9                      .dwattr DW$CU, DW_AT_name("app_USBmod_help.c")
      10                      .dwattr DW$CU, DW_AT_producer("TMS320C2000 C/C++ Codegen PC v4.1.3 Copyright (c) 1996-2006 Texas Inst
      11                      .dwattr DW$CU, DW_AT_stmt_list(0x00)
      12                      .dwattr DW$CU, DW_AT_TI_VERSION(0x01)
      13              
      14              DW$1    .dwtag  DW_TAG_subprogram, DW_AT_name("app_global_flash_read_char"), DW_AT_symbol_name("_app_global_f
      15                      .dwattr DW$1, DW_AT_declaration(0x01)
      16                      .dwattr DW$1, DW_AT_external(0x01)
      17              DW$2    .dwtag  DW_TAG_formal_parameter, DW_AT_type(*DW$T$12)
      18              DW$3    .dwtag  DW_TAG_formal_parameter, DW_AT_type(*DW$T$29)
      19              DW$4    .dwtag  DW_TAG_formal_parameter, DW_AT_type(*DW$T$22)
      20                      .dwendtag DW$1
      21              
      22              
      23              DW$5    .dwtag  DW_TAG_subprogram, DW_AT_name("app_free"), DW_AT_symbol_name("_app_free")
      24                      .dwattr DW$5, DW_AT_declaration(0x01)
      25                      .dwattr DW$5, DW_AT_external(0x01)
      26              DW$6    .dwtag  DW_TAG_formal_parameter, DW_AT_type(*DW$T$3)
      27                      .dwendtag DW$5
      28              
      29              
      30              DW$7    .dwtag  DW_TAG_subprogram, DW_AT_name("app_global_flash_write_char"), DW_AT_symbol_name("_app_global_
      31                      .dwattr DW$7, DW_AT_declaration(0x01)
      32                      .dwattr DW$7, DW_AT_external(0x01)
      33              DW$8    .dwtag  DW_TAG_formal_parameter, DW_AT_type(*DW$T$29)
      34              DW$9    .dwtag  DW_TAG_formal_parameter, DW_AT_type(*DW$T$12)
      35              DW$10   .dwtag  DW_TAG_formal_parameter, DW_AT_type(*DW$T$22)
      36                      .dwendtag DW$7
      37              
      38              
      39              DW$11   .dwtag  DW_TAG_subprogram, DW_AT_name("global_memset"), DW_AT_symbol_name("_global_memset")
      40                      .dwattr DW$11, DW_AT_declaration(0x01)
      41                      .dwattr DW$11, DW_AT_external(0x01)
      42              DW$12   .dwtag  DW_TAG_formal_parameter, DW_AT_type(*DW$T$3)
      43              DW$13   .dwtag  DW_TAG_formal_parameter, DW_AT_type(*DW$T$6)
      44              DW$14   .dwtag  DW_TAG_formal_parameter, DW_AT_type(*DW$T$22)
      45                      .dwendtag DW$11
      46              
      47              
      48              DW$15   .dwtag  DW_TAG_subprogram, DW_AT_name("app_global_flash_locate_icon"), DW_AT_symbol_name("_app_global
      49                      .dwattr DW$15, DW_AT_type(*DW$T$22)
      50                      .dwattr DW$15, DW_AT_declaration(0x01)
      51                      .dwattr DW$15, DW_AT_external(0x01)
      52              DW$16   .dwtag  DW_TAG_formal_parameter, DW_AT_type(*DW$T$29)
      53              DW$17   .dwtag  DW_TAG_formal_parameter, DW_AT_type(*DW$T$13)
      54              DW$18   .dwtag  DW_TAG_formal_parameter, DW_AT_type(*DW$T$13)
      55              DW$19   .dwtag  DW_TAG_formal_parameter, DW_AT_type(*DW$T$37)
TMS320C2000 COFF Assembler PC v4.1.3 Tue Oct 18 16:50:06 2011

Tools Copyright (c) 1996-2006 Texas Instruments Incorporated
C:\DOCUME~1\ADMINI~1\LOCALS~1\Temp\TI2282                            PAGE    2

      56                      .dwendtag DW$15
      57              
      58              
      59              DW$20   .dwtag  DW_TAG_subprogram, DW_AT_name("global_ltoa"), DW_AT_symbol_name("_global_ltoa")
      60                      .dwattr DW$20, DW_AT_type(*DW$T$22)
      61                      .dwattr DW$20, DW_AT_declaration(0x01)
      62                      .dwattr DW$20, DW_AT_external(0x01)
      63              DW$21   .dwtag  DW_TAG_formal_parameter, DW_AT_type(*DW$T$12)
      64              DW$22   .dwtag  DW_TAG_formal_parameter, DW_AT_type(*DW$T$29)
      65                      .dwendtag DW$20
      66              
      67              
      68              DW$23   .dwtag  DW_TAG_subprogram, DW_AT_name("strlen"), DW_AT_symbol_name("_strlen")
      69                      .dwattr DW$23, DW_AT_type(*DW$T$40)
      70                      .dwattr DW$23, DW_AT_declaration(0x01)
      71                      .dwattr DW$23, DW_AT_external(0x01)
      72              DW$24   .dwtag  DW_TAG_formal_parameter, DW_AT_type(*DW$T$42)
      73                      .dwendtag DW$23
      74              
      75              
      76              DW$25   .dwtag  DW_TAG_subprogram, DW_AT_name("app_malloc"), DW_AT_symbol_name("_app_malloc")
      77                      .dwattr DW$25, DW_AT_type(*DW$T$3)
      78                      .dwattr DW$25, DW_AT_declaration(0x01)
      79                      .dwattr DW$25, DW_AT_external(0x01)
      80              DW$26   .dwtag  DW_TAG_formal_parameter, DW_AT_type(*DW$T$22)
      81                      .dwendtag DW$25
      82              
      83              
      84              DW$27   .dwtag  DW_TAG_subprogram, DW_AT_name("global_strcpy"), DW_AT_symbol_name("_global_strcpy")
      85                      .dwattr DW$27, DW_AT_type(*DW$T$29)
      86                      .dwattr DW$27, DW_AT_declaration(0x01)
      87                      .dwattr DW$27, DW_AT_external(0x01)
      88              DW$28   .dwtag  DW_TAG_formal_parameter, DW_AT_type(*DW$T$29)
      89              DW$29   .dwtag  DW_TAG_formal_parameter, DW_AT_type(*DW$T$29)
      90                      .dwendtag DW$27
      91              
      92              
      93              DW$30   .dwtag  DW_TAG_subprogram, DW_AT_name("global_string_locate_first"), DW_AT_symbol_name("_global_strin
      94                      .dwattr DW$30, DW_AT_type(*DW$T$29)
      95                      .dwattr DW$30, DW_AT_declaration(0x01)
      96                      .dwattr DW$30, DW_AT_external(0x01)
      97              DW$31   .dwtag  DW_TAG_formal_parameter, DW_AT_type(*DW$T$29)
      98              DW$32   .dwtag  DW_TAG_formal_parameter, DW_AT_type(*DW$T$29)
      99                      .dwendtag DW$30
     100              
     101              ;       C:\CCStudio_v3.3\C2000\cgtools\bin\ac2000.exe -@C:\DOCUME~1\ADMINI~1\LOCALS~1\Temp\TI2284 
     102 00000000               .sect   ".text"
     103                      .global _app_help_file_paging
     104              
     105              DW$33   .dwtag  DW_TAG_subprogram, DW_AT_name("app_help_file_paging"), DW_AT_symbol_name("_app_help_file_pagi
     106                      .dwattr DW$33, DW_AT_low_pc(_app_help_file_paging)
     107                      .dwattr DW$33, DW_AT_high_pc(0x00)
     108                      .dwattr DW$33, DW_AT_begin_file("app_USBmod_help.c")
     109                      .dwattr DW$33, DW_AT_begin_line(0x14)
     110                      .dwattr DW$33, DW_AT_begin_column(0x06)
TMS320C2000 COFF Assembler PC v4.1.3 Tue Oct 18 16:50:06 2011

Tools Copyright (c) 1996-2006 Texas Instruments Incorporated
C:\DOCUME~1\ADMINI~1\LOCALS~1\Temp\TI2282                            PAGE    3

     111                      .dwpsn  "app_USBmod_help.c",21,1
     112              
     113                      .dwfde DW$CIE
     114              
     115              ;***************************************************************
     116              ;* FNAME: _app_help_file_paging         FR SIZE: 104           *
     117              ;*                                                             *
     118              ;* FUNCTION ENVIRONMENT                                        *
     119              ;*                                                             *
     120              ;* FUNCTION PROPERTIES                                         *
     121              ;*                            2 Parameter, 100 Auto,  2 SOE     *
     122              ;***************************************************************
     123              
     124              _app_help_file_paging:
     125                      .dwcfa  0x1d, -2
     126                      .dwcfa  0x1c, 26, 0
     127                      .dwcfa  0x09, 40, 26
     128 00000000 AABD          MOVL      *SP++,XAR2
     129                      .dwcfa  0x80, 9, 2
     130                      .dwcfa  0x1d, -4
     131 00000001 5AAD          MOVZ      AR2,SP
     132 00000002 FE66          ADDB      SP,#102
     133 00000003 DA84          SUBB      FP,#4
     134                      .dwcfa  0x1d, -106
     135              ;* AL    assigned to _file_len
     136              DW$34   .dwtag  DW_TAG_formal_parameter, DW_AT_name("file_len"), DW_AT_symbol_name("_file_len")
     137                      .dwattr DW$34, DW_AT_type(*DW$T$13)
     138                      .dwattr DW$34, DW_AT_location[DW_OP_reg0]
     139              DW$35   .dwtag  DW_TAG_variable, DW_AT_name("file_len"), DW_AT_symbol_name("_file_len")
     140                      .dwattr DW$35, DW_AT_type(*DW$T$13)
     141                      .dwattr DW$35, DW_AT_location[DW_OP_breg20 -4]
     142              DW$36   .dwtag  DW_TAG_variable, DW_AT_name("addr"), DW_AT_symbol_name("_addr")
     143                      .dwattr DW$36, DW_AT_type(*DW$T$45)
     144                      .dwattr DW$36, DW_AT_location[DW_OP_breg20 -64]
     145              DW$37   .dwtag  DW_TAG_variable, DW_AT_name("data_addr"), DW_AT_symbol_name("_data_addr")
     146                      .dwattr DW$37, DW_AT_type(*DW$T$13)
     147                      .dwattr DW$37, DW_AT_location[DW_OP_breg20 -66]
     148              DW$38   .dwtag  DW_TAG_variable, DW_AT_name("pch"), DW_AT_symbol_name("_pch")
     149                      .dwattr DW$38, DW_AT_type(*DW$T$49)
     150                      .dwattr DW$38, DW_AT_location[DW_OP_breg20 -96]
     151              DW$39   .dwtag  DW_TAG_variable, DW_AT_name("size"), DW_AT_symbol_name("_size")
     152                      .dwattr DW$39, DW_AT_type(*DW$T$22)
     153                      .dwattr DW$39, DW_AT_location[DW_OP_breg20 -97]
     154              DW$40   .dwtag  DW_TAG_variable, DW_AT_name("offset"), DW_AT_symbol_name("_offset")
     155                      .dwattr DW$40, DW_AT_type(*DW$T$22)
     156                      .dwattr DW$40, DW_AT_location[DW_OP_breg20 -98]
     157              DW$41   .dwtag  DW_TAG_variable, DW_AT_name("plist"), DW_AT_symbol_name("_plist")
     158                      .dwattr DW$41, DW_AT_type(*DW$T$55)
     159                      .dwattr DW$41, DW_AT_location[DW_OP_breg20 -100]
     160              DW$42   .dwtag  DW_TAG_variable, DW_AT_name("pend"), DW_AT_symbol_name("_pend")
     161                      .dwattr DW$42, DW_AT_type(*DW$T$29)
     162                      .dwattr DW$42, DW_AT_location[DW_OP_breg20 -102]
     163 00000004 1E44          MOVL      *-SP[4],ACC           ; |21| 
     164                      .dwpsn  "app_USBmod_help.c",27,14
     165 00000005 0200          MOVB      ACC,#0
TMS320C2000 COFF Assembler PC v4.1.3 Tue Oct 18 16:50:06 2011

Tools Copyright (c) 1996-2006 Texas Instruments Incorporated
C:\DOCUME~1\ADMINI~1\LOCALS~1\Temp\TI2282                            PAGE    4

     166 00000006 1EF2          MOVL      *+FP[6],ACC           ; |27| 
     167                      .dwpsn  "app_USBmod_help.c",29,2
     168 00000007 8F07          MOVL      XAR4,#459776          ; |29| 
         00000008 0400 
     169 00000009 5DAD          MOVZ      AR5,SP                ; |29| 
     170 0000000a A8A9          MOVL      ACC,XAR4              ; |29| 
     171 0000000b 0744          ADDL      ACC,*-SP[4]           ; |29| 
     172 0000000c 1E42          MOVL      *-SP[2],ACC           ; |29| 
     173 0000000d DDC0          SUBB      XAR5,#64              ; |29| 
     174 0000000e 8F00+         MOVL      XAR4,#FSL1            ; |29| 
         0000000f 0000 
     175 00000010 FF2A          MOV       ACC,#449 << 10
         00000011 01C1 
     176 00000012 7640!         LCR       #_app_global_flash_locate_icon ; |29| 
         00000013 0000 
     177                      ; call occurs [#_app_global_flash_locate_icon] ; |29| 
     178 00000014 D009          MOVL      XAR0,#9               ; |29| 
     179 00000015 9692          MOV       *+FP[AR0],AL          ; |29| 
     180                      .dwpsn  "app_USBmod_help.c",33,2
     181 00000016 D009          MOVL      XAR0,#9               ; |33| 
     182 00000017 28AC          MOV       T,#60                 ; |33| 
         00000018 003C 
     183 00000019 3092          MPYXU     ACC,T,*+FP[AR0]       ; |33| 
     184 0000001a 7640!         LCR       #_app_malloc          ; |33| 
         0000001b 0000 
     185                      ; call occurs [#_app_malloc] ; |33| 
     186 0000001c A8F2          MOVL      *+FP[6],XAR4          ; |33| 
     187                      .dwpsn  "app_USBmod_help.c",34,2
     188 0000001d 06F2          MOVL      ACC,*+FP[6]           ; |34| 
     189 0000001e 56C1          BF        L5,EQ                 ; |34| 
         0000001f 00D8 
     190                      ; branchcc occurs ; |34| 
     191                      .dwpsn  "app_USBmod_help.c",34,16
     192                      .dwpsn  "app_USBmod_help.c",35,2
     193 00000020 D009          MOVL      XAR0,#9               ; |35| 
     194 00000021 28AC          MOV       T,#60                 ; |35| 
         00000022 003C 
     195 00000023 8AF2          MOVL      XAR4,*+FP[6]          ; |35| 
     196 00000024 3092          MPYXU     ACC,T,*+FP[AR0]       ; |35| 
     197 00000025 93A9          MOV       AH,AL                 ; |35| 
     198 00000026 9A00          MOVB      AL,#0
     199 00000027 7640!         LCR       #_global_memset       ; |35| 
         00000028 0000 
     200                      ; call occurs [#_global_memset] ; |35| 
     201                      .dwpsn  "app_USBmod_help.c",36,8
     202 00000029 D008          MOVL      XAR0,#8               ; |36| 
     203 0000002a 2B92          MOV       *+FP[AR0],#0          ; |36| 
     204                      .dwpsn  "app_USBmod_help.c",36,19
     205 0000002b D009          MOVL      XAR0,#9               ; |36| 
     206 0000002c 9292          MOV       AL,*+FP[AR0]          ; |36| 
     207 0000002d D008          MOVL      XAR0,#8               ; |36| 
     208 0000002e 5492          CMP       AL,*+FP[AR0]          ; |36| 
     209 0000002f FFE9          B         L4,LOS                ; |36| 
         00000030 00A7 
     210                      ; branchcc occurs ; |36| 
TMS320C2000 COFF Assembler PC v4.1.3 Tue Oct 18 16:50:06 2011

Tools Copyright (c) 1996-2006 Texas Instruments Incorporated
C:\DOCUME~1\ADMINI~1\LOCALS~1\Temp\TI2282                            PAGE    5

     211              L1:    
     212              DW$L$_app_help_file_paging$3$B:
     213                      .dwpsn  "app_USBmod_help.c",38,3
     214 00000031 5CAD          MOVZ      AR4,SP                ; |38| 
     215 00000032 9A00          MOVB      AL,#0
     216 00000033 9B1E          MOVB      AH,#30                ; |38| 
     217 00000034 DCE0          SUBB      XAR4,#96              ; |38| 
     218 00000035 7640!         LCR       #_global_memset       ; |38| 
         00000036 0000 
     219                      ; call occurs [#_global_memset] ; |38| 
     220                      .dwpsn  "app_USBmod_help.c",39,3
     221 00000037 D008          MOVL      XAR0,#8               ; |39| 
     222 00000038 5CAD          MOVZ      AR4,SP                ; |39| 
     223 00000039 0E92          MOVU      ACC,*+FP[AR0]
     224 0000003a DCC0          SUBB      XAR4,#64              ; |39| 
     225 0000003b FF30          LSL       ACC,1                 ; |39| 
     226 0000003c 5601          ADDL      XAR4,ACC
         0000003d 00A4 
     227 0000003e 06C4          MOVL      ACC,*+XAR4[0]         ; |39| 
     228 0000003f 5CAD          MOVZ      AR4,SP                ; |39| 
     229 00000040 D51E          MOVB      XAR5,#30              ; |39| 
     230 00000041 DCE0          SUBB      XAR4,#96              ; |39| 
     231 00000042 7640!         LCR       #_app_global_flash_read_char ; |39| 
         00000043 0000 
     232                      ; call occurs [#_app_global_flash_read_char] ; |39| 
     233                      .dwpsn  "app_USBmod_help.c",40,3
     234 00000044 5CAD          MOVZ      AR4,SP                ; |40| 
     235 00000045 8F40+         MOVL      XAR5,#FSL2            ; |40| 
         00000046 0006 
     236 00000047 DCE0          SUBB      XAR4,#96              ; |40| 
     237 00000048 7640!         LCR       #_global_string_locate_first ; |40| 
         00000049 0000 
     238                      ; call occurs [#_global_string_locate_first] ; |40| 
     239 0000004a A8E2          MOVL      *+FP[4],XAR4          ; |40| 
     240                      .dwpsn  "app_USBmod_help.c",41,3
     241 0000004b 5CAD          MOVZ      AR4,SP                ; |41| 
     242 0000004c DCE0          SUBB      XAR4,#96              ; |41| 
     243 0000004d 06E2          MOVL      ACC,*+FP[4]           ; |41| 
     244 0000004e D008          MOVL      XAR0,#8               ; |41| 
     245 0000004f 03A4          SUBL      ACC,XAR4
     246 00000050 5CAD          MOVZ      AR4,SP                ; |41| 
     247 00000051 1EA6          MOVL      XAR6,ACC              ; |41| 
     248 00000052 0E92          MOVU      ACC,*+FP[AR0]
     249 00000053 DCC0          SUBB      XAR4,#64              ; |41| 
     250 00000054 FF30          LSL       ACC,1                 ; |41| 
     251 00000055 5601          ADDL      XAR4,ACC
         00000056 00A4 
     252 00000057 D028          MOVL      XAR0,#40              ; |41| 
     253 00000058 06A6          MOVL      ACC,XAR6              ; |41| 
     254 00000059 07C4          ADDL      ACC,*+XAR4[0]         ; |41| 
     255 0000005a 0901          ADDB      ACC,#1                ; |41| 
     256 0000005b 1E92          MOVL      *+FP[AR0],ACC         ; |41| 
     257                      .dwpsn  "app_USBmod_help.c",42,3
     258 0000005c 8AE2          MOVL      XAR4,*+FP[4]          ; |42| 
     259 0000005d 2BC4          MOV       *+XAR4[0],#0          ; |42| 
TMS320C2000 COFF Assembler PC v4.1.3 Tue Oct 18 16:50:06 2011

Tools Copyright (c) 1996-2006 Texas Instruments Incorporated
C:\DOCUME~1\ADMINI~1\LOCALS~1\Temp\TI2282                            PAGE    6

     260                      .dwpsn  "app_USBmod_help.c",43,3
     261 0000005e 8F00+         MOVL      XAR4,#FSL1            ; |43| 
         0000005f 0000 
     262 00000060 7640!         LCR       #_strlen              ; |43| 
         00000061 0000 
     263                      ; call occurs [#_strlen] ; |43| 
     264 00000062 5CAD          MOVZ      AR4,SP                ; |43| 
     265 00000063 1EA6          MOVL      XAR6,ACC              ; |43| 
     266 00000064 DCE0          SUBB      XAR4,#96              ; |43| 
     267 00000065 0EA4          MOVU      ACC,AR4               ; |43| 
     268 00000066 D008          MOVL      XAR0,#8               ; |43| 
     269 00000067 07A6          ADDL      ACC,XAR6
     270 00000068 28AC          MOV       T,#60                 ; |43| 
         00000069 003C 
     271 0000006a 83A9          MOVL      XAR5,ACC              ; |43| 
     272 0000006b 3292          MPYXU     P,T,*+FP[AR0]         ; |43| 
     273 0000006c 06F2          MOVL      ACC,*+FP[6]           ; |43| 
     274 0000006d 07AB          ADDL      ACC,P
     275 0000006e 8AA9          MOVL      XAR4,ACC              ; |43| 
     276 0000006f 7640!         LCR       #_global_strcpy       ; |43| 
         00000070 0000 
     277                      ; call occurs [#_global_strcpy] ; |43| 
     278                      .dwpsn  "app_USBmod_help.c",44,3
     279 00000071 5CAD          MOVZ      AR4,SP                ; |44| 
     280 00000072 9A00          MOVB      AL,#0
     281 00000073 DCE0          SUBB      XAR4,#96              ; |44| 
     282 00000074 9B1E          MOVB      AH,#30                ; |44| 
     283 00000075 7640!         LCR       #_global_memset       ; |44| 
         00000076 0000 
     284                      ; call occurs [#_global_memset] ; |44| 
     285                      .dwpsn  "app_USBmod_help.c",45,3
     286 00000077 5CAD          MOVZ      AR4,SP                ; |45| 
     287 00000078 D028          MOVL      XAR0,#40              ; |45| 
     288 00000079 DCE0          SUBB      XAR4,#96              ; |45| 
     289 0000007a 0692          MOVL      ACC,*+FP[AR0]         ; |45| 
     290 0000007b 7640!         LCR       #_global_ltoa         ; |45| 
         0000007c 0000 
     291                      ; call occurs [#_global_ltoa] ; |45| 
     292                      .dwpsn  "app_USBmod_help.c",46,3
     293 0000007d D008          MOVL      XAR0,#8               ; |46| 
     294 0000007e 28AC          MOV       T,#60                 ; |46| 
         0000007f 003C 
     295 00000080 06F2          MOVL      ACC,*+FP[6]           ; |46| 
     296 00000081 3292          MPYXU     P,T,*+FP[AR0]         ; |46| 
     297 00000082 5DAD          MOVZ      AR5,SP                ; |46| 
     298 00000083 07AB          ADDL      ACC,P
     299 00000084 0914          ADDB      ACC,#20               ; |46| 
     300 00000085 8AA9          MOVL      XAR4,ACC              ; |46| 
     301 00000086 DDE0          SUBB      XAR5,#96              ; |46| 
     302 00000087 7640!         LCR       #_global_strcpy       ; |46| 
         00000088 0000 
     303                      ; call occurs [#_global_strcpy] ; |46| 
     304                      .dwpsn  "app_USBmod_help.c",47,3
     305 00000089 5CAD          MOVZ      AR4,SP                ; |47| 
     306 0000008a 9A00          MOVB      AL,#0
TMS320C2000 COFF Assembler PC v4.1.3 Tue Oct 18 16:50:06 2011

Tools Copyright (c) 1996-2006 Texas Instruments Incorporated
C:\DOCUME~1\ADMINI~1\LOCALS~1\Temp\TI2282                            PAGE    7

     307 0000008b DCE0          SUBB      XAR4,#96              ; |47| 
     308 0000008c 9B1E          MOVB      AH,#30                ; |47| 
     309 0000008d 7640!         LCR       #_global_memset       ; |47| 
         0000008e 0000 
     310                      ; call occurs [#_global_memset] ; |47| 
     311                      .dwpsn  "app_USBmod_help.c",48,3
     312 0000008f D009          MOVL      XAR0,#9               ; |48| 
     313 00000090 9292          MOV       AL,*+FP[AR0]          ; |48| 
     314 00000091 D008          MOVL      XAR0,#8               ; |48| 
     315 00000092 9CFF          ADDB      AL,#-1
     316 00000093 5492          CMP       AL,*+FP[AR0]          ; |48| 
     317 00000094 6916          B         L2,LOS                ; |48| 
     318                      ; branchcc occurs ; |48| 
     319              DW$L$_app_help_file_paging$3$E:
     320              DW$L$_app_help_file_paging$4$B:
     321                      .dwpsn  "app_USBmod_help.c",50,4
     322 00000095 D008          MOVL      XAR0,#8               ; |50| 
     323 00000096 5CAD          MOVZ      AR4,SP                ; |50| 
     324 00000097 0E92          MOVU      ACC,*+FP[AR0]
     325 00000098 5DAD          MOVZ      AR5,SP                ; |50| 
     326 00000099 D008          MOVL      XAR0,#8               ; |50| 
     327 0000009a DCC0          SUBB      XAR4,#64              ; |50| 
     328 0000009b FF30          LSL       ACC,1                 ; |50| 
     329 0000009c 5601          ADDL      XAR4,ACC
         0000009d 00A4 
     330 0000009e 9292          MOV       AL,*+FP[AR0]          ; |50| 
     331 0000009f DDC0          SUBB      XAR5,#64              ; |50| 
     332 000000a0 9C01          ADDB      AL,#1                 ; |50| 
     333 000000a1 0EA9          MOVU      ACC,AL
     334 000000a2 FF30          LSL       ACC,1                 ; |50| 
     335 000000a3 5601          ADDL      XAR5,ACC
         000000a4 00A5 
     336 000000a5 D028          MOVL      XAR0,#40              ; |50| 
     337 000000a6 06C5          MOVL      ACC,*+XAR5[0]         ; |50| 
     338 000000a7 03C4          SUBL      ACC,*+XAR4[0]         ; |50| 
     339 000000a8 1E92          MOVL      *+FP[AR0],ACC         ; |50| 
     340                      .dwpsn  "app_USBmod_help.c",51,3
     341 000000a9 6F10          B         L3,UNC                ; |51| 
     342                      ; branch occurs ; |51| 
     343              DW$L$_app_help_file_paging$4$E:
     344              L2:    
     345              DW$L$_app_help_file_paging$5$B:
     346                      .dwpsn  "app_USBmod_help.c",54,4
     347 000000aa D009          MOVL      XAR0,#9               ; |54| 
     348 000000ab 5CAD          MOVZ      AR4,SP                ; |54| 
     349 000000ac 9292          MOV       AL,*+FP[AR0]          ; |54| 
     350 000000ad 9CFF          ADDB      AL,#-1
     351 000000ae 0EA9          MOVU      ACC,AL
     352 000000af DCC0          SUBB      XAR4,#64              ; |54| 
     353 000000b0 FF30          LSL       ACC,1                 ; |54| 
     354 000000b1 5601          ADDL      XAR4,ACC
         000000b2 00A4 
     355 000000b3 D028          MOVL      XAR0,#40              ; |54| 
     356 000000b4 0644          MOVL      ACC,*-SP[4]           ; |54| 
     357 000000b5 03C4          SUBL      ACC,*+XAR4[0]         ; |54| 
TMS320C2000 COFF Assembler PC v4.1.3 Tue Oct 18 16:50:06 2011

Tools Copyright (c) 1996-2006 Texas Instruments Incorporated
C:\DOCUME~1\ADMINI~1\LOCALS~1\Temp\TI2282                            PAGE    8

     358 000000b6 FF1A          ADD       ACC,#449 << 10        ; |54| 
         000000b7 01C1 
     359 000000b8 1E92          MOVL      *+FP[AR0],ACC         ; |54| 
     360              DW$L$_app_help_file_paging$5$E:
     361              L3:    
     362              DW$L$_app_help_file_paging$6$B:
     363                      .dwpsn  "app_USBmod_help.c",56,3
     364 000000b9 D028          MOVL      XAR0,#40              ; |56| 
     365 000000ba 5CAD          MOVZ      AR4,SP                ; |56| 
     366 000000bb 0692          MOVL      ACC,*+FP[AR0]         ; |56| 
     367 000000bc DCE0          SUBB      XAR4,#96              ; |56| 
     368 000000bd 7640!         LCR       #_global_ltoa         ; |56| 
         000000be 0000 
     369                      ; call occurs [#_global_ltoa] ; |56| 
     370                      .dwpsn  "app_USBmod_help.c",57,3
     371 000000bf D008          MOVL      XAR0,#8               ; |57| 
     372 000000c0 28AC          MOV       T,#60                 ; |57| 
         000000c1 003C 
     373 000000c2 06F2          MOVL      ACC,*+FP[6]           ; |57| 
     374 000000c3 3292          MPYXU     P,T,*+FP[AR0]         ; |57| 
     375 000000c4 5DAD          MOVZ      AR5,SP                ; |57| 
     376 000000c5 07AB          ADDL      ACC,P
     377 000000c6 0928          ADDB      ACC,#40               ; |57| 
     378 000000c7 8AA9          MOVL      XAR4,ACC              ; |57| 
     379 000000c8 DDE0          SUBB      XAR5,#96              ; |57| 
     380 000000c9 7640!         LCR       #_global_strcpy       ; |57| 
         000000ca 0000 
     381                      ; call occurs [#_global_strcpy] ; |57| 
     382                      .dwpsn  "app_USBmod_help.c",36,33
     383 000000cb D008          MOVL      XAR0,#8               ; |36| 
     384 000000cc 9292          MOV       AL,*+FP[AR0]          ; |36| 
     385 000000cd D008          MOVL      XAR0,#8               ; |36| 
     386 000000ce 9C01          ADDB      AL,#1                 ; |36| 
     387 000000cf 9692          MOV       *+FP[AR0],AL          ; |36| 
     388                      .dwpsn  "app_USBmod_help.c",36,19
     389 000000d0 D009          MOVL      XAR0,#9               ; |36| 
     390 000000d1 9292          MOV       AL,*+FP[AR0]          ; |36| 
     391 000000d2 D008          MOVL      XAR0,#8               ; |36| 
     392 000000d3 5492          CMP       AL,*+FP[AR0]          ; |36| 
     393 000000d4 FFE6          B         L1,HI                 ; |36| 
         000000d5 FF5D 
     394                      ; branchcc occurs ; |36| 
     395              DW$L$_app_help_file_paging$6$E:
     396              L4:    
     397                      .dwpsn  "app_USBmod_help.c",59,2
     398 000000d6 5CAD          MOVZ      AR4,SP                ; |59| 
     399 000000d7 9A00          MOVB      AL,#0
     400 000000d8 9B1E          MOVB      AH,#30                ; |59| 
     401 000000d9 DCE0          SUBB      XAR4,#96              ; |59| 
     402 000000da 7640!         LCR       #_global_memset       ; |59| 
         000000db 0000 
     403                      ; call occurs [#_global_memset] ; |59| 
     404                      .dwpsn  "app_USBmod_help.c",60,2
     405 000000dc 5CAD          MOVZ      AR4,SP                ; |60| 
     406 000000dd D009          MOVL      XAR0,#9               ; |60| 
TMS320C2000 COFF Assembler PC v4.1.3 Tue Oct 18 16:50:06 2011

Tools Copyright (c) 1996-2006 Texas Instruments Incorporated
C:\DOCUME~1\ADMINI~1\LOCALS~1\Temp\TI2282                            PAGE    9

     407 000000de DCE0          SUBB      XAR4,#96              ; |60| 
     408 000000df 0E92          MOVU      ACC,*+FP[AR0]
     409 000000e0 7640!         LCR       #_global_ltoa         ; |60| 
         000000e1 0000 
     410                      ; call occurs [#_global_ltoa] ; |60| 
     411                      .dwpsn  "app_USBmod_help.c",61,2
     412 000000e2 5CAD          MOVZ      AR4,SP                ; |61| 
     413 000000e3 9A00          MOV       AL,#0
     414 000000e4 D514          MOVB      XAR5,#20              ; |61| 
     415 000000e5 DCE0          SUBB      XAR4,#96              ; |61| 
     416 000000e6 9B07          MOV       AH,#7
     417 000000e7 7640!         LCR       #_app_global_flash_write_char ; |61| 
         000000e8 0000 
     418                      ; call occurs [#_app_global_flash_write_char] ; |61| 
     419                      .dwpsn  "app_USBmod_help.c",62,2
     420 000000e9 D009          MOVL      XAR0,#9               ; |62| 
     421 000000ea 28AC          MOV       T,#60                 ; |62| 
         000000eb 003C 
     422 000000ec 3092          MPYXU     ACC,T,*+FP[AR0]       ; |62| 
     423 000000ed 5DA9          MOVZ      AR5,AL                ; |62| 
     424 000000ee 8AF2          MOVL      XAR4,*+FP[6]          ; |62| 
     425 000000ef 9A14          MOV       AL,#20
     426 000000f0 9B07          MOV       AH,#7
     427 000000f1 7640!         LCR       #_app_global_flash_write_char ; |62| 
         000000f2 0000 
     428                      ; call occurs [#_app_global_flash_write_char] ; |62| 
     429                      .dwpsn  "app_USBmod_help.c",63,2
     430 000000f3 8AF2          MOVL      XAR4,*+FP[6]          ; |63| 
     431 000000f4 7640!         LCR       #_app_free            ; |63| 
         000000f5 0000 
     432                      ; call occurs [#_app_free] ; |63| 
     433                      .dwpsn  "app_USBmod_help.c",64,2
     434              L5:    
     435                      .dwpsn  "app_USBmod_help.c",65,1
     436 000000f6 FEE6          SUBB      SP,#102
     437                      .dwcfa  0x1d, -4
     438 000000f7 86BE          MOVL      XAR2,*--SP
     439                      .dwcfa  0x1d, -2
     440                      .dwcfa  0xc0, 9
     441 000000f8 0006          LRETR
     442                      ; return occurs
     443              
     444              DW$43   .dwtag  DW_TAG_loop
     445                      .dwattr DW$43, DW_AT_name("C:\DOCUME~1\ADMINI~1\LOCALS~1\Temp\TI2282:L1:1:1318927806")
     446                      .dwattr DW$43, DW_AT_begin_file("app_USBmod_help.c")
     447                      .dwattr DW$43, DW_AT_begin_line(0x24)
     448                      .dwattr DW$43, DW_AT_end_line(0x3a)
     449              DW$44   .dwtag  DW_TAG_loop_range
     450                      .dwattr DW$44, DW_AT_low_pc(DW$L$_app_help_file_paging$3$B)
     451                      .dwattr DW$44, DW_AT_high_pc(DW$L$_app_help_file_paging$3$E)
     452              DW$45   .dwtag  DW_TAG_loop_range
     453                      .dwattr DW$45, DW_AT_low_pc(DW$L$_app_help_file_paging$4$B)
     454                      .dwattr DW$45, DW_AT_high_pc(DW$L$_app_help_file_paging$4$E)
     455              DW$46   .dwtag  DW_TAG_loop_range
     456                      .dwattr DW$46, DW_AT_low_pc(DW$L$_app_help_file_paging$5$B)
TMS320C2000 COFF Assembler PC v4.1.3 Tue Oct 18 16:50:06 2011

Tools Copyright (c) 1996-2006 Texas Instruments Incorporated
C:\DOCUME~1\ADMINI~1\LOCALS~1\Temp\TI2282                            PAGE   10

     457                      .dwattr DW$46, DW_AT_high_pc(DW$L$_app_help_file_paging$5$E)
     458              DW$47   .dwtag  DW_TAG_loop_range
     459                      .dwattr DW$47, DW_AT_low_pc(DW$L$_app_help_file_paging$6$B)
     460                      .dwattr DW$47, DW_AT_high_pc(DW$L$_app_help_file_paging$6$E)
     461                      .dwendtag DW$43
     462              
     463                      .dwattr DW$33, DW_AT_end_file("app_USBmod_help.c")
     464                      .dwattr DW$33, DW_AT_end_line(0x41)
     465                      .dwattr DW$33, DW_AT_end_column(0x01)
     466                      .dwendentry
     467                      .dwendtag DW$33
     468              
     469              ;***************************************************************
     470              ;* FAR STRINGS                                                 *
     471              ;***************************************************************
     472 00000000               .sect   ".econst"
     473                      .align  2
     474 00000000 0024  FSL1:   .string "$PEC:",0
         00000001 0050 
         00000002 0045 
         00000003 0043 
         00000004 003A 
         00000005 0000 
     475                      .align  2
     476 00000006 0023  FSL2:   .string "#",0
         00000007 0000 
     477              ;***************************************************************
     478              ;* UNDEFINED EXTERNAL REFERENCES                               *
     479              ;***************************************************************
     480                      .global _app_global_flash_read_char
     481                      .global _app_free
     482                      .global _app_global_flash_write_char
     483                      .global _global_memset
     484                      .global _app_global_flash_locate_icon
     485                      .global _global_ltoa
     486                      .global _strlen
     487                      .global _app_malloc
     488                      .global _global_strcpy
     489                      .global _global_string_locate_first
     490              
     491              ;***************************************************************
     492              ;* TYPE INFORMATION                                            *
     493              ;***************************************************************
     494              DW$T$3  .dwtag  DW_TAG_pointer_type
     495                      .dwattr DW$T$3, DW_AT_address_class(0x16)
     496              
     497              DW$T$23 .dwtag  DW_TAG_subroutine_type, DW_AT_type(*DW$T$3)
     498                      .dwattr DW$T$23, DW_AT_language(DW_LANG_C)
     499              DW$48   .dwtag  DW_TAG_formal_parameter, DW_AT_type(*DW$T$22)
     500                      .dwendtag DW$T$23
     501              
     502              
     503              DW$T$25 .dwtag  DW_TAG_subroutine_type
     504                      .dwattr DW$T$25, DW_AT_language(DW_LANG_C)
     505              DW$49   .dwtag  DW_TAG_formal_parameter, DW_AT_type(*DW$T$3)
TMS320C2000 COFF Assembler PC v4.1.3 Tue Oct 18 16:50:06 2011

Tools Copyright (c) 1996-2006 Texas Instruments Incorporated
C:\DOCUME~1\ADMINI~1\LOCALS~1\Temp\TI2282                            PAGE   11

     506              DW$50   .dwtag  DW_TAG_formal_parameter, DW_AT_type(*DW$T$6)
     507              DW$51   .dwtag  DW_TAG_formal_parameter, DW_AT_type(*DW$T$22)
     508                      .dwendtag DW$T$25
     509              
     510              
     511              DW$T$27 .dwtag  DW_TAG_subroutine_type
     512                      .dwattr DW$T$27, DW_AT_language(DW_LANG_C)
     513              DW$52   .dwtag  DW_TAG_formal_parameter, DW_AT_type(*DW$T$3)
     514                      .dwendtag DW$T$27
     515              
     516              
     517              DW$T$30 .dwtag  DW_TAG_subroutine_type
     518                      .dwattr DW$T$30, DW_AT_language(DW_LANG_C)
     519              DW$53   .dwtag  DW_TAG_formal_parameter, DW_AT_type(*DW$T$12)
     520              DW$54   .dwtag  DW_TAG_formal_parameter, DW_AT_type(*DW$T$29)
     521              DW$55   .dwtag  DW_TAG_formal_parameter, DW_AT_type(*DW$T$22)
     522                      .dwendtag DW$T$30
     523              
     524              
     525              DW$T$32 .dwtag  DW_TAG_subroutine_type
     526                      .dwattr DW$T$32, DW_AT_language(DW_LANG_C)
     527              DW$56   .dwtag  DW_TAG_formal_parameter, DW_AT_type(*DW$T$29)
     528              DW$57   .dwtag  DW_TAG_formal_parameter, DW_AT_type(*DW$T$12)
     529              DW$58   .dwtag  DW_TAG_formal_parameter, DW_AT_type(*DW$T$22)
     530                      .dwendtag DW$T$32
     531              
     532              
     533              DW$T$34 .dwtag  DW_TAG_subroutine_type
     534                      .dwattr DW$T$34, DW_AT_language(DW_LANG_C)
     535              DW$59   .dwtag  DW_TAG_formal_parameter, DW_AT_type(*DW$T$13)
     536                      .dwendtag DW$T$34
     537              
     538              DW$T$6  .dwtag  DW_TAG_base_type, DW_AT_name("unsigned char")
     539                      .dwattr DW$T$6, DW_AT_encoding(DW_ATE_unsigned_char)
     540                      .dwattr DW$T$6, DW_AT_byte_size(0x01)
     541              DW$T$22 .dwtag  DW_TAG_typedef, DW_AT_name("Bsize_t"), DW_AT_type(*DW$T$11)
     542                      .dwattr DW$T$22, DW_AT_language(DW_LANG_C)
     543              
     544              DW$T$35 .dwtag  DW_TAG_subroutine_type, DW_AT_type(*DW$T$22)
     545                      .dwattr DW$T$35, DW_AT_language(DW_LANG_C)
     546              DW$60   .dwtag  DW_TAG_formal_parameter, DW_AT_type(*DW$T$12)
     547              DW$61   .dwtag  DW_TAG_formal_parameter, DW_AT_type(*DW$T$29)
     548                      .dwendtag DW$T$35
     549              
     550              
     551              DW$T$38 .dwtag  DW_TAG_subroutine_type, DW_AT_type(*DW$T$22)
     552                      .dwattr DW$T$38, DW_AT_language(DW_LANG_C)
     553              DW$62   .dwtag  DW_TAG_formal_parameter, DW_AT_type(*DW$T$29)
     554              DW$63   .dwtag  DW_TAG_formal_parameter, DW_AT_type(*DW$T$13)
     555              DW$64   .dwtag  DW_TAG_formal_parameter, DW_AT_type(*DW$T$13)
     556              DW$65   .dwtag  DW_TAG_formal_parameter, DW_AT_type(*DW$T$37)
     557                      .dwendtag DW$T$38
     558              
     559              DW$T$12 .dwtag  DW_TAG_base_type, DW_AT_name("long")
     560                      .dwattr DW$T$12, DW_AT_encoding(DW_ATE_signed)
TMS320C2000 COFF Assembler PC v4.1.3 Tue Oct 18 16:50:06 2011

Tools Copyright (c) 1996-2006 Texas Instruments Incorporated
C:\DOCUME~1\ADMINI~1\LOCALS~1\Temp\TI2282                            PAGE   12

     561                      .dwattr DW$T$12, DW_AT_byte_size(0x02)
     562              DW$T$13 .dwtag  DW_TAG_base_type, DW_AT_name("unsigned long")
     563                      .dwattr DW$T$13, DW_AT_encoding(DW_ATE_unsigned)
     564                      .dwattr DW$T$13, DW_AT_byte_size(0x02)
     565              DW$T$37 .dwtag  DW_TAG_pointer_type, DW_AT_type(*DW$T$13)
     566                      .dwattr DW$T$37, DW_AT_address_class(0x16)
     567              DW$T$40 .dwtag  DW_TAG_typedef, DW_AT_name("size_t"), DW_AT_type(*DW$T$13)
     568                      .dwattr DW$T$40, DW_AT_language(DW_LANG_C)
     569              
     570              DW$T$43 .dwtag  DW_TAG_subroutine_type, DW_AT_type(*DW$T$40)
     571                      .dwattr DW$T$43, DW_AT_language(DW_LANG_C)
     572              DW$66   .dwtag  DW_TAG_formal_parameter, DW_AT_type(*DW$T$42)
     573                      .dwendtag DW$T$43
     574              
     575              
     576              DW$T$45 .dwtag  DW_TAG_array_type, DW_AT_type(*DW$T$13)
     577                      .dwattr DW$T$45, DW_AT_language(DW_LANG_C)
     578                      .dwattr DW$T$45, DW_AT_byte_size(0x3c)
     579              DW$67   .dwtag  DW_TAG_subrange_type
     580                      .dwattr DW$67, DW_AT_upper_bound(0x1d)
     581                      .dwendtag DW$T$45
     582              
     583              DW$T$29 .dwtag  DW_TAG_pointer_type, DW_AT_type(*DW$T$19)
     584                      .dwattr DW$T$29, DW_AT_address_class(0x16)
     585              
     586              DW$T$47 .dwtag  DW_TAG_subroutine_type, DW_AT_type(*DW$T$29)
     587                      .dwattr DW$T$47, DW_AT_language(DW_LANG_C)
     588              DW$68   .dwtag  DW_TAG_formal_parameter, DW_AT_type(*DW$T$29)
     589              DW$69   .dwtag  DW_TAG_formal_parameter, DW_AT_type(*DW$T$29)
     590                      .dwendtag DW$T$47
     591              
     592              DW$T$42 .dwtag  DW_TAG_pointer_type, DW_AT_type(*DW$T$41)
     593                      .dwattr DW$T$42, DW_AT_address_class(0x16)
     594              
     595              DW$T$49 .dwtag  DW_TAG_array_type, DW_AT_type(*DW$T$19)
     596                      .dwattr DW$T$49, DW_AT_language(DW_LANG_C)
     597                      .dwattr DW$T$49, DW_AT_byte_size(0x1e)
     598              DW$70   .dwtag  DW_TAG_subrange_type
     599                      .dwattr DW$70, DW_AT_upper_bound(0x1d)
     600                      .dwendtag DW$T$49
     601              
     602              DW$T$55 .dwtag  DW_TAG_pointer_type, DW_AT_type(*DW$T$54)
     603                      .dwattr DW$T$55, DW_AT_address_class(0x16)
     604              DW$T$11 .dwtag  DW_TAG_base_type, DW_AT_name("unsigned int")
     605                      .dwattr DW$T$11, DW_AT_encoding(DW_ATE_unsigned)
     606                      .dwattr DW$T$11, DW_AT_byte_size(0x01)
     607              DW$T$19 .dwtag  DW_TAG_base_type, DW_AT_name("signed char")
     608                      .dwattr DW$T$19, DW_AT_encoding(DW_ATE_signed_char)
     609                      .dwattr DW$T$19, DW_AT_byte_size(0x01)
     610              DW$71   .dwtag  DW_TAG_far_type
     611                      .dwattr DW$71, DW_AT_type(*DW$T$19)
     612              DW$T$41 .dwtag  DW_TAG_const_type
     613                      .dwattr DW$T$41, DW_AT_type(*DW$71)
     614              DW$T$54 .dwtag  DW_TAG_typedef, DW_AT_name("help_list_t"), DW_AT_type(*DW$T$21)
     615                      .dwattr DW$T$54, DW_AT_language(DW_LANG_C)
TMS320C2000 COFF Assembler PC v4.1.3 Tue Oct 18 16:50:06 2011

Tools Copyright (c) 1996-2006 Texas Instruments Incorporated
C:\DOCUME~1\ADMINI~1\LOCALS~1\Temp\TI2282                            PAGE   13

     616              
     617              DW$T$21 .dwtag  DW_TAG_structure_type
     618                      .dwattr DW$T$21, DW_AT_byte_size(0x3c)
     619              DW$72   .dwtag  DW_TAG_member, DW_AT_type(*DW$T$20)
     620                      .dwattr DW$72, DW_AT_name("name"), DW_AT_symbol_name("_name")
     621                      .dwattr DW$72, DW_AT_data_member_location[DW_OP_plus_uconst 0x0]
     622                      .dwattr DW$72, DW_AT_accessibility(DW_ACCESS_public)
     623              DW$73   .dwtag  DW_TAG_member, DW_AT_type(*DW$T$20)
     624                      .dwattr DW$73, DW_AT_name("start_addr"), DW_AT_symbol_name("_start_addr")
     625                      .dwattr DW$73, DW_AT_data_member_location[DW_OP_plus_uconst 0x14]
     626                      .dwattr DW$73, DW_AT_accessibility(DW_ACCESS_public)
     627              DW$74   .dwtag  DW_TAG_member, DW_AT_type(*DW$T$20)
     628                      .dwattr DW$74, DW_AT_name("part_len"), DW_AT_symbol_name("_part_len")
     629                      .dwattr DW$74, DW_AT_data_member_location[DW_OP_plus_uconst 0x28]
     630                      .dwattr DW$74, DW_AT_accessibility(DW_ACCESS_public)
     631                      .dwendtag DW$T$21
     632              
     633              
     634              DW$T$20 .dwtag  DW_TAG_array_type, DW_AT_type(*DW$T$19)
     635                      .dwattr DW$T$20, DW_AT_language(DW_LANG_C)
     636                      .dwattr DW$T$20, DW_AT_byte_size(0x14)
     637              DW$75   .dwtag  DW_TAG_subrange_type
     638                      .dwattr DW$75, DW_AT_upper_bound(0x13)
     639                      .dwendtag DW$T$20
     640              
     641              
     642                      .dwattr DW$33, DW_AT_external(0x01)
     643                      .dwattr DW$CU, DW_AT_language(DW_LANG_C)
     644              
     645              ;***************************************************************
     646              ;* DWARF CIE ENTRIES                                           *
     647              ;***************************************************************
     648              
     649              DW$CIE  .dwcie 1, 40
     650                      .dwcfa  0x0c, 20, 0
     651                      .dwcfa  0x07, 0
     652                      .dwcfa  0x07, 1
     653                      .dwcfa  0x07, 2
     654                      .dwcfa  0x07, 3
     655                      .dwcfa  0x07, 4
     656                      .dwcfa  0x07, 5
     657                      .dwcfa  0x08, 6
     658                      .dwcfa  0x08, 7
     659                      .dwcfa  0x08, 8
     660                      .dwcfa  0x08, 9
     661                      .dwcfa  0x08, 10
     662                      .dwcfa  0x08, 11
     663                      .dwcfa  0x07, 12
     664                      .dwcfa  0x07, 13
     665                      .dwcfa  0x07, 14
     666                      .dwcfa  0x07, 15
     667                      .dwcfa  0x07, 16
     668                      .dwcfa  0x07, 17
     669                      .dwcfa  0x07, 18
     670                      .dwcfa  0x07, 19
TMS320C2000 COFF Assembler PC v4.1.3 Tue Oct 18 16:50:06 2011

Tools Copyright (c) 1996-2006 Texas Instruments Incorporated
C:\DOCUME~1\ADMINI~1\LOCALS~1\Temp\TI2282                            PAGE   14

     671                      .dwcfa  0x07, 20
     672                      .dwcfa  0x07, 21
     673                      .dwcfa  0x07, 22
     674                      .dwcfa  0x07, 23
     675                      .dwcfa  0x07, 24
     676                      .dwcfa  0x07, 25
     677                      .dwcfa  0x07, 26
     678                      .dwcfa  0x08, 27
     679                      .dwcfa  0x07, 28
     680                      .dwcfa  0x07, 29
     681                      .dwcfa  0x07, 30
     682                      .dwcfa  0x07, 31
     683                      .dwcfa  0x07, 32
     684                      .dwcfa  0x07, 33
     685                      .dwcfa  0x07, 34
     686                      .dwcfa  0x07, 35
     687                      .dwcfa  0x07, 36
     688                      .dwcfa  0x07, 37
     689                      .dwcfa  0x07, 38
     690                      .dwcfa  0x07, 39
     691                      .dwcfa  0x07, 40
     692              
     693              ;***************************************************************
     694              ;* DWARF REGISTER MAP                                          *
     695              ;***************************************************************
     696              
     697              DW$76   .dwtag  DW_TAG_assign_register, DW_AT_name("AL")
     698                      .dwattr DW$76, DW_AT_location[DW_OP_reg0]
     699              DW$77   .dwtag  DW_TAG_assign_register, DW_AT_name("AH")
     700                      .dwattr DW$77, DW_AT_location[DW_OP_reg1]
     701              DW$78   .dwtag  DW_TAG_assign_register, DW_AT_name("PL")
     702                      .dwattr DW$78, DW_AT_location[DW_OP_reg2]
     703              DW$79   .dwtag  DW_TAG_assign_register, DW_AT_name("PH")
     704                      .dwattr DW$79, DW_AT_location[DW_OP_reg3]
     705              DW$80   .dwtag  DW_TAG_assign_register, DW_AT_name("AR0")
     706                      .dwattr DW$80, DW_AT_location[DW_OP_reg4]
     707              DW$81   .dwtag  DW_TAG_assign_register, DW_AT_name("XAR0")
     708                      .dwattr DW$81, DW_AT_location[DW_OP_reg5]
     709              DW$82   .dwtag  DW_TAG_assign_register, DW_AT_name("AR1")
     710                      .dwattr DW$82, DW_AT_location[DW_OP_reg6]
     711              DW$83   .dwtag  DW_TAG_assign_register, DW_AT_name("XAR1")
     712                      .dwattr DW$83, DW_AT_location[DW_OP_reg7]
     713              DW$84   .dwtag  DW_TAG_assign_register, DW_AT_name("AR2")
     714                      .dwattr DW$84, DW_AT_location[DW_OP_reg8]
     715              DW$85   .dwtag  DW_TAG_assign_register, DW_AT_name("XAR2")
     716                      .dwattr DW$85, DW_AT_location[DW_OP_reg9]
     717              DW$86   .dwtag  DW_TAG_assign_register, DW_AT_name("AR3")
     718                      .dwattr DW$86, DW_AT_location[DW_OP_reg10]
     719              DW$87   .dwtag  DW_TAG_assign_register, DW_AT_name("XAR3")
     720                      .dwattr DW$87, DW_AT_location[DW_OP_reg11]
     721              DW$88   .dwtag  DW_TAG_assign_register, DW_AT_name("AR4")
     722                      .dwattr DW$88, DW_AT_location[DW_OP_reg12]
     723              DW$89   .dwtag  DW_TAG_assign_register, DW_AT_name("XAR4")
     724                      .dwattr DW$89, DW_AT_location[DW_OP_reg13]
     725              DW$90   .dwtag  DW_TAG_assign_register, DW_AT_name("AR5")
TMS320C2000 COFF Assembler PC v4.1.3 Tue Oct 18 16:50:06 2011

Tools Copyright (c) 1996-2006 Texas Instruments Incorporated
C:\DOCUME~1\ADMINI~1\LOCALS~1\Temp\TI2282                            PAGE   15

     726                      .dwattr DW$90, DW_AT_location[DW_OP_reg14]
     727              DW$91   .dwtag  DW_TAG_assign_register, DW_AT_name("XAR5")
     728                      .dwattr DW$91, DW_AT_location[DW_OP_reg15]
     729              DW$92   .dwtag  DW_TAG_assign_register, DW_AT_name("AR6")
     730                      .dwattr DW$92, DW_AT_location[DW_OP_reg16]
     731              DW$93   .dwtag  DW_TAG_assign_register, DW_AT_name("XAR6")
     732                      .dwattr DW$93, DW_AT_location[DW_OP_reg17]
     733              DW$94   .dwtag  DW_TAG_assign_register, DW_AT_name("AR7")
     734                      .dwattr DW$94, DW_AT_location[DW_OP_reg18]
     735              DW$95   .dwtag  DW_TAG_assign_register, DW_AT_name("XAR7")
     736                      .dwattr DW$95, DW_AT_location[DW_OP_reg19]
     737              DW$96   .dwtag  DW_TAG_assign_register, DW_AT_name("SP")
     738                      .dwattr DW$96, DW_AT_location[DW_OP_reg20]
     739              DW$97   .dwtag  DW_TAG_assign_register, DW_AT_name("XT")
     740                      .dwattr DW$97, DW_AT_location[DW_OP_reg21]
     741              DW$98   .dwtag  DW_TAG_assign_register, DW_AT_name("T")
     742                      .dwattr DW$98, DW_AT_location[DW_OP_reg22]
     743              DW$99   .dwtag  DW_TAG_assign_register, DW_AT_name("ST0")
     744                      .dwattr DW$99, DW_AT_location[DW_OP_reg23]
     745              DW$100  .dwtag  DW_TAG_assign_register, DW_AT_name("ST1")
     746                      .dwattr DW$100, DW_AT_location[DW_OP_reg24]
     747              DW$101  .dwtag  DW_TAG_assign_register, DW_AT_name("PC")
     748                      .dwattr DW$101, DW_AT_location[DW_OP_reg25]
     749              DW$102  .dwtag  DW_TAG_assign_register, DW_AT_name("RPC")
     750                      .dwattr DW$102, DW_AT_location[DW_OP_reg26]
     751              DW$103  .dwtag  DW_TAG_assign_register, DW_AT_name("FP")
     752                      .dwattr DW$103, DW_AT_location[DW_OP_reg27]
     753              DW$104  .dwtag  DW_TAG_assign_register, DW_AT_name("DP")
     754                      .dwattr DW$104, DW_AT_location[DW_OP_reg28]
     755              DW$105  .dwtag  DW_TAG_assign_register, DW_AT_name("SXM")
     756                      .dwattr DW$105, DW_AT_location[DW_OP_reg29]
     757              DW$106  .dwtag  DW_TAG_assign_register, DW_AT_name("PM")
     758                      .dwattr DW$106, DW_AT_location[DW_OP_reg30]
     759              DW$107  .dwtag  DW_TAG_assign_register, DW_AT_name("OVM")
     760                      .dwattr DW$107, DW_AT_location[DW_OP_reg31]
     761              DW$108  .dwtag  DW_TAG_assign_register, DW_AT_name("PAGE0")
     762                      .dwattr DW$108, DW_AT_location[DW_OP_regx 0x20]
     763              DW$109  .dwtag  DW_TAG_assign_register, DW_AT_name("AMODE")
     764                      .dwattr DW$109, DW_AT_location[DW_OP_regx 0x21]
     765              DW$110  .dwtag  DW_TAG_assign_register, DW_AT_name("IFR")
     766                      .dwattr DW$110, DW_AT_location[DW_OP_regx 0x22]
     767              DW$111  .dwtag  DW_TAG_assign_register, DW_AT_name("IER")
     768                      .dwattr DW$111, DW_AT_location[DW_OP_regx 0x23]
     769              DW$112  .dwtag  DW_TAG_assign_register, DW_AT_name("IER")
     770                      .dwattr DW$112, DW_AT_location[DW_OP_regx 0x24]
     771              DW$113  .dwtag  DW_TAG_assign_register, DW_AT_name("PSEUDO")
     772                      .dwattr DW$113, DW_AT_location[DW_OP_regx 0x25]
     773              DW$114  .dwtag  DW_TAG_assign_register, DW_AT_name("PSEUDOH")
     774                      .dwattr DW$114, DW_AT_location[DW_OP_regx 0x26]
     775              DW$115  .dwtag  DW_TAG_assign_register, DW_AT_name("VOL")
     776                      .dwattr DW$115, DW_AT_location[DW_OP_regx 0x27]
     777              DW$116  .dwtag  DW_TAG_assign_register, DW_AT_name("CIE_RETA")
     778                      .dwattr DW$116, DW_AT_location[DW_OP_regx 0x28]
     779                      .dwendtag DW$CU
     780              
TMS320C2000 COFF Assembler PC v4.1.3 Tue Oct 18 16:50:06 2011

Tools Copyright (c) 1996-2006 Texas Instruments Incorporated
C:\DOCUME~1\ADMINI~1\LOCALS~1\Temp\TI2282                            PAGE   16


No Assembly Errors, No Assembly Warnings
