TMS320C2000 COFF Assembler PC v4.1.3 Wed Jul 14 17:06:12 2010

Tools Copyright (c) 1996-2006 Texas Instruments Incorporated
C:\DOCUME~1\ADMINI~1\LOCALS~1\Temp\TI2122                            PAGE    1

       1              ;***************************************************************
       2              ;* TMS320C2000 C/C++ Codegen                         PC v4.1.3 *
       3              ;* Date/Time created: Wed Jul 14 17:06:12 2010                 *
       4              ;***************************************************************
       5                      .compiler_opts --mem_model:code=flat --mem_model:data=large --silicon_version=28 
       6        0002  FP      .set    XAR2
       7              
       8              DW$CU   .dwtag  DW_TAG_compile_unit
       9                      .dwattr DW$CU, DW_AT_name("os_task.c")
      10                      .dwattr DW$CU, DW_AT_producer("TMS320C2000 C/C++ Codegen PC v4.1.3 Copyright (c) 1996-2006 Texas Inst
      11                      .dwattr DW$CU, DW_AT_stmt_list(0x00)
      12                      .dwattr DW$CU, DW_AT_TI_VERSION(0x01)
      13              
      14              DW$1    .dwtag  DW_TAG_subprogram, DW_AT_name("OS_Sched"), DW_AT_symbol_name("_OS_Sched")
      15                      .dwattr DW$1, DW_AT_declaration(0x01)
      16                      .dwattr DW$1, DW_AT_external(0x01)
      17              
      18              DW$2    .dwtag  DW_TAG_subprogram, DW_AT_name("OSTaskDelHook"), DW_AT_symbol_name("_OSTaskDelHook")
      19                      .dwattr DW$2, DW_AT_declaration(0x01)
      20                      .dwattr DW$2, DW_AT_external(0x01)
      21              DW$3    .dwtag  DW_TAG_formal_parameter, DW_AT_type(*DW$T$33)
      22                      .dwendtag DW$2
      23              
      24              
      25              DW$4    .dwtag  DW_TAG_subprogram, DW_AT_name("OS_Dummy"), DW_AT_symbol_name("_OS_Dummy")
      26                      .dwattr DW$4, DW_AT_declaration(0x01)
      27                      .dwattr DW$4, DW_AT_external(0x01)
      28              
      29              DW$5    .dwtag  DW_TAG_subprogram, DW_AT_name("OS_EventTaskRemove"), DW_AT_symbol_name("_OS_EventTaskRemove")
      30                      .dwattr DW$5, DW_AT_declaration(0x01)
      31                      .dwattr DW$5, DW_AT_external(0x01)
      32              DW$6    .dwtag  DW_TAG_formal_parameter, DW_AT_type(*DW$T$33)
      33              DW$7    .dwtag  DW_TAG_formal_parameter, DW_AT_type(*DW$T$28)
      34                      .dwendtag DW$5
      35              
      36              DW$8    .dwtag  DW_TAG_variable, DW_AT_name("OSRdyGrp"), DW_AT_symbol_name("_OSRdyGrp")
      37                      .dwattr DW$8, DW_AT_type(*DW$T$19)
      38                      .dwattr DW$8, DW_AT_declaration(0x01)
      39                      .dwattr DW$8, DW_AT_external(0x01)
      40              DW$9    .dwtag  DW_TAG_variable, DW_AT_name("OSLockNesting"), DW_AT_symbol_name("_OSLockNesting")
      41                      .dwattr DW$9, DW_AT_type(*DW$T$19)
      42                      .dwattr DW$9, DW_AT_declaration(0x01)
      43                      .dwattr DW$9, DW_AT_external(0x01)
      44              DW$10   .dwtag  DW_TAG_variable, DW_AT_name("OSRunning"), DW_AT_symbol_name("_OSRunning")
      45                      .dwattr DW$10, DW_AT_type(*DW$T$46)
      46                      .dwattr DW$10, DW_AT_declaration(0x01)
      47                      .dwattr DW$10, DW_AT_external(0x01)
      48              DW$11   .dwtag  DW_TAG_variable, DW_AT_name("OSIntNesting"), DW_AT_symbol_name("_OSIntNesting")
      49                      .dwattr DW$11, DW_AT_type(*DW$T$19)
      50                      .dwattr DW$11, DW_AT_declaration(0x01)
      51                      .dwattr DW$11, DW_AT_external(0x01)
      52              DW$12   .dwtag  DW_TAG_variable, DW_AT_name("OSTaskCtr"), DW_AT_symbol_name("_OSTaskCtr")
      53                      .dwattr DW$12, DW_AT_type(*DW$T$19)
      54                      .dwattr DW$12, DW_AT_declaration(0x01)
      55                      .dwattr DW$12, DW_AT_external(0x01)
TMS320C2000 COFF Assembler PC v4.1.3 Wed Jul 14 17:06:12 2010

Tools Copyright (c) 1996-2006 Texas Instruments Incorporated
C:\DOCUME~1\ADMINI~1\LOCALS~1\Temp\TI2122                            PAGE    2

      56              
      57              DW$13   .dwtag  DW_TAG_subprogram, DW_AT_name("OS_TCBInit"), DW_AT_symbol_name("_OS_TCBInit")
      58                      .dwattr DW$13, DW_AT_type(*DW$T$19)
      59                      .dwattr DW$13, DW_AT_declaration(0x01)
      60                      .dwattr DW$13, DW_AT_external(0x01)
      61              DW$14   .dwtag  DW_TAG_formal_parameter, DW_AT_type(*DW$T$19)
      62              DW$15   .dwtag  DW_TAG_formal_parameter, DW_AT_type(*DW$T$25)
      63              DW$16   .dwtag  DW_TAG_formal_parameter, DW_AT_type(*DW$T$25)
      64              DW$17   .dwtag  DW_TAG_formal_parameter, DW_AT_type(*DW$T$20)
      65              DW$18   .dwtag  DW_TAG_formal_parameter, DW_AT_type(*DW$T$40)
      66              DW$19   .dwtag  DW_TAG_formal_parameter, DW_AT_type(*DW$T$3)
      67              DW$20   .dwtag  DW_TAG_formal_parameter, DW_AT_type(*DW$T$20)
      68                      .dwendtag DW$13
      69              
      70              DW$21   .dwtag  DW_TAG_variable, DW_AT_name("OSTCBList"), DW_AT_symbol_name("_OSTCBList")
      71                      .dwattr DW$21, DW_AT_type(*DW$T$33)
      72                      .dwattr DW$21, DW_AT_declaration(0x01)
      73                      .dwattr DW$21, DW_AT_external(0x01)
      74              DW$22   .dwtag  DW_TAG_variable, DW_AT_name("OSTCBFreeList"), DW_AT_symbol_name("_OSTCBFreeList")
      75                      .dwattr DW$22, DW_AT_type(*DW$T$33)
      76                      .dwattr DW$22, DW_AT_declaration(0x01)
      77                      .dwattr DW$22, DW_AT_external(0x01)
      78              DW$23   .dwtag  DW_TAG_variable, DW_AT_name("OSTCBCur"), DW_AT_symbol_name("_OSTCBCur")
      79                      .dwattr DW$23, DW_AT_type(*DW$T$33)
      80                      .dwattr DW$23, DW_AT_declaration(0x01)
      81                      .dwattr DW$23, DW_AT_external(0x01)
      82              
      83              DW$24   .dwtag  DW_TAG_subprogram, DW_AT_name("OSTaskStkInit"), DW_AT_symbol_name("_OSTaskStkInit")
      84                      .dwattr DW$24, DW_AT_type(*DW$T$25)
      85                      .dwattr DW$24, DW_AT_declaration(0x01)
      86                      .dwattr DW$24, DW_AT_external(0x01)
      87              DW$25   .dwtag  DW_TAG_formal_parameter, DW_AT_type(*DW$T$39)
      88              DW$26   .dwtag  DW_TAG_formal_parameter, DW_AT_type(*DW$T$3)
      89              DW$27   .dwtag  DW_TAG_formal_parameter, DW_AT_type(*DW$T$25)
      90              DW$28   .dwtag  DW_TAG_formal_parameter, DW_AT_type(*DW$T$20)
      91                      .dwendtag DW$24
      92              
      93              DW$29   .dwtag  DW_TAG_variable, DW_AT_name("OSRdyTbl"), DW_AT_symbol_name("_OSRdyTbl")
      94                      .dwattr DW$29, DW_AT_type(*DW$T$21)
      95                      .dwattr DW$29, DW_AT_declaration(0x01)
      96                      .dwattr DW$29, DW_AT_external(0x01)
      97              DW$30   .dwtag  DW_TAG_variable, DW_AT_name("OSTCBPrioTbl"), DW_AT_symbol_name("_OSTCBPrioTbl")
      98                      .dwattr DW$30, DW_AT_type(*DW$T$49)
      99                      .dwattr DW$30, DW_AT_declaration(0x01)
     100                      .dwattr DW$30, DW_AT_external(0x01)
     101              ;       C:\CCStudio_v3.3\C2000\cgtools\bin\ac2000.exe -@C:\DOCUME~1\ADMINI~1\LOCALS~1\Temp\TI2124 
     102 00000000               .sect   ".text"
     103                      .global _OSTaskCreate
     104              
     105              DW$31   .dwtag  DW_TAG_subprogram, DW_AT_name("OSTaskCreate"), DW_AT_symbol_name("_OSTaskCreate")
     106                      .dwattr DW$31, DW_AT_low_pc(_OSTaskCreate)
     107                      .dwattr DW$31, DW_AT_high_pc(0x00)
     108                      .dwattr DW$31, DW_AT_begin_file("os_task.c")
     109                      .dwattr DW$31, DW_AT_begin_line(0xe9)
     110                      .dwattr DW$31, DW_AT_begin_column(0x08)
TMS320C2000 COFF Assembler PC v4.1.3 Wed Jul 14 17:06:12 2010

Tools Copyright (c) 1996-2006 Texas Instruments Incorporated
C:\DOCUME~1\ADMINI~1\LOCALS~1\Temp\TI2122                            PAGE    3

     111                      .dwpsn  "os_task.c",234,1
     112              
     113                      .dwfde DW$CIE
     114              
     115              ;***************************************************************
     116              ;* FNAME: _OSTaskCreate                 FR SIZE:  16           *
     117              ;*                                                             *
     118              ;* FUNCTION ENVIRONMENT                                        *
     119              ;*                                                             *
     120              ;* FUNCTION PROPERTIES                                         *
     121              ;*                            5 Parameter, 10 Auto,  0 SOE     *
     122              ;***************************************************************
     123              
     124              _OSTaskCreate:
     125                      .dwcfa  0x1d, -2
     126                      .dwcfa  0x1c, 26, 0
     127                      .dwcfa  0x09, 40, 26
     128 00000000 FE10          ADDB      SP,#16
     129                      .dwcfa  0x1d, -18
     130              ;* AR4   assigned to _task
     131              DW$32   .dwtag  DW_TAG_formal_parameter, DW_AT_name("task"), DW_AT_symbol_name("_task")
     132                      .dwattr DW$32, DW_AT_type(*DW$T$39)
     133                      .dwattr DW$32, DW_AT_location[DW_OP_reg12]
     134              ;* AR5   assigned to _p_arg
     135              DW$33   .dwtag  DW_TAG_formal_parameter, DW_AT_name("p_arg"), DW_AT_symbol_name("_p_arg")
     136                      .dwattr DW$33, DW_AT_type(*DW$T$3)
     137                      .dwattr DW$33, DW_AT_location[DW_OP_reg14]
     138              DW$34   .dwtag  DW_TAG_formal_parameter, DW_AT_name("ptos"), DW_AT_symbol_name("_ptos")
     139                      .dwattr DW$34, DW_AT_type(*DW$T$25)
     140                      .dwattr DW$34, DW_AT_location[DW_OP_breg20 -20]
     141              ;* AL    assigned to _prio
     142              DW$35   .dwtag  DW_TAG_formal_parameter, DW_AT_name("prio"), DW_AT_symbol_name("_prio")
     143                      .dwattr DW$35, DW_AT_type(*DW$T$19)
     144                      .dwattr DW$35, DW_AT_location[DW_OP_reg0]
     145              DW$36   .dwtag  DW_TAG_variable, DW_AT_name("task"), DW_AT_symbol_name("_task")
     146                      .dwattr DW$36, DW_AT_type(*DW$T$39)
     147                      .dwattr DW$36, DW_AT_location[DW_OP_breg20 -8]
     148              DW$37   .dwtag  DW_TAG_variable, DW_AT_name("p_arg"), DW_AT_symbol_name("_p_arg")
     149                      .dwattr DW$37, DW_AT_type(*DW$T$3)
     150                      .dwattr DW$37, DW_AT_location[DW_OP_breg20 -10]
     151              DW$38   .dwtag  DW_TAG_variable, DW_AT_name("prio"), DW_AT_symbol_name("_prio")
     152                      .dwattr DW$38, DW_AT_type(*DW$T$19)
     153                      .dwattr DW$38, DW_AT_location[DW_OP_breg20 -11]
     154              DW$39   .dwtag  DW_TAG_variable, DW_AT_name("psp"), DW_AT_symbol_name("_psp")
     155                      .dwattr DW$39, DW_AT_type(*DW$T$25)
     156                      .dwattr DW$39, DW_AT_location[DW_OP_breg20 -14]
     157              DW$40   .dwtag  DW_TAG_variable, DW_AT_name("err"), DW_AT_symbol_name("_err")
     158                      .dwattr DW$40, DW_AT_type(*DW$T$19)
     159                      .dwattr DW$40, DW_AT_location[DW_OP_breg20 -15]
     160 00000001 964B          MOV       *-SP[11],AL           ; |234| 
     161 00000002 A04A          MOVL      *-SP[10],XAR5         ; |234| 
     162 00000003 A848          MOVL      *-SP[8],XAR4          ; |234| 
     163                      .dwpsn  "os_task.c",249,2
     164 00000004 3B10   setc INTM
     165                      .dwpsn  "os_task.c",250,2
TMS320C2000 COFF Assembler PC v4.1.3 Wed Jul 14 17:06:12 2010

Tools Copyright (c) 1996-2006 Texas Instruments Incorporated
C:\DOCUME~1\ADMINI~1\LOCALS~1\Temp\TI2122                            PAGE    4

     166 00000005 761F!         MOVW      DP,#_OSIntNesting
         00000006 0000 
     167 00000007 9200!         MOV       AL,@_OSIntNesting     ; |250| 
     168 00000008 EC04          BF        L1,EQ                 ; |250| 
     169                      ; branchcc occurs ; |250| 
     170                      .dwpsn  "os_task.c",252,3
     171 00000009 2910   clrc INTM
     172                      .dwpsn  "os_task.c",253,3
     173 0000000a 9A3C          MOVB      AL,#60                ; |253| 
     174 0000000b 6F3E          B         L5,UNC                ; |253| 
     175                      ; branch occurs ; |253| 
     176              L1:    
     177                      .dwpsn  "os_task.c",255,2
     178 0000000c 0E4B          MOVU      ACC,*-SP[11]
     179 0000000d 8F00!         MOVL      XAR4,#_OSTCBPrioTbl   ; |255| 
         0000000e 0000 
     180 0000000f FF30          LSL       ACC,1                 ; |255| 
     181 00000010 5601          ADDL      XAR4,ACC
         00000011 00A4 
     182 00000012 06C4          MOVL      ACC,*+XAR4[0]         ; |255| 
     183 00000013 ED34          BF        L4,NEQ                ; |255| 
     184                      ; branchcc occurs ; |255| 
     185                      .dwpsn  "os_task.c",257,3
     186 00000014 0E4B          MOVU      ACC,*-SP[11]
     187 00000015 8F00!         MOVL      XAR4,#_OSTCBPrioTbl   ; |257| 
         00000016 0000 
     188 00000017 FF30          LSL       ACC,1                 ; |257| 
     189 00000018 5601          ADDL      XAR4,ACC
         00000019 00A4 
     190 0000001a 0201          MOVB      ACC,#1
     191 0000001b 1EC4          MOVL      *+XAR4[0],ACC         ; |257| 
     192                      .dwpsn  "os_task.c",259,3
     193 0000001c 2910   clrc INTM
     194                      .dwpsn  "os_task.c",260,3
     195 0000001d 0654          MOVL      ACC,*-SP[20]          ; |260| 
     196 0000001e 1E42          MOVL      *-SP[2],ACC           ; |260| 
     197 0000001f 834A          MOVL      XAR5,*-SP[10]         ; |260| 
     198 00000020 8A48          MOVL      XAR4,*-SP[8]          ; |260| 
     199 00000021 FF69          SPM       #0
     200 00000022 9A00          MOVB      AL,#0
     201 00000023 7640!         LCR       #_OSTaskStkInit       ; |260| 
         00000024 0000 
     202                      ; call occurs [#_OSTaskStkInit] ; |260| 
     203 00000025 A84E          MOVL      *-SP[14],XAR4         ; |260| 
     204                      .dwpsn  "os_task.c",261,3
     205 00000026 924B          MOV       AL,*-SP[11]           ; |261| 
     206 00000027 9641          MOV       *-SP[1],AL            ; |261| 
     207 00000028 0200          MOVB      ACC,#0
     208 00000029 2B42          MOV       *-SP[2],#0            ; |261| 
     209 0000002a 1E44          MOVL      *-SP[4],ACC           ; |261| 
     210 0000002b 2B45          MOV       *-SP[5],#0            ; |261| 
     211 0000002c 8A4E          MOVL      XAR4,*-SP[14]         ; |261| 
     212 0000002d D500          MOVB      XAR5,#0
     213 0000002e 7640!         LCR       #_OS_TCBInit          ; |261| 
         0000002f 0000 
TMS320C2000 COFF Assembler PC v4.1.3 Wed Jul 14 17:06:12 2010

Tools Copyright (c) 1996-2006 Texas Instruments Incorporated
C:\DOCUME~1\ADMINI~1\LOCALS~1\Temp\TI2122                            PAGE    5

     214                      ; call occurs [#_OS_TCBInit] ; |261| 
     215 00000030 964F          MOV       *-SP[15],AL           ; |261| 
     216                      .dwpsn  "os_task.c",262,3
     217 00000031 5200          CMPB      AL,#0                 ; |262| 
     218 00000032 ED09          BF        L2,NEQ                ; |262| 
     219                      ; branchcc occurs ; |262| 
     220                      .dwpsn  "os_task.c",264,4
     221 00000033 761F!         MOVW      DP,#_OSRunning
         00000034 0000 
     222 00000035 9200!         MOV       AL,@_OSRunning        ; |264| 
     223 00000036 5201          CMPB      AL,#1                 ; |264| 
     224 00000037 ED0E          BF        L3,NEQ                ; |264| 
     225                      ; branchcc occurs ; |264| 
     226                      .dwpsn  "os_task.c",266,5
     227 00000038 7640!         LCR       #_OS_Sched            ; |266| 
         00000039 0000 
     228                      ; call occurs [#_OS_Sched] ; |266| 
     229                      .dwpsn  "os_task.c",268,3
     230 0000003a 6F0B          B         L3,UNC                ; |268| 
     231                      ; branch occurs ; |268| 
     232              L2:    
     233                      .dwpsn  "os_task.c",271,4
     234 0000003b 3B10   setc INTM
     235                      .dwpsn  "os_task.c",272,4
     236 0000003c 0E4B          MOVU      ACC,*-SP[11]
     237 0000003d 8F00!         MOVL      XAR4,#_OSTCBPrioTbl   ; |272| 
         0000003e 0000 
     238 0000003f FF30          LSL       ACC,1                 ; |272| 
     239 00000040 5601          ADDL      XAR4,ACC
         00000041 00A4 
     240 00000042 0200          MOVB      ACC,#0
     241 00000043 1EC4          MOVL      *+XAR4[0],ACC         ; |272| 
     242                      .dwpsn  "os_task.c",273,4
     243 00000044 2910   clrc INTM
     244              L3:    
     245                      .dwpsn  "os_task.c",275,3
     246 00000045 924F          MOV       AL,*-SP[15]           ; |275| 
     247 00000046 6F03          B         L5,UNC                ; |275| 
     248                      ; branch occurs ; |275| 
     249              L4:    
     250                      .dwpsn  "os_task.c",277,2
     251 00000047 2910   clrc INTM
     252                      .dwpsn  "os_task.c",278,2
     253 00000048 9A28          MOVB      AL,#40                ; |278| 
     254              L5:    
     255                      .dwpsn  "os_task.c",279,1
     256 00000049 FE90          SUBB      SP,#16                ; |278| 
     257                      .dwcfa  0x1d, -2
     258 0000004a FF69          SPM       #0
     259 0000004b 0006          LRETR
     260                      ; return occurs
     261                      .dwattr DW$31, DW_AT_end_file("os_task.c")
     262                      .dwattr DW$31, DW_AT_end_line(0x117)
     263                      .dwattr DW$31, DW_AT_end_column(0x01)
     264                      .dwendentry
TMS320C2000 COFF Assembler PC v4.1.3 Wed Jul 14 17:06:12 2010

Tools Copyright (c) 1996-2006 Texas Instruments Incorporated
C:\DOCUME~1\ADMINI~1\LOCALS~1\Temp\TI2122                            PAGE    6

     265                      .dwendtag DW$31
     266              
     267 0000004c               .sect   ".text"
     268                      .global _OSTaskDel
     269              
     270              DW$41   .dwtag  DW_TAG_subprogram, DW_AT_name("OSTaskDel"), DW_AT_symbol_name("_OSTaskDel")
     271                      .dwattr DW$41, DW_AT_low_pc(_OSTaskDel)
     272                      .dwattr DW$41, DW_AT_high_pc(0x00)
     273                      .dwattr DW$41, DW_AT_begin_file("os_task.c")
     274                      .dwattr DW$41, DW_AT_begin_line(0x1c6)
     275                      .dwattr DW$41, DW_AT_begin_column(0x08)
     276                      .dwpsn  "os_task.c",455,1
     277              
     278                      .dwfde DW$CIE
     279              
     280              ;***************************************************************
     281              ;* FNAME: _OSTaskDel                    FR SIZE:   4           *
     282              ;*                                                             *
     283              ;* FUNCTION ENVIRONMENT                                        *
     284              ;*                                                             *
     285              ;* FUNCTION PROPERTIES                                         *
     286              ;*                            0 Parameter,  4 Auto,  0 SOE     *
     287              ;***************************************************************
     288              
     289              _OSTaskDel:
     290                      .dwcfa  0x1d, -2
     291                      .dwcfa  0x1c, 26, 0
     292                      .dwcfa  0x09, 40, 26
     293 0000004c FE04          ADDB      SP,#4
     294                      .dwcfa  0x1d, -6
     295              ;* AL    assigned to _prio
     296              DW$42   .dwtag  DW_TAG_formal_parameter, DW_AT_name("prio"), DW_AT_symbol_name("_prio")
     297                      .dwattr DW$42, DW_AT_type(*DW$T$19)
     298                      .dwattr DW$42, DW_AT_location[DW_OP_reg0]
     299              DW$43   .dwtag  DW_TAG_variable, DW_AT_name("prio"), DW_AT_symbol_name("_prio")
     300                      .dwattr DW$43, DW_AT_type(*DW$T$19)
     301                      .dwattr DW$43, DW_AT_location[DW_OP_breg20 -1]
     302              DW$44   .dwtag  DW_TAG_variable, DW_AT_name("ptcb"), DW_AT_symbol_name("_ptcb")
     303                      .dwattr DW$44, DW_AT_type(*DW$T$33)
     304                      .dwattr DW$44, DW_AT_location[DW_OP_breg20 -4]
     305 0000004d 9641          MOV       *-SP[1],AL            ; |455| 
     306                      .dwpsn  "os_task.c",466,2
     307 0000004e 761F!         MOVW      DP,#_OSIntNesting
         0000004f 0000 
     308 00000050 9200!         MOV       AL,@_OSIntNesting     ; |466| 
     309 00000051 EC04          BF        L6,EQ                 ; |466| 
     310                      ; branchcc occurs ; |466| 
     311                      .dwpsn  "os_task.c",468,3
     312 00000052 9A40          MOVB      AL,#64                ; |468| 
     313 00000053 FFEF          B         L18,UNC               ; |468| 
         00000054 0099 
     314                      ; branch occurs ; |468| 
     315              L6:    
     316                      .dwpsn  "os_task.c",470,2
     317 00000055 9241          MOV       AL,*-SP[1]            ; |470| 
TMS320C2000 COFF Assembler PC v4.1.3 Wed Jul 14 17:06:12 2010

Tools Copyright (c) 1996-2006 Texas Instruments Incorporated
C:\DOCUME~1\ADMINI~1\LOCALS~1\Temp\TI2122                            PAGE    7

     318 00000056 523F          CMPB      AL,#63                ; |470| 
     319 00000057 ED04          BF        L7,NEQ                ; |470| 
     320                      ; branchcc occurs ; |470| 
     321                      .dwpsn  "os_task.c",472,3
     322 00000058 9A3E          MOVB      AL,#62                ; |472| 
     323 00000059 FFEF          B         L18,UNC               ; |472| 
         0000005a 0093 
     324                      ; branch occurs ; |472| 
     325              L7:    
     326                      .dwpsn  "os_task.c",485,2
     327 0000005b 3B10   setc INTM
     328                      .dwpsn  "os_task.c",486,2
     329 0000005c 52FF          CMPB      AL,#255               ; |486| 
     330 0000005d ED07          BF        L8,NEQ                ; |486| 
     331                      ; branchcc occurs ; |486| 
     332                      .dwpsn  "os_task.c",488,3
     333 0000005e 761F!         MOVW      DP,#_OSTCBCur
         0000005f 0000 
     334 00000060 8A00!         MOVL      XAR4,@_OSTCBCur       ; |488| 
     335 00000061 D00D          MOVB      XAR0,#13              ; |488| 
     336 00000062 9294          MOV       AL,*+XAR4[AR0]        ; |488| 
     337 00000063 9641          MOV       *-SP[1],AL            ; |488| 
     338              L8:    
     339                      .dwpsn  "os_task.c",490,2
     340 00000064 0E41          MOVU      ACC,*-SP[1]
     341 00000065 8F00!         MOVL      XAR4,#_OSTCBPrioTbl   ; |490| 
         00000066 0000 
     342 00000067 FF30          LSL       ACC,1                 ; |490| 
     343 00000068 5601          ADDL      XAR4,ACC
         00000069 00A4 
     344 0000006a 06C4          MOVL      ACC,*+XAR4[0]         ; |490| 
     345 0000006b 1E44          MOVL      *-SP[4],ACC           ; |490| 
     346                      .dwpsn  "os_task.c",491,2
     347 0000006c 0644          MOVL      ACC,*-SP[4]           ; |491| 
     348 0000006d ED04          BF        L9,NEQ                ; |491| 
     349                      ; branchcc occurs ; |491| 
     350                      .dwpsn  "os_task.c",493,3
     351 0000006e 2910   clrc INTM
     352                      .dwpsn  "os_task.c",494,3
     353 0000006f 9A43          MOVB      AL,#67                ; |494| 
     354 00000070 6F7C          B         L18,UNC               ; |494| 
     355                      ; branch occurs ; |494| 
     356              L9:    
     357                      .dwpsn  "os_task.c",496,2
     358 00000071 C444          MOVL      XAR6,*-SP[4]          ; |496| 
     359 00000072 0201          MOVB      ACC,#1
     360 00000073 0FA6          CMPL      ACC,XAR6              ; |496| 
     361 00000074 ED04          BF        L10,NEQ               ; |496| 
     362                      ; branchcc occurs ; |496| 
     363                      .dwpsn  "os_task.c",498,3
     364 00000075 2910   clrc INTM
     365                      .dwpsn  "os_task.c",499,3
     366 00000076 9A3D          MOVB      AL,#61                ; |499| 
     367 00000077 6F75          B         L18,UNC               ; |499| 
     368                      ; branch occurs ; |499| 
TMS320C2000 COFF Assembler PC v4.1.3 Wed Jul 14 17:06:12 2010

Tools Copyright (c) 1996-2006 Texas Instruments Incorporated
C:\DOCUME~1\ADMINI~1\LOCALS~1\Temp\TI2122                            PAGE    8

     369              L10:    
     370                      .dwpsn  "os_task.c",502,2
     371 00000078 8A44          MOVL      XAR4,*-SP[4]          ; |502| 
     372 00000079 D00F          MOVB      XAR0,#15              ; |502| 
     373 0000007a 8894          MOVZ      AR6,*+XAR4[AR0]       ; |502| 
     374 0000007b 8344          MOVL      XAR5,*-SP[4]          ; |502| 
     375 0000007c 8F00!         MOVL      XAR4,#_OSRdyTbl       ; |502| 
         0000007d 0000 
     376 0000007e A8A9          MOVL      ACC,XAR4              ; |502| 
     377 0000007f 0DA6          ADDU      ACC,AR6               ; |502| 
     378 00000080 8AA9          MOVL      XAR4,ACC              ; |502| 
     379 00000081 D010          MOVB      XAR0,#16              ; |502| 
     380 00000082 9295          MOV       AL,*+XAR5[AR0]        ; |502| 
     381 00000083 FF5E          NOT       AL                    ; |502| 
     382 00000084 C0C4          AND       *+XAR4[0],AL          ; |502| 
     383                      .dwpsn  "os_task.c",503,2
     384 00000085 8A44          MOVL      XAR4,*-SP[4]          ; |503| 
     385 00000086 D00F          MOVB      XAR0,#15              ; |503| 
     386 00000087 5894          MOVZ      AR0,*+XAR4[AR0]       ; |503| 
     387 00000088 8F00!         MOVL      XAR4,#_OSRdyTbl       ; |503| 
         00000089 0000 
     388 0000008a 9294          MOV       AL,*+XAR4[AR0]        ; |503| 
     389 0000008b ED08          BF        L11,NEQ               ; |503| 
     390                      ; branchcc occurs ; |503| 
     391                      .dwpsn  "os_task.c",505,3
     392 0000008c 8A44          MOVL      XAR4,*-SP[4]          ; |505| 
     393 0000008d D011          MOVB      XAR0,#17              ; |505| 
     394 0000008e 761F!         MOVW      DP,#_OSRdyGrp
         0000008f 0000 
     395 00000090 9294          MOV       AL,*+XAR4[AR0]        ; |505| 
     396 00000091 FF5E          NOT       AL                    ; |505| 
     397 00000092 C000!         AND       @_OSRdyGrp,AL         ; |505| 
     398              L11:    
     399                      .dwpsn  "os_task.c",509,2
     400 00000093 8A44          MOVL      XAR4,*-SP[4]          ; |509| 
     401 00000094 06F4          MOVL      ACC,*+XAR4[6]         ; |509| 
     402 00000095 EC07          BF        L12,EQ                ; |509| 
     403                      ; branchcc occurs ; |509| 
     404                      .dwpsn  "os_task.c",511,3
     405 00000096 8A44          MOVL      XAR4,*-SP[4]          ; |511| 
     406 00000097 83F4          MOVL      XAR5,*+XAR4[6]        ; |511| 
     407 00000098 8A44          MOVL      XAR4,*-SP[4]          ; |511| 
     408 00000099 FF69          SPM       #0
     409 0000009a 7640!         LCR       #_OS_EventTaskRemove  ; |511| 
         0000009b 0000 
     410                      ; call occurs [#_OS_EventTaskRemove] ; |511| 
     411              L12:    
     412                      .dwpsn  "os_task.c",529,2
     413 0000009c 8A44          MOVL      XAR4,*-SP[4]          ; |529| 
     414 0000009d D00A          MOVB      XAR0,#10              ; |529| 
     415 0000009e 2B94          MOV       *+XAR4[AR0],#0        ; |529| 
     416                      .dwpsn  "os_task.c",530,2
     417 0000009f 8A44          MOVL      XAR4,*-SP[4]          ; |530| 
     418 000000a0 D00B          MOVB      XAR0,#11              ; |530| 
     419 000000a1 2B94          MOV       *+XAR4[AR0],#0        ; |530| 
TMS320C2000 COFF Assembler PC v4.1.3 Wed Jul 14 17:06:12 2010

Tools Copyright (c) 1996-2006 Texas Instruments Incorporated
C:\DOCUME~1\ADMINI~1\LOCALS~1\Temp\TI2122                            PAGE    9

     420                      .dwpsn  "os_task.c",531,2
     421 000000a2 8A44          MOVL      XAR4,*-SP[4]          ; |531| 
     422 000000a3 D00C          MOVB      XAR0,#12              ; |531| 
     423 000000a4 2B94          MOV       *+XAR4[AR0],#0        ; |531| 
     424                      .dwpsn  "os_task.c",532,2
     425 000000a5 761F!         MOVW      DP,#_OSLockNesting
         000000a6 0000 
     426 000000a7 9200!         MOV       AL,@_OSLockNesting    ; |532| 
     427 000000a8 52FF          CMPB      AL,#255               ; |532| 
     428 000000a9 6702          B         L13,HIS               ; |532| 
     429                      ; branchcc occurs ; |532| 
     430                      .dwpsn  "os_task.c",534,3
     431 000000aa 0A00!         INC       @_OSLockNesting       ; |534| 
     432              L13:    
     433                      .dwpsn  "os_task.c",536,2
     434 000000ab 2910   clrc INTM
     435                      .dwpsn  "os_task.c",537,2
     436 000000ac FF69          SPM       #0
     437 000000ad 7640!         LCR       #_OS_Dummy            ; |537| 
         000000ae 0000 
     438                      ; call occurs [#_OS_Dummy] ; |537| 
     439                      .dwpsn  "os_task.c",538,2
     440 000000af 3B10   setc INTM
     441                      .dwpsn  "os_task.c",539,2
     442 000000b0 761F!         MOVW      DP,#_OSLockNesting
         000000b1 0000 
     443 000000b2 9200!         MOV       AL,@_OSLockNesting    ; |539| 
     444 000000b3 EC02          BF        L14,EQ                ; |539| 
     445                      ; branchcc occurs ; |539| 
     446                      .dwpsn  "os_task.c",541,3
     447 000000b4 0B00!         DEC       @_OSLockNesting       ; |541| 
     448              L14:    
     449                      .dwpsn  "os_task.c",543,2
     450 000000b5 8A44          MOVL      XAR4,*-SP[4]          ; |543| 
     451 000000b6 FF69          SPM       #0
     452 000000b7 7640!         LCR       #_OSTaskDelHook       ; |543| 
         000000b8 0000 
     453                      ; call occurs [#_OSTaskDelHook] ; |543| 
     454                      .dwpsn  "os_task.c",544,2
     455 000000b9 761F!         MOVW      DP,#_OSTaskCtr
         000000ba 0000 
     456 000000bb 0B00!         DEC       @_OSTaskCtr           ; |544| 
     457                      .dwpsn  "os_task.c",545,2
     458 000000bc 0E41          MOVU      ACC,*-SP[1]
     459 000000bd 8F00!         MOVL      XAR4,#_OSTCBPrioTbl   ; |545| 
         000000be 0000 
     460 000000bf FF30          LSL       ACC,1                 ; |545| 
     461 000000c0 5601          ADDL      XAR4,ACC
         000000c1 00A4 
     462 000000c2 0200          MOVB      ACC,#0
     463 000000c3 1EC4          MOVL      *+XAR4[0],ACC         ; |545| 
     464                      .dwpsn  "os_task.c",546,2
     465 000000c4 8A44          MOVL      XAR4,*-SP[4]          ; |546| 
     466 000000c5 06E4          MOVL      ACC,*+XAR4[4]         ; |546| 
     467 000000c6 ED0B          BF        L15,NEQ               ; |546| 
TMS320C2000 COFF Assembler PC v4.1.3 Wed Jul 14 17:06:12 2010

Tools Copyright (c) 1996-2006 Texas Instruments Incorporated
C:\DOCUME~1\ADMINI~1\LOCALS~1\Temp\TI2122                            PAGE   10

     468                      ; branchcc occurs ; |546| 
     469                      .dwpsn  "os_task.c",548,3
     470 000000c7 8A44          MOVL      XAR4,*-SP[4]          ; |548| 
     471 000000c8 8AD4          MOVL      XAR4,*+XAR4[2]        ; |548| 
     472 000000c9 0200          MOVB      ACC,#0
     473 000000ca 1EE4          MOVL      *+XAR4[4],ACC         ; |548| 
     474                      .dwpsn  "os_task.c",549,3
     475 000000cb 8A44          MOVL      XAR4,*-SP[4]          ; |549| 
     476 000000cc 761F!         MOVW      DP,#_OSTCBList
         000000cd 0000 
     477 000000ce 06D4          MOVL      ACC,*+XAR4[2]         ; |549| 
     478 000000cf 1E00!         MOVL      @_OSTCBList,ACC       ; |549| 
     479                      .dwpsn  "os_task.c",550,2
     480 000000d0 6F0B          B         L16,UNC               ; |550| 
     481                      ; branch occurs ; |550| 
     482              L15:    
     483                      .dwpsn  "os_task.c",553,3
     484 000000d1 8A44          MOVL      XAR4,*-SP[4]          ; |553| 
     485 000000d2 06D4          MOVL      ACC,*+XAR4[2]         ; |553| 
     486 000000d3 8A44          MOVL      XAR4,*-SP[4]          ; |553| 
     487 000000d4 8AE4          MOVL      XAR4,*+XAR4[4]        ; |553| 
     488 000000d5 1ED4          MOVL      *+XAR4[2],ACC         ; |553| 
     489                      .dwpsn  "os_task.c",554,3
     490 000000d6 8A44          MOVL      XAR4,*-SP[4]          ; |554| 
     491 000000d7 06E4          MOVL      ACC,*+XAR4[4]         ; |554| 
     492 000000d8 8A44          MOVL      XAR4,*-SP[4]          ; |554| 
     493 000000d9 8AD4          MOVL      XAR4,*+XAR4[2]        ; |554| 
     494 000000da 1EE4          MOVL      *+XAR4[4],ACC         ; |554| 
     495              L16:    
     496                      .dwpsn  "os_task.c",556,2
     497 000000db 8A44          MOVL      XAR4,*-SP[4]          ; |556| 
     498 000000dc 761F!         MOVW      DP,#_OSTCBFreeList
         000000dd 0000 
     499 000000de 0600!         MOVL      ACC,@_OSTCBFreeList   ; |556| 
     500 000000df 1ED4          MOVL      *+XAR4[2],ACC         ; |556| 
     501                      .dwpsn  "os_task.c",557,2
     502 000000e0 0644          MOVL      ACC,*-SP[4]           ; |557| 
     503 000000e1 1E00!         MOVL      @_OSTCBFreeList,ACC   ; |557| 
     504                      .dwpsn  "os_task.c",562,2
     505 000000e2 2910   clrc INTM
     506                      .dwpsn  "os_task.c",563,2
     507 000000e3 761F!         MOVW      DP,#_OSRunning
         000000e4 0000 
     508 000000e5 9200!         MOV       AL,@_OSRunning        ; |563| 
     509 000000e6 5201          CMPB      AL,#1                 ; |563| 
     510 000000e7 ED04          BF        L17,NEQ               ; |563| 
     511                      ; branchcc occurs ; |563| 
     512                      .dwpsn  "os_task.c",565,3
     513 000000e8 FF69          SPM       #0
     514 000000e9 7640!         LCR       #_OS_Sched            ; |565| 
         000000ea 0000 
     515                      ; call occurs [#_OS_Sched] ; |565| 
     516              L17:    
     517                      .dwpsn  "os_task.c",567,2
     518 000000eb 9A00          MOVB      AL,#0
TMS320C2000 COFF Assembler PC v4.1.3 Wed Jul 14 17:06:12 2010

Tools Copyright (c) 1996-2006 Texas Instruments Incorporated
C:\DOCUME~1\ADMINI~1\LOCALS~1\Temp\TI2122                            PAGE   11

     519              L18:    
     520                      .dwpsn  "os_task.c",568,1
     521 000000ec FE84          SUBB      SP,#4                 ; |567| 
     522                      .dwcfa  0x1d, -2
     523 000000ed FF69          SPM       #0
     524 000000ee 0006          LRETR
     525                      ; return occurs
     526                      .dwattr DW$41, DW_AT_end_file("os_task.c")
     527                      .dwattr DW$41, DW_AT_end_line(0x238)
     528                      .dwattr DW$41, DW_AT_end_column(0x01)
     529                      .dwendentry
     530                      .dwendtag DW$41
     531              
     532 000000ef               .sect   ".text"
     533                      .global _OSTaskDelReq
     534              
     535              DW$45   .dwtag  DW_TAG_subprogram, DW_AT_name("OSTaskDelReq"), DW_AT_symbol_name("_OSTaskDelReq")
     536                      .dwattr DW$45, DW_AT_low_pc(_OSTaskDelReq)
     537                      .dwattr DW$45, DW_AT_high_pc(0x00)
     538                      .dwattr DW$45, DW_AT_begin_file("os_task.c")
     539                      .dwattr DW$45, DW_AT_begin_line(0x26b)
     540                      .dwattr DW$45, DW_AT_begin_column(0x08)
     541                      .dwpsn  "os_task.c",620,1
     542              
     543                      .dwfde DW$CIE
     544              
     545              ;***************************************************************
     546              ;* FNAME: _OSTaskDelReq                 FR SIZE:   4           *
     547              ;*                                                             *
     548              ;* FUNCTION ENVIRONMENT                                        *
     549              ;*                                                             *
     550              ;* FUNCTION PROPERTIES                                         *
     551              ;*                            0 Parameter,  4 Auto,  0 SOE     *
     552              ;***************************************************************
     553              
     554              _OSTaskDelReq:
     555                      .dwcfa  0x1d, -2
     556                      .dwcfa  0x1c, 26, 0
     557                      .dwcfa  0x09, 40, 26
     558 000000ef FE04          ADDB      SP,#4
     559                      .dwcfa  0x1d, -6
     560              ;* AL    assigned to _prio
     561              DW$46   .dwtag  DW_TAG_formal_parameter, DW_AT_name("prio"), DW_AT_symbol_name("_prio")
     562                      .dwattr DW$46, DW_AT_type(*DW$T$19)
     563                      .dwattr DW$46, DW_AT_location[DW_OP_reg0]
     564              DW$47   .dwtag  DW_TAG_variable, DW_AT_name("prio"), DW_AT_symbol_name("_prio")
     565                      .dwattr DW$47, DW_AT_type(*DW$T$19)
     566                      .dwattr DW$47, DW_AT_location[DW_OP_breg20 -1]
     567              DW$48   .dwtag  DW_TAG_variable, DW_AT_name("stat"), DW_AT_symbol_name("_stat")
     568                      .dwattr DW$48, DW_AT_type(*DW$T$19)
     569                      .dwattr DW$48, DW_AT_location[DW_OP_breg20 -2]
     570              DW$49   .dwtag  DW_TAG_variable, DW_AT_name("ptcb"), DW_AT_symbol_name("_ptcb")
     571                      .dwattr DW$49, DW_AT_type(*DW$T$33)
     572                      .dwattr DW$49, DW_AT_location[DW_OP_breg20 -4]
     573 000000f0 9641          MOV       *-SP[1],AL            ; |620| 
TMS320C2000 COFF Assembler PC v4.1.3 Wed Jul 14 17:06:12 2010

Tools Copyright (c) 1996-2006 Texas Instruments Incorporated
C:\DOCUME~1\ADMINI~1\LOCALS~1\Temp\TI2122                            PAGE   12

     574                      .dwpsn  "os_task.c",629,2
     575 000000f1 523F          CMPB      AL,#63                ; |629| 
     576 000000f2 ED03          BF        L19,NEQ               ; |629| 
     577                      ; branchcc occurs ; |629| 
     578                      .dwpsn  "os_task.c",631,3
     579 000000f3 9A3E          MOVB      AL,#62                ; |631| 
     580 000000f4 6F27          B         L23,UNC               ; |631| 
     581                      ; branch occurs ; |631| 
     582              L19:    
     583                      .dwpsn  "os_task.c",642,2
     584 000000f5 52FF          CMPB      AL,#255               ; |642| 
     585 000000f6 ED0A          BF        L20,NEQ               ; |642| 
     586                      ; branchcc occurs ; |642| 
     587                      .dwpsn  "os_task.c",644,3
     588 000000f7 3B10   setc INTM
     589                      .dwpsn  "os_task.c",645,3
     590 000000f8 761F!         MOVW      DP,#_OSTCBCur
         000000f9 0000 
     591 000000fa 8A00!         MOVL      XAR4,@_OSTCBCur       ; |645| 
     592 000000fb D012          MOVB      XAR0,#18              ; |645| 
     593 000000fc 9294          MOV       AL,*+XAR4[AR0]        ; |645| 
     594 000000fd 9642          MOV       *-SP[2],AL            ; |645| 
     595                      .dwpsn  "os_task.c",646,3
     596 000000fe 2910   clrc INTM
     597                      .dwpsn  "os_task.c",647,3
     598 000000ff 6F1C          B         L23,UNC               ; |647| 
     599                      ; branch occurs ; |647| 
     600              L20:    
     601                      .dwpsn  "os_task.c",649,2
     602 00000100 3B10   setc INTM
     603                      .dwpsn  "os_task.c",650,2
     604 00000101 0E41          MOVU      ACC,*-SP[1]
     605 00000102 8F00!         MOVL      XAR4,#_OSTCBPrioTbl   ; |650| 
         00000103 0000 
     606 00000104 FF30          LSL       ACC,1                 ; |650| 
     607 00000105 5601          ADDL      XAR4,ACC
         00000106 00A4 
     608 00000107 06C4          MOVL      ACC,*+XAR4[0]         ; |650| 
     609 00000108 1E44          MOVL      *-SP[4],ACC           ; |650| 
     610                      .dwpsn  "os_task.c",651,2
     611 00000109 0644          MOVL      ACC,*-SP[4]           ; |651| 
     612 0000010a ED04          BF        L21,NEQ               ; |651| 
     613                      ; branchcc occurs ; |651| 
     614                      .dwpsn  "os_task.c",653,3
     615 0000010b 2910   clrc INTM
     616                      .dwpsn  "os_task.c",654,3
     617 0000010c 9A43          MOVB      AL,#67                ; |654| 
     618 0000010d 6F0E          B         L23,UNC               ; |654| 
     619                      ; branch occurs ; |654| 
     620              L21:    
     621                      .dwpsn  "os_task.c",656,2
     622 0000010e C444          MOVL      XAR6,*-SP[4]          ; |656| 
     623 0000010f 0201          MOVB      ACC,#1
     624 00000110 0FA6          CMPL      ACC,XAR6              ; |656| 
     625 00000111 ED04          BF        L22,NEQ               ; |656| 
TMS320C2000 COFF Assembler PC v4.1.3 Wed Jul 14 17:06:12 2010

Tools Copyright (c) 1996-2006 Texas Instruments Incorporated
C:\DOCUME~1\ADMINI~1\LOCALS~1\Temp\TI2122                            PAGE   13

     626                      ; branchcc occurs ; |656| 
     627                      .dwpsn  "os_task.c",658,3
     628 00000112 2910   clrc INTM
     629                      .dwpsn  "os_task.c",659,3
     630 00000113 9A3D          MOVB      AL,#61                ; |659| 
     631 00000114 6F07          B         L23,UNC               ; |659| 
     632                      ; branch occurs ; |659| 
     633              L22:    
     634                      .dwpsn  "os_task.c",661,2
     635 00000115 8A44          MOVL      XAR4,*-SP[4]          ; |661| 
     636 00000116 D012          MOVB      XAR0,#18              ; |661| 
     637 00000117 2894          MOV       *+XAR4[AR0],#63       ; |661| 
         00000118 003F 
     638                      .dwpsn  "os_task.c",662,2
     639 00000119 2910   clrc INTM
     640                      .dwpsn  "os_task.c",663,2
     641 0000011a 9A00          MOVB      AL,#0
     642              L23:    
     643                      .dwpsn  "os_task.c",664,1
     644 0000011b FE84          SUBB      SP,#4                 ; |663| 
     645                      .dwcfa  0x1d, -2
     646 0000011c FF69          SPM       #0
     647 0000011d 0006          LRETR
     648                      ; return occurs
     649                      .dwattr DW$45, DW_AT_end_file("os_task.c")
     650                      .dwattr DW$45, DW_AT_end_line(0x298)
     651                      .dwattr DW$45, DW_AT_end_column(0x01)
     652                      .dwendentry
     653                      .dwendtag DW$45
     654              
     655              ;***************************************************************
     656              ;* UNDEFINED EXTERNAL REFERENCES                               *
     657              ;***************************************************************
     658                      .global _OS_Sched
     659                      .global _OSTaskDelHook
     660                      .global _OS_Dummy
     661                      .global _OS_EventTaskRemove
     662                      .global _OSRdyGrp
     663                      .global _OSLockNesting
     664                      .global _OSRunning
     665                      .global _OSIntNesting
     666                      .global _OSTaskCtr
     667                      .global _OS_TCBInit
     668                      .global _OSTCBList
     669                      .global _OSTCBFreeList
     670                      .global _OSTCBCur
     671                      .global _OSTaskStkInit
     672                      .global _OSRdyTbl
     673                      .global _OSTCBPrioTbl
     674              
     675              ;***************************************************************
     676              ;* TYPE INFORMATION                                            *
     677              ;***************************************************************
     678              DW$T$3  .dwtag  DW_TAG_pointer_type
     679                      .dwattr DW$T$3, DW_AT_address_class(0x16)
TMS320C2000 COFF Assembler PC v4.1.3 Wed Jul 14 17:06:12 2010

Tools Copyright (c) 1996-2006 Texas Instruments Incorporated
C:\DOCUME~1\ADMINI~1\LOCALS~1\Temp\TI2122                            PAGE   14

     680              
     681              DW$T$30 .dwtag  DW_TAG_subroutine_type
     682                      .dwattr DW$T$30, DW_AT_language(DW_LANG_C)
     683              
     684              DW$T$34 .dwtag  DW_TAG_subroutine_type
     685                      .dwattr DW$T$34, DW_AT_language(DW_LANG_C)
     686              DW$50   .dwtag  DW_TAG_formal_parameter, DW_AT_type(*DW$T$33)
     687              DW$51   .dwtag  DW_TAG_formal_parameter, DW_AT_type(*DW$T$28)
     688                      .dwendtag DW$T$34
     689              
     690              
     691              DW$T$36 .dwtag  DW_TAG_subroutine_type
     692                      .dwattr DW$T$36, DW_AT_language(DW_LANG_C)
     693              DW$52   .dwtag  DW_TAG_formal_parameter, DW_AT_type(*DW$T$33)
     694                      .dwendtag DW$T$36
     695              
     696              DW$T$39 .dwtag  DW_TAG_pointer_type, DW_AT_type(*DW$T$38)
     697                      .dwattr DW$T$39, DW_AT_address_class(0x16)
     698              DW$T$19 .dwtag  DW_TAG_typedef, DW_AT_name("INT8U"), DW_AT_type(*DW$T$6)
     699                      .dwattr DW$T$19, DW_AT_language(DW_LANG_C)
     700              
     701              DW$T$21 .dwtag  DW_TAG_array_type, DW_AT_type(*DW$T$19)
     702                      .dwattr DW$T$21, DW_AT_language(DW_LANG_C)
     703                      .dwattr DW$T$21, DW_AT_byte_size(0x08)
     704              DW$53   .dwtag  DW_TAG_subrange_type
     705                      .dwattr DW$53, DW_AT_upper_bound(0x07)
     706                      .dwendtag DW$T$21
     707              
     708              
     709              DW$T$41 .dwtag  DW_TAG_subroutine_type, DW_AT_type(*DW$T$19)
     710                      .dwattr DW$T$41, DW_AT_language(DW_LANG_C)
     711              DW$54   .dwtag  DW_TAG_formal_parameter, DW_AT_type(*DW$T$19)
     712              DW$55   .dwtag  DW_TAG_formal_parameter, DW_AT_type(*DW$T$25)
     713              DW$56   .dwtag  DW_TAG_formal_parameter, DW_AT_type(*DW$T$25)
     714              DW$57   .dwtag  DW_TAG_formal_parameter, DW_AT_type(*DW$T$20)
     715              DW$58   .dwtag  DW_TAG_formal_parameter, DW_AT_type(*DW$T$40)
     716              DW$59   .dwtag  DW_TAG_formal_parameter, DW_AT_type(*DW$T$3)
     717              DW$60   .dwtag  DW_TAG_formal_parameter, DW_AT_type(*DW$T$20)
     718                      .dwendtag DW$T$41
     719              
     720              
     721              DW$T$43 .dwtag  DW_TAG_subroutine_type, DW_AT_type(*DW$T$19)
     722                      .dwattr DW$T$43, DW_AT_language(DW_LANG_C)
     723              DW$61   .dwtag  DW_TAG_formal_parameter, DW_AT_type(*DW$T$39)
     724              DW$62   .dwtag  DW_TAG_formal_parameter, DW_AT_type(*DW$T$3)
     725              DW$63   .dwtag  DW_TAG_formal_parameter, DW_AT_type(*DW$T$25)
     726              DW$64   .dwtag  DW_TAG_formal_parameter, DW_AT_type(*DW$T$19)
     727                      .dwendtag DW$T$43
     728              
     729              
     730              DW$T$44 .dwtag  DW_TAG_subroutine_type, DW_AT_type(*DW$T$19)
     731                      .dwattr DW$T$44, DW_AT_language(DW_LANG_C)
     732              DW$65   .dwtag  DW_TAG_formal_parameter, DW_AT_type(*DW$T$19)
     733                      .dwendtag DW$T$44
     734              
TMS320C2000 COFF Assembler PC v4.1.3 Wed Jul 14 17:06:12 2010

Tools Copyright (c) 1996-2006 Texas Instruments Incorporated
C:\DOCUME~1\ADMINI~1\LOCALS~1\Temp\TI2122                            PAGE   15

     735              DW$T$46 .dwtag  DW_TAG_typedef, DW_AT_name("BOOLEAN"), DW_AT_type(*DW$T$6)
     736                      .dwattr DW$T$46, DW_AT_language(DW_LANG_C)
     737              DW$T$20 .dwtag  DW_TAG_typedef, DW_AT_name("INT16U"), DW_AT_type(*DW$T$11)
     738                      .dwattr DW$T$20, DW_AT_language(DW_LANG_C)
     739              DW$T$25 .dwtag  DW_TAG_pointer_type, DW_AT_type(*DW$T$24)
     740                      .dwattr DW$T$25, DW_AT_address_class(0x16)
     741              
     742              DW$T$47 .dwtag  DW_TAG_subroutine_type, DW_AT_type(*DW$T$25)
     743                      .dwattr DW$T$47, DW_AT_language(DW_LANG_C)
     744              DW$66   .dwtag  DW_TAG_formal_parameter, DW_AT_type(*DW$T$39)
     745              DW$67   .dwtag  DW_TAG_formal_parameter, DW_AT_type(*DW$T$3)
     746              DW$68   .dwtag  DW_TAG_formal_parameter, DW_AT_type(*DW$T$25)
     747              DW$69   .dwtag  DW_TAG_formal_parameter, DW_AT_type(*DW$T$20)
     748                      .dwendtag DW$T$47
     749              
     750              DW$T$40 .dwtag  DW_TAG_typedef, DW_AT_name("INT32U"), DW_AT_type(*DW$T$13)
     751                      .dwattr DW$T$40, DW_AT_language(DW_LANG_C)
     752              DW$T$28 .dwtag  DW_TAG_pointer_type, DW_AT_type(*DW$T$27)
     753                      .dwattr DW$T$28, DW_AT_address_class(0x16)
     754              DW$T$33 .dwtag  DW_TAG_pointer_type, DW_AT_type(*DW$T$32)
     755                      .dwattr DW$T$33, DW_AT_address_class(0x16)
     756              
     757              DW$T$49 .dwtag  DW_TAG_array_type, DW_AT_type(*DW$T$33)
     758                      .dwattr DW$T$49, DW_AT_language(DW_LANG_C)
     759                      .dwattr DW$T$49, DW_AT_byte_size(0x80)
     760              DW$70   .dwtag  DW_TAG_subrange_type
     761                      .dwattr DW$70, DW_AT_upper_bound(0x3f)
     762                      .dwendtag DW$T$49
     763              
     764              
     765              DW$T$38 .dwtag  DW_TAG_subroutine_type
     766                      .dwattr DW$T$38, DW_AT_language(DW_LANG_C)
     767              DW$71   .dwtag  DW_TAG_formal_parameter, DW_AT_type(*DW$T$3)
     768                      .dwendtag DW$T$38
     769              
     770              DW$T$6  .dwtag  DW_TAG_base_type, DW_AT_name("unsigned char")
     771                      .dwattr DW$T$6, DW_AT_encoding(DW_ATE_unsigned_char)
     772                      .dwattr DW$T$6, DW_AT_byte_size(0x01)
     773              DW$T$11 .dwtag  DW_TAG_base_type, DW_AT_name("unsigned int")
     774                      .dwattr DW$T$11, DW_AT_encoding(DW_ATE_unsigned)
     775                      .dwattr DW$T$11, DW_AT_byte_size(0x01)
     776              DW$T$24 .dwtag  DW_TAG_typedef, DW_AT_name("OS_STK"), DW_AT_type(*DW$T$11)
     777                      .dwattr DW$T$24, DW_AT_language(DW_LANG_C)
     778              DW$T$13 .dwtag  DW_TAG_base_type, DW_AT_name("unsigned long")
     779                      .dwattr DW$T$13, DW_AT_encoding(DW_ATE_unsigned)
     780                      .dwattr DW$T$13, DW_AT_byte_size(0x02)
     781              DW$T$27 .dwtag  DW_TAG_typedef, DW_AT_name("OS_EVENT"), DW_AT_type(*DW$T$23)
     782                      .dwattr DW$T$27, DW_AT_language(DW_LANG_C)
     783              DW$T$32 .dwtag  DW_TAG_typedef, DW_AT_name("OS_TCB"), DW_AT_type(*DW$T$29)
     784                      .dwattr DW$T$32, DW_AT_language(DW_LANG_C)
     785              
     786              DW$T$23 .dwtag  DW_TAG_structure_type
     787                      .dwattr DW$T$23, DW_AT_name("os_event")
     788                      .dwattr DW$T$23, DW_AT_byte_size(0x1e)
     789              DW$72   .dwtag  DW_TAG_member, DW_AT_type(*DW$T$19)
TMS320C2000 COFF Assembler PC v4.1.3 Wed Jul 14 17:06:12 2010

Tools Copyright (c) 1996-2006 Texas Instruments Incorporated
C:\DOCUME~1\ADMINI~1\LOCALS~1\Temp\TI2122                            PAGE   16

     790                      .dwattr DW$72, DW_AT_name("OSEventType"), DW_AT_symbol_name("_OSEventType")
     791                      .dwattr DW$72, DW_AT_data_member_location[DW_OP_plus_uconst 0x0]
     792                      .dwattr DW$72, DW_AT_accessibility(DW_ACCESS_public)
     793              DW$73   .dwtag  DW_TAG_member, DW_AT_type(*DW$T$3)
     794                      .dwattr DW$73, DW_AT_name("OSEventPtr"), DW_AT_symbol_name("_OSEventPtr")
     795                      .dwattr DW$73, DW_AT_data_member_location[DW_OP_plus_uconst 0x2]
     796                      .dwattr DW$73, DW_AT_accessibility(DW_ACCESS_public)
     797              DW$74   .dwtag  DW_TAG_member, DW_AT_type(*DW$T$20)
     798                      .dwattr DW$74, DW_AT_name("OSEventCnt"), DW_AT_symbol_name("_OSEventCnt")
     799                      .dwattr DW$74, DW_AT_data_member_location[DW_OP_plus_uconst 0x4]
     800                      .dwattr DW$74, DW_AT_accessibility(DW_ACCESS_public)
     801              DW$75   .dwtag  DW_TAG_member, DW_AT_type(*DW$T$19)
     802                      .dwattr DW$75, DW_AT_name("OSEventGrp"), DW_AT_symbol_name("_OSEventGrp")
     803                      .dwattr DW$75, DW_AT_data_member_location[DW_OP_plus_uconst 0x5]
     804                      .dwattr DW$75, DW_AT_accessibility(DW_ACCESS_public)
     805              DW$76   .dwtag  DW_TAG_member, DW_AT_type(*DW$T$21)
     806                      .dwattr DW$76, DW_AT_name("OSEventTbl"), DW_AT_symbol_name("_OSEventTbl")
     807                      .dwattr DW$76, DW_AT_data_member_location[DW_OP_plus_uconst 0x6]
     808                      .dwattr DW$76, DW_AT_accessibility(DW_ACCESS_public)
     809              DW$77   .dwtag  DW_TAG_member, DW_AT_type(*DW$T$22)
     810                      .dwattr DW$77, DW_AT_name("OSEventName"), DW_AT_symbol_name("_OSEventName")
     811                      .dwattr DW$77, DW_AT_data_member_location[DW_OP_plus_uconst 0xe]
     812                      .dwattr DW$77, DW_AT_accessibility(DW_ACCESS_public)
     813                      .dwendtag DW$T$23
     814              
     815              
     816              DW$T$29 .dwtag  DW_TAG_structure_type
     817                      .dwattr DW$T$29, DW_AT_name("os_tcb")
     818                      .dwattr DW$T$29, DW_AT_byte_size(0x14)
     819              DW$78   .dwtag  DW_TAG_member, DW_AT_type(*DW$T$25)
     820                      .dwattr DW$78, DW_AT_name("OSTCBStkPtr"), DW_AT_symbol_name("_OSTCBStkPtr")
     821                      .dwattr DW$78, DW_AT_data_member_location[DW_OP_plus_uconst 0x0]
     822                      .dwattr DW$78, DW_AT_accessibility(DW_ACCESS_public)
     823              DW$79   .dwtag  DW_TAG_member, DW_AT_type(*DW$T$26)
     824                      .dwattr DW$79, DW_AT_name("OSTCBNext"), DW_AT_symbol_name("_OSTCBNext")
     825                      .dwattr DW$79, DW_AT_data_member_location[DW_OP_plus_uconst 0x2]
     826                      .dwattr DW$79, DW_AT_accessibility(DW_ACCESS_public)
     827              DW$80   .dwtag  DW_TAG_member, DW_AT_type(*DW$T$26)
     828                      .dwattr DW$80, DW_AT_name("OSTCBPrev"), DW_AT_symbol_name("_OSTCBPrev")
     829                      .dwattr DW$80, DW_AT_data_member_location[DW_OP_plus_uconst 0x4]
     830                      .dwattr DW$80, DW_AT_accessibility(DW_ACCESS_public)
     831              DW$81   .dwtag  DW_TAG_member, DW_AT_type(*DW$T$28)
     832                      .dwattr DW$81, DW_AT_name("OSTCBEventPtr"), DW_AT_symbol_name("_OSTCBEventPtr")
     833                      .dwattr DW$81, DW_AT_data_member_location[DW_OP_plus_uconst 0x6]
     834                      .dwattr DW$81, DW_AT_accessibility(DW_ACCESS_public)
     835              DW$82   .dwtag  DW_TAG_member, DW_AT_type(*DW$T$3)
     836                      .dwattr DW$82, DW_AT_name("OSTCBMsg"), DW_AT_symbol_name("_OSTCBMsg")
     837                      .dwattr DW$82, DW_AT_data_member_location[DW_OP_plus_uconst 0x8]
     838                      .dwattr DW$82, DW_AT_accessibility(DW_ACCESS_public)
     839              DW$83   .dwtag  DW_TAG_member, DW_AT_type(*DW$T$20)
     840                      .dwattr DW$83, DW_AT_name("OSTCBDly"), DW_AT_symbol_name("_OSTCBDly")
     841                      .dwattr DW$83, DW_AT_data_member_location[DW_OP_plus_uconst 0xa]
     842                      .dwattr DW$83, DW_AT_accessibility(DW_ACCESS_public)
     843              DW$84   .dwtag  DW_TAG_member, DW_AT_type(*DW$T$19)
     844                      .dwattr DW$84, DW_AT_name("OSTCBStat"), DW_AT_symbol_name("_OSTCBStat")
TMS320C2000 COFF Assembler PC v4.1.3 Wed Jul 14 17:06:12 2010

Tools Copyright (c) 1996-2006 Texas Instruments Incorporated
C:\DOCUME~1\ADMINI~1\LOCALS~1\Temp\TI2122                            PAGE   17

     845                      .dwattr DW$84, DW_AT_data_member_location[DW_OP_plus_uconst 0xb]
     846                      .dwattr DW$84, DW_AT_accessibility(DW_ACCESS_public)
     847              DW$85   .dwtag  DW_TAG_member, DW_AT_type(*DW$T$19)
     848                      .dwattr DW$85, DW_AT_name("OSTCBStatPend"), DW_AT_symbol_name("_OSTCBStatPend")
     849                      .dwattr DW$85, DW_AT_data_member_location[DW_OP_plus_uconst 0xc]
     850                      .dwattr DW$85, DW_AT_accessibility(DW_ACCESS_public)
     851              DW$86   .dwtag  DW_TAG_member, DW_AT_type(*DW$T$19)
     852                      .dwattr DW$86, DW_AT_name("OSTCBPrio"), DW_AT_symbol_name("_OSTCBPrio")
     853                      .dwattr DW$86, DW_AT_data_member_location[DW_OP_plus_uconst 0xd]
     854                      .dwattr DW$86, DW_AT_accessibility(DW_ACCESS_public)
     855              DW$87   .dwtag  DW_TAG_member, DW_AT_type(*DW$T$19)
     856                      .dwattr DW$87, DW_AT_name("OSTCBX"), DW_AT_symbol_name("_OSTCBX")
     857                      .dwattr DW$87, DW_AT_data_member_location[DW_OP_plus_uconst 0xe]
     858                      .dwattr DW$87, DW_AT_accessibility(DW_ACCESS_public)
     859              DW$88   .dwtag  DW_TAG_member, DW_AT_type(*DW$T$19)
     860                      .dwattr DW$88, DW_AT_name("OSTCBY"), DW_AT_symbol_name("_OSTCBY")
     861                      .dwattr DW$88, DW_AT_data_member_location[DW_OP_plus_uconst 0xf]
     862                      .dwattr DW$88, DW_AT_accessibility(DW_ACCESS_public)
     863              DW$89   .dwtag  DW_TAG_member, DW_AT_type(*DW$T$19)
     864                      .dwattr DW$89, DW_AT_name("OSTCBBitX"), DW_AT_symbol_name("_OSTCBBitX")
     865                      .dwattr DW$89, DW_AT_data_member_location[DW_OP_plus_uconst 0x10]
     866                      .dwattr DW$89, DW_AT_accessibility(DW_ACCESS_public)
     867              DW$90   .dwtag  DW_TAG_member, DW_AT_type(*DW$T$19)
     868                      .dwattr DW$90, DW_AT_name("OSTCBBitY"), DW_AT_symbol_name("_OSTCBBitY")
     869                      .dwattr DW$90, DW_AT_data_member_location[DW_OP_plus_uconst 0x11]
     870                      .dwattr DW$90, DW_AT_accessibility(DW_ACCESS_public)
     871              DW$91   .dwtag  DW_TAG_member, DW_AT_type(*DW$T$19)
     872                      .dwattr DW$91, DW_AT_name("OSTCBDelReq"), DW_AT_symbol_name("_OSTCBDelReq")
     873                      .dwattr DW$91, DW_AT_data_member_location[DW_OP_plus_uconst 0x12]
     874                      .dwattr DW$91, DW_AT_accessibility(DW_ACCESS_public)
     875                      .dwendtag DW$T$29
     876              
     877              DW$T$26 .dwtag  DW_TAG_pointer_type, DW_AT_type(*DW$T$29)
     878                      .dwattr DW$T$26, DW_AT_address_class(0x16)
     879              
     880              DW$T$22 .dwtag  DW_TAG_array_type, DW_AT_type(*DW$T$19)
     881                      .dwattr DW$T$22, DW_AT_language(DW_LANG_C)
     882                      .dwattr DW$T$22, DW_AT_byte_size(0x10)
     883              DW$92   .dwtag  DW_TAG_subrange_type
     884                      .dwattr DW$92, DW_AT_upper_bound(0x0f)
     885                      .dwendtag DW$T$22
     886              
     887              
     888                      .dwattr DW$31, DW_AT_external(0x01)
     889                      .dwattr DW$31, DW_AT_type(*DW$T$19)
     890                      .dwattr DW$41, DW_AT_external(0x01)
     891                      .dwattr DW$41, DW_AT_type(*DW$T$19)
     892                      .dwattr DW$45, DW_AT_external(0x01)
     893                      .dwattr DW$45, DW_AT_type(*DW$T$19)
     894                      .dwattr DW$CU, DW_AT_language(DW_LANG_C)
     895              
     896              ;***************************************************************
     897              ;* DWARF CIE ENTRIES                                           *
     898              ;***************************************************************
     899              
TMS320C2000 COFF Assembler PC v4.1.3 Wed Jul 14 17:06:12 2010

Tools Copyright (c) 1996-2006 Texas Instruments Incorporated
C:\DOCUME~1\ADMINI~1\LOCALS~1\Temp\TI2122                            PAGE   18

     900              DW$CIE  .dwcie 1, 40
     901                      .dwcfa  0x0c, 20, 0
     902                      .dwcfa  0x07, 0
     903                      .dwcfa  0x07, 1
     904                      .dwcfa  0x07, 2
     905                      .dwcfa  0x07, 3
     906                      .dwcfa  0x07, 4
     907                      .dwcfa  0x07, 5
     908                      .dwcfa  0x08, 6
     909                      .dwcfa  0x08, 7
     910                      .dwcfa  0x08, 8
     911                      .dwcfa  0x08, 9
     912                      .dwcfa  0x08, 10
     913                      .dwcfa  0x08, 11
     914                      .dwcfa  0x07, 12
     915                      .dwcfa  0x07, 13
     916                      .dwcfa  0x07, 14
     917                      .dwcfa  0x07, 15
     918                      .dwcfa  0x07, 16
     919                      .dwcfa  0x07, 17
     920                      .dwcfa  0x07, 18
     921                      .dwcfa  0x07, 19
     922                      .dwcfa  0x07, 20
     923                      .dwcfa  0x07, 21
     924                      .dwcfa  0x07, 22
     925                      .dwcfa  0x07, 23
     926                      .dwcfa  0x07, 24
     927                      .dwcfa  0x07, 25
     928                      .dwcfa  0x07, 26
     929                      .dwcfa  0x08, 27
     930                      .dwcfa  0x07, 28
     931                      .dwcfa  0x07, 29
     932                      .dwcfa  0x07, 30
     933                      .dwcfa  0x07, 31
     934                      .dwcfa  0x07, 32
     935                      .dwcfa  0x07, 33
     936                      .dwcfa  0x07, 34
     937                      .dwcfa  0x07, 35
     938                      .dwcfa  0x07, 36
     939                      .dwcfa  0x07, 37
     940                      .dwcfa  0x07, 38
     941                      .dwcfa  0x07, 39
     942                      .dwcfa  0x07, 40
     943              
     944              ;***************************************************************
     945              ;* DWARF REGISTER MAP                                          *
     946              ;***************************************************************
     947              
     948              DW$93   .dwtag  DW_TAG_assign_register, DW_AT_name("AL")
     949                      .dwattr DW$93, DW_AT_location[DW_OP_reg0]
     950              DW$94   .dwtag  DW_TAG_assign_register, DW_AT_name("AH")
     951                      .dwattr DW$94, DW_AT_location[DW_OP_reg1]
     952              DW$95   .dwtag  DW_TAG_assign_register, DW_AT_name("PL")
     953                      .dwattr DW$95, DW_AT_location[DW_OP_reg2]
     954              DW$96   .dwtag  DW_TAG_assign_register, DW_AT_name("PH")
TMS320C2000 COFF Assembler PC v4.1.3 Wed Jul 14 17:06:12 2010

Tools Copyright (c) 1996-2006 Texas Instruments Incorporated
C:\DOCUME~1\ADMINI~1\LOCALS~1\Temp\TI2122                            PAGE   19

     955                      .dwattr DW$96, DW_AT_location[DW_OP_reg3]
     956              DW$97   .dwtag  DW_TAG_assign_register, DW_AT_name("AR0")
     957                      .dwattr DW$97, DW_AT_location[DW_OP_reg4]
     958              DW$98   .dwtag  DW_TAG_assign_register, DW_AT_name("XAR0")
     959                      .dwattr DW$98, DW_AT_location[DW_OP_reg5]
     960              DW$99   .dwtag  DW_TAG_assign_register, DW_AT_name("AR1")
     961                      .dwattr DW$99, DW_AT_location[DW_OP_reg6]
     962              DW$100  .dwtag  DW_TAG_assign_register, DW_AT_name("XAR1")
     963                      .dwattr DW$100, DW_AT_location[DW_OP_reg7]
     964              DW$101  .dwtag  DW_TAG_assign_register, DW_AT_name("AR2")
     965                      .dwattr DW$101, DW_AT_location[DW_OP_reg8]
     966              DW$102  .dwtag  DW_TAG_assign_register, DW_AT_name("XAR2")
     967                      .dwattr DW$102, DW_AT_location[DW_OP_reg9]
     968              DW$103  .dwtag  DW_TAG_assign_register, DW_AT_name("AR3")
     969                      .dwattr DW$103, DW_AT_location[DW_OP_reg10]
     970              DW$104  .dwtag  DW_TAG_assign_register, DW_AT_name("XAR3")
     971                      .dwattr DW$104, DW_AT_location[DW_OP_reg11]
     972              DW$105  .dwtag  DW_TAG_assign_register, DW_AT_name("AR4")
     973                      .dwattr DW$105, DW_AT_location[DW_OP_reg12]
     974              DW$106  .dwtag  DW_TAG_assign_register, DW_AT_name("XAR4")
     975                      .dwattr DW$106, DW_AT_location[DW_OP_reg13]
     976              DW$107  .dwtag  DW_TAG_assign_register, DW_AT_name("AR5")
     977                      .dwattr DW$107, DW_AT_location[DW_OP_reg14]
     978              DW$108  .dwtag  DW_TAG_assign_register, DW_AT_name("XAR5")
     979                      .dwattr DW$108, DW_AT_location[DW_OP_reg15]
     980              DW$109  .dwtag  DW_TAG_assign_register, DW_AT_name("AR6")
     981                      .dwattr DW$109, DW_AT_location[DW_OP_reg16]
     982              DW$110  .dwtag  DW_TAG_assign_register, DW_AT_name("XAR6")
     983                      .dwattr DW$110, DW_AT_location[DW_OP_reg17]
     984              DW$111  .dwtag  DW_TAG_assign_register, DW_AT_name("AR7")
     985                      .dwattr DW$111, DW_AT_location[DW_OP_reg18]
     986              DW$112  .dwtag  DW_TAG_assign_register, DW_AT_name("XAR7")
     987                      .dwattr DW$112, DW_AT_location[DW_OP_reg19]
     988              DW$113  .dwtag  DW_TAG_assign_register, DW_AT_name("SP")
     989                      .dwattr DW$113, DW_AT_location[DW_OP_reg20]
     990              DW$114  .dwtag  DW_TAG_assign_register, DW_AT_name("XT")
     991                      .dwattr DW$114, DW_AT_location[DW_OP_reg21]
     992              DW$115  .dwtag  DW_TAG_assign_register, DW_AT_name("T")
     993                      .dwattr DW$115, DW_AT_location[DW_OP_reg22]
     994              DW$116  .dwtag  DW_TAG_assign_register, DW_AT_name("ST0")
     995                      .dwattr DW$116, DW_AT_location[DW_OP_reg23]
     996              DW$117  .dwtag  DW_TAG_assign_register, DW_AT_name("ST1")
     997                      .dwattr DW$117, DW_AT_location[DW_OP_reg24]
     998              DW$118  .dwtag  DW_TAG_assign_register, DW_AT_name("PC")
     999                      .dwattr DW$118, DW_AT_location[DW_OP_reg25]
    1000              DW$119  .dwtag  DW_TAG_assign_register, DW_AT_name("RPC")
    1001                      .dwattr DW$119, DW_AT_location[DW_OP_reg26]
    1002              DW$120  .dwtag  DW_TAG_assign_register, DW_AT_name("FP")
    1003                      .dwattr DW$120, DW_AT_location[DW_OP_reg27]
    1004              DW$121  .dwtag  DW_TAG_assign_register, DW_AT_name("DP")
    1005                      .dwattr DW$121, DW_AT_location[DW_OP_reg28]
    1006              DW$122  .dwtag  DW_TAG_assign_register, DW_AT_name("SXM")
    1007                      .dwattr DW$122, DW_AT_location[DW_OP_reg29]
    1008              DW$123  .dwtag  DW_TAG_assign_register, DW_AT_name("PM")
    1009                      .dwattr DW$123, DW_AT_location[DW_OP_reg30]
TMS320C2000 COFF Assembler PC v4.1.3 Wed Jul 14 17:06:12 2010

Tools Copyright (c) 1996-2006 Texas Instruments Incorporated
C:\DOCUME~1\ADMINI~1\LOCALS~1\Temp\TI2122                            PAGE   20

    1010              DW$124  .dwtag  DW_TAG_assign_register, DW_AT_name("OVM")
    1011                      .dwattr DW$124, DW_AT_location[DW_OP_reg31]
    1012              DW$125  .dwtag  DW_TAG_assign_register, DW_AT_name("PAGE0")
    1013                      .dwattr DW$125, DW_AT_location[DW_OP_regx 0x20]
    1014              DW$126  .dwtag  DW_TAG_assign_register, DW_AT_name("AMODE")
    1015                      .dwattr DW$126, DW_AT_location[DW_OP_regx 0x21]
    1016              DW$127  .dwtag  DW_TAG_assign_register, DW_AT_name("IFR")
    1017                      .dwattr DW$127, DW_AT_location[DW_OP_regx 0x22]
    1018              DW$128  .dwtag  DW_TAG_assign_register, DW_AT_name("IER")
    1019                      .dwattr DW$128, DW_AT_location[DW_OP_regx 0x23]
    1020              DW$129  .dwtag  DW_TAG_assign_register, DW_AT_name("IER")
    1021                      .dwattr DW$129, DW_AT_location[DW_OP_regx 0x24]
    1022              DW$130  .dwtag  DW_TAG_assign_register, DW_AT_name("PSEUDO")
    1023                      .dwattr DW$130, DW_AT_location[DW_OP_regx 0x25]
    1024              DW$131  .dwtag  DW_TAG_assign_register, DW_AT_name("PSEUDOH")
    1025                      .dwattr DW$131, DW_AT_location[DW_OP_regx 0x26]
    1026              DW$132  .dwtag  DW_TAG_assign_register, DW_AT_name("VOL")
    1027                      .dwattr DW$132, DW_AT_location[DW_OP_regx 0x27]
    1028              DW$133  .dwtag  DW_TAG_assign_register, DW_AT_name("CIE_RETA")
    1029                      .dwattr DW$133, DW_AT_location[DW_OP_regx 0x28]
    1030                      .dwendtag DW$CU
    1031              

No Assembly Errors, No Assembly Warnings
