TMS320C2000 COFF Assembler PC v4.1.3 Wed May 04 15:54:29 2011

Tools Copyright (c) 1996-2006 Texas Instruments Incorporated
os_cpu_a.asm                                                         PAGE    1

       1              ;*********************************************************************************************************
       2              ; 宏定义
       3              ;*********************************************************************************************************
       4              .POPALL .macro
       5                      POP     DP:ST1
       6                      NASP
       7                      POP     XT
       8                      POP     XAR7
       9                      POP     XAR6
      10                      POP     XAR5
      11                      POP     XAR4
      12                      POP     XAR3
      13                      POP     XAR2
      14                      POP     AR1H:AR0H
      15                      POP     RPC
      16                      .endm
      17              
      18              .PUSHALL .macro
      19                      PUSH    RPC
      20                      PUSH    AR1H:AR0H
      21                      PUSH    XAR2
      22                      PUSH    XAR3
      23                      PUSH    XAR4
      24                      PUSH    XAR5
      25                      PUSH    XAR6
      26                      PUSH    XAR7
      27                      PUSH    XT
      28                      ASP
      29                      PUSH    DP:ST1
      30                      .endm
      31              
      32              ;*********************************************************************************************************
      33              ; 引用的外部函数及变量声明
      34              ;*********************************************************************************************************
      35                      .ref _OSTCBHighRdy
      36                      .ref _OSInitHookBegin
      37                      .ref _OSIntEnter
      38                      .ref _OSIntExit
      39                      .ref _OSTimeTick
      40              
      41                      .ref _OSTCBCur
      42                      .ref _OSPrioHighRdy
      43                      .ref _OSPrioCur
      44                      .ref _OSRunning
      45                      .ref _OSIntNesting
      46              
      47              ;*********************************************************************************************************
      48              ; OSTickISR
      49              ; 系统时钟嘀嗒函数
      50              ;*********************************************************************************************************
      51                      .global _OSTickISR
      52              _OSTickISR:
      53                      .ref _PieCtrlRegs
      54 00000000               .PUSHALL
1        00000000 0004          PUSH    RPC
TMS320C2000 COFF Assembler PC v4.1.3 Wed May 04 15:54:29 2011

Tools Copyright (c) 1996-2006 Texas Instruments Incorporated
os_cpu_a.asm                                                         PAGE    2

1        00000001 0005          PUSH    AR1H:AR0H
1        00000002 AABD          PUSH    XAR2
1        00000003 A2BD          PUSH    XAR3
1        00000004 A8BD          PUSH    XAR4
1        00000005 A0BD          PUSH    XAR5
1        00000006 C2BD          PUSH    XAR6
1        00000007 C3BD          PUSH    XAR7
1        00000008 ABBD          PUSH    XT
1        00000009 761B          ASP
1        0000000a 7609          PUSH    DP:ST1
      55 0000000b 2942          CLRC    PAGE0,OVM
      56 0000000c 5616          CLRC    AMODE
      57              
      58              
      59 0000000d 7622                  EALLOW
      60 0000000e 761F!         MOVW      DP,#_PieCtrlRegs+1
         0000000f 0000 
      61 00000010 2801!         MOV       @_PieCtrlRegs+1,#1
         00000011 0001 
      62              
      63              
      64 00000012 761A                  EDIS
      65              
      66 00000013 761F!         MOVW    DP,#_OSIntNesting
         00000014 0000 
      67 00000015 0A00!         INC     @_OSIntNesting
      68                      
      69 00000016 7640!         LCR _OSTimeTick    
         00000017 0000 
      70 00000018 7640!         LCR _OSIntExit
         00000019 0000 
      71 0000001a               .POPALL
1        0000001a 7601          POP     DP:ST1
1        0000001b 7617          NASP
1        0000001c 87BE          POP     XT
1        0000001d C5BE          POP     XAR7
1        0000001e C4BE          POP     XAR6
1        0000001f 83BE          POP     XAR5
1        00000020 8ABE          POP     XAR4
1        00000021 82BE          POP     XAR3
1        00000022 86BE          POP     XAR2
1        00000023 0003          POP     AR1H:AR0H
1        00000024 0007          POP     RPC
      72 00000025 7602          IRET        
      73              
      74              ;*********************************************************************************************************
      75              ; OSIntCtxSw
      76              ; 中断级任务切换函数
      77              ;*********************************************************************************************************
      78                      .global _OSIntCtxSw
      79              _OSIntCtxSw:
      80              
      81                      .ref _OSTCBHighRdy
      82                      .ref _OSTCBCur
      83                      .ref _OSPrioHighRdy
TMS320C2000 COFF Assembler PC v4.1.3 Wed May 04 15:54:29 2011

Tools Copyright (c) 1996-2006 Texas Instruments Incorporated
os_cpu_a.asm                                                         PAGE    3

      84                      .ref _OSPrioCur 
      85              
      86              
      87 00000026 FE84       SUBB     SP,#4      
      88 00000027 761F!      MOVW     DP,#_OSTCBCur             ;  OSTCBCur->OSTCBStkPtr = SP
         00000028 0000 
      89 00000029 8A00!      MOVL     XAR4,@_OSTCBCur   ;  |274| 
      90 0000002a 92AD       MOV      AL,SP     
      91 0000002b 96C4       MOV      *+XAR4[0],AL      ;  |274| 
      92              
      93              
      94              ;=================================================================================      
      95 0000002c 761F!      MOVW DP,#_OSTCBHighRdy             ;  OSTCBCur = OSTCBHighRdy
         0000002d 0000 
      96 0000002e 0600!      MOVL ACC,@_OSTCBHighRdy    
      97 0000002f 761F!      MOVW DP,#_OSTCBCur
         00000030 0000 
      98 00000031 1E00!      MOVL @_OSTCBCur,ACC        
      99              ;=================================================================================      
     100                      
     101 00000032 761F!      MOVW DP,#_OSPrioHighRdy    ;  OSPrioCur = OSPrioHighRdy
         00000033 0000 
     102 00000034 9200!      MOV  AL,@_OSPrioHighRdy    
     103 00000035 761F!      MOVW DP,#_OSPrioCur
         00000036 0000 
     104 00000037 9600!      MOV  @_OSPrioCur,AL 
     105              ;=================================================================================    
     106 00000038 761F!      MOVW    DP,#_OSTCBHighRdy   ;  SP = OSTCBhighRdy->OSTCBStkPtr      
         00000039 0000 
     107 0000003a 8A00!      MOVL    XAR4,@_OSTCBHighRdy   
     108 0000003b 92C4       MOV     AL,*+XAR4[0]                    
     109 0000003c 96AD       MOV     @SP,AL
     110                   
     111 0000003d 7601          POP     DP:ST1
     112 0000003e 7617          NASP
     113 0000003f 87BE          POP     XT
     114 00000040 C5BE          POP     XAR7
     115 00000041 C4BE          POP     XAR6
     116 00000042 83BE          POP     XAR5
     117 00000043 8ABE          POP     XAR4
     118 00000044 82BE          POP     XAR3
     119 00000045 86BE          POP     XAR2
     120 00000046 0003          POP     AR1H:AR0H
     121 00000047 0007          POP     RPC
     122 00000048 7602       IRET
     123              ;*********************************************************************************************************
     124              ; OSStartHighRdy
     125              ; 启动第一个任务
     126              ;*********************************************************************************************************
     127                      .global _OSStartHighRdy
     128              _OSStartHighRdy:
     129                      .ref   _OSTCBHighRdy
     130                      
     131 00000049 761F!             MOVW    DP,#_OSRunning
         0000004a 0000 
TMS320C2000 COFF Assembler PC v4.1.3 Wed May 04 15:54:29 2011

Tools Copyright (c) 1996-2006 Texas Instruments Incorporated
os_cpu_a.asm                                                         PAGE    4

     132 0000004b 2800!         MOV     @_OSRunning,#0x0001                                                                          
         0000004c 0001 
     133                             
     134 0000004d 761F!         MOVW    DP,#_OSTCBHighRdy        ;SP = OSTCBhighRdy->OSTCBStkPtr        
         0000004e 0000 
     135 0000004f 8A00!         MOVL    XAR4,@_OSTCBHighRdy   
     136 00000050 92C4          MOV     AL,*+XAR4[0]              
     137 00000051 96AD          MOV     @SP,AL
     138 00000052              .POPALL
1        00000052 7601          POP     DP:ST1
1        00000053 7617          NASP
1        00000054 87BE          POP     XT
1        00000055 C5BE          POP     XAR7
1        00000056 C4BE          POP     XAR6
1        00000057 83BE          POP     XAR5
1        00000058 8ABE          POP     XAR4
1        00000059 82BE          POP     XAR3
1        0000005a 86BE          POP     XAR2
1        0000005b 0003          POP     AR1H:AR0H
1        0000005c 0007          POP     RPC
     139 0000005d 7602          IRET
     140              
     141              ;*********************************************************************************************************
     142              ; OSCtxSw
     143              ; 任务级任务切换函数
     144              ;*********************************************************************************************************
     145                      .global _OSCtxSw
     146 0000005e       _OSCtxSw:
     147 0000005e               .PUSHALL
1        0000005e 0004          PUSH    RPC
1        0000005f 0005          PUSH    AR1H:AR0H
1        00000060 AABD          PUSH    XAR2
1        00000061 A2BD          PUSH    XAR3
1        00000062 A8BD          PUSH    XAR4
1        00000063 A0BD          PUSH    XAR5
1        00000064 C2BD          PUSH    XAR6
1        00000065 C3BD          PUSH    XAR7
1        00000066 ABBD          PUSH    XT
1        00000067 761B          ASP
1        00000068 7609          PUSH    DP:ST1
     148              
     149              ;=================================================================================           
     150              
     151 00000069 761F!      MOVW       DP,#_OSTCBCur           ; OSTCBCur->OSTCBStkPtr = SP
         0000006a 0000 
     152 0000006b 8A00!      MOVL       XAR4,@_OSTCBCur   ;  |274| 
     153 0000006c 92AD       MOV        AL,SP     
     154 0000006d 96C4       MOV        *+XAR4[0],AL            ;  |274|  
     155              
     156              ;=================================================================================      
     157 0000006e 761F!      MOVW               DP,#_OSTCBHighRdy               ; OSTCBCur = OSTCBHighRdy
         0000006f 0000 
     158 00000070 0600!      MOVL               ACC,@_OSTCBHighRdy    
     159 00000071 761F!      MOVW               DP,#_OSTCBCur
         00000072 0000 
TMS320C2000 COFF Assembler PC v4.1.3 Wed May 04 15:54:29 2011

Tools Copyright (c) 1996-2006 Texas Instruments Incorporated
os_cpu_a.asm                                                         PAGE    5

     160 00000073 1E00!      MOVL               @_OSTCBCur,ACC  
     161                      
     162 00000074 761F!      MOVW               DP,#_OSPrioHighRdy    ;OSPrioCur = OSPrioHighRdy
         00000075 0000 
     163 00000076 9200!      MOV                AL,@_OSPrioHighRdy    
     164 00000077 761F!      MOVW               DP,#_OSPrioCur
         00000078 0000 
     165 00000079 9600!      MOV                @_OSPrioCur,AL        
     166              ;================================================================================= 
     167                      
     168 0000007a 761F!      MOVW       DP,#_OSTCBHighRdy        ;SP = OSTCBhighRdy->OSTCBStkPtr        
         0000007b 0000 
     169 0000007c 8A00!      MOVL       XAR4,@_OSTCBHighRdy   
     170 0000007d 92C4       MOV        AL,*+XAR4[0]                    
     171 0000007e 96AD       MOV        @SP,AL
     172              ;=================================================================================     
     173                   
     174 0000007f            .POPALL
1        0000007f 7601          POP     DP:ST1
1        00000080 7617          NASP
1        00000081 87BE          POP     XT
1        00000082 C5BE          POP     XAR7
1        00000083 C4BE          POP     XAR6
1        00000084 83BE          POP     XAR5
1        00000085 8ABE          POP     XAR4
1        00000086 82BE          POP     XAR3
1        00000087 86BE          POP     XAR2
1        00000088 0003          POP     AR1H:AR0H
1        00000089 0007          POP     RPC
     175 0000008a 7602       IRET
     176              
     177              
     178 0000008b       .end
     179              ;*********************************************************************************************************
     180              ; No more
     181              ;*********************************************************************************************************

No Assembly Errors, No Assembly Warnings
