TMS320C2000 COFF Assembler PC v4.1.3 Thu Jul 08 17:30:10 2010

Tools Copyright (c) 1996-2006 Texas Instruments Incorporated
OS_StartHighRdy.asm                                                  PAGE    1

       1              .page
       2              .text
       3              _OSStartHighRdy:  
       4              
       5                      .global _OSStartHighRdy
       6                      .ref   _OSTCBHighRdy                                                                                 
       7                             
       8 00000000 761F!      MOVW    DP,#_OSTCBHighRdy   ;SP = OSTCBhighRdy->OSTCBStkPtr        
         00000001 0000 
       9 00000002 8A00!      MOVL    XAR4,@_OSTCBHighRdy   
      10 00000003 92C4       MOV     AL,*+XAR4[0]              
      11                    
      12 00000004 96AD       MOV     @SP,AL
      13 00000005 0007       POP     RPC
      14 00000006 7602       IRET
      15              
      16 00000007       .end

No Assembly Errors, No Assembly Warnings
