TMS320C2000 COFF Assembler PC v4.1.3 Fri Dec 17 15:39:15 2010

Tools Copyright (c) 1996-2006 Texas Instruments Incorporated
C:\DOCUME~1\ADMINI~1\LOCALS~1\Temp\TI9963                            PAGE    1

       1              ;***************************************************************
       2              ;* TMS320C2000 C/C++ Codegen                         PC v4.1.3 *
       3              ;* Date/Time created: Fri Dec 17 15:39:15 2010                 *
       4              ;***************************************************************
       5                      .compiler_opts --mem_model:code=flat --mem_model:data=large --silicon_version=28 
       6        0002  FP      .set    XAR2
       7              
       8              DW$CU   .dwtag  DW_TAG_compile_unit
       9                      .dwattr DW$CU, DW_AT_name("app_USBmod_fun.c")
      10                      .dwattr DW$CU, DW_AT_producer("TMS320C2000 C/C++ Codegen PC v4.1.3 Copyright (c) 1996-2006 Texas Inst
      11                      .dwattr DW$CU, DW_AT_stmt_list(0x00)
      12                      .dwattr DW$CU, DW_AT_TI_VERSION(0x01)
      13              ;**************************************************************
      14              ;* CINIT RECORDS                                              *
      15              ;**************************************************************
      16 00000000               .sect   ".cinit"
      17                      .align  1
      18 00000000 FFFF          .field          -1,16
      19 00000001 0000-         .field          _m_usb_main_task_pro+0,32
         00000002 0000 
      20 00000003 00BE          .field          190,16                  ; _m_usb_main_task_pro @ 0
      21              
      22              
      23              DW$1    .dwtag  DW_TAG_subprogram, DW_AT_name("app_USBmod_window_creat"), DW_AT_symbol_name("_app_USBmod_wind
      24                      .dwattr DW$1, DW_AT_declaration(0x01)
      25                      .dwattr DW$1, DW_AT_external(0x01)
      26              
      27              DW$2    .dwtag  DW_TAG_subprogram, DW_AT_name("app_hzlib_updata_entery"), DW_AT_symbol_name("_app_hzlib_updat
      28                      .dwattr DW$2, DW_AT_declaration(0x01)
      29                      .dwattr DW$2, DW_AT_external(0x01)
      30              
      31              DW$3    .dwtag  DW_TAG_subprogram, DW_AT_name("app_module_assign_mod"), DW_AT_symbol_name("_app_module_assign
      32                      .dwattr DW$3, DW_AT_declaration(0x01)
      33                      .dwattr DW$3, DW_AT_external(0x01)
      34              DW$4    .dwtag  DW_TAG_formal_parameter, DW_AT_type(*DW$T$19)
      35                      .dwendtag DW$3
      36              
      37              
      38              DW$5    .dwtag  DW_TAG_subprogram, DW_AT_name("OSTimeDly"), DW_AT_symbol_name("_OSTimeDly")
      39                      .dwattr DW$5, DW_AT_declaration(0x01)
      40                      .dwattr DW$5, DW_AT_external(0x01)
      41              DW$6    .dwtag  DW_TAG_formal_parameter, DW_AT_type(*DW$T$21)
      42                      .dwendtag DW$5
      43              
      44              
      45              DW$7    .dwtag  DW_TAG_subprogram, DW_AT_name("os_task_assign_stk_build"), DW_AT_symbol_name("_os_task_assign
      46                      .dwattr DW$7, DW_AT_type(*DW$T$6)
      47                      .dwattr DW$7, DW_AT_declaration(0x01)
      48                      .dwattr DW$7, DW_AT_external(0x01)
      49              DW$8    .dwtag  DW_TAG_formal_parameter, DW_AT_type(*DW$T$25)
      50              DW$9    .dwtag  DW_TAG_formal_parameter, DW_AT_type(*DW$T$19)
      51                      .dwendtag DW$7
      52              
      53                      .global _m_usb_main_task_pro
      54 00000000       _m_usb_main_task_pro:   .usect  ".ebss",1,1,0
TMS320C2000 COFF Assembler PC v4.1.3 Fri Dec 17 15:39:15 2010

Tools Copyright (c) 1996-2006 Texas Instruments Incorporated
C:\DOCUME~1\ADMINI~1\LOCALS~1\Temp\TI9963                            PAGE    2

      55              DW$10   .dwtag  DW_TAG_variable, DW_AT_name("m_usb_main_task_pro"), DW_AT_symbol_name("_m_usb_main_task_pro")
      56                      .dwattr DW$10, DW_AT_location[DW_OP_addr _m_usb_main_task_pro]
      57                      .dwattr DW$10, DW_AT_type(*DW$T$6)
      58                      .dwattr DW$10, DW_AT_external(0x01)
      59              
      60              DW$11   .dwtag  DW_TAG_subprogram, DW_AT_name("app_help_updata_entery"), DW_AT_symbol_name("_app_help_updata_
      61                      .dwattr DW$11, DW_AT_type(*DW$T$10)
      62                      .dwattr DW$11, DW_AT_declaration(0x01)
      63                      .dwattr DW$11, DW_AT_external(0x01)
      64              
      65              DW$12   .dwtag  DW_TAG_subprogram, DW_AT_name("os_task_delete"), DW_AT_symbol_name("_os_task_delete")
      66                      .dwattr DW$12, DW_AT_type(*DW$T$6)
      67                      .dwattr DW$12, DW_AT_declaration(0x01)
      68                      .dwattr DW$12, DW_AT_external(0x01)
      69              DW$13   .dwtag  DW_TAG_formal_parameter, DW_AT_type(*DW$T$6)
      70                      .dwendtag DW$12
      71              
      72              
      73              DW$14   .dwtag  DW_TAG_subprogram, DW_AT_name("app_global_key_obtain"), DW_AT_symbol_name("_app_global_key_ob
      74                      .dwattr DW$14, DW_AT_type(*DW$T$6)
      75                      .dwattr DW$14, DW_AT_declaration(0x01)
      76                      .dwattr DW$14, DW_AT_external(0x01)
      77              DW$15   .dwtag  DW_TAG_formal_parameter, DW_AT_type(*DW$T$38)
      78              DW$16   .dwtag  DW_TAG_formal_parameter, DW_AT_type(*DW$T$19)
      79                      .dwendtag DW$14
      80              
      81              
      82              DW$17   .dwtag  DW_TAG_subprogram, DW_AT_name("app_USBmod_window_destroy"), DW_AT_symbol_name("_app_USBmod_wi
      83                      .dwattr DW$17, DW_AT_type(*DW$T$10)
      84                      .dwattr DW$17, DW_AT_declaration(0x01)
      85                      .dwattr DW$17, DW_AT_external(0x01)
      86              
      87              DW$18   .dwtag  DW_TAG_subprogram, DW_AT_name("os_task_name_set"), DW_AT_symbol_name("_os_task_name_set")
      88                      .dwattr DW$18, DW_AT_type(*DW$T$6)
      89                      .dwattr DW$18, DW_AT_declaration(0x01)
      90                      .dwattr DW$18, DW_AT_external(0x01)
      91              DW$19   .dwtag  DW_TAG_formal_parameter, DW_AT_type(*DW$T$6)
      92              DW$20   .dwtag  DW_TAG_formal_parameter, DW_AT_type(*DW$T$33)
      93                      .dwendtag DW$18
      94              
      95              DW$21   .dwtag  DW_TAG_variable, DW_AT_name("g_module_id_array"), DW_AT_symbol_name("_g_module_id_array")
      96                      .dwattr DW$21, DW_AT_type(*DW$T$43)
      97                      .dwattr DW$21, DW_AT_declaration(0x01)
      98                      .dwattr DW$21, DW_AT_external(0x01)
      99              ;       C:\CCStudio_v3.3\C2000\cgtools\bin\ac2000.exe -@C:\DOCUME~1\ADMINI~1\LOCALS~1\Temp\TI9965 
     100 00000000               .sect   ".text"
     101                      .global _app_USBmod_main_task
     102              
     103              DW$22   .dwtag  DW_TAG_subprogram, DW_AT_name("app_USBmod_main_task"), DW_AT_symbol_name("_app_USBmod_main_ta
     104                      .dwattr DW$22, DW_AT_low_pc(_app_USBmod_main_task)
     105                      .dwattr DW$22, DW_AT_high_pc(0x00)
     106                      .dwattr DW$22, DW_AT_begin_file("app_USBmod_fun.c")
     107                      .dwattr DW$22, DW_AT_begin_line(0x16)
     108                      .dwattr DW$22, DW_AT_begin_column(0x06)
     109                      .dwpsn  "app_USBmod_fun.c",23,1
TMS320C2000 COFF Assembler PC v4.1.3 Fri Dec 17 15:39:15 2010

Tools Copyright (c) 1996-2006 Texas Instruments Incorporated
C:\DOCUME~1\ADMINI~1\LOCALS~1\Temp\TI9963                            PAGE    3

     110              
     111                      .dwfde DW$CIE
     112              
     113              ;***************************************************************
     114              ;* FNAME: _app_USBmod_main_task         FR SIZE:   4           *
     115              ;*                                                             *
     116              ;* FUNCTION ENVIRONMENT                                        *
     117              ;*                                                             *
     118              ;* FUNCTION PROPERTIES                                         *
     119              ;*                            0 Parameter,  3 Auto,  0 SOE     *
     120              ;***************************************************************
     121              
     122              _app_USBmod_main_task:
     123                      .dwcfa  0x1d, -2
     124                      .dwcfa  0x1c, 26, 0
     125                      .dwcfa  0x09, 40, 26
     126 00000000 FE04          ADDB      SP,#4
     127                      .dwcfa  0x1d, -6
     128              ;* AR4   assigned to _arg
     129              DW$23   .dwtag  DW_TAG_formal_parameter, DW_AT_name("arg"), DW_AT_symbol_name("_arg")
     130                      .dwattr DW$23, DW_AT_type(*DW$T$3)
     131                      .dwattr DW$23, DW_AT_location[DW_OP_reg12]
     132              DW$24   .dwtag  DW_TAG_variable, DW_AT_name("arg"), DW_AT_symbol_name("_arg")
     133                      .dwattr DW$24, DW_AT_type(*DW$T$3)
     134                      .dwattr DW$24, DW_AT_location[DW_OP_breg20 -2]
     135              DW$25   .dwtag  DW_TAG_variable, DW_AT_name("key_buf"), DW_AT_symbol_name("_key_buf")
     136                      .dwattr DW$25, DW_AT_type(*DW$T$6)
     137                      .dwattr DW$25, DW_AT_location[DW_OP_breg20 -3]
     138 00000001 A842          MOVL      *-SP[2],XAR4          ; |23| 
     139                      .dwpsn  "app_USBmod_fun.c",25,2
     140 00000002 9A02          MOVB      AL,#2                 ; |25| 
     141 00000003 7640!         LCR       #_OSTimeDly           ; |25| 
         00000004 0000 
     142                      ; call occurs [#_OSTimeDly] ; |25| 
     143                      .dwpsn  "app_USBmod_fun.c",26,2
     144 00000005 7640!         LCR       #_app_USBmod_window_creat ; |26| 
         00000006 0000 
     145                      ; call occurs [#_app_USBmod_window_creat] ; |26| 
     146                      .dwpsn  "app_USBmod_fun.c",27,10
     147              L1:    
     148              DW$L$_app_USBmod_main_task$2$B:
     149                      .dwpsn  "app_USBmod_fun.c",29,3
     150 00000007 5CAD          MOVZ      AR4,SP                ; |29| 
     151 00000008 9A01          MOVB      AL,#1                 ; |29| 
     152 00000009 DC83          SUBB      XAR4,#3               ; |29| 
     153 0000000a 7640!         LCR       #_app_global_key_obtain ; |29| 
         0000000b 0000 
     154                      ; call occurs [#_app_global_key_obtain] ; |29| 
     155 0000000c 5201          CMPB      AL,#1                 ; |29| 
     156 0000000d ED31          BF        L8,NEQ                ; |29| 
     157                      ; branchcc occurs ; |29| 
     158              DW$L$_app_USBmod_main_task$2$E:
     159              DW$L$_app_USBmod_main_task$3$B:
     160                      .dwpsn  "app_USBmod_fun.c",31,4
     161 0000000e 9243          MOV       AL,*-SP[3]            ; |31| 
TMS320C2000 COFF Assembler PC v4.1.3 Fri Dec 17 15:39:15 2010

Tools Copyright (c) 1996-2006 Texas Instruments Incorporated
C:\DOCUME~1\ADMINI~1\LOCALS~1\Temp\TI9963                            PAGE    4

     162 0000000f 521B          CMPB      AL,#27                ; |31| 
     163 00000010 ED07          BF        L2,NEQ                ; |31| 
     164                      ; branchcc occurs ; |31| 
     165              DW$L$_app_USBmod_main_task$3$E:
     166              DW$L$_app_USBmod_main_task$4$B:
     167                      .dwpsn  "app_USBmod_fun.c",33,5
     168 00000011 761F!         MOVW      DP,#_g_module_id_array
         00000012 0000 
     169 00000013 9200!         MOV       AL,@_g_module_id_array ; |33| 
     170 00000014 7640!         LCR       #_app_module_assign_mod ; |33| 
         00000015 0000 
     171                      ; call occurs [#_app_module_assign_mod] ; |33| 
     172                      .dwpsn  "app_USBmod_fun.c",34,4
     173 00000016 6F28          B         L8,UNC                ; |34| 
     174                      ; branch occurs ; |34| 
     175              DW$L$_app_USBmod_main_task$4$E:
     176              L2:    
     177              DW$L$_app_USBmod_main_task$5$B:
     178                      .dwpsn  "app_USBmod_fun.c",35,9
     179 00000017 5213          CMPB      AL,#19                ; |35| 
     180 00000018 ED13          BF        L5,NEQ                ; |35| 
     181                      ; branchcc occurs ; |35| 
     182              DW$L$_app_USBmod_main_task$5$E:
     183              DW$L$_app_USBmod_main_task$6$B:
     184                      .dwpsn  "app_USBmod_fun.c",37,5
     185 00000019 7640!         LCR       #_app_USBmod_window_destroy ; |37| 
         0000001a 0000 
     186                      ; call occurs [#_app_USBmod_window_destroy] ; |37| 
     187                      .dwpsn  "app_USBmod_fun.c",38,5
     188 0000001b 7640!         LCR       #_app_hzlib_updata_entery ; |38| 
         0000001c 0000 
     189                      ; call occurs [#_app_hzlib_updata_entery] ; |38| 
     190                      .dwpsn  "app_USBmod_fun.c",39,5
     191 0000001d 6F04          B         L4,UNC                ; |39| 
     192                      ; branch occurs ; |39| 
     193              DW$L$_app_USBmod_main_task$6$E:
     194              L3:    
     195              DW$L$_app_USBmod_main_task$7$B:
     196                      .dwpsn  "app_USBmod_fun.c",41,6
     197 0000001e 9A03          MOVB      AL,#3                 ; |41| 
     198 0000001f 7640!         LCR       #_OSTimeDly           ; |41| 
         00000020 0000 
     199                      ; call occurs [#_OSTimeDly] ; |41| 
     200              DW$L$_app_USBmod_main_task$7$E:
     201              L4:    
     202              DW$L$_app_USBmod_main_task$8$B:
     203                      .dwpsn  "app_USBmod_fun.c",39,13
     204 00000021 5CAD          MOVZ      AR4,SP                ; |39| 
     205 00000022 9A01          MOVB      AL,#1                 ; |39| 
     206 00000023 DC83          SUBB      XAR4,#3               ; |39| 
     207 00000024 7640!         LCR       #_app_global_key_obtain ; |39| 
         00000025 0000 
     208                      ; call occurs [#_app_global_key_obtain] ; |39| 
     209 00000026 5201          CMPB      AL,#1                 ; |39| 
     210 00000027 EDF7          BF        L3,NEQ                ; |39| 
TMS320C2000 COFF Assembler PC v4.1.3 Fri Dec 17 15:39:15 2010

Tools Copyright (c) 1996-2006 Texas Instruments Incorporated
C:\DOCUME~1\ADMINI~1\LOCALS~1\Temp\TI9963                            PAGE    5

     211                      ; branchcc occurs ; |39| 
     212              DW$L$_app_USBmod_main_task$8$E:
     213              DW$L$_app_USBmod_main_task$9$B:
     214                      .dwpsn  "app_USBmod_fun.c",43,5
     215 00000028 7640!         LCR       #_app_USBmod_window_creat ; |43| 
         00000029 0000 
     216                      ; call occurs [#_app_USBmod_window_creat] ; |43| 
     217                      .dwpsn  "app_USBmod_fun.c",44,4
     218 0000002a 6F14          B         L8,UNC                ; |44| 
     219                      ; branch occurs ; |44| 
     220              DW$L$_app_USBmod_main_task$9$E:
     221              L5:    
     222              DW$L$_app_USBmod_main_task$10$B:
     223                      .dwpsn  "app_USBmod_fun.c",45,9
     224 0000002b 520F          CMPB      AL,#15                ; |45| 
     225 0000002c ED12          BF        L8,NEQ                ; |45| 
     226                      ; branchcc occurs ; |45| 
     227              DW$L$_app_USBmod_main_task$10$E:
     228              DW$L$_app_USBmod_main_task$11$B:
     229                      .dwpsn  "app_USBmod_fun.c",47,5
     230 0000002d 7640!         LCR       #_app_USBmod_window_destroy ; |47| 
         0000002e 0000 
     231                      ; call occurs [#_app_USBmod_window_destroy] ; |47| 
     232                      .dwpsn  "app_USBmod_fun.c",48,5
     233 0000002f 7640!         LCR       #_app_help_updata_entery ; |48| 
         00000030 0000 
     234                      ; call occurs [#_app_help_updata_entery] ; |48| 
     235                      .dwpsn  "app_USBmod_fun.c",49,5
     236 00000031 6F04          B         L7,UNC                ; |49| 
     237                      ; branch occurs ; |49| 
     238              DW$L$_app_USBmod_main_task$11$E:
     239              L6:    
     240              DW$L$_app_USBmod_main_task$12$B:
     241                      .dwpsn  "app_USBmod_fun.c",51,6
     242 00000032 9A03          MOVB      AL,#3                 ; |51| 
     243 00000033 7640!         LCR       #_OSTimeDly           ; |51| 
         00000034 0000 
     244                      ; call occurs [#_OSTimeDly] ; |51| 
     245              DW$L$_app_USBmod_main_task$12$E:
     246              L7:    
     247              DW$L$_app_USBmod_main_task$13$B:
     248                      .dwpsn  "app_USBmod_fun.c",49,13
     249 00000035 5CAD          MOVZ      AR4,SP                ; |49| 
     250 00000036 9A01          MOVB      AL,#1                 ; |49| 
     251 00000037 DC83          SUBB      XAR4,#3               ; |49| 
     252 00000038 7640!         LCR       #_app_global_key_obtain ; |49| 
         00000039 0000 
     253                      ; call occurs [#_app_global_key_obtain] ; |49| 
     254 0000003a 5201          CMPB      AL,#1                 ; |49| 
     255 0000003b EDF7          BF        L6,NEQ                ; |49| 
     256                      ; branchcc occurs ; |49| 
     257              DW$L$_app_USBmod_main_task$13$E:
     258              DW$L$_app_USBmod_main_task$14$B:
     259                      .dwpsn  "app_USBmod_fun.c",53,5
     260 0000003c 7640!         LCR       #_app_USBmod_window_creat ; |53| 
TMS320C2000 COFF Assembler PC v4.1.3 Fri Dec 17 15:39:15 2010

Tools Copyright (c) 1996-2006 Texas Instruments Incorporated
C:\DOCUME~1\ADMINI~1\LOCALS~1\Temp\TI9963                            PAGE    6

         0000003d 0000 
     261                      ; call occurs [#_app_USBmod_window_creat] ; |53| 
     262              DW$L$_app_USBmod_main_task$14$E:
     263              L8:    
     264              DW$L$_app_USBmod_main_task$15$B:
     265                      .dwpsn  "app_USBmod_fun.c",56,3
     266 0000003e 9A03          MOVB      AL,#3                 ; |56| 
     267 0000003f 7640!         LCR       #_OSTimeDly           ; |56| 
         00000040 0000 
     268                      ; call occurs [#_OSTimeDly] ; |56| 
     269                      .dwpsn  "app_USBmod_fun.c",27,10
     270 00000041 6FC6          B         L1,UNC                ; |27| 
     271                      ; branch occurs ; |27| 
     272              DW$L$_app_USBmod_main_task$15$E:
     273                      .dwcfa  0x1d, -2
     274              
     275              DW$26   .dwtag  DW_TAG_loop
     276                      .dwattr DW$26, DW_AT_name("C:\DOCUME~1\ADMINI~1\LOCALS~1\Temp\TI9963:L1:1:1292571555")
     277                      .dwattr DW$26, DW_AT_begin_file("app_USBmod_fun.c")
     278                      .dwattr DW$26, DW_AT_begin_line(0x1b)
     279                      .dwattr DW$26, DW_AT_end_line(0x39)
     280              DW$27   .dwtag  DW_TAG_loop_range
     281                      .dwattr DW$27, DW_AT_low_pc(DW$L$_app_USBmod_main_task$2$B)
     282                      .dwattr DW$27, DW_AT_high_pc(DW$L$_app_USBmod_main_task$2$E)
     283              DW$28   .dwtag  DW_TAG_loop_range
     284                      .dwattr DW$28, DW_AT_low_pc(DW$L$_app_USBmod_main_task$11$B)
     285                      .dwattr DW$28, DW_AT_high_pc(DW$L$_app_USBmod_main_task$11$E)
     286              DW$29   .dwtag  DW_TAG_loop_range
     287                      .dwattr DW$29, DW_AT_low_pc(DW$L$_app_USBmod_main_task$5$B)
     288                      .dwattr DW$29, DW_AT_high_pc(DW$L$_app_USBmod_main_task$5$E)
     289              DW$30   .dwtag  DW_TAG_loop_range
     290                      .dwattr DW$30, DW_AT_low_pc(DW$L$_app_USBmod_main_task$6$B)
     291                      .dwattr DW$30, DW_AT_high_pc(DW$L$_app_USBmod_main_task$6$E)
     292              DW$31   .dwtag  DW_TAG_loop_range
     293                      .dwattr DW$31, DW_AT_low_pc(DW$L$_app_USBmod_main_task$3$B)
     294                      .dwattr DW$31, DW_AT_high_pc(DW$L$_app_USBmod_main_task$3$E)
     295              DW$32   .dwtag  DW_TAG_loop_range
     296                      .dwattr DW$32, DW_AT_low_pc(DW$L$_app_USBmod_main_task$4$B)
     297                      .dwattr DW$32, DW_AT_high_pc(DW$L$_app_USBmod_main_task$4$E)
     298              DW$33   .dwtag  DW_TAG_loop_range
     299                      .dwattr DW$33, DW_AT_low_pc(DW$L$_app_USBmod_main_task$9$B)
     300                      .dwattr DW$33, DW_AT_high_pc(DW$L$_app_USBmod_main_task$9$E)
     301              DW$34   .dwtag  DW_TAG_loop_range
     302                      .dwattr DW$34, DW_AT_low_pc(DW$L$_app_USBmod_main_task$10$B)
     303                      .dwattr DW$34, DW_AT_high_pc(DW$L$_app_USBmod_main_task$10$E)
     304              DW$35   .dwtag  DW_TAG_loop_range
     305                      .dwattr DW$35, DW_AT_low_pc(DW$L$_app_USBmod_main_task$14$B)
     306                      .dwattr DW$35, DW_AT_high_pc(DW$L$_app_USBmod_main_task$14$E)
     307              DW$36   .dwtag  DW_TAG_loop_range
     308                      .dwattr DW$36, DW_AT_low_pc(DW$L$_app_USBmod_main_task$15$B)
     309                      .dwattr DW$36, DW_AT_high_pc(DW$L$_app_USBmod_main_task$15$E)
     310              
     311              DW$37   .dwtag  DW_TAG_loop
     312                      .dwattr DW$37, DW_AT_name("C:\DOCUME~1\ADMINI~1\LOCALS~1\Temp\TI9963:L7:2:1292571555")
     313                      .dwattr DW$37, DW_AT_begin_file("app_USBmod_fun.c")
TMS320C2000 COFF Assembler PC v4.1.3 Fri Dec 17 15:39:15 2010

Tools Copyright (c) 1996-2006 Texas Instruments Incorporated
C:\DOCUME~1\ADMINI~1\LOCALS~1\Temp\TI9963                            PAGE    7

     314                      .dwattr DW$37, DW_AT_begin_line(0x31)
     315                      .dwattr DW$37, DW_AT_end_line(0x33)
     316              DW$38   .dwtag  DW_TAG_loop_range
     317                      .dwattr DW$38, DW_AT_low_pc(DW$L$_app_USBmod_main_task$13$B)
     318                      .dwattr DW$38, DW_AT_high_pc(DW$L$_app_USBmod_main_task$13$E)
     319              DW$39   .dwtag  DW_TAG_loop_range
     320                      .dwattr DW$39, DW_AT_low_pc(DW$L$_app_USBmod_main_task$12$B)
     321                      .dwattr DW$39, DW_AT_high_pc(DW$L$_app_USBmod_main_task$12$E)
     322                      .dwendtag DW$37
     323              
     324              
     325              DW$40   .dwtag  DW_TAG_loop
     326                      .dwattr DW$40, DW_AT_name("C:\DOCUME~1\ADMINI~1\LOCALS~1\Temp\TI9963:L4:2:1292571555")
     327                      .dwattr DW$40, DW_AT_begin_file("app_USBmod_fun.c")
     328                      .dwattr DW$40, DW_AT_begin_line(0x27)
     329                      .dwattr DW$40, DW_AT_end_line(0x29)
     330              DW$41   .dwtag  DW_TAG_loop_range
     331                      .dwattr DW$41, DW_AT_low_pc(DW$L$_app_USBmod_main_task$8$B)
     332                      .dwattr DW$41, DW_AT_high_pc(DW$L$_app_USBmod_main_task$8$E)
     333              DW$42   .dwtag  DW_TAG_loop_range
     334                      .dwattr DW$42, DW_AT_low_pc(DW$L$_app_USBmod_main_task$7$B)
     335                      .dwattr DW$42, DW_AT_high_pc(DW$L$_app_USBmod_main_task$7$E)
     336                      .dwendtag DW$40
     337              
     338                      .dwendtag DW$26
     339              
     340                      .dwattr DW$22, DW_AT_end_file("app_USBmod_fun.c")
     341                      .dwattr DW$22, DW_AT_end_line(0x3a)
     342                      .dwattr DW$22, DW_AT_end_column(0x01)
     343                      .dwendentry
     344                      .dwendtag DW$22
     345              
     346 00000042               .sect   ".text"
     347                      .global _app_USBmod_fun_entry
     348              
     349              DW$43   .dwtag  DW_TAG_subprogram, DW_AT_name("app_USBmod_fun_entry"), DW_AT_symbol_name("_app_USBmod_fun_ent
     350                      .dwattr DW$43, DW_AT_low_pc(_app_USBmod_fun_entry)
     351                      .dwattr DW$43, DW_AT_high_pc(0x00)
     352                      .dwattr DW$43, DW_AT_begin_file("app_USBmod_fun.c")
     353                      .dwattr DW$43, DW_AT_begin_line(0x43)
     354                      .dwattr DW$43, DW_AT_begin_column(0x06)
     355                      .dwpsn  "app_USBmod_fun.c",68,1
     356              
     357                      .dwfde DW$CIE
     358              
     359              ;***************************************************************
     360              ;* FNAME: _app_USBmod_fun_entry         FR SIZE:   0           *
     361              ;*                                                             *
     362              ;* FUNCTION ENVIRONMENT                                        *
     363              ;*                                                             *
     364              ;* FUNCTION PROPERTIES                                         *
     365              ;*                            0 Parameter,  0 Auto,  0 SOE     *
     366              ;***************************************************************
     367              
     368              _app_USBmod_fun_entry:
TMS320C2000 COFF Assembler PC v4.1.3 Fri Dec 17 15:39:15 2010

Tools Copyright (c) 1996-2006 Texas Instruments Incorporated
C:\DOCUME~1\ADMINI~1\LOCALS~1\Temp\TI9963                            PAGE    8

     369                      .dwcfa  0x1d, -2
     370                      .dwcfa  0x1c, 26, 0
     371                      .dwcfa  0x09, 40, 26
     372                      .dwpsn  "app_USBmod_fun.c",69,2
     373 00000042 9A05          MOVB      AL,#5                 ; |69| 
     374 00000043 8F00'         MOVL      XAR4,#_app_USBmod_main_task ; |69| 
         00000044 0000 
     375 00000045 7640!         LCR       #_os_task_assign_stk_build ; |69| 
         00000046 0000 
     376                      ; call occurs [#_os_task_assign_stk_build] ; |69| 
     377 00000047 761F-         MOVW      DP,#_m_usb_main_task_pro
         00000048 0000 
     378 00000049 9600-         MOV       @_m_usb_main_task_pro,AL ; |69| 
     379                      .dwpsn  "app_USBmod_fun.c",71,2
     380 0000004a 8F00+         MOVL      XAR4,#FSL1            ; |71| 
         0000004b 0000 
     381 0000004c 7640!         LCR       #_os_task_name_set    ; |71| 
         0000004d 0000 
     382                      ; call occurs [#_os_task_name_set] ; |71| 
     383                      .dwpsn  "app_USBmod_fun.c",72,2
     384                      .dwpsn  "app_USBmod_fun.c",73,1
     385 0000004e 0006          LRETR
     386                      ; return occurs
     387                      .dwattr DW$43, DW_AT_end_file("app_USBmod_fun.c")
     388                      .dwattr DW$43, DW_AT_end_line(0x49)
     389                      .dwattr DW$43, DW_AT_end_column(0x01)
     390                      .dwendentry
     391                      .dwendtag DW$43
     392              
     393 0000004f               .sect   ".text"
     394                      .global _app_USBmod_fun_exit
     395              
     396              DW$44   .dwtag  DW_TAG_subprogram, DW_AT_name("app_USBmod_fun_exit"), DW_AT_symbol_name("_app_USBmod_fun_exit
     397                      .dwattr DW$44, DW_AT_low_pc(_app_USBmod_fun_exit)
     398                      .dwattr DW$44, DW_AT_high_pc(0x00)
     399                      .dwattr DW$44, DW_AT_begin_file("app_USBmod_fun.c")
     400                      .dwattr DW$44, DW_AT_begin_line(0x52)
     401                      .dwattr DW$44, DW_AT_begin_column(0x06)
     402                      .dwpsn  "app_USBmod_fun.c",83,1
     403              
     404                      .dwfde DW$CIE
     405              
     406              ;***************************************************************
     407              ;* FNAME: _app_USBmod_fun_exit          FR SIZE:   0           *
     408              ;*                                                             *
     409              ;* FUNCTION ENVIRONMENT                                        *
     410              ;*                                                             *
     411              ;* FUNCTION PROPERTIES                                         *
     412              ;*                            0 Parameter,  0 Auto,  0 SOE     *
     413              ;***************************************************************
     414              
     415              _app_USBmod_fun_exit:
     416                      .dwcfa  0x1d, -2
     417                      .dwcfa  0x1c, 26, 0
     418                      .dwcfa  0x09, 40, 26
TMS320C2000 COFF Assembler PC v4.1.3 Fri Dec 17 15:39:15 2010

Tools Copyright (c) 1996-2006 Texas Instruments Incorporated
C:\DOCUME~1\ADMINI~1\LOCALS~1\Temp\TI9963                            PAGE    9

     419                      .dwpsn  "app_USBmod_fun.c",84,2
     420 0000004f 761F-         MOVW      DP,#_m_usb_main_task_pro
         00000050 0000 
     421 00000051 9200-         MOV       AL,@_m_usb_main_task_pro ; |84| 
     422 00000052 52BE          CMPB      AL,#190               ; |84| 
     423 00000053 EC07          BF        L9,EQ                 ; |84| 
     424                      ; branchcc occurs ; |84| 
     425                      .dwpsn  "app_USBmod_fun.c",86,3
     426 00000054 7640!         LCR       #_os_task_delete      ; |86| 
         00000055 0000 
     427                      ; call occurs [#_os_task_delete] ; |86| 
     428                      .dwpsn  "app_USBmod_fun.c",87,3
     429 00000056 761F-         MOVW      DP,#_m_usb_main_task_pro
         00000057 0000 
     430 00000058 2800-         MOV       @_m_usb_main_task_pro,#190 ; |87| 
         00000059 00BE 
     431                      .dwpsn  "app_USBmod_fun.c",89,2
     432              L9:    
     433                      .dwpsn  "app_USBmod_fun.c",90,1
     434 0000005a 0006          LRETR
     435                      ; return occurs
     436                      .dwattr DW$44, DW_AT_end_file("app_USBmod_fun.c")
     437                      .dwattr DW$44, DW_AT_end_line(0x5a)
     438                      .dwattr DW$44, DW_AT_end_column(0x01)
     439                      .dwendentry
     440                      .dwendtag DW$44
     441              
     442              ;***************************************************************
     443              ;* FAR STRINGS                                                 *
     444              ;***************************************************************
     445 00000000               .sect   ".econst"
     446                      .align  2
     447 00000000 0055  FSL1:   .string "USBmod--Main task",0
         00000001 0053 
         00000002 0042 
         00000003 006D 
         00000004 006F 
         00000005 0064 
         00000006 002D 
         00000007 002D 
         00000008 004D 
         00000009 0061 
         0000000a 0069 
         0000000b 006E 
         0000000c 0020 
         0000000d 0074 
         0000000e 0061 
         0000000f 0073 
         00000010 006B 
         00000011 0000 
     448              ;***************************************************************
     449              ;* UNDEFINED EXTERNAL REFERENCES                               *
     450              ;***************************************************************
     451                      .global _app_USBmod_window_creat
     452                      .global _app_hzlib_updata_entery
TMS320C2000 COFF Assembler PC v4.1.3 Fri Dec 17 15:39:15 2010

Tools Copyright (c) 1996-2006 Texas Instruments Incorporated
C:\DOCUME~1\ADMINI~1\LOCALS~1\Temp\TI9963                            PAGE   10

     453                      .global _app_module_assign_mod
     454                      .global _OSTimeDly
     455                      .global _os_task_assign_stk_build
     456                      .global _app_help_updata_entery
     457                      .global _os_task_delete
     458                      .global _app_global_key_obtain
     459                      .global _app_USBmod_window_destroy
     460                      .global _os_task_name_set
     461                      .global _g_module_id_array
     462              
     463              ;***************************************************************
     464              ;* TYPE INFORMATION                                            *
     465              ;***************************************************************
     466              DW$T$3  .dwtag  DW_TAG_pointer_type
     467                      .dwattr DW$T$3, DW_AT_address_class(0x16)
     468              
     469              DW$T$22 .dwtag  DW_TAG_subroutine_type
     470                      .dwattr DW$T$22, DW_AT_language(DW_LANG_C)
     471              DW$45   .dwtag  DW_TAG_formal_parameter, DW_AT_type(*DW$T$21)
     472                      .dwendtag DW$T$22
     473              
     474              
     475              DW$T$24 .dwtag  DW_TAG_subroutine_type
     476                      .dwattr DW$T$24, DW_AT_language(DW_LANG_C)
     477              DW$46   .dwtag  DW_TAG_formal_parameter, DW_AT_type(*DW$T$3)
     478                      .dwendtag DW$T$24
     479              
     480              DW$T$25 .dwtag  DW_TAG_pointer_type, DW_AT_type(*DW$T$24)
     481                      .dwattr DW$T$25, DW_AT_address_class(0x16)
     482              
     483              DW$T$26 .dwtag  DW_TAG_subroutine_type
     484                      .dwattr DW$T$26, DW_AT_language(DW_LANG_C)
     485              DW$47   .dwtag  DW_TAG_formal_parameter, DW_AT_type(*DW$T$19)
     486                      .dwendtag DW$T$26
     487              
     488              
     489              DW$T$28 .dwtag  DW_TAG_subroutine_type
     490                      .dwattr DW$T$28, DW_AT_language(DW_LANG_C)
     491              DW$T$6  .dwtag  DW_TAG_base_type, DW_AT_name("unsigned char")
     492                      .dwattr DW$T$6, DW_AT_encoding(DW_ATE_unsigned_char)
     493                      .dwattr DW$T$6, DW_AT_byte_size(0x01)
     494              
     495              DW$T$30 .dwtag  DW_TAG_subroutine_type, DW_AT_type(*DW$T$6)
     496                      .dwattr DW$T$30, DW_AT_language(DW_LANG_C)
     497              DW$48   .dwtag  DW_TAG_formal_parameter, DW_AT_type(*DW$T$25)
     498              DW$49   .dwtag  DW_TAG_formal_parameter, DW_AT_type(*DW$T$19)
     499                      .dwendtag DW$T$30
     500              
     501              
     502              DW$T$34 .dwtag  DW_TAG_subroutine_type, DW_AT_type(*DW$T$6)
     503                      .dwattr DW$T$34, DW_AT_language(DW_LANG_C)
     504              DW$50   .dwtag  DW_TAG_formal_parameter, DW_AT_type(*DW$T$6)
     505              DW$51   .dwtag  DW_TAG_formal_parameter, DW_AT_type(*DW$T$33)
     506                      .dwendtag DW$T$34
     507              
TMS320C2000 COFF Assembler PC v4.1.3 Fri Dec 17 15:39:15 2010

Tools Copyright (c) 1996-2006 Texas Instruments Incorporated
C:\DOCUME~1\ADMINI~1\LOCALS~1\Temp\TI9963                            PAGE   11

     508              
     509              DW$T$36 .dwtag  DW_TAG_subroutine_type, DW_AT_type(*DW$T$6)
     510                      .dwattr DW$T$36, DW_AT_language(DW_LANG_C)
     511              DW$52   .dwtag  DW_TAG_formal_parameter, DW_AT_type(*DW$T$6)
     512                      .dwendtag DW$T$36
     513              
     514              DW$T$38 .dwtag  DW_TAG_pointer_type, DW_AT_type(*DW$T$6)
     515                      .dwattr DW$T$38, DW_AT_address_class(0x16)
     516              
     517              DW$T$39 .dwtag  DW_TAG_subroutine_type, DW_AT_type(*DW$T$6)
     518                      .dwattr DW$T$39, DW_AT_language(DW_LANG_C)
     519              DW$53   .dwtag  DW_TAG_formal_parameter, DW_AT_type(*DW$T$38)
     520              DW$54   .dwtag  DW_TAG_formal_parameter, DW_AT_type(*DW$T$19)
     521                      .dwendtag DW$T$39
     522              
     523              DW$T$10 .dwtag  DW_TAG_base_type, DW_AT_name("int")
     524                      .dwattr DW$T$10, DW_AT_encoding(DW_ATE_signed)
     525                      .dwattr DW$T$10, DW_AT_byte_size(0x01)
     526              
     527              DW$T$41 .dwtag  DW_TAG_subroutine_type, DW_AT_type(*DW$T$10)
     528                      .dwattr DW$T$41, DW_AT_language(DW_LANG_C)
     529              DW$T$19 .dwtag  DW_TAG_typedef, DW_AT_name("Bsize_t"), DW_AT_type(*DW$T$11)
     530                      .dwattr DW$T$19, DW_AT_language(DW_LANG_C)
     531              DW$T$21 .dwtag  DW_TAG_typedef, DW_AT_name("INT16U"), DW_AT_type(*DW$T$11)
     532                      .dwattr DW$T$21, DW_AT_language(DW_LANG_C)
     533              DW$T$43 .dwtag  DW_TAG_typedef, DW_AT_name("module_id_t"), DW_AT_type(*DW$T$20)
     534                      .dwattr DW$T$43, DW_AT_language(DW_LANG_C)
     535              DW$T$33 .dwtag  DW_TAG_pointer_type, DW_AT_type(*DW$T$32)
     536                      .dwattr DW$T$33, DW_AT_address_class(0x16)
     537              DW$T$11 .dwtag  DW_TAG_base_type, DW_AT_name("unsigned int")
     538                      .dwattr DW$T$11, DW_AT_encoding(DW_ATE_unsigned)
     539                      .dwattr DW$T$11, DW_AT_byte_size(0x01)
     540              
     541              DW$T$20 .dwtag  DW_TAG_structure_type
     542                      .dwattr DW$T$20, DW_AT_byte_size(0x0b)
     543              DW$55   .dwtag  DW_TAG_member, DW_AT_type(*DW$T$19)
     544                      .dwattr DW$55, DW_AT_name("DL_measure_mod_id"), DW_AT_symbol_name("_DL_measure_mod_id")
     545                      .dwattr DW$55, DW_AT_data_member_location[DW_OP_plus_uconst 0x0]
     546                      .dwattr DW$55, DW_AT_accessibility(DW_ACCESS_public)
     547              DW$56   .dwtag  DW_TAG_member, DW_AT_type(*DW$T$19)
     548                      .dwattr DW$56, DW_AT_name("Sys_setup_mod_id"), DW_AT_symbol_name("_Sys_setup_mod_id")
     549                      .dwattr DW$56, DW_AT_data_member_location[DW_OP_plus_uconst 0x1]
     550                      .dwattr DW$56, DW_AT_accessibility(DW_ACCESS_public)
     551              DW$57   .dwtag  DW_TAG_member, DW_AT_type(*DW$T$19)
     552                      .dwattr DW$57, DW_AT_name("USB_mod_id"), DW_AT_symbol_name("_USB_mod_id")
     553                      .dwattr DW$57, DW_AT_data_member_location[DW_OP_plus_uconst 0x2]
     554                      .dwattr DW$57, DW_AT_accessibility(DW_ACCESS_public)
     555              DW$58   .dwtag  DW_TAG_member, DW_AT_type(*DW$T$19)
     556                      .dwattr DW$58, DW_AT_name("RM_mod_id"), DW_AT_symbol_name("_RM_mod_id")
     557                      .dwattr DW$58, DW_AT_data_member_location[DW_OP_plus_uconst 0x3]
     558                      .dwattr DW$58, DW_AT_accessibility(DW_ACCESS_public)
     559              DW$59   .dwtag  DW_TAG_member, DW_AT_type(*DW$T$19)
     560                      .dwattr DW$59, DW_AT_name("PC_mod_id"), DW_AT_symbol_name("_PC_mod_id")
     561                      .dwattr DW$59, DW_AT_data_member_location[DW_OP_plus_uconst 0x4]
     562                      .dwattr DW$59, DW_AT_accessibility(DW_ACCESS_public)
TMS320C2000 COFF Assembler PC v4.1.3 Fri Dec 17 15:39:15 2010

Tools Copyright (c) 1996-2006 Texas Instruments Incorporated
C:\DOCUME~1\ADMINI~1\LOCALS~1\Temp\TI9963                            PAGE   12

     563              DW$60   .dwtag  DW_TAG_member, DW_AT_type(*DW$T$19)
     564                      .dwattr DW$60, DW_AT_name("Help_mod_id"), DW_AT_symbol_name("_Help_mod_id")
     565                      .dwattr DW$60, DW_AT_data_member_location[DW_OP_plus_uconst 0x5]
     566                      .dwattr DW$60, DW_AT_accessibility(DW_ACCESS_public)
     567              DW$61   .dwtag  DW_TAG_member, DW_AT_type(*DW$T$19)
     568                      .dwattr DW$61, DW_AT_name("HZ_input_mod_id"), DW_AT_symbol_name("_HZ_input_mod_id")
     569                      .dwattr DW$61, DW_AT_data_member_location[DW_OP_plus_uconst 0x6]
     570                      .dwattr DW$61, DW_AT_accessibility(DW_ACCESS_public)
     571              DW$62   .dwtag  DW_TAG_member, DW_AT_type(*DW$T$19)
     572                      .dwattr DW$62, DW_AT_name("Link_detect_mod_id"), DW_AT_symbol_name("_Link_detect_mod_id")
     573                      .dwattr DW$62, DW_AT_data_member_location[DW_OP_plus_uconst 0x7]
     574                      .dwattr DW$62, DW_AT_accessibility(DW_ACCESS_public)
     575              DW$63   .dwtag  DW_TAG_member, DW_AT_type(*DW$T$19)
     576                      .dwattr DW$63, DW_AT_name("Err_correct_mod_id"), DW_AT_symbol_name("_Err_correct_mod_id")
     577                      .dwattr DW$63, DW_AT_data_member_location[DW_OP_plus_uconst 0x8]
     578                      .dwattr DW$63, DW_AT_accessibility(DW_ACCESS_public)
     579              DW$64   .dwtag  DW_TAG_member, DW_AT_type(*DW$T$19)
     580                      .dwattr DW$64, DW_AT_name("Wave_mod_id"), DW_AT_symbol_name("_Wave_mod_id")
     581                      .dwattr DW$64, DW_AT_data_member_location[DW_OP_plus_uconst 0x9]
     582                      .dwattr DW$64, DW_AT_accessibility(DW_ACCESS_public)
     583              DW$65   .dwtag  DW_TAG_member, DW_AT_type(*DW$T$19)
     584                      .dwattr DW$65, DW_AT_name("USER_mod_id"), DW_AT_symbol_name("_USER_mod_id")
     585                      .dwattr DW$65, DW_AT_data_member_location[DW_OP_plus_uconst 0xa]
     586                      .dwattr DW$65, DW_AT_accessibility(DW_ACCESS_public)
     587                      .dwendtag DW$T$20
     588              
     589              DW$T$32 .dwtag  DW_TAG_base_type, DW_AT_name("signed char")
     590                      .dwattr DW$T$32, DW_AT_encoding(DW_ATE_signed_char)
     591                      .dwattr DW$T$32, DW_AT_byte_size(0x01)
     592              
     593                      .dwattr DW$43, DW_AT_external(0x01)
     594                      .dwattr DW$44, DW_AT_external(0x01)
     595                      .dwattr DW$22, DW_AT_external(0x01)
     596                      .dwattr DW$CU, DW_AT_language(DW_LANG_C)
     597              
     598              ;***************************************************************
     599              ;* DWARF CIE ENTRIES                                           *
     600              ;***************************************************************
     601              
     602              DW$CIE  .dwcie 1, 40
     603                      .dwcfa  0x0c, 20, 0
     604                      .dwcfa  0x07, 0
     605                      .dwcfa  0x07, 1
     606                      .dwcfa  0x07, 2
     607                      .dwcfa  0x07, 3
     608                      .dwcfa  0x07, 4
     609                      .dwcfa  0x07, 5
     610                      .dwcfa  0x08, 6
     611                      .dwcfa  0x08, 7
     612                      .dwcfa  0x08, 8
     613                      .dwcfa  0x08, 9
     614                      .dwcfa  0x08, 10
     615                      .dwcfa  0x08, 11
     616                      .dwcfa  0x07, 12
     617                      .dwcfa  0x07, 13
TMS320C2000 COFF Assembler PC v4.1.3 Fri Dec 17 15:39:15 2010

Tools Copyright (c) 1996-2006 Texas Instruments Incorporated
C:\DOCUME~1\ADMINI~1\LOCALS~1\Temp\TI9963                            PAGE   13

     618                      .dwcfa  0x07, 14
     619                      .dwcfa  0x07, 15
     620                      .dwcfa  0x07, 16
     621                      .dwcfa  0x07, 17
     622                      .dwcfa  0x07, 18
     623                      .dwcfa  0x07, 19
     624                      .dwcfa  0x07, 20
     625                      .dwcfa  0x07, 21
     626                      .dwcfa  0x07, 22
     627                      .dwcfa  0x07, 23
     628                      .dwcfa  0x07, 24
     629                      .dwcfa  0x07, 25
     630                      .dwcfa  0x07, 26
     631                      .dwcfa  0x08, 27
     632                      .dwcfa  0x07, 28
     633                      .dwcfa  0x07, 29
     634                      .dwcfa  0x07, 30
     635                      .dwcfa  0x07, 31
     636                      .dwcfa  0x07, 32
     637                      .dwcfa  0x07, 33
     638                      .dwcfa  0x07, 34
     639                      .dwcfa  0x07, 35
     640                      .dwcfa  0x07, 36
     641                      .dwcfa  0x07, 37
     642                      .dwcfa  0x07, 38
     643                      .dwcfa  0x07, 39
     644                      .dwcfa  0x07, 40
     645              
     646              ;***************************************************************
     647              ;* DWARF REGISTER MAP                                          *
     648              ;***************************************************************
     649              
     650              DW$66   .dwtag  DW_TAG_assign_register, DW_AT_name("AL")
     651                      .dwattr DW$66, DW_AT_location[DW_OP_reg0]
     652              DW$67   .dwtag  DW_TAG_assign_register, DW_AT_name("AH")
     653                      .dwattr DW$67, DW_AT_location[DW_OP_reg1]
     654              DW$68   .dwtag  DW_TAG_assign_register, DW_AT_name("PL")
     655                      .dwattr DW$68, DW_AT_location[DW_OP_reg2]
     656              DW$69   .dwtag  DW_TAG_assign_register, DW_AT_name("PH")
     657                      .dwattr DW$69, DW_AT_location[DW_OP_reg3]
     658              DW$70   .dwtag  DW_TAG_assign_register, DW_AT_name("AR0")
     659                      .dwattr DW$70, DW_AT_location[DW_OP_reg4]
     660              DW$71   .dwtag  DW_TAG_assign_register, DW_AT_name("XAR0")
     661                      .dwattr DW$71, DW_AT_location[DW_OP_reg5]
     662              DW$72   .dwtag  DW_TAG_assign_register, DW_AT_name("AR1")
     663                      .dwattr DW$72, DW_AT_location[DW_OP_reg6]
     664              DW$73   .dwtag  DW_TAG_assign_register, DW_AT_name("XAR1")
     665                      .dwattr DW$73, DW_AT_location[DW_OP_reg7]
     666              DW$74   .dwtag  DW_TAG_assign_register, DW_AT_name("AR2")
     667                      .dwattr DW$74, DW_AT_location[DW_OP_reg8]
     668              DW$75   .dwtag  DW_TAG_assign_register, DW_AT_name("XAR2")
     669                      .dwattr DW$75, DW_AT_location[DW_OP_reg9]
     670              DW$76   .dwtag  DW_TAG_assign_register, DW_AT_name("AR3")
     671                      .dwattr DW$76, DW_AT_location[DW_OP_reg10]
     672              DW$77   .dwtag  DW_TAG_assign_register, DW_AT_name("XAR3")
TMS320C2000 COFF Assembler PC v4.1.3 Fri Dec 17 15:39:15 2010

Tools Copyright (c) 1996-2006 Texas Instruments Incorporated
C:\DOCUME~1\ADMINI~1\LOCALS~1\Temp\TI9963                            PAGE   14

     673                      .dwattr DW$77, DW_AT_location[DW_OP_reg11]
     674              DW$78   .dwtag  DW_TAG_assign_register, DW_AT_name("AR4")
     675                      .dwattr DW$78, DW_AT_location[DW_OP_reg12]
     676              DW$79   .dwtag  DW_TAG_assign_register, DW_AT_name("XAR4")
     677                      .dwattr DW$79, DW_AT_location[DW_OP_reg13]
     678              DW$80   .dwtag  DW_TAG_assign_register, DW_AT_name("AR5")
     679                      .dwattr DW$80, DW_AT_location[DW_OP_reg14]
     680              DW$81   .dwtag  DW_TAG_assign_register, DW_AT_name("XAR5")
     681                      .dwattr DW$81, DW_AT_location[DW_OP_reg15]
     682              DW$82   .dwtag  DW_TAG_assign_register, DW_AT_name("AR6")
     683                      .dwattr DW$82, DW_AT_location[DW_OP_reg16]
     684              DW$83   .dwtag  DW_TAG_assign_register, DW_AT_name("XAR6")
     685                      .dwattr DW$83, DW_AT_location[DW_OP_reg17]
     686              DW$84   .dwtag  DW_TAG_assign_register, DW_AT_name("AR7")
     687                      .dwattr DW$84, DW_AT_location[DW_OP_reg18]
     688              DW$85   .dwtag  DW_TAG_assign_register, DW_AT_name("XAR7")
     689                      .dwattr DW$85, DW_AT_location[DW_OP_reg19]
     690              DW$86   .dwtag  DW_TAG_assign_register, DW_AT_name("SP")
     691                      .dwattr DW$86, DW_AT_location[DW_OP_reg20]
     692              DW$87   .dwtag  DW_TAG_assign_register, DW_AT_name("XT")
     693                      .dwattr DW$87, DW_AT_location[DW_OP_reg21]
     694              DW$88   .dwtag  DW_TAG_assign_register, DW_AT_name("T")
     695                      .dwattr DW$88, DW_AT_location[DW_OP_reg22]
     696              DW$89   .dwtag  DW_TAG_assign_register, DW_AT_name("ST0")
     697                      .dwattr DW$89, DW_AT_location[DW_OP_reg23]
     698              DW$90   .dwtag  DW_TAG_assign_register, DW_AT_name("ST1")
     699                      .dwattr DW$90, DW_AT_location[DW_OP_reg24]
     700              DW$91   .dwtag  DW_TAG_assign_register, DW_AT_name("PC")
     701                      .dwattr DW$91, DW_AT_location[DW_OP_reg25]
     702              DW$92   .dwtag  DW_TAG_assign_register, DW_AT_name("RPC")
     703                      .dwattr DW$92, DW_AT_location[DW_OP_reg26]
     704              DW$93   .dwtag  DW_TAG_assign_register, DW_AT_name("FP")
     705                      .dwattr DW$93, DW_AT_location[DW_OP_reg27]
     706              DW$94   .dwtag  DW_TAG_assign_register, DW_AT_name("DP")
     707                      .dwattr DW$94, DW_AT_location[DW_OP_reg28]
     708              DW$95   .dwtag  DW_TAG_assign_register, DW_AT_name("SXM")
     709                      .dwattr DW$95, DW_AT_location[DW_OP_reg29]
     710              DW$96   .dwtag  DW_TAG_assign_register, DW_AT_name("PM")
     711                      .dwattr DW$96, DW_AT_location[DW_OP_reg30]
     712              DW$97   .dwtag  DW_TAG_assign_register, DW_AT_name("OVM")
     713                      .dwattr DW$97, DW_AT_location[DW_OP_reg31]
     714              DW$98   .dwtag  DW_TAG_assign_register, DW_AT_name("PAGE0")
     715                      .dwattr DW$98, DW_AT_location[DW_OP_regx 0x20]
     716              DW$99   .dwtag  DW_TAG_assign_register, DW_AT_name("AMODE")
     717                      .dwattr DW$99, DW_AT_location[DW_OP_regx 0x21]
     718              DW$100  .dwtag  DW_TAG_assign_register, DW_AT_name("IFR")
     719                      .dwattr DW$100, DW_AT_location[DW_OP_regx 0x22]
     720              DW$101  .dwtag  DW_TAG_assign_register, DW_AT_name("IER")
     721                      .dwattr DW$101, DW_AT_location[DW_OP_regx 0x23]
     722              DW$102  .dwtag  DW_TAG_assign_register, DW_AT_name("IER")
     723                      .dwattr DW$102, DW_AT_location[DW_OP_regx 0x24]
     724              DW$103  .dwtag  DW_TAG_assign_register, DW_AT_name("PSEUDO")
     725                      .dwattr DW$103, DW_AT_location[DW_OP_regx 0x25]
     726              DW$104  .dwtag  DW_TAG_assign_register, DW_AT_name("PSEUDOH")
     727                      .dwattr DW$104, DW_AT_location[DW_OP_regx 0x26]
TMS320C2000 COFF Assembler PC v4.1.3 Fri Dec 17 15:39:15 2010

Tools Copyright (c) 1996-2006 Texas Instruments Incorporated
C:\DOCUME~1\ADMINI~1\LOCALS~1\Temp\TI9963                            PAGE   15

     728              DW$105  .dwtag  DW_TAG_assign_register, DW_AT_name("VOL")
     729                      .dwattr DW$105, DW_AT_location[DW_OP_regx 0x27]
     730              DW$106  .dwtag  DW_TAG_assign_register, DW_AT_name("CIE_RETA")
     731                      .dwattr DW$106, DW_AT_location[DW_OP_regx 0x28]
     732                      .dwendtag DW$CU
     733              

No Assembly Errors, No Assembly Warnings
