TMS320C2000 COFF Assembler PC v4.1.3 Fri Dec 17 15:39:17 2010

Tools Copyright (c) 1996-2006 Texas Instruments Incorporated
C:\DOCUME~1\ADMINI~1\LOCALS~1\Temp\TI6482                            PAGE    1

       1              ;***************************************************************
       2              ;* TMS320C2000 C/C++ Codegen                         PC v4.1.3 *
       3              ;* Date/Time created: Fri Dec 17 15:39:17 2010                 *
       4              ;***************************************************************
       5                      .compiler_opts --mem_model:code=flat --mem_model:data=large --silicon_version=28 
       6        0002  FP      .set    XAR2
       7              
       8              DW$CU   .dwtag  DW_TAG_compile_unit
       9                      .dwattr DW$CU, DW_AT_name("app_USBmod_interface.c")
      10                      .dwattr DW$CU, DW_AT_producer("TMS320C2000 C/C++ Codegen PC v4.1.3 Copyright (c) 1996-2006 Texas Inst
      11                      .dwattr DW$CU, DW_AT_stmt_list(0x00)
      12                      .dwattr DW$CU, DW_AT_TI_VERSION(0x01)
      13              ;**************************************************************
      14              ;* CINIT RECORDS                                              *
      15              ;**************************************************************
      16 00000000               .sect   ".cinit"
      17                      .align  1
      18 00000000 FFFC          .field          -IR_1,16
      19 00000001 0002-         .field          _m_usb_title+0,32
         00000002 0000 
      20 00000003 0000+         .field          FSL1,32         ; _m_usb_title[0] @ 0
         00000004 0000 
      21 00000005 0012+         .field          FSL2,32         ; _m_usb_title[1] @ 32
         00000006 0000 
      22        0004  IR_1:   .set    4
      23              
      24 00000007               .sect   ".cinit"
      25                      .align  1
      26 00000007 FFF0          .field          -IR_2,16
      27 00000008 0006-         .field          _m_usb_option+0,32
         00000009 0000 
      28 0000000a 0024+         .field          FSL3,32         ; _m_usb_option[0][0] @ 0
         0000000b 0000 
      29 0000000c 0034+         .field          FSL4,32         ; _m_usb_option[0][1] @ 32
         0000000d 0000 
      30 0000000e 004A+         .field          FSL5,32         ; _m_usb_option[1][0] @ 64
         0000000f 0000 
      31 00000010 005A+         .field          FSL6,32         ; _m_usb_option[1][1] @ 96
         00000011 0000 
      32 00000012 0074+         .field          FSL7,32         ; _m_usb_option[2][0] @ 128
         00000013 0000 
      33 00000014 0084+         .field          FSL8,32         ; _m_usb_option[2][1] @ 160
         00000015 0000 
      34 00000016 009C+         .field          FSL9,32         ; _m_usb_option[3][0] @ 192
         00000017 0000 
      35 00000018 00AC+         .field          FSL10,32                ; _m_usb_option[3][1] @ 224
         00000019 0000 
      36        0010  IR_2:   .set    16
      37              
      38              
      39              DW$1    .dwtag  DW_TAG_subprogram, DW_AT_name("GUI_window_hwin_req"), DW_AT_symbol_name("_GUI_window_hwin_req
      40                      .dwattr DW$1, DW_AT_declaration(0x01)
      41                      .dwattr DW$1, DW_AT_external(0x01)
      42              DW$2    .dwtag  DW_TAG_formal_parameter, DW_AT_type(*DW$T$36)
      43                      .dwendtag DW$1
TMS320C2000 COFF Assembler PC v4.1.3 Fri Dec 17 15:39:17 2010

Tools Copyright (c) 1996-2006 Texas Instruments Incorporated
C:\DOCUME~1\ADMINI~1\LOCALS~1\Temp\TI6482                            PAGE    2

      44              
      45              
      46              DW$3    .dwtag  DW_TAG_subprogram, DW_AT_name("GUI_window_destory"), DW_AT_symbol_name("_GUI_window_destory")
      47                      .dwattr DW$3, DW_AT_declaration(0x01)
      48                      .dwattr DW$3, DW_AT_external(0x01)
      49              DW$4    .dwtag  DW_TAG_formal_parameter, DW_AT_type(*DW$T$36)
      50                      .dwendtag DW$3
      51              
      52              
      53              DW$5    .dwtag  DW_TAG_subprogram, DW_AT_name("GUI_window_hwin_release"), DW_AT_symbol_name("_GUI_window_hwin
      54                      .dwattr DW$5, DW_AT_declaration(0x01)
      55                      .dwattr DW$5, DW_AT_external(0x01)
      56              DW$6    .dwtag  DW_TAG_formal_parameter, DW_AT_type(*DW$T$36)
      57                      .dwendtag DW$5
      58              
      59              
      60              DW$7    .dwtag  DW_TAG_subprogram, DW_AT_name("GUI_set_Bgcolor"), DW_AT_symbol_name("_GUI_set_Bgcolor")
      61                      .dwattr DW$7, DW_AT_declaration(0x01)
      62                      .dwattr DW$7, DW_AT_external(0x01)
      63              DW$8    .dwtag  DW_TAG_formal_parameter, DW_AT_type(*DW$T$11)
      64                      .dwendtag DW$7
      65              
      66              
      67              DW$9    .dwtag  DW_TAG_subprogram, DW_AT_name("GUI_set_Fgcolor"), DW_AT_symbol_name("_GUI_set_Fgcolor")
      68                      .dwattr DW$9, DW_AT_declaration(0x01)
      69                      .dwattr DW$9, DW_AT_external(0x01)
      70              DW$10   .dwtag  DW_TAG_formal_parameter, DW_AT_type(*DW$T$11)
      71                      .dwendtag DW$9
      72              
      73              DW$11   .dwtag  DW_TAG_variable, DW_AT_name("g_language"), DW_AT_symbol_name("_g_language")
      74                      .dwattr DW$11, DW_AT_type(*DW$T$25)
      75                      .dwattr DW$11, DW_AT_declaration(0x01)
      76                      .dwattr DW$11, DW_AT_external(0x01)
      77              
      78              DW$12   .dwtag  DW_TAG_subprogram, DW_AT_name("GUI_clean_screen"), DW_AT_symbol_name("_GUI_clean_screen")
      79                      .dwattr DW$12, DW_AT_type(*DW$T$10)
      80                      .dwattr DW$12, DW_AT_declaration(0x01)
      81                      .dwattr DW$12, DW_AT_external(0x01)
      82              
      83              DW$13   .dwtag  DW_TAG_subprogram, DW_AT_name("app_global_Ntokey"), DW_AT_symbol_name("_app_global_Ntokey")
      84                      .dwattr DW$13, DW_AT_type(*DW$T$6)
      85                      .dwattr DW$13, DW_AT_declaration(0x01)
      86                      .dwattr DW$13, DW_AT_external(0x01)
      87              DW$14   .dwtag  DW_TAG_formal_parameter, DW_AT_type(*DW$T$6)
      88                      .dwendtag DW$13
      89              
      90              
      91              DW$15   .dwtag  DW_TAG_subprogram, DW_AT_name("GUI_button_title_display"), DW_AT_symbol_name("_GUI_button_tit
      92                      .dwattr DW$15, DW_AT_type(*DW$T$42)
      93                      .dwattr DW$15, DW_AT_declaration(0x01)
      94                      .dwattr DW$15, DW_AT_external(0x01)
      95              DW$16   .dwtag  DW_TAG_formal_parameter, DW_AT_type(*DW$T$36)
      96              DW$17   .dwtag  DW_TAG_formal_parameter, DW_AT_type(*DW$T$43)
      97                      .dwendtag DW$15
      98              
TMS320C2000 COFF Assembler PC v4.1.3 Fri Dec 17 15:39:17 2010

Tools Copyright (c) 1996-2006 Texas Instruments Incorporated
C:\DOCUME~1\ADMINI~1\LOCALS~1\Temp\TI6482                            PAGE    3

      99              
     100              DW$18   .dwtag  DW_TAG_subprogram, DW_AT_name("Gui_3D_window_creat"), DW_AT_symbol_name("_Gui_3D_window_creat
     101                      .dwattr DW$18, DW_AT_type(*DW$T$36)
     102                      .dwattr DW$18, DW_AT_declaration(0x01)
     103                      .dwattr DW$18, DW_AT_external(0x01)
     104              DW$19   .dwtag  DW_TAG_formal_parameter, DW_AT_type(*DW$T$11)
     105              DW$20   .dwtag  DW_TAG_formal_parameter, DW_AT_type(*DW$T$11)
     106              DW$21   .dwtag  DW_TAG_formal_parameter, DW_AT_type(*DW$T$19)
     107              DW$22   .dwtag  DW_TAG_formal_parameter, DW_AT_type(*DW$T$19)
     108              DW$23   .dwtag  DW_TAG_formal_parameter, DW_AT_type(*DW$T$43)
     109              DW$24   .dwtag  DW_TAG_formal_parameter, DW_AT_type(*DW$T$19)
     110              DW$25   .dwtag  DW_TAG_formal_parameter, DW_AT_type(*DW$T$36)
     111                      .dwendtag DW$18
     112              
     113                      .global _m_USB_win
     114 00000000       _m_USB_win:     .usect  ".ebss",2,1,1
     115              DW$26   .dwtag  DW_TAG_variable, DW_AT_name("m_USB_win"), DW_AT_symbol_name("_m_USB_win")
     116                      .dwattr DW$26, DW_AT_location[DW_OP_addr _m_USB_win]
     117                      .dwattr DW$26, DW_AT_type(*DW$T$36)
     118                      .dwattr DW$26, DW_AT_external(0x01)
     119              
     120              DW$27   .dwtag  DW_TAG_subprogram, DW_AT_name("Gui_button_creat"), DW_AT_symbol_name("_Gui_button_creat")
     121                      .dwattr DW$27, DW_AT_type(*DW$T$36)
     122                      .dwattr DW$27, DW_AT_declaration(0x01)
     123                      .dwattr DW$27, DW_AT_external(0x01)
     124              DW$28   .dwtag  DW_TAG_formal_parameter, DW_AT_type(*DW$T$11)
     125              DW$29   .dwtag  DW_TAG_formal_parameter, DW_AT_type(*DW$T$11)
     126              DW$30   .dwtag  DW_TAG_formal_parameter, DW_AT_type(*DW$T$19)
     127              DW$31   .dwtag  DW_TAG_formal_parameter, DW_AT_type(*DW$T$19)
     128              DW$32   .dwtag  DW_TAG_formal_parameter, DW_AT_type(*DW$T$19)
     129              DW$33   .dwtag  DW_TAG_formal_parameter, DW_AT_type(*DW$T$36)
     130                      .dwendtag DW$27
     131              
     132              
     133              DW$34   .dwtag  DW_TAG_subprogram, DW_AT_name("GUI_hwin_obtain"), DW_AT_symbol_name("_GUI_hwin_obtain")
     134                      .dwattr DW$34, DW_AT_type(*DW$T$36)
     135                      .dwattr DW$34, DW_AT_declaration(0x01)
     136                      .dwattr DW$34, DW_AT_external(0x01)
     137                      .global _m_usb_title
     138 00000002       _m_usb_title:   .usect  ".ebss",4,1,1
     139              DW$35   .dwtag  DW_TAG_variable, DW_AT_name("m_usb_title"), DW_AT_symbol_name("_m_usb_title")
     140                      .dwattr DW$35, DW_AT_location[DW_OP_addr _m_usb_title]
     141                      .dwattr DW$35, DW_AT_type(*DW$T$48)
     142                      .dwattr DW$35, DW_AT_external(0x01)
     143                      .global _m_usb_option
     144 00000006       _m_usb_option:  .usect  ".ebss",16,1,1
     145              DW$36   .dwtag  DW_TAG_variable, DW_AT_name("m_usb_option"), DW_AT_symbol_name("_m_usb_option")
     146                      .dwattr DW$36, DW_AT_location[DW_OP_addr _m_usb_option]
     147                      .dwattr DW$36, DW_AT_type(*DW$T$49)
     148                      .dwattr DW$36, DW_AT_external(0x01)
     149              ;       C:\CCStudio_v3.3\C2000\cgtools\bin\ac2000.exe -@C:\DOCUME~1\ADMINI~1\LOCALS~1\Temp\TI6484 
     150 00000000               .sect   ".text"
     151                      .global _app_USBmod_window_creat
     152              
     153              DW$37   .dwtag  DW_TAG_subprogram, DW_AT_name("app_USBmod_window_creat"), DW_AT_symbol_name("_app_USBmod_wind
TMS320C2000 COFF Assembler PC v4.1.3 Fri Dec 17 15:39:17 2010

Tools Copyright (c) 1996-2006 Texas Instruments Incorporated
C:\DOCUME~1\ADMINI~1\LOCALS~1\Temp\TI6482                            PAGE    4

     154                      .dwattr DW$37, DW_AT_low_pc(_app_USBmod_window_creat)
     155                      .dwattr DW$37, DW_AT_high_pc(0x00)
     156                      .dwattr DW$37, DW_AT_begin_file("app_USBmod_interface.c")
     157                      .dwattr DW$37, DW_AT_begin_line(0x1c)
     158                      .dwattr DW$37, DW_AT_begin_column(0x06)
     159                      .dwpsn  "app_USBmod_interface.c",29,1
     160              
     161                      .dwfde DW$CIE
     162              
     163              ;***************************************************************
     164              ;* FNAME: _app_USBmod_window_creat      FR SIZE:   6           *
     165              ;*                                                             *
     166              ;* FUNCTION ENVIRONMENT                                        *
     167              ;*                                                             *
     168              ;* FUNCTION PROPERTIES                                         *
     169              ;*                            3 Parameter,  3 Auto,  0 SOE     *
     170              ;***************************************************************
     171              
     172              _app_USBmod_window_creat:
     173                      .dwcfa  0x1d, -2
     174                      .dwcfa  0x1c, 26, 0
     175                      .dwcfa  0x09, 40, 26
     176 00000000 FE06          ADDB      SP,#6
     177                      .dwcfa  0x1d, -8
     178              DW$38   .dwtag  DW_TAG_variable, DW_AT_name("offset"), DW_AT_symbol_name("_offset")
     179                      .dwattr DW$38, DW_AT_type(*DW$T$19)
     180                      .dwattr DW$38, DW_AT_location[DW_OP_breg20 -4]
     181              DW$39   .dwtag  DW_TAG_variable, DW_AT_name("hp"), DW_AT_symbol_name("_hp")
     182                      .dwattr DW$39, DW_AT_type(*DW$T$36)
     183                      .dwattr DW$39, DW_AT_location[DW_OP_breg20 -6]
     184                      .dwpsn  "app_USBmod_interface.c",32,2
     185 00000001 9A03          MOVB      AL,#3                 ; |32| 
     186 00000002 7640!         LCR       #_GUI_set_Bgcolor     ; |32| 
         00000003 0000 
     187                      ; call occurs [#_GUI_set_Bgcolor] ; |32| 
     188                      .dwpsn  "app_USBmod_interface.c",33,2
     189 00000004 7640!         LCR       #_GUI_clean_screen    ; |33| 
         00000005 0000 
     190                      ; call occurs [#_GUI_clean_screen] ; |33| 
     191                      .dwpsn  "app_USBmod_interface.c",34,2
     192 00000006 9A0A          MOVB      AL,#10                ; |34| 
     193 00000007 7640!         LCR       #_GUI_set_Bgcolor     ; |34| 
         00000008 0000 
     194                      ; call occurs [#_GUI_set_Bgcolor] ; |34| 
     195                      .dwpsn  "app_USBmod_interface.c",35,2
     196 00000009 9AFF          MOVB      AL,#255               ; |35| 
     197 0000000a 7640!         LCR       #_GUI_set_Fgcolor     ; |35| 
         0000000b 0000 
     198                      ; call occurs [#_GUI_set_Fgcolor] ; |35| 
     199                      .dwpsn  "app_USBmod_interface.c",36,2
     200 0000000c 7640!         LCR       #_GUI_hwin_obtain     ; |36| 
         0000000d 0000 
     201                      ; call occurs [#_GUI_hwin_obtain] ; |36| 
     202 0000000e 3B01          SETC      SXM
     203 0000000f 761F!         MOVW      DP,#_g_language
TMS320C2000 COFF Assembler PC v4.1.3 Fri Dec 17 15:39:17 2010

Tools Copyright (c) 1996-2006 Texas Instruments Incorporated
C:\DOCUME~1\ADMINI~1\LOCALS~1\Temp\TI6482                            PAGE    5

         00000010 0000 
     204 00000011 83A4          MOVL      XAR5,XAR4             ; |36| 
     205 00000012 5603!         MOV       ACC,@_g_language << 1 ; |36| 
         00000013 0100 
     206 00000014 8F00-         MOVL      XAR4,#_m_usb_title    ; |36| 
         00000015 0002 
     207 00000016 5601          ADDL      XAR4,ACC
         00000017 00A4 
     208 00000018 2841          MOV       *-SP[1],#200          ; |36| 
         00000019 00C8 
     209 0000001a 2842          MOV       *-SP[2],#220          ; |36| 
         0000001b 00DC 
     210 0000001c 2843          MOV       *-SP[3],#1536         ; |36| 
         0000001d 0600 
     211 0000001e 8AC4          MOVL      XAR4,*+XAR4[0]        ; |36| 
     212 0000001f 9A3C          MOVB      AL,#60                ; |36| 
     213 00000020 9B0A          MOVB      AH,#10                ; |36| 
     214 00000021 7640!         LCR       #_Gui_3D_window_creat ; |36| 
         00000022 0000 
     215                      ; call occurs [#_Gui_3D_window_creat] ; |36| 
     216 00000023 761F-         MOVW      DP,#_m_USB_win
         00000024 0000 
     217 00000025 A800-         MOVL      @_m_USB_win,XAR4      ; |36| 
     218                      .dwpsn  "app_USBmod_interface.c",37,2
     219 00000026 8A00-         MOVL      XAR4,@_m_USB_win      ; |37| 
     220 00000027 7640!         LCR       #_GUI_window_hwin_req ; |37| 
         00000028 0000 
     221                      ; call occurs [#_GUI_window_hwin_req] ; |37| 
     222                      .dwpsn  "app_USBmod_interface.c",38,8
     223 00000029 2B44          MOV       *-SP[4],#0            ; |38| 
     224                      .dwpsn  "app_USBmod_interface.c",38,19
     225 0000002a 9244          MOV       AL,*-SP[4]            ; |38| 
     226 0000002b 5204          CMPB      AL,#4                 ; |38| 
     227 0000002c 672A          B         L2,HIS                ; |38| 
     228                      ; branchcc occurs ; |38| 
     229              L1:    
     230              DW$L$_app_USBmod_window_creat$2$B:
     231                      .dwpsn  "app_USBmod_interface.c",40,3
     232 0000002d 7640!         LCR       #_app_global_Ntokey   ; |40| 
         0000002e 0000 
     233                      ; call occurs [#_app_global_Ntokey] ; |40| 
     234 0000002f 28A8          MOV       AH,#256               ; |40| 
         00000030 0100 
     235 00000031 2841          MOV       *-SP[1],#20           ; |40| 
         00000032 0014 
     236 00000033 CBA9          OR        AH,AL                 ; |40| 
     237 00000034 9742          MOV       *-SP[2],AH            ; |40| 
     238 00000035 2D44          MOV       T,*-SP[4]             ; |40| 
     239 00000036 761F-         MOVW      DP,#_m_USB_win
         00000037 0000 
     240 00000038 352D          MPYB      ACC,T,#45             ; |40| 
     241 00000039 D591          MOVB      XAR5,#145             ; |40| 
     242 0000003a 9C19          ADDB      AL,#25                ; |40| 
     243 0000003b 8A00-         MOVL      XAR4,@_m_USB_win      ; |40| 
     244 0000003c 93A9          MOV       AH,AL                 ; |40| 
TMS320C2000 COFF Assembler PC v4.1.3 Fri Dec 17 15:39:17 2010

Tools Copyright (c) 1996-2006 Texas Instruments Incorporated
C:\DOCUME~1\ADMINI~1\LOCALS~1\Temp\TI6482                            PAGE    6

     245 0000003d 9A1B          MOVB      AL,#27                ; |40| 
     246 0000003e 7640!         LCR       #_Gui_button_creat    ; |40| 
         0000003f 0000 
     247                      ; call occurs [#_Gui_button_creat] ; |40| 
     248 00000040 A846          MOVL      *-SP[6],XAR4          ; |40| 
     249                      .dwpsn  "app_USBmod_interface.c",41,3
     250 00000041 0E44          MOVU      ACC,*-SP[4]
     251 00000042 8F00-         MOVL      XAR4,#_m_usb_option   ; |41| 
         00000043 0006 
     252 00000044 FF31          LSL       ACC,2                 ; |41| 
     253 00000045 5601          ADDL      XAR4,ACC
         00000046 00A4 
     254 00000047 3B01          SETC      SXM
     255 00000048 761F!         MOVW      DP,#_g_language
         00000049 0000 
     256 0000004a 5603!         MOV       ACC,@_g_language << 1 ; |41| 
         0000004b 0100 
     257 0000004c 5601          ADDL      XAR4,ACC
         0000004d 00A4 
     258 0000004e 83C4          MOVL      XAR5,*+XAR4[0]        ; |41| 
     259 0000004f 8A46          MOVL      XAR4,*-SP[6]          ; |41| 
     260 00000050 7640!         LCR       #_GUI_button_title_display ; |41| 
         00000051 0000 
     261                      ; call occurs [#_GUI_button_title_display] ; |41| 
     262                      .dwpsn  "app_USBmod_interface.c",38,58
     263 00000052 0A44          INC       *-SP[4]               ; |38| 
     264                      .dwpsn  "app_USBmod_interface.c",38,19
     265 00000053 9244          MOV       AL,*-SP[4]            ; |38| 
     266 00000054 5204          CMPB      AL,#4                 ; |38| 
     267 00000055 68D8          B         L1,LO                 ; |38| 
     268                      ; branchcc occurs ; |38| 
     269              DW$L$_app_USBmod_window_creat$2$E:
     270              L2:    
     271                      .dwpsn  "app_USBmod_interface.c",43,2
     272 00000056 761F-         MOVW      DP,#_m_USB_win
         00000057 0000 
     273 00000058 8A00-         MOVL      XAR4,@_m_USB_win      ; |43| 
     274 00000059 7640!         LCR       #_GUI_window_hwin_release ; |43| 
         0000005a 0000 
     275                      ; call occurs [#_GUI_window_hwin_release] ; |43| 
     276                      .dwpsn  "app_USBmod_interface.c",44,2
     277                      .dwpsn  "app_USBmod_interface.c",45,1
     278 0000005b FE86          SUBB      SP,#6
     279                      .dwcfa  0x1d, -2
     280 0000005c 0006          LRETR
     281                      ; return occurs
     282              
     283              DW$40   .dwtag  DW_TAG_loop
     284                      .dwattr DW$40, DW_AT_name("C:\DOCUME~1\ADMINI~1\LOCALS~1\Temp\TI6482:L1:1:1292571557")
     285                      .dwattr DW$40, DW_AT_begin_file("app_USBmod_interface.c")
     286                      .dwattr DW$40, DW_AT_begin_line(0x26)
     287                      .dwattr DW$40, DW_AT_end_line(0x2a)
     288              DW$41   .dwtag  DW_TAG_loop_range
     289                      .dwattr DW$41, DW_AT_low_pc(DW$L$_app_USBmod_window_creat$2$B)
     290                      .dwattr DW$41, DW_AT_high_pc(DW$L$_app_USBmod_window_creat$2$E)
TMS320C2000 COFF Assembler PC v4.1.3 Fri Dec 17 15:39:17 2010

Tools Copyright (c) 1996-2006 Texas Instruments Incorporated
C:\DOCUME~1\ADMINI~1\LOCALS~1\Temp\TI6482                            PAGE    7

     291                      .dwendtag DW$40
     292              
     293                      .dwattr DW$37, DW_AT_end_file("app_USBmod_interface.c")
     294                      .dwattr DW$37, DW_AT_end_line(0x2d)
     295                      .dwattr DW$37, DW_AT_end_column(0x01)
     296                      .dwendentry
     297                      .dwendtag DW$37
     298              
     299 0000005d               .sect   ".text"
     300                      .global _app_USBmod_window_destroy
     301              
     302              DW$42   .dwtag  DW_TAG_subprogram, DW_AT_name("app_USBmod_window_destroy"), DW_AT_symbol_name("_app_USBmod_wi
     303                      .dwattr DW$42, DW_AT_low_pc(_app_USBmod_window_destroy)
     304                      .dwattr DW$42, DW_AT_high_pc(0x00)
     305                      .dwattr DW$42, DW_AT_begin_file("app_USBmod_interface.c")
     306                      .dwattr DW$42, DW_AT_begin_line(0x2e)
     307                      .dwattr DW$42, DW_AT_begin_column(0x06)
     308                      .dwpsn  "app_USBmod_interface.c",47,1
     309              
     310                      .dwfde DW$CIE
     311              
     312              ;***************************************************************
     313              ;* FNAME: _app_USBmod_window_destroy    FR SIZE:   0           *
     314              ;*                                                             *
     315              ;* FUNCTION ENVIRONMENT                                        *
     316              ;*                                                             *
     317              ;* FUNCTION PROPERTIES                                         *
     318              ;*                            0 Parameter,  0 Auto,  0 SOE     *
     319              ;***************************************************************
     320              
     321              _app_USBmod_window_destroy:
     322                      .dwcfa  0x1d, -2
     323                      .dwcfa  0x1c, 26, 0
     324                      .dwcfa  0x09, 40, 26
     325                      .dwpsn  "app_USBmod_interface.c",48,2
     326 0000005d 761F-         MOVW      DP,#_m_USB_win
         0000005e 0000 
     327 0000005f 8A00-         MOVL      XAR4,@_m_USB_win      ; |48| 
     328 00000060 7640!         LCR       #_GUI_window_destory  ; |48| 
         00000061 0000 
     329                      ; call occurs [#_GUI_window_destory] ; |48| 
     330                      .dwpsn  "app_USBmod_interface.c",49,2
     331                      .dwpsn  "app_USBmod_interface.c",50,1
     332 00000062 0006          LRETR
     333                      ; return occurs
     334                      .dwattr DW$42, DW_AT_end_file("app_USBmod_interface.c")
     335                      .dwattr DW$42, DW_AT_end_line(0x32)
     336                      .dwattr DW$42, DW_AT_end_column(0x01)
     337                      .dwendentry
     338                      .dwendtag DW$42
     339              
     340              ;***************************************************************
     341              ;* FAR STRINGS                                                 *
     342              ;***************************************************************
     343 00000000               .sect   ".econst"
TMS320C2000 COFF Assembler PC v4.1.3 Fri Dec 17 15:39:17 2010

Tools Copyright (c) 1996-2006 Texas Instruments Incorporated
C:\DOCUME~1\ADMINI~1\LOCALS~1\Temp\TI6482                            PAGE    8

     344                      .align  2
     345 00000000 0020  FSL1:   .string "   ",161,190,"U",197,204,185,220,192,237,161,191,"  ",0
         00000001 0020 
         00000002 0020 
         00000003 00A1 
         00000004 00BE 
         00000005 0055 
         00000006 00C5 
         00000007 00CC 
         00000008 00B9 
         00000009 00DC 
         0000000a 00C0 
         0000000b 00ED 
         0000000c 00A1 
         0000000d 00BF 
         0000000e 0020 
         0000000f 0020 
         00000010 0000 
     346                      .align  2
     347 00000012 00A1  FSL2:   .string 161,190,"U Disk Manger",161,191,0
         00000013 00BE 
         00000014 0055 
         00000015 0020 
         00000016 0044 
         00000017 0069 
         00000018 0073 
         00000019 006B 
         0000001a 0020 
         0000001b 004D 
         0000001c 0061 
         0000001d 006E 
         0000001e 0067 
         0000001f 0065 
         00000020 0072 
         00000021 00A1 
         00000022 00BF 
         00000023 0000 
     348                      .align  2
     349 00000024 0030  FSL3:   .string "0.",180,211,"U",197,204,201,253,188,182,215,214,191,226,0
         00000025 002E 
         00000026 00B4 
         00000027 00D3 
         00000028 0055 
         00000029 00C5 
         0000002a 00CC 
         0000002b 00C9 
         0000002c 00FD 
         0000002d 00BC 
         0000002e 00B6 
         0000002f 00D7 
         00000030 00D6 
         00000031 00BF 
         00000032 00E2 
         00000033 0000 
     350                      .align  2
TMS320C2000 COFF Assembler PC v4.1.3 Fri Dec 17 15:39:17 2010

Tools Copyright (c) 1996-2006 Texas Instruments Incorporated
C:\DOCUME~1\ADMINI~1\LOCALS~1\Temp\TI6482                            PAGE    9

     351 00000034 0030  FSL4:   .string "0. Update Characters",0
         00000035 002E 
         00000036 0020 
         00000037 0055 
         00000038 0070 
         00000039 0064 
         0000003a 0061 
         0000003b 0074 
         0000003c 0065 
         0000003d 0020 
         0000003e 0043 
         0000003f 0068 
         00000040 0061 
         00000041 0072 
         00000042 0061 
         00000043 0063 
         00000044 0074 
         00000045 0065 
         00000046 0072 
         00000047 0073 
         00000048 0000 
     352                      .align  2
     353 0000004a 0031  FSL5:   .string "1.",180,211,"U",197,204,181,188,200,235,188,198,187,174,0
         0000004b 002E 
         0000004c 00B4 
         0000004d 00D3 
         0000004e 0055 
         0000004f 00C5 
         00000050 00CC 
         00000051 00B5 
         00000052 00BC 
         00000053 00C8 
         00000054 00EB 
         00000055 00BC 
         00000056 00C6 
         00000057 00BB 
         00000058 00AE 
         00000059 0000 
     354                      .align  2
     355 0000005a 0031  FSL6:   .string "1. Load Plan From U Disk",0
         0000005b 002E 
         0000005c 0020 
         0000005d 004C 
         0000005e 006F 
         0000005f 0061 
         00000060 0064 
         00000061 0020 
         00000062 0050 
         00000063 006C 
         00000064 0061 
         00000065 006E 
         00000066 0020 
         00000067 0046 
         00000068 0072 
         00000069 006F 
TMS320C2000 COFF Assembler PC v4.1.3 Fri Dec 17 15:39:17 2010

Tools Copyright (c) 1996-2006 Texas Instruments Incorporated
C:\DOCUME~1\ADMINI~1\LOCALS~1\Temp\TI6482                            PAGE   10

         0000006a 006D 
         0000006b 0020 
         0000006c 0055 
         0000006d 0020 
         0000006e 0044 
         0000006f 0069 
         00000070 0073 
         00000071 006B 
         00000072 0000 
     356                      .align  2
     357 00000074 0032  FSL7:   .string "2.",177,163,180,230,202,253,190,221,181,189,"U",197,204,0
         00000075 002E 
         00000076 00B1 
         00000077 00A3 
         00000078 00B4 
         00000079 00E6 
         0000007a 00CA 
         0000007b 00FD 
         0000007c 00BE 
         0000007d 00DD 
         0000007e 00B5 
         0000007f 00BD 
         00000080 0055 
         00000081 00C5 
         00000082 00CC 
         00000083 0000 
     358                      .align  2
     359 00000084 0032  FSL8:   .string "2. Save Data To U Disk",0
         00000085 002E 
         00000086 0020 
         00000087 0053 
         00000088 0061 
         00000089 0076 
         0000008a 0065 
         0000008b 0020 
         0000008c 0044 
         0000008d 0061 
         0000008e 0074 
         0000008f 0061 
         00000090 0020 
         00000091 0054 
         00000092 006F 
         00000093 0020 
         00000094 0055 
         00000095 0020 
         00000096 0044 
         00000097 0069 
         00000098 0073 
         00000099 006B 
         0000009a 0000 
     360                      .align  2
     361 0000009c 0033  FSL9:   .string "3.",201,253,188,182,176,239,214,250,206,196,188,254,0
         0000009d 002E 
         0000009e 00C9 
         0000009f 00FD 
TMS320C2000 COFF Assembler PC v4.1.3 Fri Dec 17 15:39:17 2010

Tools Copyright (c) 1996-2006 Texas Instruments Incorporated
C:\DOCUME~1\ADMINI~1\LOCALS~1\Temp\TI6482                            PAGE   11

         000000a0 00BC 
         000000a1 00B6 
         000000a2 00B0 
         000000a3 00EF 
         000000a4 00D6 
         000000a5 00FA 
         000000a6 00CE 
         000000a7 00C4 
         000000a8 00BC 
         000000a9 00FE 
         000000aa 0000 
     362                      .align  2
     363 000000ac 0033  FSL10:  .string "3. load help form U Disk",0
         000000ad 002E 
         000000ae 0020 
         000000af 006C 
         000000b0 006F 
         000000b1 0061 
         000000b2 0064 
         000000b3 0020 
         000000b4 0068 
         000000b5 0065 
         000000b6 006C 
         000000b7 0070 
         000000b8 0020 
         000000b9 0066 
         000000ba 006F 
         000000bb 0072 
         000000bc 006D 
         000000bd 0020 
         000000be 0055 
         000000bf 0020 
         000000c0 0044 
         000000c1 0069 
         000000c2 0073 
         000000c3 006B 
         000000c4 0000 
     364              ;***************************************************************
     365              ;* UNDEFINED EXTERNAL REFERENCES                               *
     366              ;***************************************************************
     367                      .global _GUI_window_hwin_req
     368                      .global _GUI_window_destory
     369                      .global _GUI_window_hwin_release
     370                      .global _GUI_set_Bgcolor
     371                      .global _GUI_set_Fgcolor
     372                      .global _g_language
     373                      .global _GUI_clean_screen
     374                      .global _app_global_Ntokey
     375                      .global _GUI_button_title_display
     376                      .global _Gui_3D_window_creat
     377                      .global _Gui_button_creat
     378                      .global _GUI_hwin_obtain
     379              
     380              ;***************************************************************
     381              ;* TYPE INFORMATION                                            *
TMS320C2000 COFF Assembler PC v4.1.3 Fri Dec 17 15:39:17 2010

Tools Copyright (c) 1996-2006 Texas Instruments Incorporated
C:\DOCUME~1\ADMINI~1\LOCALS~1\Temp\TI6482                            PAGE   12

     382              ;***************************************************************
     383              
     384              DW$T$33 .dwtag  DW_TAG_subroutine_type
     385                      .dwattr DW$T$33, DW_AT_language(DW_LANG_C)
     386              DW$43   .dwtag  DW_TAG_formal_parameter, DW_AT_type(*DW$T$11)
     387                      .dwendtag DW$T$33
     388              
     389              
     390              DW$T$37 .dwtag  DW_TAG_subroutine_type
     391                      .dwattr DW$T$37, DW_AT_language(DW_LANG_C)
     392              DW$44   .dwtag  DW_TAG_formal_parameter, DW_AT_type(*DW$T$36)
     393                      .dwendtag DW$T$37
     394              
     395              
     396              DW$T$39 .dwtag  DW_TAG_subroutine_type
     397                      .dwattr DW$T$39, DW_AT_language(DW_LANG_C)
     398              DW$T$6  .dwtag  DW_TAG_base_type, DW_AT_name("unsigned char")
     399                      .dwattr DW$T$6, DW_AT_encoding(DW_ATE_unsigned_char)
     400                      .dwattr DW$T$6, DW_AT_byte_size(0x01)
     401              
     402              DW$T$40 .dwtag  DW_TAG_subroutine_type, DW_AT_type(*DW$T$6)
     403                      .dwattr DW$T$40, DW_AT_language(DW_LANG_C)
     404              DW$45   .dwtag  DW_TAG_formal_parameter, DW_AT_type(*DW$T$6)
     405                      .dwendtag DW$T$40
     406              
     407              DW$T$42 .dwtag  DW_TAG_typedef, DW_AT_name("BOOL"), DW_AT_type(*DW$T$6)
     408                      .dwattr DW$T$42, DW_AT_language(DW_LANG_C)
     409              
     410              DW$T$44 .dwtag  DW_TAG_subroutine_type, DW_AT_type(*DW$T$42)
     411                      .dwattr DW$T$44, DW_AT_language(DW_LANG_C)
     412              DW$46   .dwtag  DW_TAG_formal_parameter, DW_AT_type(*DW$T$36)
     413              DW$47   .dwtag  DW_TAG_formal_parameter, DW_AT_type(*DW$T$43)
     414                      .dwendtag DW$T$44
     415              
     416              DW$T$10 .dwtag  DW_TAG_base_type, DW_AT_name("int")
     417                      .dwattr DW$T$10, DW_AT_encoding(DW_ATE_signed)
     418                      .dwattr DW$T$10, DW_AT_byte_size(0x01)
     419              
     420              DW$T$46 .dwtag  DW_TAG_subroutine_type, DW_AT_type(*DW$T$10)
     421                      .dwattr DW$T$46, DW_AT_language(DW_LANG_C)
     422              DW$T$11 .dwtag  DW_TAG_base_type, DW_AT_name("unsigned int")
     423                      .dwattr DW$T$11, DW_AT_encoding(DW_ATE_unsigned)
     424                      .dwattr DW$T$11, DW_AT_byte_size(0x01)
     425              DW$T$19 .dwtag  DW_TAG_typedef, DW_AT_name("Bsize_t"), DW_AT_type(*DW$T$11)
     426                      .dwattr DW$T$19, DW_AT_language(DW_LANG_C)
     427              DW$T$25 .dwtag  DW_TAG_base_type, DW_AT_name("signed char")
     428                      .dwattr DW$T$25, DW_AT_encoding(DW_ATE_signed_char)
     429                      .dwattr DW$T$25, DW_AT_byte_size(0x01)
     430              
     431              DW$T$48 .dwtag  DW_TAG_array_type, DW_AT_type(*DW$T$30)
     432                      .dwattr DW$T$48, DW_AT_language(DW_LANG_C)
     433                      .dwattr DW$T$48, DW_AT_byte_size(0x04)
     434              DW$48   .dwtag  DW_TAG_subrange_type
     435                      .dwattr DW$48, DW_AT_upper_bound(0x01)
     436                      .dwendtag DW$T$48
TMS320C2000 COFF Assembler PC v4.1.3 Fri Dec 17 15:39:17 2010

Tools Copyright (c) 1996-2006 Texas Instruments Incorporated
C:\DOCUME~1\ADMINI~1\LOCALS~1\Temp\TI6482                            PAGE   13

     437              
     438              
     439              DW$T$49 .dwtag  DW_TAG_array_type, DW_AT_type(*DW$T$30)
     440                      .dwattr DW$T$49, DW_AT_language(DW_LANG_C)
     441                      .dwattr DW$T$49, DW_AT_byte_size(0x10)
     442              DW$49   .dwtag  DW_TAG_subrange_type
     443                      .dwattr DW$49, DW_AT_upper_bound(0x03)
     444              DW$50   .dwtag  DW_TAG_subrange_type
     445                      .dwattr DW$50, DW_AT_upper_bound(0x01)
     446                      .dwendtag DW$T$49
     447              
     448              DW$T$43 .dwtag  DW_TAG_pointer_type, DW_AT_type(*DW$T$25)
     449                      .dwattr DW$T$43, DW_AT_address_class(0x16)
     450              DW$T$36 .dwtag  DW_TAG_pointer_type, DW_AT_type(*DW$T$35)
     451                      .dwattr DW$T$36, DW_AT_address_class(0x16)
     452              
     453              DW$T$65 .dwtag  DW_TAG_subroutine_type, DW_AT_type(*DW$T$36)
     454                      .dwattr DW$T$65, DW_AT_language(DW_LANG_C)
     455              
     456              DW$T$67 .dwtag  DW_TAG_subroutine_type, DW_AT_type(*DW$T$36)
     457                      .dwattr DW$T$67, DW_AT_language(DW_LANG_C)
     458              DW$51   .dwtag  DW_TAG_formal_parameter, DW_AT_type(*DW$T$11)
     459              DW$52   .dwtag  DW_TAG_formal_parameter, DW_AT_type(*DW$T$11)
     460              DW$53   .dwtag  DW_TAG_formal_parameter, DW_AT_type(*DW$T$19)
     461              DW$54   .dwtag  DW_TAG_formal_parameter, DW_AT_type(*DW$T$19)
     462              DW$55   .dwtag  DW_TAG_formal_parameter, DW_AT_type(*DW$T$19)
     463              DW$56   .dwtag  DW_TAG_formal_parameter, DW_AT_type(*DW$T$36)
     464                      .dwendtag DW$T$67
     465              
     466              
     467              DW$T$69 .dwtag  DW_TAG_subroutine_type, DW_AT_type(*DW$T$36)
     468                      .dwattr DW$T$69, DW_AT_language(DW_LANG_C)
     469              DW$57   .dwtag  DW_TAG_formal_parameter, DW_AT_type(*DW$T$11)
     470              DW$58   .dwtag  DW_TAG_formal_parameter, DW_AT_type(*DW$T$11)
     471              DW$59   .dwtag  DW_TAG_formal_parameter, DW_AT_type(*DW$T$19)
     472              DW$60   .dwtag  DW_TAG_formal_parameter, DW_AT_type(*DW$T$19)
     473              DW$61   .dwtag  DW_TAG_formal_parameter, DW_AT_type(*DW$T$43)
     474              DW$62   .dwtag  DW_TAG_formal_parameter, DW_AT_type(*DW$T$19)
     475              DW$63   .dwtag  DW_TAG_formal_parameter, DW_AT_type(*DW$T$36)
     476                      .dwendtag DW$T$69
     477              
     478              DW$T$30 .dwtag  DW_TAG_pointer_type, DW_AT_type(*DW$T$29)
     479                      .dwattr DW$T$30, DW_AT_address_class(0x16)
     480              DW$T$35 .dwtag  DW_TAG_typedef, DW_AT_name("hwin_t"), DW_AT_type(*DW$T$32)
     481                      .dwattr DW$T$35, DW_AT_language(DW_LANG_C)
     482              DW$64   .dwtag  DW_TAG_far_type
     483                      .dwattr DW$64, DW_AT_type(*DW$T$25)
     484              DW$T$29 .dwtag  DW_TAG_const_type
     485                      .dwattr DW$T$29, DW_AT_type(*DW$64)
     486              
     487              DW$T$32 .dwtag  DW_TAG_structure_type
     488                      .dwattr DW$T$32, DW_AT_name("hwin")
     489                      .dwattr DW$T$32, DW_AT_byte_size(0x42)
     490              DW$65   .dwtag  DW_TAG_member, DW_AT_type(*DW$T$19)
     491                      .dwattr DW$65, DW_AT_name("occupy_flag"), DW_AT_symbol_name("_occupy_flag")
TMS320C2000 COFF Assembler PC v4.1.3 Fri Dec 17 15:39:17 2010

Tools Copyright (c) 1996-2006 Texas Instruments Incorporated
C:\DOCUME~1\ADMINI~1\LOCALS~1\Temp\TI6482                            PAGE   14

     492                      .dwattr DW$65, DW_AT_data_member_location[DW_OP_plus_uconst 0x0]
     493                      .dwattr DW$65, DW_AT_accessibility(DW_ACCESS_public)
     494              DW$66   .dwtag  DW_TAG_member, DW_AT_type(*DW$T$11)
     495                      .dwattr DW$66, DW_AT_name("win_x"), DW_AT_symbol_name("_win_x")
     496                      .dwattr DW$66, DW_AT_data_member_location[DW_OP_plus_uconst 0x1]
     497                      .dwattr DW$66, DW_AT_accessibility(DW_ACCESS_public)
     498              DW$67   .dwtag  DW_TAG_member, DW_AT_type(*DW$T$11)
     499                      .dwattr DW$67, DW_AT_name("win_y"), DW_AT_symbol_name("_win_y")
     500                      .dwattr DW$67, DW_AT_data_member_location[DW_OP_plus_uconst 0x2]
     501                      .dwattr DW$67, DW_AT_accessibility(DW_ACCESS_public)
     502              DW$68   .dwtag  DW_TAG_member, DW_AT_type(*DW$T$19)
     503                      .dwattr DW$68, DW_AT_name("win_wide"), DW_AT_symbol_name("_win_wide")
     504                      .dwattr DW$68, DW_AT_data_member_location[DW_OP_plus_uconst 0x3]
     505                      .dwattr DW$68, DW_AT_accessibility(DW_ACCESS_public)
     506              DW$69   .dwtag  DW_TAG_member, DW_AT_type(*DW$T$19)
     507                      .dwattr DW$69, DW_AT_name("win_high"), DW_AT_symbol_name("_win_high")
     508                      .dwattr DW$69, DW_AT_data_member_location[DW_OP_plus_uconst 0x4]
     509                      .dwattr DW$69, DW_AT_accessibility(DW_ACCESS_public)
     510              DW$70   .dwtag  DW_TAG_member, DW_AT_type(*DW$T$11)
     511                      .dwattr DW$70, DW_AT_name("csr_x_pos"), DW_AT_symbol_name("_csr_x_pos")
     512                      .dwattr DW$70, DW_AT_data_member_location[DW_OP_plus_uconst 0x5]
     513                      .dwattr DW$70, DW_AT_accessibility(DW_ACCESS_public)
     514              DW$71   .dwtag  DW_TAG_member, DW_AT_type(*DW$T$11)
     515                      .dwattr DW$71, DW_AT_name("csr_y_pos"), DW_AT_symbol_name("_csr_y_pos")
     516                      .dwattr DW$71, DW_AT_data_member_location[DW_OP_plus_uconst 0x6]
     517                      .dwattr DW$71, DW_AT_accessibility(DW_ACCESS_public)
     518              DW$72   .dwtag  DW_TAG_member, DW_AT_type(*DW$T$19)
     519                      .dwattr DW$72, DW_AT_name("type"), DW_AT_symbol_name("_type")
     520                      .dwattr DW$72, DW_AT_data_member_location[DW_OP_plus_uconst 0x7]
     521                      .dwattr DW$72, DW_AT_accessibility(DW_ACCESS_public)
     522              DW$73   .dwtag  DW_TAG_member, DW_AT_type(*DW$T$22)
     523                      .dwattr DW$73, DW_AT_name("father_hwin"), DW_AT_symbol_name("_father_hwin")
     524                      .dwattr DW$73, DW_AT_data_member_location[DW_OP_plus_uconst 0x8]
     525                      .dwattr DW$73, DW_AT_accessibility(DW_ACCESS_public)
     526              DW$74   .dwtag  DW_TAG_member, DW_AT_type(*DW$T$22)
     527                      .dwattr DW$74, DW_AT_name("next_hwin"), DW_AT_symbol_name("_next_hwin")
     528                      .dwattr DW$74, DW_AT_data_member_location[DW_OP_plus_uconst 0xa]
     529                      .dwattr DW$74, DW_AT_accessibility(DW_ACCESS_public)
     530              DW$75   .dwtag  DW_TAG_member, DW_AT_type(*DW$T$22)
     531                      .dwattr DW$75, DW_AT_name("last_hwin"), DW_AT_symbol_name("_last_hwin")
     532                      .dwattr DW$75, DW_AT_data_member_location[DW_OP_plus_uconst 0xc]
     533                      .dwattr DW$75, DW_AT_accessibility(DW_ACCESS_public)
     534              DW$76   .dwtag  DW_TAG_member, DW_AT_type(*DW$T$19)
     535                      .dwattr DW$76, DW_AT_name("nline"), DW_AT_symbol_name("_nline")
     536                      .dwattr DW$76, DW_AT_data_member_location[DW_OP_plus_uconst 0xe]
     537                      .dwattr DW$76, DW_AT_accessibility(DW_ACCESS_public)
     538              DW$77   .dwtag  DW_TAG_member, DW_AT_type(*DW$T$19)
     539                      .dwattr DW$77, DW_AT_name("nrow"), DW_AT_symbol_name("_nrow")
     540                      .dwattr DW$77, DW_AT_data_member_location[DW_OP_plus_uconst 0xf]
     541                      .dwattr DW$77, DW_AT_accessibility(DW_ACCESS_public)
     542              DW$78   .dwtag  DW_TAG_member, DW_AT_type(*DW$T$19)
     543                      .dwattr DW$78, DW_AT_name("grid_wide"), DW_AT_symbol_name("_grid_wide")
     544                      .dwattr DW$78, DW_AT_data_member_location[DW_OP_plus_uconst 0x10]
     545                      .dwattr DW$78, DW_AT_accessibility(DW_ACCESS_public)
     546              DW$79   .dwtag  DW_TAG_member, DW_AT_type(*DW$T$19)
TMS320C2000 COFF Assembler PC v4.1.3 Fri Dec 17 15:39:17 2010

Tools Copyright (c) 1996-2006 Texas Instruments Incorporated
C:\DOCUME~1\ADMINI~1\LOCALS~1\Temp\TI6482                            PAGE   15

     547                      .dwattr DW$79, DW_AT_name("grid_high"), DW_AT_symbol_name("_grid_high")
     548                      .dwattr DW$79, DW_AT_data_member_location[DW_OP_plus_uconst 0x11]
     549                      .dwattr DW$79, DW_AT_accessibility(DW_ACCESS_public)
     550              DW$80   .dwtag  DW_TAG_member, DW_AT_type(*DW$T$24)
     551                      .dwattr DW$80, DW_AT_name("cur_edit_pos"), DW_AT_symbol_name("_cur_edit_pos")
     552                      .dwattr DW$80, DW_AT_data_member_location[DW_OP_plus_uconst 0x12]
     553                      .dwattr DW$80, DW_AT_accessibility(DW_ACCESS_public)
     554              DW$81   .dwtag  DW_TAG_member, DW_AT_type(*DW$T$24)
     555                      .dwattr DW$81, DW_AT_name("edit_phead"), DW_AT_symbol_name("_edit_phead")
     556                      .dwattr DW$81, DW_AT_data_member_location[DW_OP_plus_uconst 0x14]
     557                      .dwattr DW$81, DW_AT_accessibility(DW_ACCESS_public)
     558              DW$82   .dwtag  DW_TAG_member, DW_AT_type(*DW$T$24)
     559                      .dwattr DW$82, DW_AT_name("m_cur_pedit"), DW_AT_symbol_name("_m_cur_pedit")
     560                      .dwattr DW$82, DW_AT_data_member_location[DW_OP_plus_uconst 0x16]
     561                      .dwattr DW$82, DW_AT_accessibility(DW_ACCESS_public)
     562              DW$83   .dwtag  DW_TAG_member, DW_AT_type(*DW$T$26)
     563                      .dwattr DW$83, DW_AT_name("button_title"), DW_AT_symbol_name("_button_title")
     564                      .dwattr DW$83, DW_AT_data_member_location[DW_OP_plus_uconst 0x18]
     565                      .dwattr DW$83, DW_AT_accessibility(DW_ACCESS_public)
     566              DW$84   .dwtag  DW_TAG_member, DW_AT_type(*DW$T$11)
     567                      .dwattr DW$84, DW_AT_name("button_flags"), DW_AT_symbol_name("_button_flags")
     568                      .dwattr DW$84, DW_AT_data_member_location[DW_OP_plus_uconst 0x36]
     569                      .dwattr DW$84, DW_AT_accessibility(DW_ACCESS_public)
     570              DW$85   .dwtag  DW_TAG_member, DW_AT_type(*DW$T$11)
     571                      .dwattr DW$85, DW_AT_name("button_bg_color"), DW_AT_symbol_name("_button_bg_color")
     572                      .dwattr DW$85, DW_AT_data_member_location[DW_OP_plus_uconst 0x37]
     573                      .dwattr DW$85, DW_AT_accessibility(DW_ACCESS_public)
     574              DW$86   .dwtag  DW_TAG_member, DW_AT_type(*DW$T$11)
     575                      .dwattr DW$86, DW_AT_name("button_txt_color"), DW_AT_symbol_name("_button_txt_color")
     576                      .dwattr DW$86, DW_AT_data_member_location[DW_OP_plus_uconst 0x38]
     577                      .dwattr DW$86, DW_AT_accessibility(DW_ACCESS_public)
     578              DW$87   .dwtag  DW_TAG_member, DW_AT_type(*DW$T$28)
     579                      .dwattr DW$87, DW_AT_name("buttoncallback"), DW_AT_symbol_name("_buttoncallback")
     580                      .dwattr DW$87, DW_AT_data_member_location[DW_OP_plus_uconst 0x3a]
     581                      .dwattr DW$87, DW_AT_accessibility(DW_ACCESS_public)
     582              DW$88   .dwtag  DW_TAG_member, DW_AT_type(*DW$T$31)
     583                      .dwattr DW$88, DW_AT_name("drop_memeber"), DW_AT_symbol_name("_drop_memeber")
     584                      .dwattr DW$88, DW_AT_data_member_location[DW_OP_plus_uconst 0x3c]
     585                      .dwattr DW$88, DW_AT_accessibility(DW_ACCESS_public)
     586              DW$89   .dwtag  DW_TAG_member, DW_AT_type(*DW$T$6)
     587                      .dwattr DW$89, DW_AT_name("drop_cur_member"), DW_AT_symbol_name("_drop_cur_member")
     588                      .dwattr DW$89, DW_AT_data_member_location[DW_OP_plus_uconst 0x3e]
     589                      .dwattr DW$89, DW_AT_accessibility(DW_ACCESS_public)
     590              DW$90   .dwtag  DW_TAG_member, DW_AT_type(*DW$T$6)
     591                      .dwattr DW$90, DW_AT_name("drop_member_size"), DW_AT_symbol_name("_drop_member_size")
     592                      .dwattr DW$90, DW_AT_data_member_location[DW_OP_plus_uconst 0x3f]
     593                      .dwattr DW$90, DW_AT_accessibility(DW_ACCESS_public)
     594              DW$91   .dwtag  DW_TAG_member, DW_AT_type(*DW$T$11)
     595                      .dwattr DW$91, DW_AT_name("win_cnt"), DW_AT_symbol_name("_win_cnt")
     596                      .dwattr DW$91, DW_AT_data_member_location[DW_OP_plus_uconst 0x40]
     597                      .dwattr DW$91, DW_AT_accessibility(DW_ACCESS_public)
     598                      .dwendtag DW$T$32
     599              
     600              DW$T$22 .dwtag  DW_TAG_pointer_type, DW_AT_type(*DW$T$32)
     601                      .dwattr DW$T$22, DW_AT_address_class(0x16)
TMS320C2000 COFF Assembler PC v4.1.3 Fri Dec 17 15:39:17 2010

Tools Copyright (c) 1996-2006 Texas Instruments Incorporated
C:\DOCUME~1\ADMINI~1\LOCALS~1\Temp\TI6482                            PAGE   16

     602              DW$T$28 .dwtag  DW_TAG_pointer_type, DW_AT_type(*DW$T$27)
     603                      .dwattr DW$T$28, DW_AT_address_class(0x16)
     604              DW$T$24 .dwtag  DW_TAG_pointer_type, DW_AT_type(*DW$T$23)
     605                      .dwattr DW$T$24, DW_AT_address_class(0x16)
     606              
     607              DW$T$26 .dwtag  DW_TAG_array_type, DW_AT_type(*DW$T$25)
     608                      .dwattr DW$T$26, DW_AT_language(DW_LANG_C)
     609                      .dwattr DW$T$26, DW_AT_byte_size(0x1e)
     610              DW$92   .dwtag  DW_TAG_subrange_type
     611                      .dwattr DW$92, DW_AT_upper_bound(0x1d)
     612                      .dwendtag DW$T$26
     613              
     614              DW$T$31 .dwtag  DW_TAG_pointer_type, DW_AT_type(*DW$T$30)
     615                      .dwattr DW$T$31, DW_AT_address_class(0x16)
     616              
     617              DW$T$27 .dwtag  DW_TAG_subroutine_type
     618                      .dwattr DW$T$27, DW_AT_language(DW_LANG_C)
     619              DW$93   .dwtag  DW_TAG_formal_parameter, DW_AT_type(*DW$T$3)
     620                      .dwendtag DW$T$27
     621              
     622              DW$T$23 .dwtag  DW_TAG_typedef, DW_AT_name("edit_mem_t"), DW_AT_type(*DW$T$21)
     623                      .dwattr DW$T$23, DW_AT_language(DW_LANG_C)
     624              DW$T$3  .dwtag  DW_TAG_pointer_type
     625                      .dwattr DW$T$3, DW_AT_address_class(0x16)
     626              
     627              DW$T$21 .dwtag  DW_TAG_structure_type
     628                      .dwattr DW$T$21, DW_AT_name("edit_mem")
     629                      .dwattr DW$T$21, DW_AT_byte_size(0x08)
     630              DW$94   .dwtag  DW_TAG_member, DW_AT_type(*DW$T$10)
     631                      .dwattr DW$94, DW_AT_name("x"), DW_AT_symbol_name("_x")
     632                      .dwattr DW$94, DW_AT_data_member_location[DW_OP_plus_uconst 0x0]
     633                      .dwattr DW$94, DW_AT_accessibility(DW_ACCESS_public)
     634              DW$95   .dwtag  DW_TAG_member, DW_AT_type(*DW$T$10)
     635                      .dwattr DW$95, DW_AT_name("y"), DW_AT_symbol_name("_y")
     636                      .dwattr DW$95, DW_AT_data_member_location[DW_OP_plus_uconst 0x1]
     637                      .dwattr DW$95, DW_AT_accessibility(DW_ACCESS_public)
     638              DW$96   .dwtag  DW_TAG_member, DW_AT_type(*DW$T$19)
     639                      .dwattr DW$96, DW_AT_name("eidt_lenth"), DW_AT_symbol_name("_eidt_lenth")
     640                      .dwattr DW$96, DW_AT_data_member_location[DW_OP_plus_uconst 0x2]
     641                      .dwattr DW$96, DW_AT_accessibility(DW_ACCESS_public)
     642              DW$97   .dwtag  DW_TAG_member, DW_AT_type(*DW$T$19)
     643                      .dwattr DW$97, DW_AT_name("surplus_lenth"), DW_AT_symbol_name("_surplus_lenth")
     644                      .dwattr DW$97, DW_AT_data_member_location[DW_OP_plus_uconst 0x3]
     645                      .dwattr DW$97, DW_AT_accessibility(DW_ACCESS_public)
     646              DW$98   .dwtag  DW_TAG_member, DW_AT_type(*DW$T$19)
     647                      .dwattr DW$98, DW_AT_name("id"), DW_AT_symbol_name("_id")
     648                      .dwattr DW$98, DW_AT_data_member_location[DW_OP_plus_uconst 0x4]
     649                      .dwattr DW$98, DW_AT_accessibility(DW_ACCESS_public)
     650              DW$99   .dwtag  DW_TAG_member, DW_AT_type(*DW$T$20)
     651                      .dwattr DW$99, DW_AT_name("next_edit"), DW_AT_symbol_name("_next_edit")
     652                      .dwattr DW$99, DW_AT_data_member_location[DW_OP_plus_uconst 0x6]
     653                      .dwattr DW$99, DW_AT_accessibility(DW_ACCESS_public)
     654                      .dwendtag DW$T$21
     655              
     656              DW$T$20 .dwtag  DW_TAG_pointer_type, DW_AT_type(*DW$T$21)
TMS320C2000 COFF Assembler PC v4.1.3 Fri Dec 17 15:39:17 2010

Tools Copyright (c) 1996-2006 Texas Instruments Incorporated
C:\DOCUME~1\ADMINI~1\LOCALS~1\Temp\TI6482                            PAGE   17

     657                      .dwattr DW$T$20, DW_AT_address_class(0x16)
     658              
     659                      .dwattr DW$37, DW_AT_external(0x01)
     660                      .dwattr DW$42, DW_AT_external(0x01)
     661                      .dwattr DW$CU, DW_AT_language(DW_LANG_C)
     662              
     663              ;***************************************************************
     664              ;* DWARF CIE ENTRIES                                           *
     665              ;***************************************************************
     666              
     667              DW$CIE  .dwcie 1, 40
     668                      .dwcfa  0x0c, 20, 0
     669                      .dwcfa  0x07, 0
     670                      .dwcfa  0x07, 1
     671                      .dwcfa  0x07, 2
     672                      .dwcfa  0x07, 3
     673                      .dwcfa  0x07, 4
     674                      .dwcfa  0x07, 5
     675                      .dwcfa  0x08, 6
     676                      .dwcfa  0x08, 7
     677                      .dwcfa  0x08, 8
     678                      .dwcfa  0x08, 9
     679                      .dwcfa  0x08, 10
     680                      .dwcfa  0x08, 11
     681                      .dwcfa  0x07, 12
     682                      .dwcfa  0x07, 13
     683                      .dwcfa  0x07, 14
     684                      .dwcfa  0x07, 15
     685                      .dwcfa  0x07, 16
     686                      .dwcfa  0x07, 17
     687                      .dwcfa  0x07, 18
     688                      .dwcfa  0x07, 19
     689                      .dwcfa  0x07, 20
     690                      .dwcfa  0x07, 21
     691                      .dwcfa  0x07, 22
     692                      .dwcfa  0x07, 23
     693                      .dwcfa  0x07, 24
     694                      .dwcfa  0x07, 25
     695                      .dwcfa  0x07, 26
     696                      .dwcfa  0x08, 27
     697                      .dwcfa  0x07, 28
     698                      .dwcfa  0x07, 29
     699                      .dwcfa  0x07, 30
     700                      .dwcfa  0x07, 31
     701                      .dwcfa  0x07, 32
     702                      .dwcfa  0x07, 33
     703                      .dwcfa  0x07, 34
     704                      .dwcfa  0x07, 35
     705                      .dwcfa  0x07, 36
     706                      .dwcfa  0x07, 37
     707                      .dwcfa  0x07, 38
     708                      .dwcfa  0x07, 39
     709                      .dwcfa  0x07, 40
     710              
     711              ;***************************************************************
TMS320C2000 COFF Assembler PC v4.1.3 Fri Dec 17 15:39:17 2010

Tools Copyright (c) 1996-2006 Texas Instruments Incorporated
C:\DOCUME~1\ADMINI~1\LOCALS~1\Temp\TI6482                            PAGE   18

     712              ;* DWARF REGISTER MAP                                          *
     713              ;***************************************************************
     714              
     715              DW$100  .dwtag  DW_TAG_assign_register, DW_AT_name("AL")
     716                      .dwattr DW$100, DW_AT_location[DW_OP_reg0]
     717              DW$101  .dwtag  DW_TAG_assign_register, DW_AT_name("AH")
     718                      .dwattr DW$101, DW_AT_location[DW_OP_reg1]
     719              DW$102  .dwtag  DW_TAG_assign_register, DW_AT_name("PL")
     720                      .dwattr DW$102, DW_AT_location[DW_OP_reg2]
     721              DW$103  .dwtag  DW_TAG_assign_register, DW_AT_name("PH")
     722                      .dwattr DW$103, DW_AT_location[DW_OP_reg3]
     723              DW$104  .dwtag  DW_TAG_assign_register, DW_AT_name("AR0")
     724                      .dwattr DW$104, DW_AT_location[DW_OP_reg4]
     725              DW$105  .dwtag  DW_TAG_assign_register, DW_AT_name("XAR0")
     726                      .dwattr DW$105, DW_AT_location[DW_OP_reg5]
     727              DW$106  .dwtag  DW_TAG_assign_register, DW_AT_name("AR1")
     728                      .dwattr DW$106, DW_AT_location[DW_OP_reg6]
     729              DW$107  .dwtag  DW_TAG_assign_register, DW_AT_name("XAR1")
     730                      .dwattr DW$107, DW_AT_location[DW_OP_reg7]
     731              DW$108  .dwtag  DW_TAG_assign_register, DW_AT_name("AR2")
     732                      .dwattr DW$108, DW_AT_location[DW_OP_reg8]
     733              DW$109  .dwtag  DW_TAG_assign_register, DW_AT_name("XAR2")
     734                      .dwattr DW$109, DW_AT_location[DW_OP_reg9]
     735              DW$110  .dwtag  DW_TAG_assign_register, DW_AT_name("AR3")
     736                      .dwattr DW$110, DW_AT_location[DW_OP_reg10]
     737              DW$111  .dwtag  DW_TAG_assign_register, DW_AT_name("XAR3")
     738                      .dwattr DW$111, DW_AT_location[DW_OP_reg11]
     739              DW$112  .dwtag  DW_TAG_assign_register, DW_AT_name("AR4")
     740                      .dwattr DW$112, DW_AT_location[DW_OP_reg12]
     741              DW$113  .dwtag  DW_TAG_assign_register, DW_AT_name("XAR4")
     742                      .dwattr DW$113, DW_AT_location[DW_OP_reg13]
     743              DW$114  .dwtag  DW_TAG_assign_register, DW_AT_name("AR5")
     744                      .dwattr DW$114, DW_AT_location[DW_OP_reg14]
     745              DW$115  .dwtag  DW_TAG_assign_register, DW_AT_name("XAR5")
     746                      .dwattr DW$115, DW_AT_location[DW_OP_reg15]
     747              DW$116  .dwtag  DW_TAG_assign_register, DW_AT_name("AR6")
     748                      .dwattr DW$116, DW_AT_location[DW_OP_reg16]
     749              DW$117  .dwtag  DW_TAG_assign_register, DW_AT_name("XAR6")
     750                      .dwattr DW$117, DW_AT_location[DW_OP_reg17]
     751              DW$118  .dwtag  DW_TAG_assign_register, DW_AT_name("AR7")
     752                      .dwattr DW$118, DW_AT_location[DW_OP_reg18]
     753              DW$119  .dwtag  DW_TAG_assign_register, DW_AT_name("XAR7")
     754                      .dwattr DW$119, DW_AT_location[DW_OP_reg19]
     755              DW$120  .dwtag  DW_TAG_assign_register, DW_AT_name("SP")
     756                      .dwattr DW$120, DW_AT_location[DW_OP_reg20]
     757              DW$121  .dwtag  DW_TAG_assign_register, DW_AT_name("XT")
     758                      .dwattr DW$121, DW_AT_location[DW_OP_reg21]
     759              DW$122  .dwtag  DW_TAG_assign_register, DW_AT_name("T")
     760                      .dwattr DW$122, DW_AT_location[DW_OP_reg22]
     761              DW$123  .dwtag  DW_TAG_assign_register, DW_AT_name("ST0")
     762                      .dwattr DW$123, DW_AT_location[DW_OP_reg23]
     763              DW$124  .dwtag  DW_TAG_assign_register, DW_AT_name("ST1")
     764                      .dwattr DW$124, DW_AT_location[DW_OP_reg24]
     765              DW$125  .dwtag  DW_TAG_assign_register, DW_AT_name("PC")
     766                      .dwattr DW$125, DW_AT_location[DW_OP_reg25]
TMS320C2000 COFF Assembler PC v4.1.3 Fri Dec 17 15:39:17 2010

Tools Copyright (c) 1996-2006 Texas Instruments Incorporated
C:\DOCUME~1\ADMINI~1\LOCALS~1\Temp\TI6482                            PAGE   19

     767              DW$126  .dwtag  DW_TAG_assign_register, DW_AT_name("RPC")
     768                      .dwattr DW$126, DW_AT_location[DW_OP_reg26]
     769              DW$127  .dwtag  DW_TAG_assign_register, DW_AT_name("FP")
     770                      .dwattr DW$127, DW_AT_location[DW_OP_reg27]
     771              DW$128  .dwtag  DW_TAG_assign_register, DW_AT_name("DP")
     772                      .dwattr DW$128, DW_AT_location[DW_OP_reg28]
     773              DW$129  .dwtag  DW_TAG_assign_register, DW_AT_name("SXM")
     774                      .dwattr DW$129, DW_AT_location[DW_OP_reg29]
     775              DW$130  .dwtag  DW_TAG_assign_register, DW_AT_name("PM")
     776                      .dwattr DW$130, DW_AT_location[DW_OP_reg30]
     777              DW$131  .dwtag  DW_TAG_assign_register, DW_AT_name("OVM")
     778                      .dwattr DW$131, DW_AT_location[DW_OP_reg31]
     779              DW$132  .dwtag  DW_TAG_assign_register, DW_AT_name("PAGE0")
     780                      .dwattr DW$132, DW_AT_location[DW_OP_regx 0x20]
     781              DW$133  .dwtag  DW_TAG_assign_register, DW_AT_name("AMODE")
     782                      .dwattr DW$133, DW_AT_location[DW_OP_regx 0x21]
     783              DW$134  .dwtag  DW_TAG_assign_register, DW_AT_name("IFR")
     784                      .dwattr DW$134, DW_AT_location[DW_OP_regx 0x22]
     785              DW$135  .dwtag  DW_TAG_assign_register, DW_AT_name("IER")
     786                      .dwattr DW$135, DW_AT_location[DW_OP_regx 0x23]
     787              DW$136  .dwtag  DW_TAG_assign_register, DW_AT_name("IER")
     788                      .dwattr DW$136, DW_AT_location[DW_OP_regx 0x24]
     789              DW$137  .dwtag  DW_TAG_assign_register, DW_AT_name("PSEUDO")
     790                      .dwattr DW$137, DW_AT_location[DW_OP_regx 0x25]
     791              DW$138  .dwtag  DW_TAG_assign_register, DW_AT_name("PSEUDOH")
     792                      .dwattr DW$138, DW_AT_location[DW_OP_regx 0x26]
     793              DW$139  .dwtag  DW_TAG_assign_register, DW_AT_name("VOL")
     794                      .dwattr DW$139, DW_AT_location[DW_OP_regx 0x27]
     795              DW$140  .dwtag  DW_TAG_assign_register, DW_AT_name("CIE_RETA")
     796                      .dwattr DW$140, DW_AT_location[DW_OP_regx 0x28]
     797                      .dwendtag DW$CU
     798              

No Assembly Errors, No Assembly Warnings
