TMS320C2000 COFF Assembler PC v4.1.3 Sat Oct 08 14:49:21 2011

Tools Copyright (c) 1996-2006 Texas Instruments Incorporated
cfft32i.asm                                                          PAGE    1

       1              ;============================================================================
       2              ;
       3              ; File Name     : cfft_izc.asm
       4              ; 
       5              ; Originator    : Advanced Embeeded Control 
       6              ;                 Texas Instruments 
       7              ; 
       8              ; Description   : This file contains source code to zero the imaginary parts of 
       9              ;                 the complex input to the FFT module.
      10              ;               
      11              ; Date          : 25/2/2002 (dd/mm/yyyy)
      12              ;===========================================================================    
      13              ; Routine Type  : C Callable        
      14              ;
      15              ; Description   :
      16              ; void FFTC_izc(FFTxxxC_handle) 
      17              ; This function zeros the imaginary part of the complex input, in the case of 
      18              ; Complex FFT modules.
      19              ; 
      20              ;====================================================================== 
      21              ; COMPLEX FFT MODULES
      22              ;----------------------------------------------------------------------
      23              ;typedef struct {   
      24              ;        long *ipcbptr;
      25              ;        long *tfptr               
      26              ;        int size;
      27              ;        int nrstage;             
      28              ;        int *magptr;
      29              ;        int peakmag;
      30              ;        int peakfrq;
      31              ;        int normflag;
      32              ;        int *winptr; 
      33              ;        void (*init)(void);
      34              ;        void (*izero)(void *);
      35              ;        void (*calc)(void *);
      36              ;        void (*mag)(void *);
      37              ;        void (*win)(void *);
      38              ;        }CFFT32;
      39              ;======================================================================
      40              
      41                          .include "sel_q.asm"
      42                         
      43                          .def   _CFFT32_init  
      44                          
      45 00000000       _CFFT32_init:            
      46              ; Twiddle factor Initialisation
      47 00000000 8F40'             MOVL    XAR5,#TF_1024P_CFFT     ; 
         00000001 0004 
      48 00000002 A0D4              MOVL    *+XAR4[2],XAR5          ; tfptr->TF_1024P_CFFT
      49 00000003 0006              LRETR
      50               
      51              
      52                     ; .sect   "FFTtf" 
      53              
      54                      .if(TF_QFMAT==Q31)
TMS320C2000 COFF Assembler PC v4.1.3 Sat Oct 08 14:49:21 2011

Tools Copyright (c) 1996-2006 Texas Instruments Incorporated
cfft32i.asm                                                          PAGE    2

      55              TF_1024P_CFFT:   
      56                      .long   0,13176712,26352928,39528151,52701887,65873638,79042909,92209205,105372028,118530885
      57                      .long   131685278,144834714,157978697,171116733,184248325,197372981,210490206,223599506,236700388,249
      58                      .long   262874923,275947592,289009871,302061269,315101295,328129457,341145265,354148230,367137861,380
      59                      .long   393075166,406021865,418953276,431868915,444768294,457650927,470516330,483364019,496193509,509
      60                      .long   521795963,534567963,547319836,560051104,572761285,585449903,598116479,610760536,623381598,635
      61                      .long   648552838,661102068,673626408,686125387,698598533,711045377,723465451,735858287,748223418,760
      62                      .long   772868706,785147934,797397602,809617249,821806413,833964638,846091463,858186435,870249095,882
      63                      .long   894275671,906238681,918167572,930061894,941921200,953745043,965532978,977284562,988999351,100
      64                      .long   1012316784,1023918550,1035481766,1047005996,1058490808,1069935768,1081340445,1092704411,11040
      65                      .long   1126547765,1137744621,1148898640,1160009405,1171076495,1182099496,1193077991,1204011567,12148
      66                      .long   1236538675,1247288478,1257991320,1268646800,1279254516,1289814068,1300325060,1310787095,13211
      67                      .long   1341875533,1352137822,1362349204,1372509294,1382617710,1392674072,1402678000,1412629117,14225
      68                      .long   1442161874,1451898025,1461579514,1471205974,1480777044,1490292364,1499751576,1509154322,15185
      69                      .long   1537020244,1546193612,1555308768,1564365367,1573363068,1582301533,1591180426,1599999411,16087
      70                      .long   1626093616,1634669676,1643184191,1651636841,1660027308,1668355276,1676620432,1684822463,16929
      71                      .long   1709046739,1716993211,1724875040,1732691928,1740443581,1748129707,1755750017,1763304224,17707
      72                      .long   1785567396,1792854372,1800073849,1807225553,1814309216,1821324572,1828271356,1835149306,18419
      73                      .long   1855367581,1861967634,1868497586,1874957189,1881346202,1887664383,1893911494,1900087301,19061
      74                      .long   1918184581,1924072871,1929888720,1935631910,1941302225,1946899451,1952423377,1957873796,19632
      75                      .long   1973781967,1978936331,1984016189,1989021350,1993951625,1998806829,2003586779,2008291295,20129
      76                      .long   2021950484,2026351522,2030676269,2034924562,2039096241,2043191150,2047209133,2051150040,20550
      77                      .long   2062508835,2066139983,2069693342,2073168777,2076566160,2079885360,2083126254,2086288720,20893
      78                      .long   2095304370,2098151960,2100920556,2103610054,2106220352,2108751352,2111202959,2113575080,21158
      79                      .long   2120213651,2122266967,2124240380,2126133817,2127947206,2129680480,2131333572,2132906420,21343
      80                      .long   2137142927,2138394240,2139565043,2140655293,2141664948,2142593971,2143442326,2144209982,21448
      81                      .long   2146028480,2146473080,2146836866,2147119825,2147321946,2147443222,2147483647,2147443222,21473
      82                      .long   2146836866,2146473080,2146028480,2145503083,2144896910,2144209982,2143442326,2142593971,21416
      83                      .long   2139565043,2138394240,2137142927,2135811153,2134398966,2132906420,2131333572,2129680480,21279
      84                      .long   2124240380,2122266967,2120213651,2118080511,2115867626,2113575080,2111202959,2108751352,21062
      85                      .long   2100920556,2098151960,2095304370,2092377892,2089372638,2086288720,2083126254,2079885360,20765
      86                      .long   2069693342,2066139983,2062508835,2058800036,2055013723,2051150040,2047209133,2043191150,20390
      87                      .long   2030676269,2026351522,2021950484,2017473321,2012920201,2008291295,2003586779,1998806829,19939
      88                      .long   1984016189,1978936331,1973781967,1968553292,1963250501,1957873796,1952423377,1946899451,19413
      89                      .long   1929888720,1924072871,1918184581,1912224073,1906191570,1900087301,1893911494,1887664383,18813
      90                      .long   1868497586,1861967634,1855367581,1848697674,1841958164,1835149306,1828271356,1821324572,18143
      91                      .long   1800073849,1792854372,1785567396,1778213194,1770792044,1763304224,1755750017,1748129707,17404
      92                      .long   1724875040,1716993211,1709046739,1701035922,1692961062,1684822463,1676620432,1668355276,16600
      93                      .long   1643184191,1634669676,1626093616,1617456335,1608758157,1599999411,1591180426,1582301533,15733
      94                      .long   1555308768,1546193612,1537020244,1527789007,1518500250,1509154322,1499751576,1490292364,14807
      95                      .long   1461579514,1451898025,1442161874,1432371426,1422527051,1412629117,1402678000,1392674072,13826
      96                      .long   1362349204,1352137822,1341875533,1331562723,1321199781,1310787095,1300325060,1289814068,12792
      97                      .long   1257991320,1247288478,1236538675,1225742318,1214899813,1204011567,1193077991,1182099496,11710
      98                      .long   1148898640,1137744621,1126547765,1115308496,1104027237,1092704411,1081340445,1069935768,10584
      99                      .long   1035481766,1023918550,1012316784,1000676905,988999351,977284562,965532978,953745043,941921200
     100                      .long   918167572,906238681,894275671,882278992,870249095,858186435,846091463,833964638,821806413,809
     101                      .long   797397602,785147934,772868706,760560380,748223418,735858287,723465451,711045377,698598533,686
     102                      .long   673626408,661102068,648552838,635979190,623381598,610760536,598116479,585449903,572761285,560
     103                      .long   547319836,534567963,521795963,509004318,496193509,483364019,470516330,457650927,444768294,431
     104                      .long   418953276,406021865,393075166,380113669,367137861,354148230,341145265,328129457,315101295,302
     105                      .long   289009871,275947592,262874923,249792358,236700388,223599506,210490206,197372981,184248325,171
     106                      .long   157978697,144834714,131685278,118530885,105372028,92209205,79042909,65873638,52701887,3952815
     107                      .long   26352928,13176712,0,-13176712,-26352928,-39528151,-52701887,-65873638,-79042909,-92209205
     108                      .long   -105372028,-118530885,-131685278,-144834714,-157978697,-171116733,-184248325,-197372981,-2104
     109                      .long   -236700388,-249792358,-262874923,-275947592,-289009871,-302061269,-315101295,-328129457,-3411
TMS320C2000 COFF Assembler PC v4.1.3 Sat Oct 08 14:49:21 2011

Tools Copyright (c) 1996-2006 Texas Instruments Incorporated
cfft32i.asm                                                          PAGE    3

     110                      .long   -367137861,-380113669,-393075166,-406021865,-418953276,-431868915,-444768294,-457650927,-4705
     111                      .long   -496193509,-509004318,-521795963,-534567963,-547319836,-560051104,-572761285,-585449903,-5981
     112                      .long   -623381598,-635979190,-648552838,-661102068,-673626408,-686125387,-698598533,-711045377,-7234
     113                      .long   -748223418,-760560380,-772868706,-785147934,-797397602,-809617249,-821806413,-833964638,-8460
     114                      .long   -870249095,-882278992,-894275671,-906238681,-918167572,-930061894,-941921200,-953745043,-9655
     115                      .long   -988999351,-1000676905,-1012316784,-1023918550,-1035481766,-1047005996,-1058490808,-106993576
     116                      .long   -1104027237,-1115308496,-1126547765,-1137744621,-1148898640,-1160009405,-1171076495,-11820994
     117                      .long   -1214899813,-1225742318,-1236538675,-1247288478,-1257991320,-1268646800,-1279254516,-12898140
     118                      .long   -1321199781,-1331562723,-1341875533,-1352137822,-1362349204,-1372509294,-1382617710,-13926740
     119                      .long   -1422527051,-1432371426,-1442161874,-1451898025,-1461579514,-1471205974,-1480777044,-14902923
     120                      .long   -1518500250,-1527789007,-1537020244,-1546193612,-1555308768,-1564365367,-1573363068,-15823015
     121                      .long   -1608758157,-1617456335,-1626093616,-1634669676,-1643184191,-1651636841,-1660027308,-16683552
     122                      .long   -1692961062,-1701035922,-1709046739,-1716993211,-1724875040,-1732691928,-1740443581,-17481297
     123                      .long   -1770792044,-1778213194,-1785567396,-1792854372,-1800073849,-1807225553,-1814309216,-18213245
     124                      .long   -1841958164,-1848697674,-1855367581,-1861967634,-1868497586,-1874957189,-1881346202,-18876643
     125                      .long   -1906191570,-1912224073,-1918184581,-1924072871,-1929888720,-1935631910,-1941302225,-19468994
     126                      .long   -1963250501,-1968553292,-1973781967,-1978936331,-1984016189,-1989021350,-1993951625,-19988068
     127                      .long   -2012920201,-2017473321,-2021950484,-2026351522,-2030676269,-2034924562,-2039096241,-20431911
     128                      .long   -2055013723,-2058800036,-2062508835,-2066139983,-2069693342,-2073168777,-2076566160,-20798853
     129                      .long   -2089372638,-2092377892,-2095304370,-2098151960,-2100920556,-2103610054,-2106220352,-21087513
     130                      .long   -2115867626,-2118080511,-2120213651,-2122266967,-2124240380,-2126133817,-2127947206,-21296804
     131                      .long   -2134398966,-2135811153,-2137142927,-2138394240,-2139565043,-2140655293,-2141664948,-21425939
     132                      .long   -2144896910,-2145503083,-2146028480,-2146473080,-2146836866,-2147119825,-2147321946,-21474432
     133              
     134                      .endif
     135                     
     136              
     137                      .if(TF_QFMAT==Q30)
     138 00000004       TF_1024P_CFFT
     139 00000004 0000          .long   0,6588356,13176464,19764076,26350943,32936819,39521455,46104602,52686014,59265442
         00000005 0000 
         00000006 87C4 
         00000007 0064 
         00000008 0E90 
         00000009 00C9 
         0000000a 936C 
         0000000b 012D 
         0000000c 155F 
         0000000d 0192 
         0000000e 9373 
         0000000f 01F6 
         00000010 0CAF 
         00000011 025B 
         00000012 801A 
         00000013 02BF 
         00000014 ECBE 
         00000015 0323 
         00000016 51A2 
         00000017 0388 
     140 00000018 ADCF          .long   65842639,72417357,78989349,85558366,92124163,98686491,105245103,111799753,118350194,124896179
         00000019 03EC 
         0000001a 004D 
         0000001b 0451 
         0000001c 4825 
         0000001d 04B5 
TMS320C2000 COFF Assembler PC v4.1.3 Sat Oct 08 14:49:21 2011

Tools Copyright (c) 1996-2006 Texas Instruments Incorporated
cfft32i.asm                                                          PAGE    4

         0000001e 845E 
         0000001f 0519 
         00000020 B403 
         00000021 057D 
         00000022 D61B 
         00000023 05E1 
         00000024 E9AF 
         00000025 0645 
         00000026 EDC9 
         00000027 06A9 
         00000028 E172 
         00000029 070D 
         0000002a C3B3 
         0000002b 0771 
     141 0000002c 9396          .long   131437462,137973796,144504935,151030634,157550647,164064728,170572633,177074115,183568930,190
         0000002d 07D5 
         0000002e 5024 
         0000002f 0839 
         00000030 F867 
         00000031 089C 
         00000032 8B6A 
         00000033 0900 
         00000034 0837 
         00000035 0964 
         00000036 6DD8 
         00000037 09C7 
         00000038 BB59 
         00000039 0A2A 
         0000003a EFC3 
         0000003b 0A8D 
         0000003c 0A22 
         0000003d 0AF1 
         0000003e 0982 
         0000003f 0B54 
     142 00000040 ECEF          .long   196537583,203010932,209476638,215934457,222384147,228825464,235258165,241682010,248096755,254
         00000041 0BB6 
         00000042 B374 
         00000043 0C19 
         00000044 5C1E 
         00000045 0C7C 
         00000046 E5F9 
         00000047 0CDE 
         00000048 5013 
         00000049 0D41 
         0000004a 9978 
         0000004b 0DA3 
         0000004c C135 
         0000004d 0E05 
         0000004e C65A 
         0000004f 0E67 
         00000050 A7F3 
         00000051 0EC9 
         00000052 650F 
         00000053 0F2B 
     143 00000054 FCBE          .long   260897982,267283981,273659918,280025552,286380643,292724951,299058239,305380268,311690799,317
TMS320C2000 COFF Assembler PC v4.1.3 Sat Oct 08 14:49:21 2011

Tools Copyright (c) 1996-2006 Texas Instruments Incorporated
cfft32i.asm                                                          PAGE    5

         00000055 0F8C 
         00000056 6E0D 
         00000057 0FEE 
         00000058 B80E 
         00000059 104F 
         0000005a D9D0 
         0000005b 10B0 
         0000005c D263 
         0000005d 1111 
         0000005e A0D7 
         0000005f 1172 
         00000060 443F 
         00000061 11D3 
         00000062 BBAC 
         00000063 1233 
         00000064 062F 
         00000065 1294 
         00000066 22DB 
         00000067 12F4 
     144 00000068 10C3          .long   324276419,330551034,336813204,343062693,349299266,355522689,361732726,367929144,374111709,380
         00000069 1354 
         0000006a CEFA 
         0000006b 13B3 
         0000006c 5C94 
         0000006d 1413 
         0000006e B8A5 
         0000006f 1472 
         00000070 E242 
         00000071 14D1 
         00000072 D881 
         00000073 1530 
         00000074 9A76 
         00000075 158F 
         00000076 2738 
         00000077 15EE 
         00000078 7DDD 
         00000079 164C 
         0000007a 9D7E 
         0000007b 16AA 
     145 0000007c 8531          .long   386434353,392573967,398698801,404808624,410903207,416982319,423045732,429093217,435124548,441
         0000007d 1708 
         0000007e 340F 
         0000007f 1766 
         00000080 A931 
         00000081 17C3 
         00000082 E3B0 
         00000083 1820 
         00000084 E2A7 
         00000085 187D 
         00000086 A52F 
         00000087 18DA 
         00000088 2A64 
         00000089 1937 
         0000008a 7161 
         0000008b 1993 
TMS320C2000 COFF Assembler PC v4.1.3 Sat Oct 08 14:49:21 2011

Tools Copyright (c) 1996-2006 Texas Instruments Incorporated
cfft32i.asm                                                          PAGE    6

         0000008c 7944 
         0000008d 19EF 
         0000008e 4128 
         0000008f 1A4B 
     146 00000090 C82B          .long   447137835,453119340,459083786,465030947,470960600,476872522,482766489,488642281,494499676,500
         00000091 1AA6 
         00000092 0D6C 
         00000093 1B02 
         00000094 100A 
         00000095 1B5D 
         00000096 CF23 
         00000097 1BB7 
         00000098 49D8 
         00000099 1C12 
         0000009a 7F4A 
         0000009b 1C6C 
         0000009c 6E99 
         0000009d 1CC6 
         0000009e 16E9 
         0000009f 1D20 
         000000a0 775C 
         000000a1 1D79 
         000000a2 8F15 
         000000a3 1DD2 
     147 000000a4 5D38          .long   506158392,511959275,517740883,523502998,529245404,534967884,540670223,546352205,552013618,557
         000000a5 1E2B 
         000000a6 E0EB 
         000000a7 1E83 
         000000a8 1953 
         000000a9 1EDC 
         000000aa 0596 
         000000ab 1F34 
         000000ac A4DC 
         000000ad 1F8B 
         000000ae F64C 
         000000af 1FE2 
         000000b0 F90F 
         000000b1 2039 
         000000b2 AC4D 
         000000b3 2090 
         000000b4 0F32 
         000000b5 20E7 
         000000b6 20E8 
         000000b7 213D 
     148 000000b8 E09B          .long   563273883,568872310,574449320,580004702,585538248,591049748,596538995,602005783,607449906,612
         000000b9 2192 
         000000ba 4D76 
         000000bb 21E8 
         000000bc 66A8 
         000000bd 223D 
         000000be 2B5E 
         000000bf 2292 
         000000c0 9AC8 
         000000c1 22E6 
         000000c2 B414 
TMS320C2000 COFF Assembler PC v4.1.3 Sat Oct 08 14:49:21 2011

Tools Copyright (c) 1996-2006 Texas Instruments Incorporated
cfft32i.asm                                                          PAGE    7

         000000c3 233A 
         000000c4 7673 
         000000c5 238E 
         000000c6 E117 
         000000c7 23E1 
         000000c8 F332 
         000000c9 2434 
         000000ca ABF7 
         000000cb 2487 
     149 000000cc 0A9A          .long   618269338,623644239,628995660,634323400,639627258,644907034,650162530,655393548,660599890,665
         000000cd 24DA 
         000000ce 0E4F 
         000000cf 252C 
         000000d0 B64C 
         000000d1 257D 
         000000d2 01C8 
         000000d3 25CF 
         000000d4 EFFA 
         000000d5 261F 
         000000d6 801A 
         000000d7 2670 
         000000d8 B162 
         000000d9 26C0 
         000000da 830C 
         000000db 2710 
         000000dc F452 
         000000dd 275F 
         000000de 0472 
         000000df 27AF 
     150 000000e0 B2A7          .long   670937767,676068911,681174602,686254647,691308855,696337036,701339000,706314559,711263525,716
         000000e1 27FD 
         000000e2 FE2F 
         000000e3 284B 
         000000e4 E64A 
         000000e5 2899 
         000000e6 6A37 
         000000e7 28E7 
         000000e8 8937 
         000000e9 2934 
         000000ea 428C 
         000000eb 2981 
         000000ec 9578 
         000000ed 29CD 
         000000ee 813F 
         000000ef 2A19 
         000000f0 0525 
         000000f1 2A65 
         000000f2 2071 
         000000f3 2AB0 
     151 000000f4 D269          .long   721080937,725949013,730789757,735602987,740388522,745146182,749875788,754577161,759250125,763
         000000f5 2AFA 
         000000f6 1A55 
         000000f7 2B45 
         000000f8 F77D 
         000000f9 2B8E 
TMS320C2000 COFF Assembler PC v4.1.3 Sat Oct 08 14:49:21 2011

Tools Copyright (c) 1996-2006 Texas Instruments Incorporated
cfft32i.asm                                                          PAGE    8

         000000fa 692B 
         000000fb 2BD8 
         000000fc 6EAA 
         000000fd 2C21 
         000000fe 0746 
         000000ff 2C6A 
         00000100 324C 
         00000101 2CB2 
         00000102 EF09 
         00000103 2CF9 
         00000104 3CCD 
         00000105 2D41 
         00000106 1AE8 
         00000107 2D88 
     152 00000108 88AA          .long   768510122,773096806,777654384,782182683,786681534,791150767,795590213,799999706,804379079,808
         00000109 2DCE 
         0000010a 8566 
         0000010b 2E14 
         0000010c 1070 
         0000010d 2E5A 
         0000010e 291B 
         0000010f 2E9F 
         00000110 CEBE 
         00000111 2EE3 
         00000112 00AF 
         00000113 2F28 
         00000114 BE45 
         00000115 2F6B 
         00000116 06DA 
         00000117 2FAF 
         00000118 D9C7 
         00000119 2FF1 
         0000011a 3667 
         0000011b 3034 
     153 0000011c 1C18          .long   813046808,817334838,821592095,825818421,830013654,834177638,838310216,842411232,846480531,850
         0000011d 3076 
         0000011e 8A36 
         0000011f 30B7 
         00000120 801F 
         00000121 30F8 
         00000122 FD35 
         00000123 3138 
         00000124 00D6 
         00000125 3179 
         00000126 8A66 
         00000127 31B8 
         00000128 9948 
         00000129 31F7 
         0000012a 2CE0 
         0000012b 3236 
         0000012c 4493 
         0000012d 3274 
         0000012e DFC9 
         0000012f 32B1 
     154 00000130 FDEA          .long   854523370,858496606,862437520,866345964,870221790,874064853,877875009,881652112,885396022,889
TMS320C2000 COFF Assembler PC v4.1.3 Sat Oct 08 14:49:21 2011

Tools Copyright (c) 1996-2006 Texas Instruments Incorporated
cfft32i.asm                                                          PAGE    9

         00000131 32EE 
         00000132 9E5E 
         00000133 332B 
         00000134 C090 
         00000135 3367 
         00000136 63EC 
         00000137 33A3 
         00000138 87DE 
         00000139 33DE 
         0000013a 2BD5 
         0000013b 3419 
         0000013c 4F41 
         0000013d 3453 
         0000013e F190 
         0000013f 348C 
         00000140 1236 
         00000141 34C6 
         00000142 B0A5 
         00000143 34FE 
     155 00000144 CC52          .long   892783698,896427186,900036924,903612776,907154608,910662286,914135678,917574653,920979082,924
         00000145 3536 
         00000146 64B2 
         00000147 356E 
         00000148 793C 
         00000149 35A5 
         0000014a 0968 
         0000014b 35DC 
         0000014c 14B0 
         0000014d 3612 
         0000014e 9A8E 
         0000014f 3647 
         00000150 9A7E 
         00000151 367C 
         00000152 13FD 
         00000153 36B1 
         00000154 068A 
         00000155 36E5 
         00000156 71A5 
         00000157 3718 
     156 00000158 54CE          .long   927683790,930983817,934248793,937478595,940673101,943832191,946955747,950043650,953095785,956
         00000159 374B 
         0000015a AF89 
         0000015b 377D 
         0000015c 8159 
         0000015d 37AF 
         0000015e C9C3 
         0000015f 37E0 
         00000160 884D 
         00000161 3811 
         00000162 BC7F 
         00000163 3841 
         00000164 65E3 
         00000165 3871 
         00000166 8402 
         00000167 38A0 
TMS320C2000 COFF Assembler PC v4.1.3 Sat Oct 08 14:49:21 2011

Tools Copyright (c) 1996-2006 Texas Instruments Incorporated
cfft32i.asm                                                          PAGE   10

         00000168 1669 
         00000169 38CF 
         0000016a 1CA4 
         0000016b 38FD 
     157 0000016c 9642          .long   959092290,962036435,964944360,967815955,970651112,973449725,976211688,978936898,981625251,984
         0000016d 392A 
         0000016e 82D3 
         0000016f 3957 
         00000170 E1E8 
         00000171 3983 
         00000172 B313 
         00000173 39AF 
         00000174 F5E8 
         00000175 39DA 
         00000176 A9FD 
         00000177 3A05 
         00000178 CEE8 
         00000179 3A2F 
         0000017a 6442 
         0000017b 3A59 
         0000017c 69A3 
         0000017d 3A82 
         0000017e DEA6 
         0000017f 3AAA 
     158 00000180 C2E8          .long   986890984,989468165,992008094,994510675,996975812,999403415,1001793390,1004145648,1006460100,
         00000181 3AD2 
         00000182 1605 
         00000183 3AFA 
         00000184 D79E 
         00000185 3B20 
         00000186 0753 
         00000187 3B47 
         00000188 A4C4 
         00000189 3B6C 
         0000018a AF97 
         0000018b 3B91 
         0000018c 276E 
         0000018d 3BB6 
         0000018e 0BF0 
         0000018f 3BDA 
         00000190 5CC4 
         00000191 3BFD 
         00000192 1994 
         00000193 3C20 
     159 00000194 420A          .long   1010975242,1013175761,1015338134,1017462281,1019548121,1021595575,1023604567,1025575020,10275
         00000195 3C42 
         00000196 D5D1 
         00000197 3C63 
         00000198 D496 
         00000199 3C84 
         0000019a 3E09 
         0000019b 3CA5 
         0000019c 11D9 
         0000019d 3CC5 
         0000019e 4FB7 
TMS320C2000 COFF Assembler PC v4.1.3 Sat Oct 08 14:49:21 2011

Tools Copyright (c) 1996-2006 Texas Instruments Incorporated
cfft32i.asm                                                          PAGE   11

         0000019f 3CE4 
         000001a0 F757 
         000001a1 3D02 
         000001a2 086C 
         000001a3 3D21 
         000001a4 82AE 
         000001a5 3D3E 
         000001a6 65D2 
         000001a7 3D5B 
     160 000001a8 B192          .long   1031254418,1033069992,1034846671,1036584389,1038283080,1039942680,1041563127,1043144360,10446
         000001a9 3D77 
         000001aa 65A8 
         000001ab 3D93 
         000001ac 81CF 
         000001ad 3DAE 
         000001ae 05C5 
         000001af 3DC9 
         000001b0 F148 
         000001b1 3DE2 
         000001b2 4418 
         000001b3 3DFC 
         000001b4 FDF7 
         000001b5 3E14 
         000001b6 1EA8 
         000001b7 3E2D 
         000001b8 A5EF 
         000001b9 3E44 
         000001ba 9392 
         000001bb 3E5B 
     161 000001bc E759          .long   1047652185,1049075980,1050460278,1051805027,1053110176,1054375676,1055601479,1056787540,10579
         000001bd 3E71 
         000001be A10C 
         000001bf 3E87 
         000001c0 C076 
         000001c1 3E9C 
         000001c2 4563 
         000001c3 3EB1 
         000001c4 2FA0 
         000001c5 3EC5 
         000001c6 7EFC 
         000001c7 3ED8 
         000001c8 3347 
         000001c9 3EEB 
         000001ca 4C54 
         000001cb 3EFD 
         000001cc C9F5 
         000001cd 3F0E 
         000001ce ABFF 
         000001cf 3F1F 
     162 000001d0 F24A          .long   1060106826,1061133483,1062120190,1063066909,1063973603,1064840240,1065666786,1066453210,10671
         000001d1 3F2F 
         000001d2 9CAB 
         000001d3 3F3F 
         000001d4 AAFE 
         000001d5 3F4E 
TMS320C2000 COFF Assembler PC v4.1.3 Sat Oct 08 14:49:21 2011

Tools Copyright (c) 1996-2006 Texas Instruments Incorporated
cfft32i.asm                                                          PAGE   12

         000001d6 1D1D 
         000001d7 3F5D 
         000001d8 F2E3 
         000001d9 3F6A 
         000001da 2C30 
         000001db 3F78 
         000001dc C8E2 
         000001dd 3F84 
         000001de C8DA 
         000001df 3F90 
         000001e0 2BFB 
         000001e1 3F9C 
         000001e2 F228 
         000001e3 3FA6 
     163 000001e4 1B48          .long   1068571464,1069197120,1069782521,1070327646,1070832474,1071296985,1071721163,1072104991,10724
         000001e5 3FB1 
         000001e6 A740 
         000001e7 3FBA 
         000001e8 95F9 
         000001e9 3FC3 
         000001ea E75E 
         000001eb 3FCB 
         000001ec 9B5A 
         000001ed 3FD3 
         000001ee B1D9 
         000001ef 3FDA 
         000001f0 2ACB 
         000001f1 3FE1 
         000001f2 061F 
         000001f3 3FE7 
         000001f4 43C7 
         000001f5 3FEC 
         000001f6 E3B6 
         000001f7 3FF0 
     164 000001f8 E5E0          .long   1073014240,1073236540,1073418433,1073559913,1073660973,1073721611,1073741824,1073721611,10736
         000001f9 3FF4 
         000001fa 4A3C 
         000001fb 3FF8 
         000001fc 10C1 
         000001fd 3FFB 
         000001fe 3969 
         000001ff 3FFD 
         00000200 C42D 
         00000201 3FFE 
         00000202 B10B 
         00000203 3FFF 
         00000204 0000 
         00000205 4000 
         00000206 B10B 
         00000207 3FFF 
         00000208 C42D 
         00000209 3FFE 
         0000020a 3969 
         0000020b 3FFD 
     165 0000020c 10C1          .long   1073418433,1073236540,1073014240,1072751542,1072448455,1072104991,1071721163,1071296985,10708
TMS320C2000 COFF Assembler PC v4.1.3 Sat Oct 08 14:49:21 2011

Tools Copyright (c) 1996-2006 Texas Instruments Incorporated
cfft32i.asm                                                          PAGE   13

         0000020d 3FFB 
         0000020e 4A3C 
         0000020f 3FF8 
         00000210 E5E0 
         00000211 3FF4 
         00000212 E3B6 
         00000213 3FF0 
         00000214 43C7 
         00000215 3FEC 
         00000216 061F 
         00000217 3FE7 
         00000218 2ACB 
         00000219 3FE1 
         0000021a B1D9 
         0000021b 3FDA 
         0000021c 9B5A 
         0000021d 3FD3 
         0000021e E75E 
         0000021f 3FCB 
     166 00000220 95F9          .long   1069782521,1069197120,1068571464,1067905576,1067199483,1066453210,1065666786,1064840240,10639
         00000221 3FC3 
         00000222 A740 
         00000223 3FBA 
         00000224 1B48 
         00000225 3FB1 
         00000226 F228 
         00000227 3FA6 
         00000228 2BFB 
         00000229 3F9C 
         0000022a C8DA 
         0000022b 3F90 
         0000022c C8E2 
         0000022d 3F84 
         0000022e 2C30 
         0000022f 3F78 
         00000230 F2E3 
         00000231 3F6A 
         00000232 1D1D 
         00000233 3F5D 
     167 00000234 AAFE          .long   1062120190,1061133483,1060106826,1059040255,1057933813,1056787540,1055601479,1054375676,10531
         00000235 3F4E 
         00000236 9CAB 
         00000237 3F3F 
         00000238 F24A 
         00000239 3F2F 
         0000023a ABFF 
         0000023b 3F1F 
         0000023c C9F5 
         0000023d 3F0E 
         0000023e 4C54 
         0000023f 3EFD 
         00000240 3347 
         00000241 3EEB 
         00000242 7EFC 
         00000243 3ED8 
TMS320C2000 COFF Assembler PC v4.1.3 Sat Oct 08 14:49:21 2011

Tools Copyright (c) 1996-2006 Texas Instruments Incorporated
cfft32i.asm                                                          PAGE   14

         00000244 2FA0 
         00000245 3EC5 
         00000246 4563 
         00000247 3EB1 
     168 00000248 C076          .long   1050460278,1049075980,1047652185,1046188946,1044686319,1043144360,1041563127,1039942680,10382
         00000249 3E9C 
         0000024a A10C 
         0000024b 3E87 
         0000024c E759 
         0000024d 3E71 
         0000024e 9392 
         0000024f 3E5B 
         00000250 A5EF 
         00000251 3E44 
         00000252 1EA8 
         00000253 3E2D 
         00000254 FDF7 
         00000255 3E14 
         00000256 4418 
         00000257 3DFC 
         00000258 F148 
         00000259 3DE2 
         0000025a 05C5 
         0000025b 3DC9 
     169 0000025c 81CF          .long   1034846671,1033069992,1031254418,1029400018,1027506862,1025575020,1023604567,1021595575,10195
         0000025d 3DAE 
         0000025e 65A8 
         0000025f 3D93 
         00000260 B192 
         00000261 3D77 
         00000262 65D2 
         00000263 3D5B 
         00000264 82AE 
         00000265 3D3E 
         00000266 086C 
         00000267 3D21 
         00000268 F757 
         00000269 3D02 
         0000026a 4FB7 
         0000026b 3CE4 
         0000026c 11D9 
         0000026d 3CC5 
         0000026e 3E09 
         0000026f 3CA5 
     170 00000270 D496          .long   1015338134,1013175761,1010975242,1008736660,1006460100,1004145648,1001793390,999403415,996975
         00000271 3C84 
         00000272 D5D1 
         00000273 3C63 
         00000274 420A 
         00000275 3C42 
         00000276 1994 
         00000277 3C20 
         00000278 5CC4 
         00000279 3BFD 
         0000027a 0BF0 
TMS320C2000 COFF Assembler PC v4.1.3 Sat Oct 08 14:49:21 2011

Tools Copyright (c) 1996-2006 Texas Instruments Incorporated
cfft32i.asm                                                          PAGE   15

         0000027b 3BDA 
         0000027c 276E 
         0000027d 3BB6 
         0000027e AF97 
         0000027f 3B91 
         00000280 A4C4 
         00000281 3B6C 
         00000282 0753 
         00000283 3B47 
     171 00000284 D79E          .long   992008094,989468165,986890984,984276646,981625251,978936898,976211688,973449725,970651112,967
         00000285 3B20 
         00000286 1605 
         00000287 3AFA 
         00000288 C2E8 
         00000289 3AD2 
         0000028a DEA6 
         0000028b 3AAA 
         0000028c 69A3 
         0000028d 3A82 
         0000028e 6442 
         0000028f 3A59 
         00000290 CEE8 
         00000291 3A2F 
         00000292 A9FD 
         00000293 3A05 
         00000294 F5E8 
         00000295 39DA 
         00000296 B313 
         00000297 39AF 
     172 00000298 E1E8          .long   964944360,962036435,959092290,956112036,953095785,950043650,946955747,943832191,940673101,937
         00000299 3983 
         0000029a 82D3 
         0000029b 3957 
         0000029c 9642 
         0000029d 392A 
         0000029e 1CA4 
         0000029f 38FD 
         000002a0 1669 
         000002a1 38CF 
         000002a2 8402 
         000002a3 38A0 
         000002a4 65E3 
         000002a5 3871 
         000002a6 BC7F 
         000002a7 3841 
         000002a8 884D 
         000002a9 3811 
         000002aa C9C3 
         000002ab 37E0 
     173 000002ac 8159          .long   934248793,930983817,927683790,924348837,920979082,917574653,914135678,910662286,907154608,903
         000002ad 37AF 
         000002ae AF89 
         000002af 377D 
         000002b0 54CE 
         000002b1 374B 
TMS320C2000 COFF Assembler PC v4.1.3 Sat Oct 08 14:49:21 2011

Tools Copyright (c) 1996-2006 Texas Instruments Incorporated
cfft32i.asm                                                          PAGE   16

         000002b2 71A5 
         000002b3 3718 
         000002b4 068A 
         000002b5 36E5 
         000002b6 13FD 
         000002b7 36B1 
         000002b8 9A7E 
         000002b9 367C 
         000002ba 9A8E 
         000002bb 3647 
         000002bc 14B0 
         000002bd 3612 
         000002be 0968 
         000002bf 35DC 
     174 000002c0 793C          .long   900036924,896427186,892783698,889106597,885396022,881652112,877875009,874064853,870221790,866
         000002c1 35A5 
         000002c2 64B2 
         000002c3 356E 
         000002c4 CC52 
         000002c5 3536 
         000002c6 B0A5 
         000002c7 34FE 
         000002c8 1236 
         000002c9 34C6 
         000002ca F190 
         000002cb 348C 
         000002cc 4F41 
         000002cd 3453 
         000002ce 2BD5 
         000002cf 3419 
         000002d0 87DE 
         000002d1 33DE 
         000002d2 63EC 
         000002d3 33A3 
     175 000002d4 C090          .long   862437520,858496606,854523370,850517961,846480531,842411232,838310216,834177638,830013654,825
         000002d5 3367 
         000002d6 9E5E 
         000002d7 332B 
         000002d8 FDEA 
         000002d9 32EE 
         000002da DFC9 
         000002db 32B1 
         000002dc 4493 
         000002dd 3274 
         000002de 2CE0 
         000002df 3236 
         000002e0 9948 
         000002e1 31F7 
         000002e2 8A66 
         000002e3 31B8 
         000002e4 00D6 
         000002e5 3179 
         000002e6 FD35 
         000002e7 3138 
     176 000002e8 801F          .long   821592095,817334838,813046808,808728167,804379079,799999706,795590213,791150767,786681534,782
TMS320C2000 COFF Assembler PC v4.1.3 Sat Oct 08 14:49:21 2011

Tools Copyright (c) 1996-2006 Texas Instruments Incorporated
cfft32i.asm                                                          PAGE   17

         000002e9 30F8 
         000002ea 8A36 
         000002eb 30B7 
         000002ec 1C18 
         000002ed 3076 
         000002ee 3667 
         000002ef 3034 
         000002f0 D9C7 
         000002f1 2FF1 
         000002f2 06DA 
         000002f3 2FAF 
         000002f4 BE45 
         000002f5 2F6B 
         000002f6 00AF 
         000002f7 2F28 
         000002f8 CEBE 
         000002f9 2EE3 
         000002fa 291B 
         000002fb 2E9F 
     177 000002fc 1070          .long   777654384,773096806,768510122,763894504,759250125,754577161,749875788,745146182,740388522,735
         000002fd 2E5A 
         000002fe 8566 
         000002ff 2E14 
         00000300 88AA 
         00000301 2DCE 
         00000302 1AE8 
         00000303 2D88 
         00000304 3CCD 
         00000305 2D41 
         00000306 EF09 
         00000307 2CF9 
         00000308 324C 
         00000309 2CB2 
         0000030a 0746 
         0000030b 2C6A 
         0000030c 6EAA 
         0000030d 2C21 
         0000030e 692B 
         0000030f 2BD8 
     178 00000310 F77D          .long   730789757,725949013,721080937,716185713,711263525,706314559,701339000,696337036,691308855,686
         00000311 2B8E 
         00000312 1A55 
         00000313 2B45 
         00000314 D269 
         00000315 2AFA 
         00000316 2071 
         00000317 2AB0 
         00000318 0525 
         00000319 2A65 
         0000031a 813F 
         0000031b 2A19 
         0000031c 9578 
         0000031d 29CD 
         0000031e 428C 
         0000031f 2981 
TMS320C2000 COFF Assembler PC v4.1.3 Sat Oct 08 14:49:21 2011

Tools Copyright (c) 1996-2006 Texas Instruments Incorporated
cfft32i.asm                                                          PAGE   18

         00000320 8937 
         00000321 2934 
         00000322 6A37 
         00000323 28E7 
     179 00000324 E64A          .long   681174602,676068911,670937767,665781362,660599890,655393548,650162530,644907034,639627258,634
         00000325 2899 
         00000326 FE2F 
         00000327 284B 
         00000328 B2A7 
         00000329 27FD 
         0000032a 0472 
         0000032b 27AF 
         0000032c F452 
         0000032d 275F 
         0000032e 830C 
         0000032f 2710 
         00000330 B162 
         00000331 26C0 
         00000332 801A 
         00000333 2670 
         00000334 EFFA 
         00000335 261F 
         00000336 01C8 
         00000337 25CF 
     180 00000338 B64C          .long   628995660,623644239,618269338,612871159,607449906,602005783,596538995,591049748,585538248,580
         00000339 257D 
         0000033a 0E4F 
         0000033b 252C 
         0000033c 0A9A 
         0000033d 24DA 
         0000033e ABF7 
         0000033f 2487 
         00000340 F332 
         00000341 2434 
         00000342 E117 
         00000343 23E1 
         00000344 7673 
         00000345 238E 
         00000346 B414 
         00000347 233A 
         00000348 9AC8 
         00000349 22E6 
         0000034a 2B5E 
         0000034b 2292 
     181 0000034c 66A8          .long   574449320,568872310,563273883,557654248,552013618,546352205,540670223,534967884,529245404,523
         0000034d 223D 
         0000034e 4D76 
         0000034f 21E8 
         00000350 E09B 
         00000351 2192 
         00000352 20E8 
         00000353 213D 
         00000354 0F32 
         00000355 20E7 
         00000356 AC4D 
TMS320C2000 COFF Assembler PC v4.1.3 Sat Oct 08 14:49:21 2011

Tools Copyright (c) 1996-2006 Texas Instruments Incorporated
cfft32i.asm                                                          PAGE   19

         00000357 2090 
         00000358 F90F 
         00000359 2039 
         0000035a F64C 
         0000035b 1FE2 
         0000035c A4DC 
         0000035d 1F8B 
         0000035e 0596 
         0000035f 1F34 
     182 00000360 1953          .long   517740883,511959275,506158392,500338453,494499676,488642281,482766489,476872522,470960600,465
         00000361 1EDC 
         00000362 E0EB 
         00000363 1E83 
         00000364 5D38 
         00000365 1E2B 
         00000366 8F15 
         00000367 1DD2 
         00000368 775C 
         00000369 1D79 
         0000036a 16E9 
         0000036b 1D20 
         0000036c 6E99 
         0000036d 1CC6 
         0000036e 7F4A 
         0000036f 1C6C 
         00000370 49D8 
         00000371 1C12 
         00000372 CF23 
         00000373 1BB7 
     183 00000374 100A          .long   459083786,453119340,447137835,441139496,435124548,429093217,423045732,416982319,410903207,404
         00000375 1B5D 
         00000376 0D6C 
         00000377 1B02 
         00000378 C82B 
         00000379 1AA6 
         0000037a 4128 
         0000037b 1A4B 
         0000037c 7944 
         0000037d 19EF 
         0000037e 7161 
         0000037f 1993 
         00000380 2A64 
         00000381 1937 
         00000382 A52F 
         00000383 18DA 
         00000384 E2A7 
         00000385 187D 
         00000386 E3B0 
         00000387 1820 
     184 00000388 A931          .long   398698801,392573967,386434353,380280190,374111709,367929144,361732726,355522689,349299266,343
         00000389 17C3 
         0000038a 340F 
         0000038b 1766 
         0000038c 8531 
         0000038d 1708 
TMS320C2000 COFF Assembler PC v4.1.3 Sat Oct 08 14:49:21 2011

Tools Copyright (c) 1996-2006 Texas Instruments Incorporated
cfft32i.asm                                                          PAGE   20

         0000038e 9D7E 
         0000038f 16AA 
         00000390 7DDD 
         00000391 164C 
         00000392 2738 
         00000393 15EE 
         00000394 9A76 
         00000395 158F 
         00000396 D881 
         00000397 1530 
         00000398 E242 
         00000399 14D1 
         0000039a B8A5 
         0000039b 1472 
     185 0000039c 5C94          .long   336813204,330551034,324276419,317989595,311690799,305380268,299058239,292724951,286380643,280
         0000039d 1413 
         0000039e CEFA 
         0000039f 13B3 
         000003a0 10C3 
         000003a1 1354 
         000003a2 22DB 
         000003a3 12F4 
         000003a4 062F 
         000003a5 1294 
         000003a6 BBAC 
         000003a7 1233 
         000003a8 443F 
         000003a9 11D3 
         000003aa A0D7 
         000003ab 1172 
         000003ac D263 
         000003ad 1111 
         000003ae D9D0 
         000003af 10B0 
     186 000003b0 B80E          .long   273659918,267283981,260897982,254502159,248096755,241682010,235258165,228825464,222384147,215
         000003b1 104F 
         000003b2 6E0D 
         000003b3 0FEE 
         000003b4 FCBE 
         000003b5 0F8C 
         000003b6 650F 
         000003b7 0F2B 
         000003b8 A7F3 
         000003b9 0EC9 
         000003ba C65A 
         000003bb 0E67 
         000003bc C135 
         000003bd 0E05 
         000003be 9978 
         000003bf 0DA3 
         000003c0 5013 
         000003c1 0D41 
         000003c2 E5F9 
         000003c3 0CDE 
     187 000003c4 5C1E          .long   209476638,203010932,196537583,190056834,183568930,177074115,170572633,164064728,157550647,151
TMS320C2000 COFF Assembler PC v4.1.3 Sat Oct 08 14:49:21 2011

Tools Copyright (c) 1996-2006 Texas Instruments Incorporated
cfft32i.asm                                                          PAGE   21

         000003c5 0C7C 
         000003c6 B374 
         000003c7 0C19 
         000003c8 ECEF 
         000003c9 0BB6 
         000003ca 0982 
         000003cb 0B54 
         000003cc 0A22 
         000003cd 0AF1 
         000003ce EFC3 
         000003cf 0A8D 
         000003d0 BB59 
         000003d1 0A2A 
         000003d2 6DD8 
         000003d3 09C7 
         000003d4 0837 
         000003d5 0964 
         000003d6 8B6A 
         000003d7 0900 
     188 000003d8 F867          .long   144504935,137973796,131437462,124896179,118350194,111799753,105245103,98686491,92124163,85558
         000003d9 089C 
         000003da 5024 
         000003db 0839 
         000003dc 9396 
         000003dd 07D5 
         000003de C3B3 
         000003df 0771 
         000003e0 E172 
         000003e1 070D 
         000003e2 EDC9 
         000003e3 06A9 
         000003e4 E9AF 
         000003e5 0645 
         000003e6 D61B 
         000003e7 05E1 
         000003e8 B403 
         000003e9 057D 
         000003ea 845E 
         000003eb 0519 
     189 000003ec 4825          .long   78989349,72417357,65842639,59265442,52686014,46104602,39521455,32936819,26350943,19764076
         000003ed 04B5 
         000003ee 004D 
         000003ef 0451 
         000003f0 ADCF 
         000003f1 03EC 
         000003f2 51A2 
         000003f3 0388 
         000003f4 ECBE 
         000003f5 0323 
         000003f6 801A 
         000003f7 02BF 
         000003f8 0CAF 
         000003f9 025B 
         000003fa 9373 
         000003fb 01F6 
TMS320C2000 COFF Assembler PC v4.1.3 Sat Oct 08 14:49:21 2011

Tools Copyright (c) 1996-2006 Texas Instruments Incorporated
cfft32i.asm                                                          PAGE   22

         000003fc 155F 
         000003fd 0192 
         000003fe 936C 
         000003ff 012D 
     190 00000400 0E90          .long   13176464,6588356,0,-6588356,-13176464,-19764076,-26350943,-32936819,-39521455,-46104602
         00000401 00C9 
         00000402 87C4 
         00000403 0064 
         00000404 0000 
         00000405 0000 
         00000406 783C 
         00000407 FF9B 
         00000408 F170 
         00000409 FF36 
         0000040a 6C94 
         0000040b FED2 
         0000040c EAA1 
         0000040d FE6D 
         0000040e 6C8D 
         0000040f FE09 
         00000410 F351 
         00000411 FDA4 
         00000412 7FE6 
         00000413 FD40 
     191 00000414 1342          .long   -52686014,-59265442,-65842639,-72417357,-78989349,-85558366,-92124163,-98686491,-105245103,-1
         00000415 FCDC 
         00000416 AE5E 
         00000417 FC77 
         00000418 5231 
         00000419 FC13 
         0000041a FFB3 
         0000041b FBAE 
         0000041c B7DB 
         0000041d FB4A 
         0000041e 7BA2 
         0000041f FAE6 
         00000420 4BFD 
         00000421 FA82 
         00000422 29E5 
         00000423 FA1E 
         00000424 1651 
         00000425 F9BA 
         00000426 1237 
         00000427 F956 
     192 00000428 1E8E          .long   -118350194,-124896179,-131437462,-137973796,-144504935,-151030634,-157550647,-164064728,-1705
         00000429 F8F2 
         0000042a 3C4D 
         0000042b F88E 
         0000042c 6C6A 
         0000042d F82A 
         0000042e AFDC 
         0000042f F7C6 
         00000430 0799 
         00000431 F763 
         00000432 7496 
TMS320C2000 COFF Assembler PC v4.1.3 Sat Oct 08 14:49:21 2011

Tools Copyright (c) 1996-2006 Texas Instruments Incorporated
cfft32i.asm                                                          PAGE   23

         00000433 F6FF 
         00000434 F7C9 
         00000435 F69B 
         00000436 9228 
         00000437 F638 
         00000438 44A7 
         00000439 F5D5 
         0000043a 103D 
         0000043b F572 
     193 0000043c F5DE          .long   -183568930,-190056834,-196537583,-203010932,-209476638,-215934457,-222384147,-228825464,-2352
         0000043d F50E 
         0000043e F67E 
         0000043f F4AB 
         00000440 1311 
         00000441 F449 
         00000442 4C8C 
         00000443 F3E6 
         00000444 A3E2 
         00000445 F383 
         00000446 1A07 
         00000447 F321 
         00000448 AFED 
         00000449 F2BE 
         0000044a 6688 
         0000044b F25C 
         0000044c 3ECB 
         0000044d F1FA 
         0000044e 39A6 
         0000044f F198 
     194 00000450 580D          .long   -248096755,-254502159,-260897982,-267283981,-273659918,-280025552,-286380643,-292724951,-2990
         00000451 F136 
         00000452 9AF1 
         00000453 F0D4 
         00000454 0342 
         00000455 F073 
         00000456 91F3 
         00000457 F011 
         00000458 47F2 
         00000459 EFB0 
         0000045a 2630 
         0000045b EF4F 
         0000045c 2D9D 
         0000045d EEEE 
         0000045e 5F29 
         0000045f EE8D 
         00000460 BBC1 
         00000461 EE2C 
         00000462 4454 
         00000463 EDCC 
     195 00000464 F9D1          .long   -311690799,-317989595,-324276419,-330551034,-336813204,-343062693,-349299266,-355522689,-3617
         00000465 ED6B 
         00000466 DD25 
         00000467 ED0B 
         00000468 EF3D 
         00000469 ECAB 
TMS320C2000 COFF Assembler PC v4.1.3 Sat Oct 08 14:49:21 2011

Tools Copyright (c) 1996-2006 Texas Instruments Incorporated
cfft32i.asm                                                          PAGE   24

         0000046a 3106 
         0000046b EC4C 
         0000046c A36C 
         0000046d EBEC 
         0000046e 475B 
         0000046f EB8D 
         00000470 1DBE 
         00000471 EB2E 
         00000472 277F 
         00000473 EACF 
         00000474 658A 
         00000475 EA70 
         00000476 D8C8 
         00000477 EA11 
     196 00000478 8223          .long   -374111709,-380280190,-386434353,-392573967,-398698801,-404808624,-410903207,-416982319,-4230
         00000479 E9B3 
         0000047a 6282 
         0000047b E955 
         0000047c 7ACF 
         0000047d E8F7 
         0000047e CBF1 
         0000047f E899 
         00000480 56CF 
         00000481 E83C 
         00000482 1C50 
         00000483 E7DF 
         00000484 1D59 
         00000485 E782 
         00000486 5AD1 
         00000487 E725 
         00000488 D59C 
         00000489 E6C8 
         0000048a 8E9F 
         0000048b E66C 
     197 0000048c 86BC          .long   -435124548,-441139496,-447137835,-453119340,-459083786,-465030947,-470960600,-476872522,-4827
         0000048d E610 
         0000048e BED8 
         0000048f E5B4 
         00000490 37D5 
         00000491 E559 
         00000492 F294 
         00000493 E4FD 
         00000494 EFF6 
         00000495 E4A2 
         00000496 30DD 
         00000497 E448 
         00000498 B628 
         00000499 E3ED 
         0000049a 80B6 
         0000049b E393 
         0000049c 9167 
         0000049d E339 
         0000049e E917 
         0000049f E2DF 
     198 000004a0 88A4          .long   -494499676,-500338453,-506158392,-511959275,-517740883,-523502998,-529245404,-534967884,-5406
TMS320C2000 COFF Assembler PC v4.1.3 Sat Oct 08 14:49:21 2011

Tools Copyright (c) 1996-2006 Texas Instruments Incorporated
cfft32i.asm                                                          PAGE   25

         000004a1 E286 
         000004a2 70EB 
         000004a3 E22D 
         000004a4 A2C8 
         000004a5 E1D4 
         000004a6 1F15 
         000004a7 E17C 
         000004a8 E6AD 
         000004a9 E123 
         000004aa FA6A 
         000004ab E0CB 
         000004ac 5B24 
         000004ad E074 
         000004ae 09B4 
         000004af E01D 
         000004b0 06F1 
         000004b1 DFC6 
         000004b2 53B3 
         000004b3 DF6F 
     199 000004b4 F0CE          .long   -552013618,-557654248,-563273883,-568872310,-574449320,-580004702,-585538248,-591049748,-5965
         000004b5 DF18 
         000004b6 DF18 
         000004b7 DEC2 
         000004b8 1F65 
         000004b9 DE6D 
         000004ba B28A 
         000004bb DE17 
         000004bc 9958 
         000004bd DDC2 
         000004be D4A2 
         000004bf DD6D 
         000004c0 6538 
         000004c1 DD19 
         000004c2 4BEC 
         000004c3 DCC5 
         000004c4 898D 
         000004c5 DC71 
         000004c6 1EE9 
         000004c7 DC1E 
     200 000004c8 0CCE          .long   -607449906,-612871159,-618269338,-623644239,-628995660,-634323400,-639627258,-644907034,-6501
         000004c9 DBCB 
         000004ca 5409 
         000004cb DB78 
         000004cc F566 
         000004cd DB25 
         000004ce F1B1 
         000004cf DAD3 
         000004d0 49B4 
         000004d1 DA82 
         000004d2 FE38 
         000004d3 DA30 
         000004d4 1006 
         000004d5 D9E0 
         000004d6 7FE6 
         000004d7 D98F 
TMS320C2000 COFF Assembler PC v4.1.3 Sat Oct 08 14:49:21 2011

Tools Copyright (c) 1996-2006 Texas Instruments Incorporated
cfft32i.asm                                                          PAGE   26

         000004d8 4E9E 
         000004d9 D93F 
         000004da 7CF4 
         000004db D8EF 
     201 000004dc 0BAE          .long   -660599890,-665781362,-670937767,-676068911,-681174602,-686254647,-691308855,-696337036,-7013
         000004dd D8A0 
         000004de FB8E 
         000004df D850 
         000004e0 4D59 
         000004e1 D802 
         000004e2 01D1 
         000004e3 D7B4 
         000004e4 19B6 
         000004e5 D766 
         000004e6 95C9 
         000004e7 D718 
         000004e8 76C9 
         000004e9 D6CB 
         000004ea BD74 
         000004eb D67E 
         000004ec 6A88 
         000004ed D632 
         000004ee 7EC1 
         000004ef D5E6 
     202 000004f0 FADB          .long   -711263525,-716185713,-721080937,-725949013,-730789757,-735602987,-740388522,-745146182,-7498
         000004f1 D59A 
         000004f2 DF8F 
         000004f3 D54F 
         000004f4 2D97 
         000004f5 D505 
         000004f6 E5AB 
         000004f7 D4BA 
         000004f8 0883 
         000004f9 D471 
         000004fa 96D5 
         000004fb D427 
         000004fc 9156 
         000004fd D3DE 
         000004fe F8BA 
         000004ff D395 
         00000500 CDB4 
         00000501 D34D 
         00000502 10F7 
         00000503 D306 
     203 00000504 C333          .long   -759250125,-763894504,-768510122,-773096806,-777654384,-782182683,-786681534,-791150767,-7955
         00000505 D2BE 
         00000506 E518 
         00000507 D277 
         00000508 7756 
         00000509 D231 
         0000050a 7A9A 
         0000050b D1EB 
         0000050c EF90 
         0000050d D1A5 
         0000050e D6E5 
TMS320C2000 COFF Assembler PC v4.1.3 Sat Oct 08 14:49:21 2011

Tools Copyright (c) 1996-2006 Texas Instruments Incorporated
cfft32i.asm                                                          PAGE   27

         0000050f D160 
         00000510 3142 
         00000511 D11C 
         00000512 FF51 
         00000513 D0D7 
         00000514 41BB 
         00000515 D094 
         00000516 F926 
         00000517 D050 
     204 00000518 2639          .long   -804379079,-808728167,-813046808,-817334838,-821592095,-825818421,-830013654,-834177638,-8383
         00000519 D00E 
         0000051a C999 
         0000051b CFCB 
         0000051c E3E8 
         0000051d CF89 
         0000051e 75CA 
         0000051f CF48 
         00000520 7FE1 
         00000521 CF07 
         00000522 02CB 
         00000523 CEC7 
         00000524 FF2A 
         00000525 CE86 
         00000526 759A 
         00000527 CE47 
         00000528 66B8 
         00000529 CE08 
         0000052a D320 
         0000052b CDC9 
     205 0000052c BB6D          .long   -846480531,-850517961,-854523370,-858496606,-862437520,-866345964,-870221790,-874064853,-8778
         0000052d CD8B 
         0000052e 2037 
         0000052f CD4E 
         00000530 0216 
         00000531 CD11 
         00000532 61A2 
         00000533 CCD4 
         00000534 3F70 
         00000535 CC98 
         00000536 9C14 
         00000537 CC5C 
         00000538 7822 
         00000539 CC21 
         0000053a D42B 
         0000053b CBE6 
         0000053c B0BF 
         0000053d CBAC 
         0000053e 0E70 
         0000053f CB73 
     206 00000540 EDCA          .long   -885396022,-889106597,-892783698,-896427186,-900036924,-903612776,-907154608,-910662286,-9141
         00000541 CB39 
         00000542 4F5B 
         00000543 CB01 
         00000544 33AE 
         00000545 CAC9 
TMS320C2000 COFF Assembler PC v4.1.3 Sat Oct 08 14:49:21 2011

Tools Copyright (c) 1996-2006 Texas Instruments Incorporated
cfft32i.asm                                                          PAGE   28

         00000546 9B4E 
         00000547 CA91 
         00000548 86C4 
         00000549 CA5A 
         0000054a F698 
         0000054b CA23 
         0000054c EB50 
         0000054d C9ED 
         0000054e 6572 
         0000054f C9B8 
         00000550 6582 
         00000551 C983 
         00000552 EC03 
         00000553 C94E 
     207 00000554 F976          .long   -920979082,-924348837,-927683790,-930983817,-934248793,-937478595,-940673101,-943832191,-9469
         00000555 C91A 
         00000556 8E5B 
         00000557 C8E7 
         00000558 AB32 
         00000559 C8B4 
         0000055a 5077 
         0000055b C882 
         0000055c 7EA7 
         0000055d C850 
         0000055e 363D 
         0000055f C81F 
         00000560 77B3 
         00000561 C7EE 
         00000562 4381 
         00000563 C7BE 
         00000564 9A1D 
         00000565 C78E 
         00000566 7BFE 
         00000567 C75F 
     208 00000568 E997          .long   -953095785,-956112036,-959092290,-962036435,-964944360,-967815955,-970651112,-973449725,-9762
         00000569 C730 
         0000056a E35C 
         0000056b C702 
         0000056c 69BE 
         0000056d C6D5 
         0000056e 7D2D 
         0000056f C6A8 
         00000570 1E18 
         00000571 C67C 
         00000572 4CED 
         00000573 C650 
         00000574 0A18 
         00000575 C625 
         00000576 5603 
         00000577 C5FA 
         00000578 3118 
         00000579 C5D0 
         0000057a 9BBE 
         0000057b C5A6 
     209 0000057c 965D          .long   -981625251,-984276646,-986890984,-989468165,-992008094,-994510675,-996975812,-999403415,-1001
TMS320C2000 COFF Assembler PC v4.1.3 Sat Oct 08 14:49:21 2011

Tools Copyright (c) 1996-2006 Texas Instruments Incorporated
cfft32i.asm                                                          PAGE   29

         0000057d C57D 
         0000057e 215A 
         0000057f C555 
         00000580 3D18 
         00000581 C52D 
         00000582 E9FB 
         00000583 C505 
         00000584 2862 
         00000585 C4DF 
         00000586 F8AD 
         00000587 C4B8 
         00000588 5B3C 
         00000589 C493 
         0000058a 5069 
         0000058b C46E 
         0000058c D892 
         0000058d C449 
         0000058e F410 
         0000058f C425 
     210 00000590 A33C          .long   -1006460100,-1008736660,-1010975242,-1013175761,-1015338134,-1017462281,-1019548121,-10215955
         00000591 C402 
         00000592 E66C 
         00000593 C3DF 
         00000594 BDF6 
         00000595 C3BD 
         00000596 2A2F 
         00000597 C39C 
         00000598 2B6A 
         00000599 C37B 
         0000059a C1F7 
         0000059b C35A 
         0000059c EE27 
         0000059d C33A 
         0000059e B049 
         0000059f C31B 
         000005a0 08A9 
         000005a1 C2FD 
         000005a2 F794 
         000005a3 C2DE 
     211 000005a4 7D52          .long   -1027506862,-1029400018,-1031254418,-1033069992,-1034846671,-1036584389,-1038283080,-10399426
         000005a5 C2C1 
         000005a6 9A2E 
         000005a7 C2A4 
         000005a8 4E6E 
         000005a9 C288 
         000005aa 9A58 
         000005ab C26C 
         000005ac 7E31 
         000005ad C251 
         000005ae FA3B 
         000005af C236 
         000005b0 0EB8 
         000005b1 C21D 
         000005b2 BBE8 
         000005b3 C203 
TMS320C2000 COFF Assembler PC v4.1.3 Sat Oct 08 14:49:21 2011

Tools Copyright (c) 1996-2006 Texas Instruments Incorporated
cfft32i.asm                                                          PAGE   30

         000005b4 0209 
         000005b5 C1EB 
         000005b6 E158 
         000005b7 C1D2 
     212 000005b8 5A11          .long   -1044686319,-1046188946,-1047652185,-1049075980,-1050460278,-1051805027,-1053110176,-10543756
         000005b9 C1BB 
         000005ba 6C6E 
         000005bb C1A4 
         000005bc 18A7 
         000005bd C18E 
         000005be 5EF4 
         000005bf C178 
         000005c0 3F8A 
         000005c1 C163 
         000005c2 BA9D 
         000005c3 C14E 
         000005c4 D060 
         000005c5 C13A 
         000005c6 8104 
         000005c7 C127 
         000005c8 CCB9 
         000005c9 C114 
         000005ca B3AC 
         000005cb C102 
     213 000005cc 360B          .long   -1057933813,-1059040255,-1060106826,-1061133483,-1062120190,-1063066909,-1063973603,-10648402
         000005cd C0F1 
         000005ce 5401 
         000005cf C0E0 
         000005d0 0DB6 
         000005d1 C0D0 
         000005d2 6355 
         000005d3 C0C0 
         000005d4 5502 
         000005d5 C0B1 
         000005d6 E2E3 
         000005d7 C0A2 
         000005d8 0D1D 
         000005d9 C095 
         000005da D3D0 
         000005db C087 
         000005dc 371E 
         000005dd C07B 
         000005de 3726 
         000005df C06F 
     214 000005e0 D405          .long   -1067199483,-1067905576,-1068571464,-1069197120,-1069782521,-1070327646,-1070832474,-10712969
         000005e1 C063 
         000005e2 0DD8 
         000005e3 C059 
         000005e4 E4B8 
         000005e5 C04E 
         000005e6 58C0 
         000005e7 C045 
         000005e8 6A07 
         000005e9 C03C 
         000005ea 18A2 
TMS320C2000 COFF Assembler PC v4.1.3 Sat Oct 08 14:49:21 2011

Tools Copyright (c) 1996-2006 Texas Instruments Incorporated
cfft32i.asm                                                          PAGE   31

         000005eb C034 
         000005ec 64A6 
         000005ed C02C 
         000005ee 4E27 
         000005ef C025 
         000005f0 D535 
         000005f1 C01E 
         000005f2 F9E1 
         000005f3 C018 
     215 000005f4 BC39          .long   -1072448455,-1072751542,-1073014240,-1073236540,-1073418433,-1073559913,-1073660973,-10737216
         000005f5 C013 
         000005f6 1C4A 
         000005f7 C00F 
         000005f8 1A20 
         000005f9 C00B 
         000005fa B5C4 
         000005fb C007 
         000005fc EF3F 
         000005fd C004 
         000005fe C697 
         000005ff C002 
         00000600 3BD3 
         00000601 C001 
         00000602 4EF5 
         00000603 C000 
     216              
     217                      .endif

No Assembly Errors, No Assembly Warnings
