TMS320C2000 COFF Assembler PC v4.1.3 Sat Sep 24 16:15:22 2011

Tools Copyright (c) 1996-2006 Texas Instruments Incorporated
C:\DOCUME~1\ADMINI~1\LOCALS~1\Temp\TI6122                            PAGE    1

       1              ;***************************************************************
       2              ;* TMS320C2000 C/C++ Codegen                         PC v4.1.3 *
       3              ;* Date/Time created: Sat Sep 24 16:15:22 2011                 *
       4              ;***************************************************************
       5                      .compiler_opts --mem_model:code=flat --mem_model:data=large --silicon_version=28 
       6        0002  FP      .set    XAR2
       7              
       8              DW$CU   .dwtag  DW_TAG_compile_unit
       9                      .dwattr DW$CU, DW_AT_name("os_driver_maneger.c")
      10                      .dwattr DW$CU, DW_AT_producer("TMS320C2000 C/C++ Codegen PC v4.1.3 Copyright (c) 1996-2006 Texas Inst
      11                      .dwattr DW$CU, DW_AT_stmt_list(0x00)
      12                      .dwattr DW$CU, DW_AT_TI_VERSION(0x01)
      13              ;**************************************************************
      14              ;* CINIT RECORDS                                              *
      15              ;**************************************************************
      16 00000000               .sect   ".cinit"
      17                      .align  1
      18 00000000 FFFE          .field          -2,16
      19 00000001 0000-         .field          _m_driver_manege_lock+0,32
         00000002 0000 
      20 00000003 0000          .field          0,32                    ; _m_driver_manege_lock @ 0
         00000004 0000 
      21              
      22              
      23              DW$1    .dwtag  DW_TAG_subprogram, DW_AT_name("global_memcpy"), DW_AT_symbol_name("_global_memcpy")
      24                      .dwattr DW$1, DW_AT_declaration(0x01)
      25                      .dwattr DW$1, DW_AT_external(0x01)
      26              DW$2    .dwtag  DW_TAG_formal_parameter, DW_AT_type(*DW$T$3)
      27              DW$3    .dwtag  DW_TAG_formal_parameter, DW_AT_type(*DW$T$3)
      28              DW$4    .dwtag  DW_TAG_formal_parameter, DW_AT_type(*DW$T$23)
      29                      .dwendtag DW$1
      30              
      31              
      32              DW$5    .dwtag  DW_TAG_subprogram, DW_AT_name("os_unlock"), DW_AT_symbol_name("_os_unlock")
      33                      .dwattr DW$5, DW_AT_declaration(0x01)
      34                      .dwattr DW$5, DW_AT_external(0x01)
      35              DW$6    .dwtag  DW_TAG_formal_parameter, DW_AT_type(*DW$T$46)
      36                      .dwendtag DW$5
      37              
      38              
      39              DW$7    .dwtag  DW_TAG_subprogram, DW_AT_name("os_lock"), DW_AT_symbol_name("_os_lock")
      40                      .dwattr DW$7, DW_AT_declaration(0x01)
      41                      .dwattr DW$7, DW_AT_external(0x01)
      42              DW$8    .dwtag  DW_TAG_formal_parameter, DW_AT_type(*DW$T$46)
      43                      .dwendtag DW$7
      44              
      45              
      46              DW$9    .dwtag  DW_TAG_subprogram, DW_AT_name("global_memset"), DW_AT_symbol_name("_global_memset")
      47                      .dwattr DW$9, DW_AT_declaration(0x01)
      48                      .dwattr DW$9, DW_AT_external(0x01)
      49              DW$10   .dwtag  DW_TAG_formal_parameter, DW_AT_type(*DW$T$3)
      50              DW$11   .dwtag  DW_TAG_formal_parameter, DW_AT_type(*DW$T$6)
      51              DW$12   .dwtag  DW_TAG_formal_parameter, DW_AT_type(*DW$T$23)
      52                      .dwendtag DW$9
      53              
TMS320C2000 COFF Assembler PC v4.1.3 Sat Sep 24 16:15:22 2011

Tools Copyright (c) 1996-2006 Texas Instruments Incorporated
C:\DOCUME~1\ADMINI~1\LOCALS~1\Temp\TI6122                            PAGE    2

      54              
      55              DW$13   .dwtag  DW_TAG_subprogram, DW_AT_name("os_lock_creat"), DW_AT_symbol_name("_os_lock_creat")
      56                      .dwattr DW$13, DW_AT_type(*DW$T$6)
      57                      .dwattr DW$13, DW_AT_declaration(0x01)
      58                      .dwattr DW$13, DW_AT_external(0x01)
      59              DW$14   .dwtag  DW_TAG_formal_parameter, DW_AT_type(*DW$T$56)
      60                      .dwendtag DW$13
      61              
      62                      .global _m_driver_manege_lock
      63 00000000       _m_driver_manege_lock:  .usect  ".ebss",2,1,1
      64              DW$15   .dwtag  DW_TAG_variable, DW_AT_name("m_driver_manege_lock"), DW_AT_symbol_name("_m_driver_manege_lock
      65                      .dwattr DW$15, DW_AT_location[DW_OP_addr _m_driver_manege_lock]
      66                      .dwattr DW$15, DW_AT_type(*DW$T$46)
      67                      .dwattr DW$15, DW_AT_external(0x01)
      68                      .global _m_driver_manege_tab
      69 00000040       _m_driver_manege_tab:   .usect  ".ebss",702,1,1
      70              DW$16   .dwtag  DW_TAG_variable, DW_AT_name("m_driver_manege_tab"), DW_AT_symbol_name("_m_driver_manege_tab")
      71                      .dwattr DW$16, DW_AT_location[DW_OP_addr _m_driver_manege_tab]
      72                      .dwattr DW$16, DW_AT_type(*DW$T$67)
      73                      .dwattr DW$16, DW_AT_external(0x01)
      74              ;       C:\CCStudio_v3.3\C2000\cgtools\bin\ac2000.exe -@C:\DOCUME~1\ADMINI~1\LOCALS~1\Temp\TI6124 
      75 00000000               .sect   ".text"
      76                      .global _os_driver_add
      77              
      78              DW$17   .dwtag  DW_TAG_subprogram, DW_AT_name("os_driver_add"), DW_AT_symbol_name("_os_driver_add")
      79                      .dwattr DW$17, DW_AT_low_pc(_os_driver_add)
      80                      .dwattr DW$17, DW_AT_high_pc(0x00)
      81                      .dwattr DW$17, DW_AT_begin_file("os_driver_maneger.c")
      82                      .dwattr DW$17, DW_AT_begin_line(0x31)
      83                      .dwattr DW$17, DW_AT_begin_column(0x0a)
      84                      .dwpsn  "os_driver_maneger.c",50,1
      85              
      86                      .dwfde DW$CIE
      87              
      88              ;***************************************************************
      89              ;* FNAME: _os_driver_add                FR SIZE:   6           *
      90              ;*                                                             *
      91              ;* FUNCTION ENVIRONMENT                                        *
      92              ;*                                                             *
      93              ;* FUNCTION PROPERTIES                                         *
      94              ;*                            0 Parameter,  5 Auto,  0 SOE     *
      95              ;***************************************************************
      96              
      97              _os_driver_add:
      98                      .dwcfa  0x1d, -2
      99                      .dwcfa  0x1c, 26, 0
     100                      .dwcfa  0x09, 40, 26
     101 00000000 FE06          ADDB      SP,#6
     102                      .dwcfa  0x1d, -8
     103              ;* AR4   assigned to _driver_operate
     104              DW$18   .dwtag  DW_TAG_formal_parameter, DW_AT_name("driver_operate"), DW_AT_symbol_name("_driver_operate")
     105                      .dwattr DW$18, DW_AT_type(*DW$T$60)
     106                      .dwattr DW$18, DW_AT_location[DW_OP_reg12]
     107              ;* AR5   assigned to _pname
     108              DW$19   .dwtag  DW_TAG_formal_parameter, DW_AT_name("pname"), DW_AT_symbol_name("_pname")
TMS320C2000 COFF Assembler PC v4.1.3 Sat Sep 24 16:15:22 2011

Tools Copyright (c) 1996-2006 Texas Instruments Incorporated
C:\DOCUME~1\ADMINI~1\LOCALS~1\Temp\TI6122                            PAGE    3

     109                      .dwattr DW$19, DW_AT_type(*DW$T$61)
     110                      .dwattr DW$19, DW_AT_location[DW_OP_reg14]
     111              DW$20   .dwtag  DW_TAG_variable, DW_AT_name("driver_operate"), DW_AT_symbol_name("_driver_operate")
     112                      .dwattr DW$20, DW_AT_type(*DW$T$60)
     113                      .dwattr DW$20, DW_AT_location[DW_OP_breg20 -2]
     114              DW$21   .dwtag  DW_TAG_variable, DW_AT_name("pname"), DW_AT_symbol_name("_pname")
     115                      .dwattr DW$21, DW_AT_type(*DW$T$61)
     116                      .dwattr DW$21, DW_AT_location[DW_OP_breg20 -4]
     117              DW$22   .dwtag  DW_TAG_variable, DW_AT_name("index"), DW_AT_symbol_name("_index")
     118                      .dwattr DW$22, DW_AT_type(*DW$T$6)
     119                      .dwattr DW$22, DW_AT_location[DW_OP_breg20 -5]
     120 00000001 A044          MOVL      *-SP[4],XAR5          ; |50| 
     121 00000002 A842          MOVL      *-SP[2],XAR4          ; |50| 
     122                      .dwpsn  "os_driver_maneger.c",52,2
     123 00000003 761F-         MOVW      DP,#_m_driver_manege_lock
         00000004 0000 
     124 00000005 8A00-         MOVL      XAR4,@_m_driver_manege_lock ; |52| 
     125 00000006 7640!         LCR       #_os_lock             ; |52| 
         00000007 0000 
     126                      ; call occurs [#_os_lock] ; |52| 
     127                      .dwpsn  "os_driver_maneger.c",53,8
     128 00000008 2B45          MOV       *-SP[5],#0            ; |53| 
     129                      .dwpsn  "os_driver_maneger.c",53,18
     130 00000009 9245          MOV       AL,*-SP[5]            ; |53| 
     131 0000000a 5219          CMPB      AL,#25                ; |53| 
     132 0000000b 6761          B         L3,HIS                ; |53| 
     133                      ; branchcc occurs ; |53| 
     134              L1:    
     135              DW$L$_os_driver_add$2$B:
     136                      .dwpsn  "os_driver_maneger.c",55,3
     137 0000000c 28AC          MOV       T,#28                 ; |55| 
         0000000d 001C 
     138 0000000e 8F00-         MOVL      XAR4,#_m_driver_manege_tab+2 ; |55| 
         0000000f 0042 
     139 00000010 3045          MPYXU     ACC,T,*-SP[5]         ; |55| 
     140 00000011 5601          ADDL      XAR4,ACC
         00000012 00A4 
     141 00000013 92C4          MOV       AL,*+XAR4[0]          ; |55| 
     142 00000014 ED54          BF        L2,NEQ                ; |55| 
     143                      ; branchcc occurs ; |55| 
     144              DW$L$_os_driver_add$2$E:
     145                      .dwpsn  "os_driver_maneger.c",57,4
     146 00000015 28AC          MOV       T,#28                 ; |57| 
         00000016 001C 
     147 00000017 8342          MOVL      XAR5,*-SP[2]          ; |57| 
     148 00000018 8F00-         MOVL      XAR4,#_m_driver_manege_tab+10 ; |57| 
         00000019 004A 
     149 0000001a 3045          MPYXU     ACC,T,*-SP[5]         ; |57| 
     150 0000001b 5601          ADDL      XAR4,ACC
         0000001c 00A4 
     151 0000001d 06F5          MOVL      ACC,*+XAR5[6]         ; |57| 
     152 0000001e 1EC4          MOVL      *+XAR4[0],ACC         ; |57| 
     153                      .dwpsn  "os_driver_maneger.c",59,4
     154 0000001f 28AC          MOV       T,#28                 ; |59| 
         00000020 001C 
TMS320C2000 COFF Assembler PC v4.1.3 Sat Sep 24 16:15:22 2011

Tools Copyright (c) 1996-2006 Texas Instruments Incorporated
C:\DOCUME~1\ADMINI~1\LOCALS~1\Temp\TI6122                            PAGE    4

     155 00000021 8342          MOVL      XAR5,*-SP[2]          ; |59| 
     156 00000022 8F00-         MOVL      XAR4,#_m_driver_manege_tab+8 ; |59| 
         00000023 0048 
     157 00000024 3045          MPYXU     ACC,T,*-SP[5]         ; |59| 
     158 00000025 5601          ADDL      XAR4,ACC
         00000026 00A4 
     159 00000027 06E5          MOVL      ACC,*+XAR5[4]         ; |59| 
     160 00000028 1EC4          MOVL      *+XAR4[0],ACC         ; |59| 
     161                      .dwpsn  "os_driver_maneger.c",61,4
     162 00000029 28AC          MOV       T,#28                 ; |61| 
         0000002a 001C 
     163 0000002b 8342          MOVL      XAR5,*-SP[2]          ; |61| 
     164 0000002c 8F00-         MOVL      XAR4,#_m_driver_manege_tab+6 ; |61| 
         0000002d 0046 
     165 0000002e 3045          MPYXU     ACC,T,*-SP[5]         ; |61| 
     166 0000002f 5601          ADDL      XAR4,ACC
         00000030 00A4 
     167 00000031 06D5          MOVL      ACC,*+XAR5[2]         ; |61| 
     168 00000032 1EC4          MOVL      *+XAR4[0],ACC         ; |61| 
     169                      .dwpsn  "os_driver_maneger.c",63,4
     170 00000033 28AC          MOV       T,#28                 ; |63| 
         00000034 001C 
     171 00000035 8342          MOVL      XAR5,*-SP[2]          ; |63| 
     172 00000036 8F00-         MOVL      XAR4,#_m_driver_manege_tab+4 ; |63| 
         00000037 0044 
     173 00000038 3045          MPYXU     ACC,T,*-SP[5]         ; |63| 
     174 00000039 5601          ADDL      XAR4,ACC
         0000003a 00A4 
     175 0000003b 06C5          MOVL      ACC,*+XAR5[0]         ; |63| 
     176 0000003c 1EC4          MOVL      *+XAR4[0],ACC         ; |63| 
     177                      .dwpsn  "os_driver_maneger.c",65,4
     178 0000003d 28AC          MOV       T,#28                 ; |65| 
         0000003e 001C 
     179 0000003f 8F00-         MOVL      XAR4,#_m_driver_manege_tab+12 ; |65| 
         00000040 004C 
     180 00000041 8342          MOVL      XAR5,*-SP[2]          ; |65| 
     181 00000042 3045          MPYXU     ACC,T,*-SP[5]         ; |65| 
     182 00000043 5601          ADDL      XAR4,ACC
         00000044 00A4 
     183 00000045 D008          MOVB      XAR0,#8               ; |65| 
     184 00000046 0695          MOVL      ACC,*+XAR5[AR0]       ; |65| 
     185 00000047 1EC4          MOVL      *+XAR4[0],ACC         ; |65| 
     186                      .dwpsn  "os_driver_maneger.c",67,4
     187 00000048 28AC          MOV       T,#28                 ; |67| 
         00000049 001C 
     188 0000004a 8F00-         MOVL      XAR4,#_m_driver_manege_tab+2 ; |67| 
         0000004b 0042 
     189 0000004c 3045          MPYXU     ACC,T,*-SP[5]         ; |67| 
     190 0000004d 5601          ADDL      XAR4,ACC
         0000004e 00A4 
     191 0000004f 9245          MOV       AL,*-SP[5]            ; |67| 
     192 00000050 9C01          ADDB      AL,#1                 ; |67| 
     193 00000051 96C4          MOV       *+XAR4[0],AL          ; |67| 
     194                      .dwpsn  "os_driver_maneger.c",69,4
     195 00000052 28AC          MOV       T,#28                 ; |69| 
TMS320C2000 COFF Assembler PC v4.1.3 Sat Sep 24 16:15:22 2011

Tools Copyright (c) 1996-2006 Texas Instruments Incorporated
C:\DOCUME~1\ADMINI~1\LOCALS~1\Temp\TI6122                            PAGE    5

         00000053 001C 
     196 00000054 8F00-         MOVL      XAR4,#_m_driver_manege_tab+14 ; |69| 
         00000055 004E 
     197 00000056 3045          MPYXU     ACC,T,*-SP[5]         ; |69| 
     198 00000057 5601          ADDL      XAR4,ACC
         00000058 00A4 
     199 00000059 8344          MOVL      XAR5,*-SP[4]          ; |69| 
     200 0000005a 9A0E          MOVB      AL,#14                ; |69| 
     201 0000005b 7640!         LCR       #_global_memcpy       ; |69| 
         0000005c 0000 
     202                      ; call occurs [#_global_memcpy] ; |69| 
     203                      .dwpsn  "os_driver_maneger.c",73,4
     204 0000005d 761F-         MOVW      DP,#_m_driver_manege_tab
         0000005e 0001 
     205 0000005f 0A00-         INC       @_m_driver_manege_tab ; |73| 
     206                      .dwpsn  "os_driver_maneger.c",74,4
     207 00000060 761F-         MOVW      DP,#_m_driver_manege_lock
         00000061 0000 
     208 00000062 8A00-         MOVL      XAR4,@_m_driver_manege_lock ; |74| 
     209 00000063 7640!         LCR       #_os_unlock           ; |74| 
         00000064 0000 
     210                      ; call occurs [#_os_unlock] ; |74| 
     211                      .dwpsn  "os_driver_maneger.c",75,4
     212 00000065 9245          MOV       AL,*-SP[5]            ; |75| 
     213 00000066 9C01          ADDB      AL,#1                 ; |75| 
     214 00000067 6F0B          B         L4,UNC                ; |75| 
     215                      ; branch occurs ; |75| 
     216              L2:    
     217              DW$L$_os_driver_add$4$B:
     218                      .dwpsn  "os_driver_maneger.c",53,46
     219 00000068 0A45          INC       *-SP[5]               ; |53| 
     220                      .dwpsn  "os_driver_maneger.c",53,18
     221 00000069 9245          MOV       AL,*-SP[5]            ; |53| 
     222 0000006a 5219          CMPB      AL,#25                ; |53| 
     223 0000006b 68A1          B         L1,LO                 ; |53| 
     224                      ; branchcc occurs ; |53| 
     225              DW$L$_os_driver_add$4$E:
     226              L3:    
     227                      .dwpsn  "os_driver_maneger.c",78,2
     228 0000006c 761F-         MOVW      DP,#_m_driver_manege_lock
         0000006d 0000 
     229 0000006e 8A00-         MOVL      XAR4,@_m_driver_manege_lock ; |78| 
     230 0000006f 7640!         LCR       #_os_unlock           ; |78| 
         00000070 0000 
     231                      ; call occurs [#_os_unlock] ; |78| 
     232                      .dwpsn  "os_driver_maneger.c",79,2
     233 00000071 9A00          MOVB      AL,#0
     234              L4:    
     235                      .dwpsn  "os_driver_maneger.c",80,1
     236 00000072 FE86          SUBB      SP,#6                 ; |79| 
     237                      .dwcfa  0x1d, -2
     238 00000073 0006          LRETR
     239                      ; return occurs
     240              
     241              DW$23   .dwtag  DW_TAG_loop
TMS320C2000 COFF Assembler PC v4.1.3 Sat Sep 24 16:15:22 2011

Tools Copyright (c) 1996-2006 Texas Instruments Incorporated
C:\DOCUME~1\ADMINI~1\LOCALS~1\Temp\TI6122                            PAGE    6

     242                      .dwattr DW$23, DW_AT_name("C:\DOCUME~1\ADMINI~1\LOCALS~1\Temp\TI6122:L1:1:1316852122")
     243                      .dwattr DW$23, DW_AT_begin_file("os_driver_maneger.c")
     244                      .dwattr DW$23, DW_AT_begin_line(0x35)
     245                      .dwattr DW$23, DW_AT_end_line(0x4d)
     246              DW$24   .dwtag  DW_TAG_loop_range
     247                      .dwattr DW$24, DW_AT_low_pc(DW$L$_os_driver_add$2$B)
     248                      .dwattr DW$24, DW_AT_high_pc(DW$L$_os_driver_add$2$E)
     249              DW$25   .dwtag  DW_TAG_loop_range
     250                      .dwattr DW$25, DW_AT_low_pc(DW$L$_os_driver_add$4$B)
     251                      .dwattr DW$25, DW_AT_high_pc(DW$L$_os_driver_add$4$E)
     252                      .dwendtag DW$23
     253              
     254                      .dwattr DW$17, DW_AT_end_file("os_driver_maneger.c")
     255                      .dwattr DW$17, DW_AT_end_line(0x50)
     256                      .dwattr DW$17, DW_AT_end_column(0x01)
     257                      .dwendentry
     258                      .dwendtag DW$17
     259              
     260 00000074               .sect   ".text"
     261                      .global _os_driver_delete
     262              
     263              DW$26   .dwtag  DW_TAG_subprogram, DW_AT_name("os_driver_delete"), DW_AT_symbol_name("_os_driver_delete")
     264                      .dwattr DW$26, DW_AT_low_pc(_os_driver_delete)
     265                      .dwattr DW$26, DW_AT_high_pc(0x00)
     266                      .dwattr DW$26, DW_AT_begin_file("os_driver_maneger.c")
     267                      .dwattr DW$26, DW_AT_begin_line(0x5a)
     268                      .dwattr DW$26, DW_AT_begin_column(0x06)
     269                      .dwpsn  "os_driver_maneger.c",91,1
     270              
     271                      .dwfde DW$CIE
     272              
     273              ;***************************************************************
     274              ;* FNAME: _os_driver_delete             FR SIZE:   2           *
     275              ;*                                                             *
     276              ;* FUNCTION ENVIRONMENT                                        *
     277              ;*                                                             *
     278              ;* FUNCTION PROPERTIES                                         *
     279              ;*                            0 Parameter,  1 Auto,  0 SOE     *
     280              ;***************************************************************
     281              
     282              _os_driver_delete:
     283                      .dwcfa  0x1d, -2
     284                      .dwcfa  0x1c, 26, 0
     285                      .dwcfa  0x09, 40, 26
     286 00000074 FE02          ADDB      SP,#2
     287                      .dwcfa  0x1d, -4
     288              ;* AL    assigned to _dev_id
     289              DW$27   .dwtag  DW_TAG_formal_parameter, DW_AT_name("dev_id"), DW_AT_symbol_name("_dev_id")
     290                      .dwattr DW$27, DW_AT_type(*DW$T$37)
     291                      .dwattr DW$27, DW_AT_location[DW_OP_reg0]
     292              DW$28   .dwtag  DW_TAG_variable, DW_AT_name("dev_id"), DW_AT_symbol_name("_dev_id")
     293                      .dwattr DW$28, DW_AT_type(*DW$T$37)
     294                      .dwattr DW$28, DW_AT_location[DW_OP_breg20 -1]
     295 00000075 9641          MOV       *-SP[1],AL            ; |91| 
     296                      .dwpsn  "os_driver_maneger.c",92,2
TMS320C2000 COFF Assembler PC v4.1.3 Sat Sep 24 16:15:22 2011

Tools Copyright (c) 1996-2006 Texas Instruments Incorporated
C:\DOCUME~1\ADMINI~1\LOCALS~1\Temp\TI6122                            PAGE    7

     297 00000076 761F-         MOVW      DP,#_m_driver_manege_lock
         00000077 0000 
     298 00000078 8A00-         MOVL      XAR4,@_m_driver_manege_lock ; |92| 
     299 00000079 7640!         LCR       #_os_lock             ; |92| 
         0000007a 0000 
     300                      ; call occurs [#_os_lock] ; |92| 
     301                      .dwpsn  "os_driver_maneger.c",93,2
     302 0000007b 9241          MOV       AL,*-SP[1]            ; |93| 
     303 0000007c 28AC          MOV       T,#28                 ; |93| 
         0000007d 001C 
     304 0000007e 9CFF          ADDB      AL,#-1
     305 0000007f 8F00-         MOVL      XAR4,#_m_driver_manege_tab+2 ; |93| 
         00000080 0042 
     306 00000081 30A9          MPYXU     ACC,T,AL              ; |93| 
     307 00000082 5601          ADDL      XAR4,ACC
         00000083 00A4 
     308 00000084 92C4          MOV       AL,*+XAR4[0]          ; |93| 
     309 00000085 EC0E          BF        L5,EQ                 ; |93| 
     310                      ; branchcc occurs ; |93| 
     311                      .dwpsn  "os_driver_maneger.c",95,3
     312 00000086 9241          MOV       AL,*-SP[1]            ; |95| 
     313 00000087 28AC          MOV       T,#28                 ; |95| 
         00000088 001C 
     314 00000089 8F00-         MOVL      XAR4,#_m_driver_manege_tab+2 ; |95| 
         0000008a 0042 
     315 0000008b 9CFF          ADDB      AL,#-1
     316 0000008c 30A9          MPYXU     ACC,T,AL              ; |95| 
     317 0000008d 5601          ADDL      XAR4,ACC
         0000008e 00A4 
     318 0000008f 9A00          MOVB      AL,#0
     319 00000090 9B1C          MOVB      AH,#28                ; |95| 
     320 00000091 7640!         LCR       #_global_memset       ; |95| 
         00000092 0000 
     321                      ; call occurs [#_global_memset] ; |95| 
     322              L5:    
     323                      .dwpsn  "os_driver_maneger.c",98,2
     324 00000093 761F-         MOVW      DP,#_m_driver_manege_tab
         00000094 0001 
     325 00000095 0B00-         DEC       @_m_driver_manege_tab ; |98| 
     326                      .dwpsn  "os_driver_maneger.c",99,2
     327 00000096 761F-         MOVW      DP,#_m_driver_manege_lock
         00000097 0000 
     328 00000098 8A00-         MOVL      XAR4,@_m_driver_manege_lock ; |99| 
     329 00000099 7640!         LCR       #_os_unlock           ; |99| 
         0000009a 0000 
     330                      ; call occurs [#_os_unlock] ; |99| 
     331                      .dwpsn  "os_driver_maneger.c",100,2
     332                      .dwpsn  "os_driver_maneger.c",101,1
     333 0000009b FE82          SUBB      SP,#2
     334                      .dwcfa  0x1d, -2
     335 0000009c 0006          LRETR
     336                      ; return occurs
     337                      .dwattr DW$26, DW_AT_end_file("os_driver_maneger.c")
     338                      .dwattr DW$26, DW_AT_end_line(0x65)
     339                      .dwattr DW$26, DW_AT_end_column(0x01)
TMS320C2000 COFF Assembler PC v4.1.3 Sat Sep 24 16:15:22 2011

Tools Copyright (c) 1996-2006 Texas Instruments Incorporated
C:\DOCUME~1\ADMINI~1\LOCALS~1\Temp\TI6122                            PAGE    8

     340                      .dwendentry
     341                      .dwendtag DW$26
     342              
     343 0000009d               .sect   ".text"
     344                      .global _os_driver_uninstall
     345              
     346              DW$29   .dwtag  DW_TAG_subprogram, DW_AT_name("os_driver_uninstall"), DW_AT_symbol_name("_os_driver_uninstall
     347                      .dwattr DW$29, DW_AT_low_pc(_os_driver_uninstall)
     348                      .dwattr DW$29, DW_AT_high_pc(0x00)
     349                      .dwattr DW$29, DW_AT_begin_file("os_driver_maneger.c")
     350                      .dwattr DW$29, DW_AT_begin_line(0x6e)
     351                      .dwattr DW$29, DW_AT_begin_column(0x06)
     352                      .dwpsn  "os_driver_maneger.c",111,1
     353              
     354                      .dwfde DW$CIE
     355              
     356              ;***************************************************************
     357              ;* FNAME: _os_driver_uninstall          FR SIZE:   2           *
     358              ;*                                                             *
     359              ;* FUNCTION ENVIRONMENT                                        *
     360              ;*                                                             *
     361              ;* FUNCTION PROPERTIES                                         *
     362              ;*                            0 Parameter,  1 Auto,  0 SOE     *
     363              ;***************************************************************
     364              
     365              _os_driver_uninstall:
     366                      .dwcfa  0x1d, -2
     367                      .dwcfa  0x1c, 26, 0
     368                      .dwcfa  0x09, 40, 26
     369 0000009d FE02          ADDB      SP,#2
     370                      .dwcfa  0x1d, -4
     371              ;* AL    assigned to _id
     372              DW$30   .dwtag  DW_TAG_formal_parameter, DW_AT_name("id"), DW_AT_symbol_name("_id")
     373                      .dwattr DW$30, DW_AT_type(*DW$T$37)
     374                      .dwattr DW$30, DW_AT_location[DW_OP_reg0]
     375              DW$31   .dwtag  DW_TAG_variable, DW_AT_name("id"), DW_AT_symbol_name("_id")
     376                      .dwattr DW$31, DW_AT_type(*DW$T$37)
     377                      .dwattr DW$31, DW_AT_location[DW_OP_breg20 -1]
     378 0000009e 9641          MOV       *-SP[1],AL            ; |111| 
     379                      .dwpsn  "os_driver_maneger.c",112,2
     380 0000009f 28AC          MOV       T,#28                 ; |112| 
         000000a0 001C 
     381 000000a1 9CFF          ADDB      AL,#-1
     382 000000a2 30A9          MPYXU     ACC,T,AL              ; |112| 
     383 000000a3 8F00-         MOVL      XAR4,#_m_driver_manege_tab+2 ; |112| 
         000000a4 0042 
     384 000000a5 5601          ADDL      XAR4,ACC
         000000a6 00A4 
     385 000000a7 92C4          MOV       AL,*+XAR4[0]          ; |112| 
     386 000000a8 EC10          BF        L6,EQ                 ; |112| 
     387                      ; branchcc occurs ; |112| 
     388 000000a9 9241          MOV       AL,*-SP[1]            ; |112| 
     389 000000aa EC0E          BF        L6,EQ                 ; |112| 
     390                      ; branchcc occurs ; |112| 
     391                      .dwpsn  "os_driver_maneger.c",114,3
TMS320C2000 COFF Assembler PC v4.1.3 Sat Sep 24 16:15:22 2011

Tools Copyright (c) 1996-2006 Texas Instruments Incorporated
C:\DOCUME~1\ADMINI~1\LOCALS~1\Temp\TI6122                            PAGE    9

     392 000000ab 9CFF          ADDB      AL,#-1
     393 000000ac 28AC          MOV       T,#28                 ; |114| 
         000000ad 001C 
     394 000000ae 8F00-         MOVL      XAR4,#_m_driver_manege_tab+12 ; |114| 
         000000af 004C 
     395 000000b0 30A9          MPYXU     ACC,T,AL              ; |114| 
     396 000000b1 5601          ADDL      XAR4,ACC
         000000b2 00A4 
     397 000000b3 C5C4          MOVL      XAR7,*+XAR4[0]        ; |114| 
     398 000000b4 3E67          LCR       *XAR7                 ; |114| 
     399                      ; call occurs [XAR7] ; |114| 
     400                      .dwpsn  "os_driver_maneger.c",115,3
     401 000000b5 9241          MOV       AL,*-SP[1]            ; |115| 
     402 000000b6 7640'         LCR       #_os_driver_delete    ; |115| 
         000000b7 0074 
     403                      ; call occurs [#_os_driver_delete] ; |115| 
     404                      .dwpsn  "os_driver_maneger.c",117,2
     405              L6:    
     406                      .dwpsn  "os_driver_maneger.c",118,1
     407 000000b8 FE82          SUBB      SP,#2
     408                      .dwcfa  0x1d, -2
     409 000000b9 0006          LRETR
     410                      ; return occurs
     411                      .dwattr DW$29, DW_AT_end_file("os_driver_maneger.c")
     412                      .dwattr DW$29, DW_AT_end_line(0x76)
     413                      .dwattr DW$29, DW_AT_end_column(0x01)
     414                      .dwendentry
     415                      .dwendtag DW$29
     416              
     417 000000ba               .sect   ".text"
     418                      .global _os_driver_init
     419              
     420              DW$32   .dwtag  DW_TAG_subprogram, DW_AT_name("os_driver_init"), DW_AT_symbol_name("_os_driver_init")
     421                      .dwattr DW$32, DW_AT_low_pc(_os_driver_init)
     422                      .dwattr DW$32, DW_AT_high_pc(0x00)
     423                      .dwattr DW$32, DW_AT_begin_file("os_driver_maneger.c")
     424                      .dwattr DW$32, DW_AT_begin_line(0x7f)
     425                      .dwattr DW$32, DW_AT_begin_column(0x06)
     426                      .dwpsn  "os_driver_maneger.c",128,1
     427              
     428                      .dwfde DW$CIE
     429              
     430              ;***************************************************************
     431              ;* FNAME: _os_driver_init               FR SIZE:   2           *
     432              ;*                                                             *
     433              ;* FUNCTION ENVIRONMENT                                        *
     434              ;*                                                             *
     435              ;* FUNCTION PROPERTIES                                         *
     436              ;*                            0 Parameter,  1 Auto,  0 SOE     *
     437              ;***************************************************************
     438              
     439              _os_driver_init:
     440                      .dwcfa  0x1d, -2
     441                      .dwcfa  0x1c, 26, 0
     442                      .dwcfa  0x09, 40, 26
TMS320C2000 COFF Assembler PC v4.1.3 Sat Sep 24 16:15:22 2011

Tools Copyright (c) 1996-2006 Texas Instruments Incorporated
C:\DOCUME~1\ADMINI~1\LOCALS~1\Temp\TI6122                            PAGE   10

     443 000000ba FE02          ADDB      SP,#2
     444                      .dwcfa  0x1d, -4
     445              ;* AL    assigned to _id
     446              DW$33   .dwtag  DW_TAG_formal_parameter, DW_AT_name("id"), DW_AT_symbol_name("_id")
     447                      .dwattr DW$33, DW_AT_type(*DW$T$37)
     448                      .dwattr DW$33, DW_AT_location[DW_OP_reg0]
     449              DW$34   .dwtag  DW_TAG_variable, DW_AT_name("id"), DW_AT_symbol_name("_id")
     450                      .dwattr DW$34, DW_AT_type(*DW$T$37)
     451                      .dwattr DW$34, DW_AT_location[DW_OP_breg20 -1]
     452 000000bb 9641          MOV       *-SP[1],AL            ; |128| 
     453                      .dwpsn  "os_driver_maneger.c",129,2
     454 000000bc 28AC          MOV       T,#28                 ; |129| 
         000000bd 001C 
     455 000000be 9CFF          ADDB      AL,#-1
     456 000000bf 30A9          MPYXU     ACC,T,AL              ; |129| 
     457 000000c0 8F00-         MOVL      XAR4,#_m_driver_manege_tab+2 ; |129| 
         000000c1 0042 
     458 000000c2 5601          ADDL      XAR4,ACC
         000000c3 00A4 
     459 000000c4 92C4          MOV       AL,*+XAR4[0]          ; |129| 
     460 000000c5 EC0D          BF        L7,EQ                 ; |129| 
     461                      ; branchcc occurs ; |129| 
     462 000000c6 9241          MOV       AL,*-SP[1]            ; |129| 
     463 000000c7 EC0B          BF        L7,EQ                 ; |129| 
     464                      ; branchcc occurs ; |129| 
     465                      .dwpsn  "os_driver_maneger.c",131,3
     466 000000c8 9CFF          ADDB      AL,#-1
     467 000000c9 28AC          MOV       T,#28                 ; |131| 
         000000ca 001C 
     468 000000cb 30A9          MPYXU     ACC,T,AL              ; |131| 
     469 000000cc 8F00-         MOVL      XAR4,#_m_driver_manege_tab+10 ; |131| 
         000000cd 004A 
     470 000000ce 5601          ADDL      XAR4,ACC
         000000cf 00A4 
     471 000000d0 C5C4          MOVL      XAR7,*+XAR4[0]        ; |131| 
     472 000000d1 3E67          LCR       *XAR7                 ; |131| 
     473                      ; call occurs [XAR7] ; |131| 
     474                      .dwpsn  "os_driver_maneger.c",134,2
     475              L7:    
     476                      .dwpsn  "os_driver_maneger.c",135,1
     477 000000d2 FE82          SUBB      SP,#2
     478                      .dwcfa  0x1d, -2
     479 000000d3 0006          LRETR
     480                      ; return occurs
     481                      .dwattr DW$32, DW_AT_end_file("os_driver_maneger.c")
     482                      .dwattr DW$32, DW_AT_end_line(0x87)
     483                      .dwattr DW$32, DW_AT_end_column(0x01)
     484                      .dwendentry
     485                      .dwendtag DW$32
     486              
     487 000000d4               .sect   ".text"
     488                      .global _os_driver_read
     489              
     490              DW$35   .dwtag  DW_TAG_subprogram, DW_AT_name("os_driver_read"), DW_AT_symbol_name("_os_driver_read")
     491                      .dwattr DW$35, DW_AT_low_pc(_os_driver_read)
TMS320C2000 COFF Assembler PC v4.1.3 Sat Sep 24 16:15:22 2011

Tools Copyright (c) 1996-2006 Texas Instruments Incorporated
C:\DOCUME~1\ADMINI~1\LOCALS~1\Temp\TI6122                            PAGE   11

     492                      .dwattr DW$35, DW_AT_high_pc(0x00)
     493                      .dwattr DW$35, DW_AT_begin_file("os_driver_maneger.c")
     494                      .dwattr DW$35, DW_AT_begin_line(0x90)
     495                      .dwattr DW$35, DW_AT_begin_column(0x09)
     496                      .dwpsn  "os_driver_maneger.c",145,1
     497              
     498                      .dwfde DW$CIE
     499              
     500              ;***************************************************************
     501              ;* FNAME: _os_driver_read               FR SIZE:   8           *
     502              ;*                                                             *
     503              ;* FUNCTION ENVIRONMENT                                        *
     504              ;*                                                             *
     505              ;* FUNCTION PROPERTIES                                         *
     506              ;*                            0 Parameter,  8 Auto,  0 SOE     *
     507              ;***************************************************************
     508              
     509              _os_driver_read:
     510                      .dwcfa  0x1d, -2
     511                      .dwcfa  0x1c, 26, 0
     512                      .dwcfa  0x09, 40, 26
     513 000000d4 FE08          ADDB      SP,#8
     514                      .dwcfa  0x1d, -10
     515              ;* AL    assigned to _id
     516              DW$36   .dwtag  DW_TAG_formal_parameter, DW_AT_name("id"), DW_AT_symbol_name("_id")
     517                      .dwattr DW$36, DW_AT_type(*DW$T$37)
     518                      .dwattr DW$36, DW_AT_location[DW_OP_reg0]
     519              ;* AR4   assigned to _buf
     520              DW$37   .dwtag  DW_TAG_formal_parameter, DW_AT_name("buf"), DW_AT_symbol_name("_buf")
     521                      .dwattr DW$37, DW_AT_type(*DW$T$24)
     522                      .dwattr DW$37, DW_AT_location[DW_OP_reg12]
     523              ;* AH    assigned to _size
     524              DW$38   .dwtag  DW_TAG_formal_parameter, DW_AT_name("size"), DW_AT_symbol_name("_size")
     525                      .dwattr DW$38, DW_AT_type(*DW$T$23)
     526                      .dwattr DW$38, DW_AT_location[DW_OP_reg1]
     527              ;* AR5   assigned to _pos
     528              DW$39   .dwtag  DW_TAG_formal_parameter, DW_AT_name("pos"), DW_AT_symbol_name("_pos")
     529                      .dwattr DW$39, DW_AT_type(*DW$T$3)
     530                      .dwattr DW$39, DW_AT_location[DW_OP_reg14]
     531              DW$40   .dwtag  DW_TAG_variable, DW_AT_name("id"), DW_AT_symbol_name("_id")
     532                      .dwattr DW$40, DW_AT_type(*DW$T$37)
     533                      .dwattr DW$40, DW_AT_location[DW_OP_breg20 -1]
     534              DW$41   .dwtag  DW_TAG_variable, DW_AT_name("buf"), DW_AT_symbol_name("_buf")
     535                      .dwattr DW$41, DW_AT_type(*DW$T$24)
     536                      .dwattr DW$41, DW_AT_location[DW_OP_breg20 -4]
     537              DW$42   .dwtag  DW_TAG_variable, DW_AT_name("size"), DW_AT_symbol_name("_size")
     538                      .dwattr DW$42, DW_AT_type(*DW$T$23)
     539                      .dwattr DW$42, DW_AT_location[DW_OP_breg20 -5]
     540              DW$43   .dwtag  DW_TAG_variable, DW_AT_name("pos"), DW_AT_symbol_name("_pos")
     541                      .dwattr DW$43, DW_AT_type(*DW$T$3)
     542                      .dwattr DW$43, DW_AT_location[DW_OP_breg20 -8]
     543 000000d5 A048          MOVL      *-SP[8],XAR5          ; |145| 
     544 000000d6 9745          MOV       *-SP[5],AH            ; |145| 
     545 000000d7 A844          MOVL      *-SP[4],XAR4          ; |145| 
     546 000000d8 9641          MOV       *-SP[1],AL            ; |145| 
TMS320C2000 COFF Assembler PC v4.1.3 Sat Sep 24 16:15:22 2011

Tools Copyright (c) 1996-2006 Texas Instruments Incorporated
C:\DOCUME~1\ADMINI~1\LOCALS~1\Temp\TI6122                            PAGE   12

     547                      .dwpsn  "os_driver_maneger.c",146,2
     548 000000d9 28AC          MOV       T,#28                 ; |146| 
         000000da 001C 
     549 000000db 9CFF          ADDB      AL,#-1
     550 000000dc 8F00-         MOVL      XAR4,#_m_driver_manege_tab+2 ; |146| 
         000000dd 0042 
     551 000000de 30A9          MPYXU     ACC,T,AL              ; |146| 
     552 000000df 5601          ADDL      XAR4,ACC
         000000e0 00A4 
     553 000000e1 92C4          MOV       AL,*+XAR4[0]          ; |146| 
     554 000000e2 EC11          BF        L8,EQ                 ; |146| 
     555                      ; branchcc occurs ; |146| 
     556 000000e3 9241          MOV       AL,*-SP[1]            ; |146| 
     557 000000e4 EC0F          BF        L8,EQ                 ; |146| 
     558                      ; branchcc occurs ; |146| 
     559                      .dwpsn  "os_driver_maneger.c",148,3
     560 000000e5 9CFF          ADDB      AL,#-1
     561 000000e6 28AC          MOV       T,#28                 ; |148| 
         000000e7 001C 
     562 000000e8 8F00-         MOVL      XAR4,#_m_driver_manege_tab+4 ; |148| 
         000000e9 0044 
     563 000000ea 30A9          MPYXU     ACC,T,AL              ; |148| 
     564 000000eb 5601          ADDL      XAR4,ACC
         000000ec 00A4 
     565 000000ed C5C4          MOVL      XAR7,*+XAR4[0]        ; |148| 
     566 000000ee 8348          MOVL      XAR5,*-SP[8]          ; |148| 
     567 000000ef 9245          MOV       AL,*-SP[5]            ; |148| 
     568 000000f0 8A44          MOVL      XAR4,*-SP[4]          ; |148| 
     569 000000f1 3E67          LCR       *XAR7                 ; |148| 
     570                      ; call occurs [XAR7] ; |148| 
     571 000000f2 6F02          B         L9,UNC                ; |148| 
     572                      ; branch occurs ; |148| 
     573              L8:    
     574                      .dwpsn  "os_driver_maneger.c",151,2
     575 000000f3 9A00          MOVB      AL,#0
     576              L9:    
     577                      .dwpsn  "os_driver_maneger.c",152,1
     578 000000f4 FE88          SUBB      SP,#8                 ; |151| 
     579                      .dwcfa  0x1d, -2
     580 000000f5 0006          LRETR
     581                      ; return occurs
     582                      .dwattr DW$35, DW_AT_end_file("os_driver_maneger.c")
     583                      .dwattr DW$35, DW_AT_end_line(0x98)
     584                      .dwattr DW$35, DW_AT_end_column(0x01)
     585                      .dwendentry
     586                      .dwendtag DW$35
     587              
     588 000000f6               .sect   ".text"
     589                      .global _os_driver_write
     590              
     591              DW$44   .dwtag  DW_TAG_subprogram, DW_AT_name("os_driver_write"), DW_AT_symbol_name("_os_driver_write")
     592                      .dwattr DW$44, DW_AT_low_pc(_os_driver_write)
     593                      .dwattr DW$44, DW_AT_high_pc(0x00)
     594                      .dwattr DW$44, DW_AT_begin_file("os_driver_maneger.c")
     595                      .dwattr DW$44, DW_AT_begin_line(0xa1)
TMS320C2000 COFF Assembler PC v4.1.3 Sat Sep 24 16:15:22 2011

Tools Copyright (c) 1996-2006 Texas Instruments Incorporated
C:\DOCUME~1\ADMINI~1\LOCALS~1\Temp\TI6122                            PAGE   13

     596                      .dwattr DW$44, DW_AT_begin_column(0x09)
     597                      .dwpsn  "os_driver_maneger.c",162,1
     598              
     599                      .dwfde DW$CIE
     600              
     601              ;***************************************************************
     602              ;* FNAME: _os_driver_write              FR SIZE:   8           *
     603              ;*                                                             *
     604              ;* FUNCTION ENVIRONMENT                                        *
     605              ;*                                                             *
     606              ;* FUNCTION PROPERTIES                                         *
     607              ;*                            0 Parameter,  8 Auto,  0 SOE     *
     608              ;***************************************************************
     609              
     610              _os_driver_write:
     611                      .dwcfa  0x1d, -2
     612                      .dwcfa  0x1c, 26, 0
     613                      .dwcfa  0x09, 40, 26
     614 000000f6 FE08          ADDB      SP,#8
     615                      .dwcfa  0x1d, -10
     616              ;* AL    assigned to _id
     617              DW$45   .dwtag  DW_TAG_formal_parameter, DW_AT_name("id"), DW_AT_symbol_name("_id")
     618                      .dwattr DW$45, DW_AT_type(*DW$T$37)
     619                      .dwattr DW$45, DW_AT_location[DW_OP_reg0]
     620              ;* AR4   assigned to _buf
     621              DW$46   .dwtag  DW_TAG_formal_parameter, DW_AT_name("buf"), DW_AT_symbol_name("_buf")
     622                      .dwattr DW$46, DW_AT_type(*DW$T$24)
     623                      .dwattr DW$46, DW_AT_location[DW_OP_reg12]
     624              ;* AH    assigned to _size
     625              DW$47   .dwtag  DW_TAG_formal_parameter, DW_AT_name("size"), DW_AT_symbol_name("_size")
     626                      .dwattr DW$47, DW_AT_type(*DW$T$23)
     627                      .dwattr DW$47, DW_AT_location[DW_OP_reg1]
     628              ;* AR5   assigned to _pos
     629              DW$48   .dwtag  DW_TAG_formal_parameter, DW_AT_name("pos"), DW_AT_symbol_name("_pos")
     630                      .dwattr DW$48, DW_AT_type(*DW$T$3)
     631                      .dwattr DW$48, DW_AT_location[DW_OP_reg14]
     632              DW$49   .dwtag  DW_TAG_variable, DW_AT_name("id"), DW_AT_symbol_name("_id")
     633                      .dwattr DW$49, DW_AT_type(*DW$T$37)
     634                      .dwattr DW$49, DW_AT_location[DW_OP_breg20 -1]
     635              DW$50   .dwtag  DW_TAG_variable, DW_AT_name("buf"), DW_AT_symbol_name("_buf")
     636                      .dwattr DW$50, DW_AT_type(*DW$T$24)
     637                      .dwattr DW$50, DW_AT_location[DW_OP_breg20 -4]
     638              DW$51   .dwtag  DW_TAG_variable, DW_AT_name("size"), DW_AT_symbol_name("_size")
     639                      .dwattr DW$51, DW_AT_type(*DW$T$23)
     640                      .dwattr DW$51, DW_AT_location[DW_OP_breg20 -5]
     641              DW$52   .dwtag  DW_TAG_variable, DW_AT_name("pos"), DW_AT_symbol_name("_pos")
     642                      .dwattr DW$52, DW_AT_type(*DW$T$3)
     643                      .dwattr DW$52, DW_AT_location[DW_OP_breg20 -8]
     644 000000f7 A048          MOVL      *-SP[8],XAR5          ; |162| 
     645 000000f8 9745          MOV       *-SP[5],AH            ; |162| 
     646 000000f9 A844          MOVL      *-SP[4],XAR4          ; |162| 
     647 000000fa 9641          MOV       *-SP[1],AL            ; |162| 
     648                      .dwpsn  "os_driver_maneger.c",163,2
     649 000000fb 28AC          MOV       T,#28                 ; |163| 
         000000fc 001C 
TMS320C2000 COFF Assembler PC v4.1.3 Sat Sep 24 16:15:22 2011

Tools Copyright (c) 1996-2006 Texas Instruments Incorporated
C:\DOCUME~1\ADMINI~1\LOCALS~1\Temp\TI6122                            PAGE   14

     650 000000fd 9CFF          ADDB      AL,#-1
     651 000000fe 8F00-         MOVL      XAR4,#_m_driver_manege_tab+2 ; |163| 
         000000ff 0042 
     652 00000100 30A9          MPYXU     ACC,T,AL              ; |163| 
     653 00000101 5601          ADDL      XAR4,ACC
         00000102 00A4 
     654 00000103 92C4          MOV       AL,*+XAR4[0]          ; |163| 
     655 00000104 EC11          BF        L10,EQ                ; |163| 
     656                      ; branchcc occurs ; |163| 
     657 00000105 9241          MOV       AL,*-SP[1]            ; |163| 
     658 00000106 EC0F          BF        L10,EQ                ; |163| 
     659                      ; branchcc occurs ; |163| 
     660                      .dwpsn  "os_driver_maneger.c",165,3
     661 00000107 9CFF          ADDB      AL,#-1
     662 00000108 28AC          MOV       T,#28                 ; |165| 
         00000109 001C 
     663 0000010a 8F00-         MOVL      XAR4,#_m_driver_manege_tab+6 ; |165| 
         0000010b 0046 
     664 0000010c 30A9          MPYXU     ACC,T,AL              ; |165| 
     665 0000010d 5601          ADDL      XAR4,ACC
         0000010e 00A4 
     666 0000010f C5C4          MOVL      XAR7,*+XAR4[0]        ; |165| 
     667 00000110 8348          MOVL      XAR5,*-SP[8]          ; |165| 
     668 00000111 9245          MOV       AL,*-SP[5]            ; |165| 
     669 00000112 8A44          MOVL      XAR4,*-SP[4]          ; |165| 
     670 00000113 3E67          LCR       *XAR7                 ; |165| 
     671                      ; call occurs [XAR7] ; |165| 
     672 00000114 6F02          B         L11,UNC               ; |165| 
     673                      ; branch occurs ; |165| 
     674              L10:    
     675                      .dwpsn  "os_driver_maneger.c",168,2
     676 00000115 9A00          MOVB      AL,#0
     677              L11:    
     678                      .dwpsn  "os_driver_maneger.c",169,1
     679 00000116 FE88          SUBB      SP,#8                 ; |168| 
     680                      .dwcfa  0x1d, -2
     681 00000117 0006          LRETR
     682                      ; return occurs
     683                      .dwattr DW$44, DW_AT_end_file("os_driver_maneger.c")
     684                      .dwattr DW$44, DW_AT_end_line(0xa9)
     685                      .dwattr DW$44, DW_AT_end_column(0x01)
     686                      .dwendentry
     687                      .dwendtag DW$44
     688              
     689 00000118               .sect   ".text"
     690                      .global _os_driver_ioctl
     691              
     692              DW$53   .dwtag  DW_TAG_subprogram, DW_AT_name("os_driver_ioctl"), DW_AT_symbol_name("_os_driver_ioctl")
     693                      .dwattr DW$53, DW_AT_low_pc(_os_driver_ioctl)
     694                      .dwattr DW$53, DW_AT_high_pc(0x00)
     695                      .dwattr DW$53, DW_AT_begin_file("os_driver_maneger.c")
     696                      .dwattr DW$53, DW_AT_begin_line(0xb2)
     697                      .dwattr DW$53, DW_AT_begin_column(0x07)
     698                      .dwpsn  "os_driver_maneger.c",179,1
     699              
TMS320C2000 COFF Assembler PC v4.1.3 Sat Sep 24 16:15:22 2011

Tools Copyright (c) 1996-2006 Texas Instruments Incorporated
C:\DOCUME~1\ADMINI~1\LOCALS~1\Temp\TI6122                            PAGE   15

     700                      .dwfde DW$CIE
     701              
     702              ;***************************************************************
     703              ;* FNAME: _os_driver_ioctl              FR SIZE:   4           *
     704              ;*                                                             *
     705              ;* FUNCTION ENVIRONMENT                                        *
     706              ;*                                                             *
     707              ;* FUNCTION PROPERTIES                                         *
     708              ;*                            0 Parameter,  4 Auto,  0 SOE     *
     709              ;***************************************************************
     710              
     711              _os_driver_ioctl:
     712                      .dwcfa  0x1d, -2
     713                      .dwcfa  0x1c, 26, 0
     714                      .dwcfa  0x09, 40, 26
     715 00000118 FE04          ADDB      SP,#4
     716                      .dwcfa  0x1d, -6
     717              ;* AL    assigned to _id
     718              DW$54   .dwtag  DW_TAG_formal_parameter, DW_AT_name("id"), DW_AT_symbol_name("_id")
     719                      .dwattr DW$54, DW_AT_type(*DW$T$37)
     720                      .dwattr DW$54, DW_AT_location[DW_OP_reg0]
     721              ;* AH    assigned to _cmd
     722              DW$55   .dwtag  DW_TAG_formal_parameter, DW_AT_name("cmd"), DW_AT_symbol_name("_cmd")
     723                      .dwattr DW$55, DW_AT_type(*DW$T$6)
     724                      .dwattr DW$55, DW_AT_location[DW_OP_reg1]
     725              ;* AR4   assigned to _arg
     726              DW$56   .dwtag  DW_TAG_formal_parameter, DW_AT_name("arg"), DW_AT_symbol_name("_arg")
     727                      .dwattr DW$56, DW_AT_type(*DW$T$3)
     728                      .dwattr DW$56, DW_AT_location[DW_OP_reg12]
     729              DW$57   .dwtag  DW_TAG_variable, DW_AT_name("id"), DW_AT_symbol_name("_id")
     730                      .dwattr DW$57, DW_AT_type(*DW$T$37)
     731                      .dwattr DW$57, DW_AT_location[DW_OP_breg20 -1]
     732              DW$58   .dwtag  DW_TAG_variable, DW_AT_name("cmd"), DW_AT_symbol_name("_cmd")
     733                      .dwattr DW$58, DW_AT_type(*DW$T$6)
     734                      .dwattr DW$58, DW_AT_location[DW_OP_breg20 -2]
     735              DW$59   .dwtag  DW_TAG_variable, DW_AT_name("arg"), DW_AT_symbol_name("_arg")
     736                      .dwattr DW$59, DW_AT_type(*DW$T$3)
     737                      .dwattr DW$59, DW_AT_location[DW_OP_breg20 -4]
     738 00000119 A844          MOVL      *-SP[4],XAR4          ; |179| 
     739 0000011a 9742          MOV       *-SP[2],AH            ; |179| 
     740 0000011b 9641          MOV       *-SP[1],AL            ; |179| 
     741                      .dwpsn  "os_driver_maneger.c",180,2
     742 0000011c 28AC          MOV       T,#28                 ; |180| 
         0000011d 001C 
     743 0000011e 9CFF          ADDB      AL,#-1
     744 0000011f 8F00-         MOVL      XAR4,#_m_driver_manege_tab+2 ; |180| 
         00000120 0042 
     745 00000121 30A9          MPYXU     ACC,T,AL              ; |180| 
     746 00000122 5601          ADDL      XAR4,ACC
         00000123 00A4 
     747 00000124 92C4          MOV       AL,*+XAR4[0]          ; |180| 
     748 00000125 EC0F          BF        L12,EQ                ; |180| 
     749                      ; branchcc occurs ; |180| 
     750 00000126 9241          MOV       AL,*-SP[1]            ; |180| 
     751 00000127 EC0D          BF        L12,EQ                ; |180| 
TMS320C2000 COFF Assembler PC v4.1.3 Sat Sep 24 16:15:22 2011

Tools Copyright (c) 1996-2006 Texas Instruments Incorporated
C:\DOCUME~1\ADMINI~1\LOCALS~1\Temp\TI6122                            PAGE   16

     752                      ; branchcc occurs ; |180| 
     753                      .dwpsn  "os_driver_maneger.c",182,3
     754 00000128 9CFF          ADDB      AL,#-1
     755 00000129 28AC          MOV       T,#28                 ; |182| 
         0000012a 001C 
     756 0000012b 8F00-         MOVL      XAR4,#_m_driver_manege_tab+8 ; |182| 
         0000012c 0048 
     757 0000012d 30A9          MPYXU     ACC,T,AL              ; |182| 
     758 0000012e 5601          ADDL      XAR4,ACC
         0000012f 00A4 
     759 00000130 C5C4          MOVL      XAR7,*+XAR4[0]        ; |182| 
     760 00000131 9242          MOV       AL,*-SP[2]            ; |182| 
     761 00000132 8A44          MOVL      XAR4,*-SP[4]          ; |182| 
     762 00000133 3E67          LCR       *XAR7                 ; |182| 
     763                      ; call occurs [XAR7] ; |182| 
     764                      .dwpsn  "os_driver_maneger.c",184,2
     765              L12:    
     766                      .dwpsn  "os_driver_maneger.c",185,1
     767 00000134 FE84          SUBB      SP,#4
     768                      .dwcfa  0x1d, -2
     769 00000135 0006          LRETR
     770                      ; return occurs
     771                      .dwattr DW$53, DW_AT_end_file("os_driver_maneger.c")
     772                      .dwattr DW$53, DW_AT_end_line(0xb9)
     773                      .dwattr DW$53, DW_AT_end_column(0x01)
     774                      .dwendentry
     775                      .dwendtag DW$53
     776              
     777 00000136               .sect   ".text"
     778                      .global _os_driver_maneger_tab_init
     779              
     780              DW$60   .dwtag  DW_TAG_subprogram, DW_AT_name("os_driver_maneger_tab_init"), DW_AT_symbol_name("_os_driver_ma
     781                      .dwattr DW$60, DW_AT_low_pc(_os_driver_maneger_tab_init)
     782                      .dwattr DW$60, DW_AT_high_pc(0x00)
     783                      .dwattr DW$60, DW_AT_begin_file("os_driver_maneger.c")
     784                      .dwattr DW$60, DW_AT_begin_line(0xc3)
     785                      .dwattr DW$60, DW_AT_begin_column(0x06)
     786                      .dwpsn  "os_driver_maneger.c",196,1
     787              
     788                      .dwfde DW$CIE
     789              
     790              ;***************************************************************
     791              ;* FNAME: _os_driver_maneger_tab_init   FR SIZE:   0           *
     792              ;*                                                             *
     793              ;* FUNCTION ENVIRONMENT                                        *
     794              ;*                                                             *
     795              ;* FUNCTION PROPERTIES                                         *
     796              ;*                            0 Parameter,  0 Auto,  0 SOE     *
     797              ;***************************************************************
     798              
     799              _os_driver_maneger_tab_init:
     800                      .dwcfa  0x1d, -2
     801                      .dwcfa  0x1c, 26, 0
     802                      .dwcfa  0x09, 40, 26
     803                      .dwpsn  "os_driver_maneger.c",197,2
TMS320C2000 COFF Assembler PC v4.1.3 Sat Sep 24 16:15:22 2011

Tools Copyright (c) 1996-2006 Texas Instruments Incorporated
C:\DOCUME~1\ADMINI~1\LOCALS~1\Temp\TI6122                            PAGE   17

     804 00000136 9A00          MOVB      AL,#0
     805 00000137 8F00-         MOVL      XAR4,#_m_driver_manege_tab ; |197| 
         00000138 0040 
     806 00000139 28A8          MOV       AH,#702               ; |197| 
         0000013a 02BE 
     807 0000013b 7640!         LCR       #_global_memset       ; |197| 
         0000013c 0000 
     808                      ; call occurs [#_global_memset] ; |197| 
     809                      .dwpsn  "os_driver_maneger.c",198,2
     810 0000013d 8F00-         MOVL      XAR4,#_m_driver_manege_lock ; |198| 
         0000013e 0000 
     811 0000013f 7640!         LCR       #_os_lock_creat       ; |198| 
         00000140 0000 
     812                      ; call occurs [#_os_lock_creat] ; |198| 
     813                      .dwpsn  "os_driver_maneger.c",199,2
     814 00000141 761F-         MOVW      DP,#_m_driver_manege_lock
         00000142 0000 
     815 00000143 0600-         MOVL      ACC,@_m_driver_manege_lock ; |199| 
     816 00000144 EC01          BF        L13,EQ                ; |199| 
     817                      ; branchcc occurs ; |199| 
     818                      .dwpsn  "os_driver_maneger.c",203,2
     819              L13:    
     820                      .dwpsn  "os_driver_maneger.c",204,1
     821 00000145 0006          LRETR
     822                      ; return occurs
     823                      .dwattr DW$60, DW_AT_end_file("os_driver_maneger.c")
     824                      .dwattr DW$60, DW_AT_end_line(0xcc)
     825                      .dwattr DW$60, DW_AT_end_column(0x01)
     826                      .dwendentry
     827                      .dwendtag DW$60
     828              
     829              ;***************************************************************
     830              ;* UNDEFINED EXTERNAL REFERENCES                               *
     831              ;***************************************************************
     832                      .global _global_memcpy
     833                      .global _os_unlock
     834                      .global _os_lock
     835                      .global _global_memset
     836                      .global _os_lock_creat
     837              
     838              ;***************************************************************
     839              ;* TYPE INFORMATION                                            *
     840              ;***************************************************************
     841              DW$T$3  .dwtag  DW_TAG_pointer_type
     842                      .dwattr DW$T$3, DW_AT_address_class(0x16)
     843              
     844              DW$T$32 .dwtag  DW_TAG_subroutine_type
     845                      .dwattr DW$T$32, DW_AT_language(DW_LANG_C)
     846              
     847              DW$T$47 .dwtag  DW_TAG_subroutine_type
     848                      .dwattr DW$T$47, DW_AT_language(DW_LANG_C)
     849              DW$61   .dwtag  DW_TAG_formal_parameter, DW_AT_type(*DW$T$46)
     850                      .dwendtag DW$T$47
     851              
     852              
TMS320C2000 COFF Assembler PC v4.1.3 Sat Sep 24 16:15:22 2011

Tools Copyright (c) 1996-2006 Texas Instruments Incorporated
C:\DOCUME~1\ADMINI~1\LOCALS~1\Temp\TI6122                            PAGE   18

     853              DW$T$49 .dwtag  DW_TAG_subroutine_type
     854                      .dwattr DW$T$49, DW_AT_language(DW_LANG_C)
     855              DW$62   .dwtag  DW_TAG_formal_parameter, DW_AT_type(*DW$T$3)
     856              DW$63   .dwtag  DW_TAG_formal_parameter, DW_AT_type(*DW$T$3)
     857              DW$64   .dwtag  DW_TAG_formal_parameter, DW_AT_type(*DW$T$23)
     858                      .dwendtag DW$T$49
     859              
     860              
     861              DW$T$51 .dwtag  DW_TAG_subroutine_type
     862                      .dwattr DW$T$51, DW_AT_language(DW_LANG_C)
     863              DW$65   .dwtag  DW_TAG_formal_parameter, DW_AT_type(*DW$T$3)
     864              DW$66   .dwtag  DW_TAG_formal_parameter, DW_AT_type(*DW$T$6)
     865              DW$67   .dwtag  DW_TAG_formal_parameter, DW_AT_type(*DW$T$23)
     866                      .dwendtag DW$T$51
     867              
     868              
     869              DW$T$53 .dwtag  DW_TAG_subroutine_type
     870                      .dwattr DW$T$53, DW_AT_language(DW_LANG_C)
     871              DW$68   .dwtag  DW_TAG_formal_parameter, DW_AT_type(*DW$T$37)
     872                      .dwendtag DW$T$53
     873              
     874              
     875              DW$T$55 .dwtag  DW_TAG_subroutine_type
     876                      .dwattr DW$T$55, DW_AT_language(DW_LANG_C)
     877              DW$69   .dwtag  DW_TAG_formal_parameter, DW_AT_type(*DW$T$37)
     878              DW$70   .dwtag  DW_TAG_formal_parameter, DW_AT_type(*DW$T$6)
     879              DW$71   .dwtag  DW_TAG_formal_parameter, DW_AT_type(*DW$T$3)
     880                      .dwendtag DW$T$55
     881              
     882              DW$T$6  .dwtag  DW_TAG_base_type, DW_AT_name("unsigned char")
     883                      .dwattr DW$T$6, DW_AT_encoding(DW_ATE_unsigned_char)
     884                      .dwattr DW$T$6, DW_AT_byte_size(0x01)
     885              DW$T$24 .dwtag  DW_TAG_pointer_type, DW_AT_type(*DW$T$6)
     886                      .dwattr DW$T$24, DW_AT_address_class(0x16)
     887              DW$T$37 .dwtag  DW_TAG_typedef, DW_AT_name("dev_id_t"), DW_AT_type(*DW$T$6)
     888                      .dwattr DW$T$37, DW_AT_language(DW_LANG_C)
     889              
     890              DW$T$62 .dwtag  DW_TAG_subroutine_type, DW_AT_type(*DW$T$37)
     891                      .dwattr DW$T$62, DW_AT_language(DW_LANG_C)
     892              DW$72   .dwtag  DW_TAG_formal_parameter, DW_AT_type(*DW$T$60)
     893              DW$73   .dwtag  DW_TAG_formal_parameter, DW_AT_type(*DW$T$61)
     894                      .dwendtag DW$T$62
     895              
     896              
     897              DW$T$57 .dwtag  DW_TAG_subroutine_type, DW_AT_type(*DW$T$6)
     898                      .dwattr DW$T$57, DW_AT_language(DW_LANG_C)
     899              DW$74   .dwtag  DW_TAG_formal_parameter, DW_AT_type(*DW$T$56)
     900                      .dwendtag DW$T$57
     901              
     902              DW$T$23 .dwtag  DW_TAG_typedef, DW_AT_name("Bsize_t"), DW_AT_type(*DW$T$11)
     903                      .dwattr DW$T$23, DW_AT_language(DW_LANG_C)
     904              
     905              DW$T$63 .dwtag  DW_TAG_subroutine_type, DW_AT_type(*DW$T$23)
     906                      .dwattr DW$T$63, DW_AT_language(DW_LANG_C)
     907              DW$75   .dwtag  DW_TAG_formal_parameter, DW_AT_type(*DW$T$37)
TMS320C2000 COFF Assembler PC v4.1.3 Sat Sep 24 16:15:22 2011

Tools Copyright (c) 1996-2006 Texas Instruments Incorporated
C:\DOCUME~1\ADMINI~1\LOCALS~1\Temp\TI6122                            PAGE   19

     908              DW$76   .dwtag  DW_TAG_formal_parameter, DW_AT_type(*DW$T$24)
     909              DW$77   .dwtag  DW_TAG_formal_parameter, DW_AT_type(*DW$T$23)
     910              DW$78   .dwtag  DW_TAG_formal_parameter, DW_AT_type(*DW$T$3)
     911                      .dwendtag DW$T$63
     912              
     913              DW$T$46 .dwtag  DW_TAG_pointer_type, DW_AT_type(*DW$T$45)
     914                      .dwattr DW$T$46, DW_AT_address_class(0x16)
     915              DW$T$56 .dwtag  DW_TAG_pointer_type, DW_AT_type(*DW$T$46)
     916                      .dwattr DW$T$56, DW_AT_address_class(0x16)
     917              DW$T$60 .dwtag  DW_TAG_pointer_type, DW_AT_type(*DW$T$59)
     918                      .dwattr DW$T$60, DW_AT_address_class(0x16)
     919              DW$T$61 .dwtag  DW_TAG_pointer_type, DW_AT_type(*DW$T$38)
     920                      .dwattr DW$T$61, DW_AT_address_class(0x16)
     921              DW$T$67 .dwtag  DW_TAG_typedef, DW_AT_name("os_dirver_maneger_t"), DW_AT_type(*DW$T$43)
     922                      .dwattr DW$T$67, DW_AT_language(DW_LANG_C)
     923              DW$T$11 .dwtag  DW_TAG_base_type, DW_AT_name("unsigned int")
     924                      .dwattr DW$T$11, DW_AT_encoding(DW_ATE_unsigned)
     925                      .dwattr DW$T$11, DW_AT_byte_size(0x01)
     926              DW$T$45 .dwtag  DW_TAG_typedef, DW_AT_name("a_lock_t"), DW_AT_type(*DW$T$44)
     927                      .dwattr DW$T$45, DW_AT_language(DW_LANG_C)
     928              DW$T$59 .dwtag  DW_TAG_typedef, DW_AT_name("os_dirver_operate_t"), DW_AT_type(*DW$T$36)
     929                      .dwattr DW$T$59, DW_AT_language(DW_LANG_C)
     930              DW$T$38 .dwtag  DW_TAG_base_type, DW_AT_name("signed char")
     931                      .dwattr DW$T$38, DW_AT_encoding(DW_ATE_signed_char)
     932                      .dwattr DW$T$38, DW_AT_byte_size(0x01)
     933              
     934              DW$T$43 .dwtag  DW_TAG_structure_type
     935                      .dwattr DW$T$43, DW_AT_byte_size(0x2be)
     936              DW$79   .dwtag  DW_TAG_member, DW_AT_type(*DW$T$23)
     937                      .dwattr DW$79, DW_AT_name("real_size"), DW_AT_symbol_name("_real_size")
     938                      .dwattr DW$79, DW_AT_data_member_location[DW_OP_plus_uconst 0x0]
     939                      .dwattr DW$79, DW_AT_accessibility(DW_ACCESS_public)
     940              DW$80   .dwtag  DW_TAG_member, DW_AT_type(*DW$T$42)
     941                      .dwattr DW$80, DW_AT_name("os_driver_member"), DW_AT_symbol_name("_os_driver_member")
     942                      .dwattr DW$80, DW_AT_data_member_location[DW_OP_plus_uconst 0x2]
     943                      .dwattr DW$80, DW_AT_accessibility(DW_ACCESS_public)
     944                      .dwendtag DW$T$43
     945              
     946              DW$T$44 .dwtag  DW_TAG_typedef, DW_AT_name("OS_EVENT"), DW_AT_type(*DW$T$22)
     947                      .dwattr DW$T$44, DW_AT_language(DW_LANG_C)
     948              
     949              DW$T$36 .dwtag  DW_TAG_structure_type
     950                      .dwattr DW$T$36, DW_AT_byte_size(0x0a)
     951              DW$81   .dwtag  DW_TAG_member, DW_AT_type(*DW$T$27)
     952                      .dwattr DW$81, DW_AT_name("os_driver_read"), DW_AT_symbol_name("_os_driver_read")
     953                      .dwattr DW$81, DW_AT_data_member_location[DW_OP_plus_uconst 0x0]
     954                      .dwattr DW$81, DW_AT_accessibility(DW_ACCESS_public)
     955              DW$82   .dwtag  DW_TAG_member, DW_AT_type(*DW$T$28)
     956                      .dwattr DW$82, DW_AT_name("os_driver_write"), DW_AT_symbol_name("_os_driver_write")
     957                      .dwattr DW$82, DW_AT_data_member_location[DW_OP_plus_uconst 0x2]
     958                      .dwattr DW$82, DW_AT_accessibility(DW_ACCESS_public)
     959              DW$83   .dwtag  DW_TAG_member, DW_AT_type(*DW$T$31)
     960                      .dwattr DW$83, DW_AT_name("os_driver_ioctl"), DW_AT_symbol_name("_os_driver_ioctl")
     961                      .dwattr DW$83, DW_AT_data_member_location[DW_OP_plus_uconst 0x4]
     962                      .dwattr DW$83, DW_AT_accessibility(DW_ACCESS_public)
TMS320C2000 COFF Assembler PC v4.1.3 Sat Sep 24 16:15:22 2011

Tools Copyright (c) 1996-2006 Texas Instruments Incorporated
C:\DOCUME~1\ADMINI~1\LOCALS~1\Temp\TI6122                            PAGE   20

     963              DW$84   .dwtag  DW_TAG_member, DW_AT_type(*DW$T$34)
     964                      .dwattr DW$84, DW_AT_name("os_driver_init"), DW_AT_symbol_name("_os_driver_init")
     965                      .dwattr DW$84, DW_AT_data_member_location[DW_OP_plus_uconst 0x6]
     966                      .dwattr DW$84, DW_AT_accessibility(DW_ACCESS_public)
     967              DW$85   .dwtag  DW_TAG_member, DW_AT_type(*DW$T$35)
     968                      .dwattr DW$85, DW_AT_name("os_driver_uninstall"), DW_AT_symbol_name("_os_driver_uninstall")
     969                      .dwattr DW$85, DW_AT_data_member_location[DW_OP_plus_uconst 0x8]
     970                      .dwattr DW$85, DW_AT_accessibility(DW_ACCESS_public)
     971                      .dwendtag DW$T$36
     972              
     973              
     974              DW$T$42 .dwtag  DW_TAG_array_type, DW_AT_type(*DW$T$41)
     975                      .dwattr DW$T$42, DW_AT_language(DW_LANG_C)
     976                      .dwattr DW$T$42, DW_AT_byte_size(0x2bc)
     977              DW$86   .dwtag  DW_TAG_subrange_type
     978                      .dwattr DW$86, DW_AT_upper_bound(0x18)
     979                      .dwendtag DW$T$42
     980              
     981              DW$T$31 .dwtag  DW_TAG_typedef, DW_AT_name("os_driver_ioctl_t"), DW_AT_type(*DW$T$30)
     982                      .dwattr DW$T$31, DW_AT_language(DW_LANG_C)
     983              DW$T$34 .dwtag  DW_TAG_typedef, DW_AT_name("os_driver_init_t"), DW_AT_type(*DW$T$33)
     984                      .dwattr DW$T$34, DW_AT_language(DW_LANG_C)
     985              DW$T$35 .dwtag  DW_TAG_typedef, DW_AT_name("os_driver_uninstall_t"), DW_AT_type(*DW$T$33)
     986                      .dwattr DW$T$35, DW_AT_language(DW_LANG_C)
     987              DW$T$27 .dwtag  DW_TAG_typedef, DW_AT_name("os_driver_read_t"), DW_AT_type(*DW$T$26)
     988                      .dwattr DW$T$27, DW_AT_language(DW_LANG_C)
     989              DW$T$28 .dwtag  DW_TAG_typedef, DW_AT_name("os_driver_write_t"), DW_AT_type(*DW$T$26)
     990                      .dwattr DW$T$28, DW_AT_language(DW_LANG_C)
     991              
     992              DW$T$22 .dwtag  DW_TAG_structure_type
     993                      .dwattr DW$T$22, DW_AT_name("os_event")
     994                      .dwattr DW$T$22, DW_AT_byte_size(0x0e)
     995              DW$87   .dwtag  DW_TAG_member, DW_AT_type(*DW$T$19)
     996                      .dwattr DW$87, DW_AT_name("OSEventType"), DW_AT_symbol_name("_OSEventType")
     997                      .dwattr DW$87, DW_AT_data_member_location[DW_OP_plus_uconst 0x0]
     998                      .dwattr DW$87, DW_AT_accessibility(DW_ACCESS_public)
     999              DW$88   .dwtag  DW_TAG_member, DW_AT_type(*DW$T$3)
    1000                      .dwattr DW$88, DW_AT_name("OSEventPtr"), DW_AT_symbol_name("_OSEventPtr")
    1001                      .dwattr DW$88, DW_AT_data_member_location[DW_OP_plus_uconst 0x2]
    1002                      .dwattr DW$88, DW_AT_accessibility(DW_ACCESS_public)
    1003              DW$89   .dwtag  DW_TAG_member, DW_AT_type(*DW$T$20)
    1004                      .dwattr DW$89, DW_AT_name("OSEventCnt"), DW_AT_symbol_name("_OSEventCnt")
    1005                      .dwattr DW$89, DW_AT_data_member_location[DW_OP_plus_uconst 0x4]
    1006                      .dwattr DW$89, DW_AT_accessibility(DW_ACCESS_public)
    1007              DW$90   .dwtag  DW_TAG_member, DW_AT_type(*DW$T$19)
    1008                      .dwattr DW$90, DW_AT_name("OSEventGrp"), DW_AT_symbol_name("_OSEventGrp")
    1009                      .dwattr DW$90, DW_AT_data_member_location[DW_OP_plus_uconst 0x5]
    1010                      .dwattr DW$90, DW_AT_accessibility(DW_ACCESS_public)
    1011              DW$91   .dwtag  DW_TAG_member, DW_AT_type(*DW$T$21)
    1012                      .dwattr DW$91, DW_AT_name("OSEventTbl"), DW_AT_symbol_name("_OSEventTbl")
    1013                      .dwattr DW$91, DW_AT_data_member_location[DW_OP_plus_uconst 0x6]
    1014                      .dwattr DW$91, DW_AT_accessibility(DW_ACCESS_public)
    1015                      .dwendtag DW$T$22
    1016              
    1017              DW$T$41 .dwtag  DW_TAG_typedef, DW_AT_name("os_dirver_member_t"), DW_AT_type(*DW$T$40)
TMS320C2000 COFF Assembler PC v4.1.3 Sat Sep 24 16:15:22 2011

Tools Copyright (c) 1996-2006 Texas Instruments Incorporated
C:\DOCUME~1\ADMINI~1\LOCALS~1\Temp\TI6122                            PAGE   21

    1018                      .dwattr DW$T$41, DW_AT_language(DW_LANG_C)
    1019              DW$T$30 .dwtag  DW_TAG_pointer_type, DW_AT_type(*DW$T$29)
    1020                      .dwattr DW$T$30, DW_AT_address_class(0x16)
    1021              DW$T$33 .dwtag  DW_TAG_pointer_type, DW_AT_type(*DW$T$32)
    1022                      .dwattr DW$T$33, DW_AT_address_class(0x16)
    1023              DW$T$19 .dwtag  DW_TAG_typedef, DW_AT_name("INT8U"), DW_AT_type(*DW$T$6)
    1024                      .dwattr DW$T$19, DW_AT_language(DW_LANG_C)
    1025              
    1026              DW$T$21 .dwtag  DW_TAG_array_type, DW_AT_type(*DW$T$19)
    1027                      .dwattr DW$T$21, DW_AT_language(DW_LANG_C)
    1028                      .dwattr DW$T$21, DW_AT_byte_size(0x08)
    1029              DW$92   .dwtag  DW_TAG_subrange_type
    1030                      .dwattr DW$92, DW_AT_upper_bound(0x07)
    1031                      .dwendtag DW$T$21
    1032              
    1033              DW$T$20 .dwtag  DW_TAG_typedef, DW_AT_name("INT16U"), DW_AT_type(*DW$T$11)
    1034                      .dwattr DW$T$20, DW_AT_language(DW_LANG_C)
    1035              DW$T$26 .dwtag  DW_TAG_pointer_type, DW_AT_type(*DW$T$25)
    1036                      .dwattr DW$T$26, DW_AT_address_class(0x16)
    1037              
    1038              DW$T$40 .dwtag  DW_TAG_structure_type
    1039                      .dwattr DW$T$40, DW_AT_byte_size(0x1c)
    1040              DW$93   .dwtag  DW_TAG_member, DW_AT_type(*DW$T$37)
    1041                      .dwattr DW$93, DW_AT_name("id"), DW_AT_symbol_name("_id")
    1042                      .dwattr DW$93, DW_AT_data_member_location[DW_OP_plus_uconst 0x0]
    1043                      .dwattr DW$93, DW_AT_accessibility(DW_ACCESS_public)
    1044              DW$94   .dwtag  DW_TAG_member, DW_AT_type(*DW$T$27)
    1045                      .dwattr DW$94, DW_AT_name("os_driver_read"), DW_AT_symbol_name("_os_driver_read")
    1046                      .dwattr DW$94, DW_AT_data_member_location[DW_OP_plus_uconst 0x2]
    1047                      .dwattr DW$94, DW_AT_accessibility(DW_ACCESS_public)
    1048              DW$95   .dwtag  DW_TAG_member, DW_AT_type(*DW$T$28)
    1049                      .dwattr DW$95, DW_AT_name("os_driver_write"), DW_AT_symbol_name("_os_driver_write")
    1050                      .dwattr DW$95, DW_AT_data_member_location[DW_OP_plus_uconst 0x4]
    1051                      .dwattr DW$95, DW_AT_accessibility(DW_ACCESS_public)
    1052              DW$96   .dwtag  DW_TAG_member, DW_AT_type(*DW$T$31)
    1053                      .dwattr DW$96, DW_AT_name("os_driver_ioctl"), DW_AT_symbol_name("_os_driver_ioctl")
    1054                      .dwattr DW$96, DW_AT_data_member_location[DW_OP_plus_uconst 0x6]
    1055                      .dwattr DW$96, DW_AT_accessibility(DW_ACCESS_public)
    1056              DW$97   .dwtag  DW_TAG_member, DW_AT_type(*DW$T$34)
    1057                      .dwattr DW$97, DW_AT_name("os_driver_init"), DW_AT_symbol_name("_os_driver_init")
    1058                      .dwattr DW$97, DW_AT_data_member_location[DW_OP_plus_uconst 0x8]
    1059                      .dwattr DW$97, DW_AT_accessibility(DW_ACCESS_public)
    1060              DW$98   .dwtag  DW_TAG_member, DW_AT_type(*DW$T$35)
    1061                      .dwattr DW$98, DW_AT_name("os_driver_uninstall"), DW_AT_symbol_name("_os_driver_uninstall")
    1062                      .dwattr DW$98, DW_AT_data_member_location[DW_OP_plus_uconst 0xa]
    1063                      .dwattr DW$98, DW_AT_accessibility(DW_ACCESS_public)
    1064              DW$99   .dwtag  DW_TAG_member, DW_AT_type(*DW$T$39)
    1065                      .dwattr DW$99, DW_AT_name("os_driver_name"), DW_AT_symbol_name("_os_driver_name")
    1066                      .dwattr DW$99, DW_AT_data_member_location[DW_OP_plus_uconst 0xc]
    1067                      .dwattr DW$99, DW_AT_accessibility(DW_ACCESS_public)
    1068                      .dwendtag DW$T$40
    1069              
    1070              
    1071              DW$T$29 .dwtag  DW_TAG_subroutine_type
    1072                      .dwattr DW$T$29, DW_AT_language(DW_LANG_C)
TMS320C2000 COFF Assembler PC v4.1.3 Sat Sep 24 16:15:22 2011

Tools Copyright (c) 1996-2006 Texas Instruments Incorporated
C:\DOCUME~1\ADMINI~1\LOCALS~1\Temp\TI6122                            PAGE   22

    1073              DW$100  .dwtag  DW_TAG_formal_parameter, DW_AT_type(*DW$T$6)
    1074              DW$101  .dwtag  DW_TAG_formal_parameter, DW_AT_type(*DW$T$3)
    1075                      .dwendtag DW$T$29
    1076              
    1077              
    1078              DW$T$25 .dwtag  DW_TAG_subroutine_type, DW_AT_type(*DW$T$23)
    1079                      .dwattr DW$T$25, DW_AT_language(DW_LANG_C)
    1080              DW$102  .dwtag  DW_TAG_formal_parameter, DW_AT_type(*DW$T$24)
    1081              DW$103  .dwtag  DW_TAG_formal_parameter, DW_AT_type(*DW$T$23)
    1082              DW$104  .dwtag  DW_TAG_formal_parameter, DW_AT_type(*DW$T$3)
    1083                      .dwendtag DW$T$25
    1084              
    1085              
    1086              DW$T$39 .dwtag  DW_TAG_array_type, DW_AT_type(*DW$T$38)
    1087                      .dwattr DW$T$39, DW_AT_language(DW_LANG_C)
    1088                      .dwattr DW$T$39, DW_AT_byte_size(0x0f)
    1089              DW$105  .dwtag  DW_TAG_subrange_type
    1090                      .dwattr DW$105, DW_AT_upper_bound(0x0e)
    1091                      .dwendtag DW$T$39
    1092              
    1093              
    1094                      .dwattr DW$17, DW_AT_external(0x01)
    1095                      .dwattr DW$17, DW_AT_type(*DW$T$37)
    1096                      .dwattr DW$26, DW_AT_external(0x01)
    1097                      .dwattr DW$32, DW_AT_external(0x01)
    1098                      .dwattr DW$53, DW_AT_external(0x01)
    1099                      .dwattr DW$60, DW_AT_external(0x01)
    1100                      .dwattr DW$35, DW_AT_external(0x01)
    1101                      .dwattr DW$35, DW_AT_type(*DW$T$23)
    1102                      .dwattr DW$29, DW_AT_external(0x01)
    1103                      .dwattr DW$44, DW_AT_external(0x01)
    1104                      .dwattr DW$44, DW_AT_type(*DW$T$23)
    1105                      .dwattr DW$CU, DW_AT_language(DW_LANG_C)
    1106              
    1107              ;***************************************************************
    1108              ;* DWARF CIE ENTRIES                                           *
    1109              ;***************************************************************
    1110              
    1111              DW$CIE  .dwcie 1, 40
    1112                      .dwcfa  0x0c, 20, 0
    1113                      .dwcfa  0x07, 0
    1114                      .dwcfa  0x07, 1
    1115                      .dwcfa  0x07, 2
    1116                      .dwcfa  0x07, 3
    1117                      .dwcfa  0x07, 4
    1118                      .dwcfa  0x07, 5
    1119                      .dwcfa  0x08, 6
    1120                      .dwcfa  0x08, 7
    1121                      .dwcfa  0x08, 8
    1122                      .dwcfa  0x08, 9
    1123                      .dwcfa  0x08, 10
    1124                      .dwcfa  0x08, 11
    1125                      .dwcfa  0x07, 12
    1126                      .dwcfa  0x07, 13
    1127                      .dwcfa  0x07, 14
TMS320C2000 COFF Assembler PC v4.1.3 Sat Sep 24 16:15:22 2011

Tools Copyright (c) 1996-2006 Texas Instruments Incorporated
C:\DOCUME~1\ADMINI~1\LOCALS~1\Temp\TI6122                            PAGE   23

    1128                      .dwcfa  0x07, 15
    1129                      .dwcfa  0x07, 16
    1130                      .dwcfa  0x07, 17
    1131                      .dwcfa  0x07, 18
    1132                      .dwcfa  0x07, 19
    1133                      .dwcfa  0x07, 20
    1134                      .dwcfa  0x07, 21
    1135                      .dwcfa  0x07, 22
    1136                      .dwcfa  0x07, 23
    1137                      .dwcfa  0x07, 24
    1138                      .dwcfa  0x07, 25
    1139                      .dwcfa  0x07, 26
    1140                      .dwcfa  0x08, 27
    1141                      .dwcfa  0x07, 28
    1142                      .dwcfa  0x07, 29
    1143                      .dwcfa  0x07, 30
    1144                      .dwcfa  0x07, 31
    1145                      .dwcfa  0x07, 32
    1146                      .dwcfa  0x07, 33
    1147                      .dwcfa  0x07, 34
    1148                      .dwcfa  0x07, 35
    1149                      .dwcfa  0x07, 36
    1150                      .dwcfa  0x07, 37
    1151                      .dwcfa  0x07, 38
    1152                      .dwcfa  0x07, 39
    1153                      .dwcfa  0x07, 40
    1154              
    1155              ;***************************************************************
    1156              ;* DWARF REGISTER MAP                                          *
    1157              ;***************************************************************
    1158              
    1159              DW$106  .dwtag  DW_TAG_assign_register, DW_AT_name("AL")
    1160                      .dwattr DW$106, DW_AT_location[DW_OP_reg0]
    1161              DW$107  .dwtag  DW_TAG_assign_register, DW_AT_name("AH")
    1162                      .dwattr DW$107, DW_AT_location[DW_OP_reg1]
    1163              DW$108  .dwtag  DW_TAG_assign_register, DW_AT_name("PL")
    1164                      .dwattr DW$108, DW_AT_location[DW_OP_reg2]
    1165              DW$109  .dwtag  DW_TAG_assign_register, DW_AT_name("PH")
    1166                      .dwattr DW$109, DW_AT_location[DW_OP_reg3]
    1167              DW$110  .dwtag  DW_TAG_assign_register, DW_AT_name("AR0")
    1168                      .dwattr DW$110, DW_AT_location[DW_OP_reg4]
    1169              DW$111  .dwtag  DW_TAG_assign_register, DW_AT_name("XAR0")
    1170                      .dwattr DW$111, DW_AT_location[DW_OP_reg5]
    1171              DW$112  .dwtag  DW_TAG_assign_register, DW_AT_name("AR1")
    1172                      .dwattr DW$112, DW_AT_location[DW_OP_reg6]
    1173              DW$113  .dwtag  DW_TAG_assign_register, DW_AT_name("XAR1")
    1174                      .dwattr DW$113, DW_AT_location[DW_OP_reg7]
    1175              DW$114  .dwtag  DW_TAG_assign_register, DW_AT_name("AR2")
    1176                      .dwattr DW$114, DW_AT_location[DW_OP_reg8]
    1177              DW$115  .dwtag  DW_TAG_assign_register, DW_AT_name("XAR2")
    1178                      .dwattr DW$115, DW_AT_location[DW_OP_reg9]
    1179              DW$116  .dwtag  DW_TAG_assign_register, DW_AT_name("AR3")
    1180                      .dwattr DW$116, DW_AT_location[DW_OP_reg10]
    1181              DW$117  .dwtag  DW_TAG_assign_register, DW_AT_name("XAR3")
    1182                      .dwattr DW$117, DW_AT_location[DW_OP_reg11]
TMS320C2000 COFF Assembler PC v4.1.3 Sat Sep 24 16:15:22 2011

Tools Copyright (c) 1996-2006 Texas Instruments Incorporated
C:\DOCUME~1\ADMINI~1\LOCALS~1\Temp\TI6122                            PAGE   24

    1183              DW$118  .dwtag  DW_TAG_assign_register, DW_AT_name("AR4")
    1184                      .dwattr DW$118, DW_AT_location[DW_OP_reg12]
    1185              DW$119  .dwtag  DW_TAG_assign_register, DW_AT_name("XAR4")
    1186                      .dwattr DW$119, DW_AT_location[DW_OP_reg13]
    1187              DW$120  .dwtag  DW_TAG_assign_register, DW_AT_name("AR5")
    1188                      .dwattr DW$120, DW_AT_location[DW_OP_reg14]
    1189              DW$121  .dwtag  DW_TAG_assign_register, DW_AT_name("XAR5")
    1190                      .dwattr DW$121, DW_AT_location[DW_OP_reg15]
    1191              DW$122  .dwtag  DW_TAG_assign_register, DW_AT_name("AR6")
    1192                      .dwattr DW$122, DW_AT_location[DW_OP_reg16]
    1193              DW$123  .dwtag  DW_TAG_assign_register, DW_AT_name("XAR6")
    1194                      .dwattr DW$123, DW_AT_location[DW_OP_reg17]
    1195              DW$124  .dwtag  DW_TAG_assign_register, DW_AT_name("AR7")
    1196                      .dwattr DW$124, DW_AT_location[DW_OP_reg18]
    1197              DW$125  .dwtag  DW_TAG_assign_register, DW_AT_name("XAR7")
    1198                      .dwattr DW$125, DW_AT_location[DW_OP_reg19]
    1199              DW$126  .dwtag  DW_TAG_assign_register, DW_AT_name("SP")
    1200                      .dwattr DW$126, DW_AT_location[DW_OP_reg20]
    1201              DW$127  .dwtag  DW_TAG_assign_register, DW_AT_name("XT")
    1202                      .dwattr DW$127, DW_AT_location[DW_OP_reg21]
    1203              DW$128  .dwtag  DW_TAG_assign_register, DW_AT_name("T")
    1204                      .dwattr DW$128, DW_AT_location[DW_OP_reg22]
    1205              DW$129  .dwtag  DW_TAG_assign_register, DW_AT_name("ST0")
    1206                      .dwattr DW$129, DW_AT_location[DW_OP_reg23]
    1207              DW$130  .dwtag  DW_TAG_assign_register, DW_AT_name("ST1")
    1208                      .dwattr DW$130, DW_AT_location[DW_OP_reg24]
    1209              DW$131  .dwtag  DW_TAG_assign_register, DW_AT_name("PC")
    1210                      .dwattr DW$131, DW_AT_location[DW_OP_reg25]
    1211              DW$132  .dwtag  DW_TAG_assign_register, DW_AT_name("RPC")
    1212                      .dwattr DW$132, DW_AT_location[DW_OP_reg26]
    1213              DW$133  .dwtag  DW_TAG_assign_register, DW_AT_name("FP")
    1214                      .dwattr DW$133, DW_AT_location[DW_OP_reg27]
    1215              DW$134  .dwtag  DW_TAG_assign_register, DW_AT_name("DP")
    1216                      .dwattr DW$134, DW_AT_location[DW_OP_reg28]
    1217              DW$135  .dwtag  DW_TAG_assign_register, DW_AT_name("SXM")
    1218                      .dwattr DW$135, DW_AT_location[DW_OP_reg29]
    1219              DW$136  .dwtag  DW_TAG_assign_register, DW_AT_name("PM")
    1220                      .dwattr DW$136, DW_AT_location[DW_OP_reg30]
    1221              DW$137  .dwtag  DW_TAG_assign_register, DW_AT_name("OVM")
    1222                      .dwattr DW$137, DW_AT_location[DW_OP_reg31]
    1223              DW$138  .dwtag  DW_TAG_assign_register, DW_AT_name("PAGE0")
    1224                      .dwattr DW$138, DW_AT_location[DW_OP_regx 0x20]
    1225              DW$139  .dwtag  DW_TAG_assign_register, DW_AT_name("AMODE")
    1226                      .dwattr DW$139, DW_AT_location[DW_OP_regx 0x21]
    1227              DW$140  .dwtag  DW_TAG_assign_register, DW_AT_name("IFR")
    1228                      .dwattr DW$140, DW_AT_location[DW_OP_regx 0x22]
    1229              DW$141  .dwtag  DW_TAG_assign_register, DW_AT_name("IER")
    1230                      .dwattr DW$141, DW_AT_location[DW_OP_regx 0x23]
    1231              DW$142  .dwtag  DW_TAG_assign_register, DW_AT_name("IER")
    1232                      .dwattr DW$142, DW_AT_location[DW_OP_regx 0x24]
    1233              DW$143  .dwtag  DW_TAG_assign_register, DW_AT_name("PSEUDO")
    1234                      .dwattr DW$143, DW_AT_location[DW_OP_regx 0x25]
    1235              DW$144  .dwtag  DW_TAG_assign_register, DW_AT_name("PSEUDOH")
    1236                      .dwattr DW$144, DW_AT_location[DW_OP_regx 0x26]
    1237              DW$145  .dwtag  DW_TAG_assign_register, DW_AT_name("VOL")
TMS320C2000 COFF Assembler PC v4.1.3 Sat Sep 24 16:15:22 2011

Tools Copyright (c) 1996-2006 Texas Instruments Incorporated
C:\DOCUME~1\ADMINI~1\LOCALS~1\Temp\TI6122                            PAGE   25

    1238                      .dwattr DW$145, DW_AT_location[DW_OP_regx 0x27]
    1239              DW$146  .dwtag  DW_TAG_assign_register, DW_AT_name("CIE_RETA")
    1240                      .dwattr DW$146, DW_AT_location[DW_OP_regx 0x28]
    1241                      .dwendtag DW$CU
    1242              

No Assembly Errors, No Assembly Warnings
